2020-04-10 14:23:41,479 INFO:Using CosmoHammer 0.6.1
2020-04-10 14:23:41,479 INFO:Using emcee 2.2.1
2020-04-10 14:23:41,481 INFO:Sampler: <class 'cosmoHammer.MpiCosmoHammerSampler.MpiCosmoHammerSampler'>
configuration: 
  Params: [250.  65. 750.]
  Burnin iterations: 250
  Samples iterations: 500
  Walkers ratio: 20
  Reusing burn in: False
  init pos generator: SampleBallPositionGenerator
  stop criteria: IterationStopCriteriaStrategy
  storage util: SampleFileUtil
likelihoodComputationChain: 
Core Modules: 
  PScore
Likelihood Modules: 
  PSlikeModule

2020-04-10 14:23:41,481 INFO:start burn in
2020-04-10 14:23:41,495 INFO:MPI Process rank 0 starts sampling
2020-04-10 14:23:43,882 INFO:Iteration finished:10
2020-04-10 14:23:44,829 INFO:Iteration finished:20
2020-04-10 14:23:45,699 INFO:Iteration finished:30
2020-04-10 14:23:46,770 INFO:Iteration finished:40
2020-04-10 14:23:48,437 INFO:Iteration finished:50
2020-04-10 14:23:49,846 INFO:Iteration finished:60
2020-04-10 14:23:50,633 INFO:Iteration finished:70
2020-04-10 14:23:51,497 INFO:Iteration finished:80
2020-04-10 14:23:52,700 INFO:Iteration finished:90
2020-04-10 14:23:54,393 INFO:Iteration finished:100
2020-04-10 14:23:55,723 INFO:Iteration finished:110
2020-04-10 14:23:56,488 INFO:Iteration finished:120
2020-04-10 14:23:57,230 INFO:Iteration finished:130
2020-04-10 14:23:58,392 INFO:Iteration finished:140
2020-04-10 14:24:00,058 INFO:Iteration finished:150
2020-04-10 14:24:01,395 INFO:Iteration finished:160
2020-04-10 14:24:02,151 INFO:Iteration finished:170
2020-04-10 14:24:02,925 INFO:Iteration finished:180
2020-04-10 14:24:04,013 INFO:Iteration finished:190
2020-04-10 14:24:05,647 INFO:Iteration finished:200
2020-04-10 14:24:07,020 INFO:Iteration finished:210
2020-04-10 14:24:07,787 INFO:Iteration finished:220
2020-04-10 14:24:08,562 INFO:Iteration finished:230
2020-04-10 14:24:09,508 INFO:Iteration finished:240
2020-04-10 14:24:11,150 INFO:Iteration finished:250
2020-04-10 14:24:11,150 INFO:storing random state
2020-04-10 14:24:11,151 INFO:burn in sampling done! Took: 29.6698s
2020-04-10 14:24:11,151 INFO:Mean acceptance fraction for burn in:0.5256
2020-04-10 14:24:11,151 INFO:Reseting emcee sampler
2020-04-10 14:24:11,153 INFO:start sampling after burn in
2020-04-10 14:24:11,153 INFO:MPI Process rank 0 starts sampling
2020-04-10 14:24:12,689 INFO:Iteration finished:10
2020-04-10 14:24:13,431 INFO:Iteration finished:20
2020-04-10 14:24:14,227 INFO:Iteration finished:30
2020-04-10 14:24:15,123 INFO:Iteration finished:40
2020-04-10 14:24:16,693 INFO:Iteration finished:50
2020-04-10 14:24:18,302 INFO:Iteration finished:60
2020-04-10 14:24:19,086 INFO:Iteration finished:70
2020-04-10 14:24:19,849 INFO:Iteration finished:80
2020-04-10 14:24:20,616 INFO:Iteration finished:90
2020-04-10 14:24:22,183 INFO:Iteration finished:100
2020-04-10 14:24:23,786 INFO:Iteration finished:110
2020-04-10 14:24:24,681 INFO:Iteration finished:120
2020-04-10 14:24:25,462 INFO:Iteration finished:130
2020-04-10 14:24:26,221 INFO:Iteration finished:140
2020-04-10 14:24:26,961 INFO:Iteration finished:150
2020-04-10 14:24:27,978 INFO:Iteration finished:160
2020-04-10 14:24:29,602 INFO:Iteration finished:170
2020-04-10 14:24:30,512 INFO:Iteration finished:180
2020-04-10 14:24:31,329 INFO:Iteration finished:190
2020-04-10 14:24:32,137 INFO:Iteration finished:200
2020-04-10 14:24:32,942 INFO:Iteration finished:210
2020-04-10 14:24:34,299 INFO:Iteration finished:220
2020-04-10 14:24:35,857 INFO:Iteration finished:230
2020-04-10 14:24:36,706 INFO:Iteration finished:240
2020-04-10 14:24:37,476 INFO:Iteration finished:250
2020-04-10 14:24:38,797 INFO:Iteration finished:260
2020-04-10 14:24:40,540 INFO:Iteration finished:270
2020-04-10 14:24:41,778 INFO:Iteration finished:280
2020-04-10 14:24:42,549 INFO:Iteration finished:290
2020-04-10 14:24:43,332 INFO:Iteration finished:300
2020-04-10 14:24:44,672 INFO:Iteration finished:310
2020-04-10 14:24:46,249 INFO:Iteration finished:320
2020-04-10 14:24:47,384 INFO:Iteration finished:330
2020-04-10 14:24:48,138 INFO:Iteration finished:340
2020-04-10 14:24:48,952 INFO:Iteration finished:350
2020-04-10 14:24:49,770 INFO:Iteration finished:360
2020-04-10 14:24:50,768 INFO:Iteration finished:370
2020-04-10 14:24:52,360 INFO:Iteration finished:380
2020-04-10 14:24:53,952 INFO:Iteration finished:390
2020-04-10 14:24:54,742 INFO:Iteration finished:400
2020-04-10 14:24:55,587 INFO:Iteration finished:410
2020-04-10 14:24:56,810 INFO:Iteration finished:420
2020-04-10 14:24:58,685 INFO:Iteration finished:430
2020-04-10 14:25:00,028 INFO:Iteration finished:440
2020-04-10 14:25:00,958 INFO:Iteration finished:450
2020-04-10 14:25:01,766 INFO:Iteration finished:460
2020-04-10 14:25:03,367 INFO:Iteration finished:470
2020-04-10 14:25:05,013 INFO:Iteration finished:480
2020-04-10 14:25:06,012 INFO:Iteration finished:490
2020-04-10 14:25:06,793 INFO:Iteration finished:500
2020-04-10 14:25:06,793 INFO:sampling done! Took: 55.6402s
2020-04-10 14:25:06,793 INFO:Mean acceptance fraction:0.5891
2020-04-10 14:25:06,793 INFO:Sampler: <class 'cosmoHammer.MpiCosmoHammerSampler.MpiCosmoHammerSampler'>
configuration: 
  Params: [250.  65. 750.]
  Burnin iterations: 250
  Samples iterations: 500
  Walkers ratio: 20
  Reusing burn in: False
  init pos generator: SampleBallPositionGenerator
  stop criteria: IterationStopCriteriaStrategy
  storage util: SampleFileUtil
likelihoodComputationChain: 
Core Modules: 
  PScore
Likelihood Modules: 
  PSlikeModule

2020-04-10 14:25:06,793 INFO:start burn in
2020-04-10 14:25:06,794 INFO:MPI Process rank 0 starts sampling
