(S'MT19937'
p0
cnumpy.core.multiarray
_reconstruct
p1
(cnumpy
ndarray
p2
(I0
tp3
S'b'
p4
tp5
Rp6
(I1
(I624
tp7
cnumpy
dtype
p8
(S'u4'
p9
I0
I1
tp10
Rp11
(I3
S'<'
p12
NNNI-1
I-1
I0
tp13
bI00
S'\x16S*\x06\xbd*\xa2\x08\x06\xac\x0f#8\t\xfaM\xa8\x18ON`\xcf\xa3R\xa8\xd2\x9dq\xcb\xe2\xfc>K"\xe9&uw\xe9>\xd8\x01%\x85\xcbb\xca\xec\x11\xfa\x84\x1d\x93\xdf}6\xee\xe4\xd7\xcaC\x1a\x98\xe1J\x8c\xe6\xa0\x869\x1c\xe0\xb9\x97"\t\xfc\xfc\xf4|kWu\x0e\x8dA\x9d\xd4,\xbd\xfa9\xa6\xd8\xc6o\xc9\x06\xac1Q_\xaa\x94}\x94\x9e\xcb\xaf\xc0\x14\xfc\xb5\xd2\xb0\x01\xc6~H\x93B\xc6.w\x93\xe3M\xffy/B\xe9\xa7\xee K\xf0F\xae\xc8p\xd8\x98\xad\x12\xcb\x960\xcd+\xf8\xb6\x88\xe7k\x002t\xd9\x12\xf1o\xb2`-G\x9f\x1a\xc1OH\x15\xed\xf6H\xf5w\x83\x11\t\x03\xf9\xba\xf5\xa4\x83\x8e)\xe4@\xbb\xf9\xdc#\x0fn\xa5\xa31.]>x\xe2/\xcb\x10\xd6\x08\x025\xac\\:\x98\x96M4es\x91`\xc7\xb6\x9d\xe4\xeejx.\xc68Q\x13\xe21\x80\xb8\x0f\xed$\\o\xe2\x17:\xfeo\x0e\x12\x82\xd1\xf4\x045.\xae\xfb&\xf7>\x8c\xb6bc\xd0\x1c\x0e\xca\xa8\'o<0\xe34e\xc1\xcb\r\xdep\xa7o\x92\x89\xd4=Py\xba\\\xbb\xbf\xdd(\x9e!\xf9\xbc\xa1\xd2\x18\xae\x83|\xd5,\xdaP\xea\x94\x8e,\x88uI<0\xc7\xba\xef\r\x0f\xa3\xfa\n\xc8\x0b&0\x9e\xb2<\xc5\xc6\xa4\x90\xf4\x0c=\x89\xb7\xdf\x98\xce\x89\x17\x08\xc2\xe13"\x18d\xb0\xac\x14\x11\'e\xabVr\xf7\x1d>\xb2\x0c!\xa2\xc0\x12:\x87\x7f\xebl-\xfe|\t\x96\x90ir\xd8\xa9/R\xcd\xfd\x95\xd3;C}<^9x\xc45\xbc\xa4r\x88\xe7\xd6\xc2\xa3k\x88WV\xff\xd9\xf5+%\x1f\xbb\xdf\x0c\xd5z\xa62)\xa3\xce\x95\x97\x9c=3`\xe7g\x11\xb0\xb7?\'\x17\x14\xac{\xda\xda\x18\xaaUmr\x0eS >\xbd\xcf+]w\xf0\x01\xff\xd4\xb7`\x07|\xcaCZ\x96NA\xd3\x9c\xce|\x93\xbe\xde\x96T\x1c\x84\xc2y\xaa|\x91r\xa7\xfe?XN8/c\x04f\xf8e\x0bS\x81\xdf\xde\xc3k\xfd\xf7\xa8\x05\xd7\xec\xea5\x12\x15\xe5\x9a\xcd\xee\xfc\xe1\xc7\x13."h4vH\xa9\xf6L[@\x8dyg\xabJrm\xe0r\xf6:J\x87\x19\xf7>\\\xc7\xae-\x05\x90_k\xce\xd1\x07\xe5\xaa~@\xb0\xc3\x1c\xdb\x1e\x1c\xdd\xe0S\xa3\xe3\xdc\xb6\xd08\xa6(\xc6\x14b\x9e\xf2\xc9!\x8b\x0e\xf1\xe3\xa5V\xba\x99p\xbc\x15\xaev\xcawQ\xbb\xe1\x01\x1d\xa90\x08\x13\xc1\xd2\xe1:\x15\xfd\xe1\xe8\x9ff\xfd@&\xdb+7,\x93i\xd1\xec\xfe\xfc\xfbF\x94\xdb\xff\xc1$\xf2\xe8p\x1e\x1eL;j9\xd2\xe4qN\x05(\x1d\xc5\x94\rO\r~X[l\xf0\xb7\xcb\x8b\xd0m\x928\x12Emr \xa0o\xe1\xae\x91.j\\\x05\xbak"KGl\xdb\xb1\xdd5\xf1[\xec\xbd"\xaa\x08\x0f\xdc\xccM\xb3c;7t\xaf\x97\xbfs4\x19\xc8\x8d\x9a\x10\xe4\x11Y"\x07m\xe2\xdb[\xfb\xf3\xc3\x08;6\xcb\x10}\xda\xab\xce\xe0\x1f\x9c\\I\xcb\x15\xee\x8b\xd0\xe4\x0b\x14\x88\xda\x8b\xc7\'ZI\xd0\xcc\xd9YA\x1b\xebm\x9fo\xf3\x96\xcb\x8fw)\x91\xff\x89E\xea\x8a\xeaH\x9ex\x7fB\x15yH\x04\xc8\x1d9\x08\xd1\x1e\xa1\x99\x07\x9b\x88{\xddO\xfb\xc1)L{\xfe\x01E\xa5 \xec\xf7j*\x1f\xe1\xaf\x8a\x0b\x92\xce%\x9b\x0f5\xe4\xf4\x89\xc3\xc5\x03\x1fa\xd4\x18\x8eW\x87\x1e\xb0%\xd3\x10P4Z\x1b\x03\x81F?\x8f\xe8\xce?M\x99w\'\x16/\x99WQ\xc7\xca\xb4\x7f\xfc\x1a\xc2\xe8Q\x1cf\xad\xa7\xafts\x84x\x0f\x90\x06f\x872\xa0>\x05\xd6\x82\t\xc3u\x9f\xbaL R\x1bz!2\x1e\x14\xba\xb7\x96\x8b\xa7\xbf\xdcX+\x99\xa7a\x18\to\xe3z\xa5\xbb\x90%\x06"\x84\xb7\xbb\xde\xab!}vD\x11\x0f\xde\xeek\x04\xe6\x02\x80\xaf!QoKGUW"\x1a\xa4\x98?\xbc/3W\xc8c\x1aBF\xef\xe0\xaf\x9ac*\xe9\xaf\x06+r\x10y\xee\x0c\xce\xd2\x1fI\xe0\xbb\xc9o\xbd6\xb4\xf4Q\x18\xdc\xd5\xfd\x06k\x88Rs\x7f\x1d\xcc.\x8d\xe1\xd0\x92P\xfeE\xdb\xde\x11AILuw\x05\xcco\xd0\xcbN\xdf\xd7\xc5\x86\\\xed\xa3F\xb7\r\xef5\x1d\xb1Z\t\xae\x02\xf0)z\xd9\x03a\xce\x96dz\x10\xcah\xa3\x10\x0f\x16\xbc:B\x9a\xe3\xb7\xbc\xcc\x92?\xf5\x01\xdb\x8dE\x92\xd3\t\xd6_\x99\xa3\xf8\x9e\xdd\xfa\xcf\x1e\xcb\xb8<N\x03-\x0c\x85k8J\xa2\xbc,\x1f\xff\xe5\x13Ta\xa2+\xa1\xd4h\n,`\x80\xb3\xae\xf2\x03r\xb1\xd1\x14\xb3\x92\xedB<\xe2N\xf2\xa0\x9b\xa7\xce\xa2s\xe7w9T\xbfAe\xc5\xcax\xbe\xf6\\\x98R)8\x93\xfd\xadY\xe9e\xad}\xfd\xc7\x86\x1c)oC:\xa6\\V\x1a\xa6\xc9\xb7\xd5f[o\x97>\x8b\x1f\xd34\x02l\xc1cN\xd4\x8eo\xfc\xd8\xd3\xae\xab\x83\xfa^\x84\x13\xbf\x84\\\xaa\x94\x7f\x89\x98\xe7\x9et\x83\n\xdc\xf0\xb3\xdf3\x16\xd2\xbc\xa9\xe9\xb3\xfa\xa4\xd0\xe4\xeaR\xe4\xc4Y\x06m\xe9L#\xf7t?\x86~\xa2Y*\xa0\xec\xa4G]\xdc;\xe43\xb7e\x11\xd4\'$rf\xd8\x90\xec\xbe\x85\x1b\xa1\xe9+\xc8\x97Yn\xd0\x8f\x97\x1d\xa0\xd9\xd5\xd0\xb6\x92\xc7 \x13\x94\xb9\xa7\xda\xd5\xbf k%m\x17\xf9~\xf8\xf0\x81)d\xde\xe0\x92U\xb5\x90\x92\xecc"\x11\x98\xe6f\'\xef\x969\xa0\xe4\xa0Jr\x94\xc8b\xb8?\\r\x8fv\xcc\xc8\xc8\xae!\x00\xd7TlYFw\r\xd3u\xf3V@\xdd\xf5h\x02\xdd@\xdf\x10\x15$\xbb\xd3z\t\x08H\\\x18\x82\xfd\xb5{\x1d\xeb1\xd5nE\x9f\xf1\xaeC\x06\x12\xee\x13\xb0\xc1\x91\x0f\xf9\x8d\xed\xaa.\x18NG\x1b\r\x96&\xa0\xb4`\x14l\x7f\xa0BB\xbb\xe7\xd0\xa4\xc1\xde\x7f\x1b\xe3\x81\x16qi\xccT\xb0\xcb$N\x80s\xc4\xd6e\x10\xdd\xefx(\x8f!\xf0\x86\xadm%[\x90\xfc\xfd\x94+\x88,EP\xc7\x9fKhv\xaen\x9f\xd8H\x81\'+b\x10\xa7\x8d\xeeS\x8f\x07\xae\x14\x9e\x9f\x8f[\xc9\xfc\x90W\x01\x90y\x86\x87\x9fgXW\x11dY\x06\xae\xf5\xfd\x8ezOD\xe2\xc2\xe6\xbb>\xa2\x89)\xc4\xf3I\xf4\xd0\xa2\xf0x\xd7_\x06\xfd\x91 \xd7\xd7\x01\x9aw\xe1 WR\x81\xeds\xfa\xa4ER\x83\xc1^F\xdb\xae\xdf-\x1a\x89\x1e\xae\x92\x15\x0eX\xcc\x93\xf6a\x15\x83J\x7f\x14\xde\x8c\x1b\x97p;\x84%&\x08\x05\xe6\x07R\xb4d\x10w\x15\xa7\x89\xcf}\xc9\x0e\xbd\xe4\xa0\xa5\xa6\x00\xd90\xf8\xd1\\j\xf9\xb0F\xf1\x91c\x03\x19\x82\xf6\xfe\x8e\x04\xb8=\xfdu\xec\xe5g.\x15nw\x00\x8c\x8f\x8a\x96\\\xf1\xd0\x9e\xad\x15\x90\x96\x03\x96#\x00\xcd\xec\xf8M_\xc5\xad\xa4ve\x11\xa0\x99\x02/A\x8d\xe9\xfe\xd7[\xfa\xfd`\x9c\xe0\x82\xd6>2l~\xf5K\xdf7\xb8@k\x0f\xf4|\xcc6t\xfc.\xc0\x0e\x82\xed\xca\x1f\xc3\xaf\xd6\xf8\xe9\x18\x00\xc2\xfd0U6r\xb7dQ\xf5\x9e\xf6!\x10g}}U\xf1q\xdc\x14\xc6\x92\xe2\x96\xe2s\x8e\x00V\x12\xff\x12\xf5\xb8U\xed5\x8b\xca\xe3\xa5K\x17\x13\xfd\x1d\xa7\x95\xe1\xe3v\xd4/\xd0\xe3I\x06B\xaa\xb8C\xae\xb3\xd3\xd8\xb2g9\x1d\xb9$35o>M\xeda\x0fZ\xd0\x82yd\x17S\x8f\xd2\x0e;\x89\xeb\xba\xe8\xf1\xa4\xea\x85\xe110\x99\xda^\xef\x13\x8d\xd2@^>\xfa\xeeE\xf8\x83\xb3\x89\xf4\x82\xa8qM?G\xa5\xefL\xc06\xb8\xa5\xe3\x8e\xd6\xde5*\x13pt\x1b\xd8\xa6\x1a\xb7~r\xb0\xbb\xc27\xe1\xc5\xc8\xe2\xfa8\xa7\x98\xf1\xe3\nj\x82\x91\x1a\xa2\xa6.\xbde5\xe1AEP\xd0<\xf2U\x91\x04\xd4@\xdar`\xd0&\xc0\x06\xba\xaa\x9c\xac\xfb\xe1\xa7\x17)\xd0\xcce\xa9\x91\x9ddE\xb5nsC\x8b~8\xf9\xdd\x15\xe9\xb7k\x81\x18\xa7dy\xb95lFm\x88\x8b\n\xfe\xca\x08\xd1\xc7\x9c\xa1\x82\xad{\xab\x97Z\x87a\xe7.\x93\n\xca\x1czEO\xdaHP\x84\x81;bh\x85n\x17\x05K4*{\x05>\xc5\xe1\xf2\x1e\x9a\xee\xb9\xb4\x18\xa4\xce\x05\x1cgs{\xa7`S/^\x87$\x86\xd9\xa5\xd0\xa5\xb2G\xa4\x08\xad\xdd\xd5\x0f\x9e\xb1\xfd\xae\xc3\xccJ4)\xd7\x16Ex\xfb\xfc\xc3\xb7\x12\xae\xb1\xdf\xe8\xd34C\xd0$\x8c\xa2\xbd\x1b\xd7\xcf6\xa1R\xaf\xa70t\x15z\x8b\xd2\xee\xd2f\x19\r0cz\x03\xb4K\xc7c\x8c<\xf8\xf7r79E_\xa7A\xe0\x88\xa3\x12\xf3\xf2\xee\x96\xa5\'eZ\x8d\xdb\x87\xab\xfbDP \x83\x04/\x8e*6\xbe\x7fZ\xa6\x9e\xf7\x80\x87+Zj0\x07g\x07?\xcf\x91|"\x81\x81\xdd\xf2\xb5/\xdd\x9cSL\xb2A\x8a\x96\xd4\xaf^hM\x81\xddl\x03j\xbe\xe7\xafc<\xfa;\xa1\x81n\x00  I\xce\xedX\xc9\x14\xb9\xfaE\xe2\xeeH\xcdJ&x\xd6\x9e\xd9\xe5\x17.Hh\xcd\xdf\x99\x01W\xabs\x84\x92D\xd3\xc8\xbc\x91\x95-TK\x97\x1d\xb4\x01c\xe9\xde\xfax\xc1U\xa0\xc2\rl\x17\'j\x96\x86EJ\xaf\xd4\x93Xh\xa45u"\x85\xc8c\xab\x10\xd7#^Q \x06s\xeb~\xb1\xca\xeb\x9a\xea(\xbc\xbc\x1e(R\x94\x0cpN\x18\x99\x12L\xc8\xc3\x00r\xa7\x16\xa8\xfaG_/db{T\x86\xe5\x19\xc0\x0cw\x9a\xea\x1eQ\x80d\x8a\xc46s4\x95\xb2\xa6\xac\xf3\xbd<\x1eC\xb3.\xb6\x08\xf5+\xa9>\x8f\xa67\xbf\xb3\xa6Tl\xffz\xda\xd0{0J\xb8O\xf2\xf1\xfcv\tx\x15\x884\xe2Y\x19l\x1d\xb9\x06\xeeC\x9f\xe1\xcf\xfem\xd0\x14\x07]\x94\xa9af"v\xaab<:\xffL\xfck\x1e\x13\xf6F\xd6\x1a\xa9\r\x92\x11Ce\xab/\xcb\x05\xb0\xbb\xc4\x1b!&\xd5*\xdc\xfc\x17\x832\xee\xd5\'\xe0\xe8\xeb\xc0\xcdD\xfe\xf2\xa2\x8fXt\x01\x9d\xb4E`\xa9 \x98`\nK\xd3\xc0\x1f\xb0)*\xf8\xd3\xb1F'
p14
tp15
bI518
I0
F0.0
tp16
.