2020-04-10 14:42:05,998 INFO:Using CosmoHammer 0.6.1
2020-04-10 14:42:05,998 INFO:Using emcee 2.2.1
2020-04-10 14:42:05,998 INFO:Sampler: <class 'cosmoHammer.MpiCosmoHammerSampler.MpiCosmoHammerSampler'>
configuration: 
  Params: [250.  65. 750.]
  Burnin iterations: 250
  Samples iterations: 500
  Walkers ratio: 20
  Reusing burn in: False
  init pos generator: SampleBallPositionGenerator
  stop criteria: IterationStopCriteriaStrategy
  storage util: SampleFileUtil
likelihoodComputationChain: 
Core Modules: 
  PScore
Likelihood Modules: 
  PSlikeModule

2020-04-10 14:42:05,999 INFO:start burn in
2020-04-10 14:42:06,000 INFO:MPI Process rank 0 starts sampling
2020-04-10 14:42:07,110 INFO:Iteration finished:10
2020-04-10 14:42:09,102 INFO:Iteration finished:20
2020-04-10 14:42:10,510 INFO:Iteration finished:30
2020-04-10 14:42:11,461 INFO:Iteration finished:40
2020-04-10 14:42:12,466 INFO:Iteration finished:50
2020-04-10 14:42:14,227 INFO:Iteration finished:60
2020-04-10 14:42:15,727 INFO:Iteration finished:70
2020-04-10 14:42:16,657 INFO:Iteration finished:80
2020-04-10 14:42:17,563 INFO:Iteration finished:90
2020-04-10 14:42:18,490 INFO:Iteration finished:100
2020-04-10 14:42:19,924 INFO:Iteration finished:110
2020-04-10 14:42:21,739 INFO:Iteration finished:120
2020-04-10 14:42:22,907 INFO:Iteration finished:130
2020-04-10 14:42:23,776 INFO:Iteration finished:140
2020-04-10 14:42:24,655 INFO:Iteration finished:150
2020-04-10 14:42:25,520 INFO:Iteration finished:160
2020-04-10 14:42:27,034 INFO:Iteration finished:170
2020-04-10 14:42:28,859 INFO:Iteration finished:180
2020-04-10 14:42:29,955 INFO:Iteration finished:190
2020-04-10 14:42:30,831 INFO:Iteration finished:200
2020-04-10 14:42:31,887 INFO:Iteration finished:210
2020-04-10 14:42:33,707 INFO:Iteration finished:220
2020-04-10 14:42:35,240 INFO:Iteration finished:230
2020-04-10 14:42:36,092 INFO:Iteration finished:240
2020-04-10 14:42:36,953 INFO:Iteration finished:250
2020-04-10 14:42:36,953 INFO:storing random state
2020-04-10 14:42:36,954 INFO:burn in sampling done! Took: 30.9551s
2020-04-10 14:42:36,954 INFO:Mean acceptance fraction for burn in:0.5205
2020-04-10 14:42:36,954 INFO:Reseting emcee sampler
2020-04-10 14:42:36,955 INFO:start sampling after burn in
2020-04-10 14:42:36,955 INFO:MPI Process rank 0 starts sampling
2020-04-10 14:42:37,837 INFO:Iteration finished:10
2020-04-10 14:42:39,030 INFO:Iteration finished:20
2020-04-10 14:42:40,859 INFO:Iteration finished:30
2020-04-10 14:42:42,277 INFO:Iteration finished:40
2020-04-10 14:42:43,143 INFO:Iteration finished:50
2020-04-10 14:42:44,348 INFO:Iteration finished:60
2020-04-10 14:42:46,446 INFO:Iteration finished:70
2020-04-10 14:42:47,936 INFO:Iteration finished:80
2020-04-10 14:42:48,838 INFO:Iteration finished:90
2020-04-10 14:42:49,736 INFO:Iteration finished:100
2020-04-10 14:42:51,512 INFO:Iteration finished:110
2020-04-10 14:42:53,450 INFO:Iteration finished:120
2020-04-10 14:42:54,379 INFO:Iteration finished:130
2020-04-10 14:42:55,252 INFO:Iteration finished:140
2020-04-10 14:42:56,686 INFO:Iteration finished:150
2020-04-10 14:42:58,627 INFO:Iteration finished:160
2020-04-10 14:42:59,725 INFO:Iteration finished:170
2020-04-10 14:43:00,655 INFO:Iteration finished:180
2020-04-10 14:43:02,096 INFO:Iteration finished:190
2020-04-10 14:43:04,201 INFO:Iteration finished:200
2020-04-10 14:43:05,385 INFO:Iteration finished:210
2020-04-10 14:43:06,254 INFO:Iteration finished:220
2020-04-10 14:43:07,132 INFO:Iteration finished:230
2020-04-10 14:43:08,909 INFO:Iteration finished:240
2020-04-10 14:43:10,605 INFO:Iteration finished:250
2020-04-10 14:43:11,459 INFO:Iteration finished:260
2020-04-10 14:43:12,304 INFO:Iteration finished:270
2020-04-10 14:43:13,156 INFO:Iteration finished:280
2020-04-10 14:43:14,054 INFO:Iteration finished:290
2020-04-10 14:43:15,874 INFO:Iteration finished:300
2020-04-10 14:43:16,952 INFO:Iteration finished:310
2020-04-10 14:43:17,811 INFO:Iteration finished:320
2020-04-10 14:43:18,660 INFO:Iteration finished:330
2020-04-10 14:43:19,493 INFO:Iteration finished:340
2020-04-10 14:43:21,022 INFO:Iteration finished:350
2020-04-10 14:43:22,822 INFO:Iteration finished:360
2020-04-10 14:43:23,850 INFO:Iteration finished:370
2020-04-10 14:43:24,675 INFO:Iteration finished:380
2020-04-10 14:43:25,512 INFO:Iteration finished:390
2020-04-10 14:43:26,358 INFO:Iteration finished:400
2020-04-10 14:43:27,942 INFO:Iteration finished:410
2020-04-10 14:43:29,264 INFO:Iteration finished:420
2020-04-10 14:43:30,101 INFO:Iteration finished:430
2020-04-10 14:43:30,962 INFO:Iteration finished:440
2020-04-10 14:43:31,785 INFO:Iteration finished:450
2020-04-10 14:43:33,023 INFO:Iteration finished:460
2020-04-10 14:43:34,705 INFO:Iteration finished:470
2020-04-10 14:43:35,605 INFO:Iteration finished:480
2020-04-10 14:43:36,669 INFO:Iteration finished:490
2020-04-10 14:43:37,579 INFO:Iteration finished:500
2020-04-10 14:43:37,579 INFO:sampling done! Took: 60.6245s
2020-04-10 14:43:37,580 INFO:Mean acceptance fraction:0.5828
2020-04-10 14:43:37,580 INFO:Sampler: <class 'cosmoHammer.MpiCosmoHammerSampler.MpiCosmoHammerSampler'>
configuration: 
  Params: [250.  65. 750.]
  Burnin iterations: 250
  Samples iterations: 500
  Walkers ratio: 20
  Reusing burn in: False
  init pos generator: SampleBallPositionGenerator
  stop criteria: IterationStopCriteriaStrategy
  storage util: SampleFileUtil
likelihoodComputationChain: 
Core Modules: 
  PScore
Likelihood Modules: 
  PSlikeModule

2020-04-10 14:43:37,580 INFO:start burn in
2020-04-10 14:43:37,581 INFO:MPI Process rank 0 starts sampling
