2020-04-10 22:46:33,634 INFO:Using CosmoHammer 0.6.1
2020-04-10 22:46:33,634 INFO:Using emcee 2.2.1
2020-04-10 22:46:33,635 INFO:Sampler: <class 'cosmoHammer.MpiCosmoHammerSampler.MpiCosmoHammerSampler'>
configuration: 
  Params: [110.  65. 750.]
  Burnin iterations: 500
  Samples iterations: 2000
  Walkers ratio: 10
  Reusing burn in: False
  init pos generator: SampleBallPositionGenerator
  stop criteria: IterationStopCriteriaStrategy
  storage util: SampleFileUtil
likelihoodComputationChain: 
Core Modules: 
  Bkcore
Likelihood Modules: 
  BklikeModule

2020-04-10 22:46:33,635 INFO:start burn in
2020-04-10 22:46:33,636 INFO:MPI Process rank 0 starts sampling
2020-04-10 22:46:35,094 INFO:Iteration finished:10
2020-04-10 22:46:36,348 INFO:Iteration finished:20
2020-04-10 22:46:37,588 INFO:Iteration finished:30
2020-04-10 22:46:38,905 INFO:Iteration finished:40
2020-04-10 22:46:40,013 INFO:Iteration finished:50
2020-04-10 22:46:41,258 INFO:Iteration finished:60
2020-04-10 22:46:42,501 INFO:Iteration finished:70
2020-04-10 22:46:43,580 INFO:Iteration finished:80
2020-04-10 22:46:45,359 INFO:Iteration finished:90
2020-04-10 22:46:47,067 INFO:Iteration finished:100
2020-04-10 22:46:48,293 INFO:Iteration finished:110
2020-04-10 22:46:49,525 INFO:Iteration finished:120
2020-04-10 22:46:51,700 INFO:Iteration finished:130
2020-04-10 22:46:52,917 INFO:Iteration finished:140
2020-04-10 22:46:54,063 INFO:Iteration finished:150
2020-04-10 22:46:56,329 INFO:Iteration finished:160
2020-04-10 22:46:57,737 INFO:Iteration finished:170
2020-04-10 22:46:59,143 INFO:Iteration finished:180
2020-04-10 22:47:01,672 INFO:Iteration finished:190
2020-04-10 22:47:03,162 INFO:Iteration finished:200
2020-04-10 22:47:04,462 INFO:Iteration finished:210
2020-04-10 22:47:07,037 INFO:Iteration finished:220
2020-04-10 22:47:08,752 INFO:Iteration finished:230
2020-04-10 22:47:10,025 INFO:Iteration finished:240
2020-04-10 22:47:12,547 INFO:Iteration finished:250
2020-04-10 22:47:14,358 INFO:Iteration finished:260
2020-04-10 22:47:15,588 INFO:Iteration finished:270
2020-04-10 22:47:17,771 INFO:Iteration finished:280
2020-04-10 22:47:19,817 INFO:Iteration finished:290
2020-04-10 22:47:21,061 INFO:Iteration finished:300
2020-04-10 22:47:23,133 INFO:Iteration finished:310
2020-04-10 22:47:25,347 INFO:Iteration finished:320
2020-04-10 22:47:26,541 INFO:Iteration finished:330
2020-04-10 22:47:28,612 INFO:Iteration finished:340
2020-04-10 22:47:30,307 INFO:Iteration finished:350
2020-04-10 22:47:31,745 INFO:Iteration finished:360
2020-04-10 22:47:34,181 INFO:Iteration finished:370
2020-04-10 22:47:35,462 INFO:Iteration finished:380
2020-04-10 22:47:37,147 INFO:Iteration finished:390
2020-04-10 22:47:39,524 INFO:Iteration finished:400
2020-04-10 22:47:40,826 INFO:Iteration finished:410
2020-04-10 22:47:42,615 INFO:Iteration finished:420
2020-04-10 22:47:44,730 INFO:Iteration finished:430
2020-04-10 22:47:46,021 INFO:Iteration finished:440
2020-04-10 22:47:48,236 INFO:Iteration finished:450
2020-04-10 22:47:49,746 INFO:Iteration finished:460
2020-04-10 22:47:51,269 INFO:Iteration finished:470
2020-04-10 22:47:53,551 INFO:Iteration finished:480
2020-04-10 22:47:54,841 INFO:Iteration finished:490
2020-04-10 22:47:56,959 INFO:Iteration finished:500
2020-04-10 22:47:56,959 INFO:storing random state
2020-04-10 22:47:56,961 INFO:burn in sampling done! Took: 83.3256s
2020-04-10 22:47:56,961 INFO:Mean acceptance fraction for burn in:0.1541
2020-04-10 22:47:56,962 INFO:Reseting emcee sampler
2020-04-10 22:47:56,964 INFO:start sampling after burn in
2020-04-10 22:47:56,965 INFO:MPI Process rank 0 starts sampling
2020-04-10 22:47:58,670 INFO:Iteration finished:10
2020-04-10 22:48:00,159 INFO:Iteration finished:20
2020-04-10 22:48:02,620 INFO:Iteration finished:30
2020-04-10 22:48:03,959 INFO:Iteration finished:40
2020-04-10 22:48:05,605 INFO:Iteration finished:50
2020-04-10 22:48:07,988 INFO:Iteration finished:60
2020-04-10 22:48:09,330 INFO:Iteration finished:70
2020-04-10 22:48:11,248 INFO:Iteration finished:80
2020-04-10 22:48:13,171 INFO:Iteration finished:90
2020-04-10 22:48:14,514 INFO:Iteration finished:100
2020-04-10 22:48:16,124 INFO:Iteration finished:110
2020-04-10 22:48:18,512 INFO:Iteration finished:120
2020-04-10 22:48:19,774 INFO:Iteration finished:130
2020-04-10 22:48:21,775 INFO:Iteration finished:140
2020-04-10 22:48:23,592 INFO:Iteration finished:150
2020-04-10 22:48:25,013 INFO:Iteration finished:160
2020-04-10 22:48:27,404 INFO:Iteration finished:170
2020-04-10 22:48:28,670 INFO:Iteration finished:180
2020-04-10 22:48:30,441 INFO:Iteration finished:190
2020-04-10 22:48:32,463 INFO:Iteration finished:200
2020-04-10 22:48:33,868 INFO:Iteration finished:210
2020-04-10 22:48:36,241 INFO:Iteration finished:220
2020-04-10 22:48:37,707 INFO:Iteration finished:230
2020-04-10 22:48:39,598 INFO:Iteration finished:240
2020-04-10 22:48:41,574 INFO:Iteration finished:250
2020-04-10 22:48:42,851 INFO:Iteration finished:260
2020-04-10 22:48:45,008 INFO:Iteration finished:270
2020-04-10 22:48:46,540 INFO:Iteration finished:280
2020-04-10 22:48:48,171 INFO:Iteration finished:290
2020-04-10 22:48:50,453 INFO:Iteration finished:300
2020-04-10 22:48:51,845 INFO:Iteration finished:310
2020-04-10 22:48:54,031 INFO:Iteration finished:320
2020-04-10 22:48:55,652 INFO:Iteration finished:330
2020-04-10 22:48:57,295 INFO:Iteration finished:340
2020-04-10 22:48:59,590 INFO:Iteration finished:350
2020-04-10 22:49:00,978 INFO:Iteration finished:360
2020-04-10 22:49:03,093 INFO:Iteration finished:370
2020-04-10 22:49:04,676 INFO:Iteration finished:380
2020-04-10 22:49:06,110 INFO:Iteration finished:390
2020-04-10 22:49:08,489 INFO:Iteration finished:400
2020-04-10 22:49:09,738 INFO:Iteration finished:410
2020-04-10 22:49:11,724 INFO:Iteration finished:420
2020-04-10 22:49:13,587 INFO:Iteration finished:430
2020-04-10 22:49:15,027 INFO:Iteration finished:440
2020-04-10 22:49:17,404 INFO:Iteration finished:450
2020-04-10 22:49:18,653 INFO:Iteration finished:460
2020-04-10 22:49:20,338 INFO:Iteration finished:470
2020-04-10 22:49:22,507 INFO:Iteration finished:480
2020-04-10 22:49:23,824 INFO:Iteration finished:490
2020-04-10 22:49:25,953 INFO:Iteration finished:500
2020-04-10 22:49:27,546 INFO:Iteration finished:510
2020-04-10 22:49:29,221 INFO:Iteration finished:520
2020-04-10 22:49:31,410 INFO:Iteration finished:530
2020-04-10 22:49:32,686 INFO:Iteration finished:540
2020-04-10 22:49:34,739 INFO:Iteration finished:550
2020-04-10 22:49:37,039 INFO:Iteration finished:560
2020-04-10 22:49:38,301 INFO:Iteration finished:570
2020-04-10 22:49:40,212 INFO:Iteration finished:580
2020-04-10 22:49:42,650 INFO:Iteration finished:590
2020-04-10 22:49:43,923 INFO:Iteration finished:600
2020-04-10 22:49:45,840 INFO:Iteration finished:610
2020-04-10 22:49:48,306 INFO:Iteration finished:620
2020-04-10 22:49:49,593 INFO:Iteration finished:630
2020-04-10 22:49:51,458 INFO:Iteration finished:640
2020-04-10 22:49:53,994 INFO:Iteration finished:650
2020-04-10 22:49:55,266 INFO:Iteration finished:660
2020-04-10 22:49:57,171 INFO:Iteration finished:670
2020-04-10 22:49:59,684 INFO:Iteration finished:680
2020-04-10 22:50:00,871 INFO:Iteration finished:690
2020-04-10 22:50:02,602 INFO:Iteration finished:700
2020-04-10 22:50:05,060 INFO:Iteration finished:710
2020-04-10 22:50:06,435 INFO:Iteration finished:720
2020-04-10 22:50:07,890 INFO:Iteration finished:730
2020-04-10 22:50:10,471 INFO:Iteration finished:740
2020-04-10 22:50:12,053 INFO:Iteration finished:750
2020-04-10 22:50:14,380 INFO:Iteration finished:760
2020-04-10 22:50:16,282 INFO:Iteration finished:770
2020-04-10 22:50:17,573 INFO:Iteration finished:780
2020-04-10 22:50:19,855 INFO:Iteration finished:790
2020-04-10 22:50:21,913 INFO:Iteration finished:800
2020-04-10 22:50:23,186 INFO:Iteration finished:810
2020-04-10 22:50:25,470 INFO:Iteration finished:820
2020-04-10 22:50:27,568 INFO:Iteration finished:830
2020-04-10 22:50:28,796 INFO:Iteration finished:840
2020-04-10 22:50:30,913 INFO:Iteration finished:850
2020-04-10 22:50:33,163 INFO:Iteration finished:860
2020-04-10 22:50:34,352 INFO:Iteration finished:870
2020-04-10 22:50:36,303 INFO:Iteration finished:880
2020-04-10 22:50:38,681 INFO:Iteration finished:890
2020-04-10 22:50:39,959 INFO:Iteration finished:900
2020-04-10 22:50:41,762 INFO:Iteration finished:910
2020-04-10 22:50:44,233 INFO:Iteration finished:920
2020-04-10 22:50:45,670 INFO:Iteration finished:930
2020-04-10 22:50:48,248 INFO:Iteration finished:940
2020-04-10 22:50:49,806 INFO:Iteration finished:950
2020-04-10 22:50:51,104 INFO:Iteration finished:960
2020-04-10 22:50:53,609 INFO:Iteration finished:970
2020-04-10 22:50:55,299 INFO:Iteration finished:980
2020-04-10 22:50:56,529 INFO:Iteration finished:990
2020-04-10 22:50:58,812 INFO:Iteration finished:1000
2020-04-10 22:51:00,809 INFO:Iteration finished:1010
2020-04-10 22:51:02,036 INFO:Iteration finished:1020
2020-04-10 22:51:04,253 INFO:Iteration finished:1030
2020-04-10 22:51:06,479 INFO:Iteration finished:1040
2020-04-10 22:51:07,689 INFO:Iteration finished:1050
2020-04-10 22:51:09,769 INFO:Iteration finished:1060
2020-04-10 22:51:12,073 INFO:Iteration finished:1070
2020-04-10 22:51:13,294 INFO:Iteration finished:1080
2020-04-10 22:51:15,236 INFO:Iteration finished:1090
2020-04-10 22:51:17,658 INFO:Iteration finished:1100
2020-04-10 22:51:18,960 INFO:Iteration finished:1110
2020-04-10 22:51:20,880 INFO:Iteration finished:1120
2020-04-10 22:51:23,318 INFO:Iteration finished:1130
2020-04-10 22:51:24,608 INFO:Iteration finished:1140
2020-04-10 22:51:26,459 INFO:Iteration finished:1150
2020-04-10 22:51:28,963 INFO:Iteration finished:1160
2020-04-10 22:51:30,247 INFO:Iteration finished:1170
2020-04-10 22:51:31,971 INFO:Iteration finished:1180
2020-04-10 22:51:34,546 INFO:Iteration finished:1190
2020-04-10 22:51:35,901 INFO:Iteration finished:1200
2020-04-10 22:51:37,479 INFO:Iteration finished:1210
2020-04-10 22:51:40,033 INFO:Iteration finished:1220
2020-04-10 22:51:41,612 INFO:Iteration finished:1230
2020-04-10 22:51:43,486 INFO:Iteration finished:1240
2020-04-10 22:51:45,951 INFO:Iteration finished:1250
2020-04-10 22:51:47,305 INFO:Iteration finished:1260
2020-04-10 22:51:48,898 INFO:Iteration finished:1270
2020-04-10 22:51:51,503 INFO:Iteration finished:1280
2020-04-10 22:51:53,136 INFO:Iteration finished:1290
2020-04-10 22:51:55,237 INFO:Iteration finished:1300
2020-04-10 22:51:58,171 INFO:Iteration finished:1310
2020-04-10 22:52:00,313 INFO:Iteration finished:1320
2020-04-10 22:52:02,803 INFO:Iteration finished:1330
2020-04-10 22:52:05,149 INFO:Iteration finished:1340
2020-04-10 22:52:07,308 INFO:Iteration finished:1350
2020-04-10 22:52:09,077 INFO:Iteration finished:1360
2020-04-10 22:52:11,477 INFO:Iteration finished:1370
2020-04-10 22:52:12,781 INFO:Iteration finished:1380
2020-04-10 22:52:15,201 INFO:Iteration finished:1390
2020-04-10 22:52:16,810 INFO:Iteration finished:1400
2020-04-10 22:52:18,879 INFO:Iteration finished:1410
2020-04-10 22:52:20,939 INFO:Iteration finished:1420
2020-04-10 22:52:22,718 INFO:Iteration finished:1430
2020-04-10 22:52:25,286 INFO:Iteration finished:1440
2020-04-10 22:52:27,691 INFO:Iteration finished:1450
2020-04-10 22:52:30,849 INFO:Iteration finished:1460
2020-04-10 22:52:32,336 INFO:Iteration finished:1470
2020-04-10 22:52:34,973 INFO:Iteration finished:1480
2020-04-10 22:52:37,122 INFO:Iteration finished:1490
2020-04-10 22:52:39,294 INFO:Iteration finished:1500
2020-04-10 22:52:41,457 INFO:Iteration finished:1510
2020-04-10 22:52:42,867 INFO:Iteration finished:1520
2020-04-10 22:52:45,229 INFO:Iteration finished:1530
2020-04-10 22:52:46,707 INFO:Iteration finished:1540
2020-04-10 22:52:49,009 INFO:Iteration finished:1550
2020-04-10 22:52:50,869 INFO:Iteration finished:1560
2020-04-10 22:52:52,538 INFO:Iteration finished:1570
2020-04-10 22:52:54,896 INFO:Iteration finished:1580
2020-04-10 22:52:56,139 INFO:Iteration finished:1590
2020-04-10 22:52:58,596 INFO:Iteration finished:1600
2020-04-10 22:53:00,249 INFO:Iteration finished:1610
2020-04-10 22:53:02,266 INFO:Iteration finished:1620
2020-04-10 22:53:04,431 INFO:Iteration finished:1630
2020-04-10 22:53:05,574 INFO:Iteration finished:1640
2020-04-10 22:53:07,065 INFO:Iteration finished:1650
2020-04-10 22:53:09,538 INFO:Iteration finished:1660
2020-04-10 22:53:10,970 INFO:Iteration finished:1670
2020-04-10 22:53:12,166 INFO:Iteration finished:1680
2020-04-10 22:53:14,546 INFO:Iteration finished:1690
2020-04-10 22:53:16,335 INFO:Iteration finished:1700
2020-04-10 22:53:17,573 INFO:Iteration finished:1710
2020-04-10 22:53:19,671 INFO:Iteration finished:1720
2020-04-10 22:53:21,762 INFO:Iteration finished:1730
2020-04-10 22:53:22,935 INFO:Iteration finished:1740
2020-04-10 22:53:24,681 INFO:Iteration finished:1750
2020-04-10 22:53:27,083 INFO:Iteration finished:1760
2020-04-10 22:53:28,243 INFO:Iteration finished:1770
2020-04-10 22:53:29,522 INFO:Iteration finished:1780
2020-04-10 22:53:31,913 INFO:Iteration finished:1790
2020-04-10 22:53:33,565 INFO:Iteration finished:1800
2020-04-10 22:53:34,883 INFO:Iteration finished:1810
2020-04-10 22:53:37,767 INFO:Iteration finished:1820
2020-04-10 22:53:39,572 INFO:Iteration finished:1830
2020-04-10 22:53:42,362 INFO:Iteration finished:1840
2020-04-10 22:53:44,216 INFO:Iteration finished:1850
2020-04-10 22:53:47,147 INFO:Iteration finished:1860
2020-04-10 22:53:48,804 INFO:Iteration finished:1870
2020-04-10 22:53:51,632 INFO:Iteration finished:1880
2020-04-10 22:53:53,497 INFO:Iteration finished:1890
2020-04-10 22:53:56,672 INFO:Iteration finished:1900
2020-04-10 22:53:57,991 INFO:Iteration finished:1910
2020-04-10 22:54:00,604 INFO:Iteration finished:1920
2020-04-10 22:54:02,276 INFO:Iteration finished:1930
2020-04-10 22:54:04,357 INFO:Iteration finished:1940
2020-04-10 22:54:06,827 INFO:Iteration finished:1950
2020-04-10 22:54:09,295 INFO:Iteration finished:1960
2020-04-10 22:54:11,042 INFO:Iteration finished:1970
2020-04-10 22:54:14,125 INFO:Iteration finished:1980
2020-04-10 22:54:17,090 INFO:Iteration finished:1990
2020-04-10 22:54:20,711 INFO:Iteration finished:2000
2020-04-10 22:54:20,712 INFO:sampling done! Took: 383.7469s
2020-04-10 22:54:20,717 INFO:Mean acceptance fraction:0.0039
