(S'MT19937'
p0
cnumpy.core.multiarray
_reconstruct
p1
(cnumpy
ndarray
p2
(I0
tp3
S'b'
p4
tp5
Rp6
(I1
(I624
tp7
cnumpy
dtype
p8
(S'u4'
p9
I0
I1
tp10
Rp11
(I3
S'<'
p12
NNNI-1
I-1
I0
tp13
bI00
S'\xb3\xee\xe2(|@\xa7\xed\x81\x8bB\x0e\xf4\xab\x9e\x16\x146\x0f\x9e\xf02!\xc1\xff\xe3\x83\xd3o\xe0\n\xd8v"\x03\x83\xa92\xe0`\x08L?p\x99\x05a\xac\xcfQM3\xc4MMb\xf8\x94M\xc6\xebS,\xc9#L\xb3<g\xeb\x84\x89\xe4pt\x05\xc6v\xfe\x02\xeb\x98\xb69\xe0Mp|\xc1|\x13\x12\xf9n"<\xdc\xab^@\xabU\x15\xed\xfd\x9b\xbd\x90u\x8f\x1e\x06^\xfa\xf35\xc5\x02r\xcaJ4\xd4\x7f\xc3\x81\xaf\xdef4\xbc4\xf2\xfc\x85\xf4\xb0\xfb\xb1m\xa9\xd7&\x93\xca\xd8\x144\x96\x17]\x07(\xa5\xf0\x8fI\xf1\xf9\xfa=\xcd\\\xe7\xb5Vb\xae\xea\xc3)\x86\xc8\xce\x99\xac.rB`\xc9s\x94A^\xef\xf7\xdf@\x0eR\xc6\xbc\xd2\xc8\xdcG\x1f\xc3\x13+1\x84\xe3\xcc\xc7\x80\xf05\xd3m\x97\nW\xd0l\xbf\x8e\x06h\x17\xea\xd8#}V\t\xd1(\x81Q\x0fH\xc4]\xeb\x83&f]\x0f\xea\xe6\x93!bS&\xda\x89I\xf5 \xd8\xedz\x879\x89=0`m\x88\xb8\xc3\xc3\x15\xd8\x8f\xe7\x8e+l\xfb\xa7J\xdda5\xc6O\xda\x9a\x8e!`\xfb\xce\x07\x0f\x1c\xba\x1f\xe0#I\x17r{l\x06j\xff\x80S\xd1\x16\xc8\x90\xf4\x89/\xe2\xc42\x86\xbb5\xae*{\x0f\xec\xaa=4\xcd*b@\x9b\xe8\x0cfh\xd7\xb7\xd7\xa9t\xc9c\x83*j\xd7\xc7\xa2\t\x87\x159\xaeE/\x1e\x8eI4\xfe\x03\x1clS\xe0\xeb+e\xcd\x9dt\xc5\x0c\xc82\x87\x83\x81\xe4>i\x18\xf2\xbb\xf4\x0fW\xa3\xc23\xca\x19n]\xff\xe7\x8b\x1e\x91a\xe2\xe0\x84\xc8:\xaf\x17\x97N\n\xfcx\xef5`\x88\xd2\x96Kb3L\x17\xdf\xb6\xf3V=\x8a\xffH7G&\xecF\x9d\xaf%Mgxt\xd0\x1b\x07\xe4"g\xa9\xbf\xdc\x05\x14\x99\xd7\xfae\xf9\x13\x18\x92\xf7h.K\xbd\xa0\xcb\xdf\xaf:\x11\xd9\x1f\xae\xb6\xb1\xa1\x17s\x91\xa5\xcc`!A\x1c\xd26\xab\xea\xe02\x10\x8e\xde\x19\xae\x92\x98\xa6\x0e~\t\x14\x90-s\x06:\x06\xae\x19\x89qi\xa7<\xba\xfc\x9c&}\xedOi;\x04\x0f\x8b\xa6\xe9\x8b\xf9\xf5\xf8@\x92\xe4\xcd,\x8f\\\xb2\x1fM\x84\x97\xb2(\x83\t\xedy\xfb\xe6\xff\x1b\x95\xa6%!#\xf4\xbd\x85\x0b\x86\x9c\xfd\xd6%\x96\xce\x05\xe4\x1d\x8e\xbe~\xd0\xbd\xfc\xa2\x12\xef\x93%r&\x16\xe3\xc4\x94>P\xab\xed\xc0^\x92\xc7f\x8f\xe8\x0c\xa9\xff\xa5\xbaI\xde\xc8+^e\x0f\xc9k\xfd{z\x1d\xdd\x12`5\x93*\x8d\x90\xea\xeb\xe8\x86\xd1T\xd9\x88QB\xac.\x02e\x0b\x0b\xaa\x8e\x8bI\xcf\xa9\xeeG?\xd1\x8d\x8dq\x9eEw\x19o\xe2\xcf+\xa7\x1do\x04\x9b\xd4pt5\x96{\xfe\xc5\xb9\x8d\xbcd\xda\xbf\xb4\x1f\xe0\xc0\x027\x05\x03\xa1\xcf\xad\xac\x03\xbc\xeb\x1d@\xc30k\r\xb1\x19:\x81\xcd\x0e\xc4\xca,\xb5\x94M\xe6D\x1e\xc0=\xc3\xd8\xbc\xa3\xd2a\xf6\x9e\xb75\xe1\xa0\xe1Gc\xfey\xf2\xe6\x88\xef"\x96\n\x06Ha\xde\x12\x8e]i\xcf\x8f8\xa9\x0fH\x14\xe9\xd3\xc7\xf1\xff\x977p\x9b\xe4\xacH\xef\x8b\xe9\x93`.Qh\xce\xb0\x1b\xbam~\xcfC\x83\x0c\xf4\xd8\x90\'\x0f\x9d\xcc\xe9\x0bM\x8b\xd7\x186\xe2\x96\x8fu\x93\xe8\xcf\xa6NZ\x1f\xf6C^\xbd\xcf\xa0Z8\xa7\xfeC\xfe7h\x15I\xba\x90\'\xb4\xba\xc0\x01_\xc4:.N\xb0\xcb\x1f\xad(\xeei\xc5R\xd0/\x19\xc5\xb2:\x1a\xc7\xe5\xef\xa0\xca\xf5\xbb7I0 >\x04\xb5tq@\xd2\xde\x93?\x1e\xa8\xeeP\xdc=\x92\x0c\xb2\xc82\xde|\xd3\x0e\x11+\xcd]a\x87\x1a\x01qF.\xe4\xcb\xabL\xad\xab\x8a\xcfc\xcaQ\xf2\xe5\xb4\xdb\x16\x96 \x1aC\x18\xba\x80\xb5}\xd9\xe5\x0f=\xa9o\x99VG\x05\xe46\x8a\xad\xa0\xdaT\xe42>u\xdb\xc6=C`sz\xe6\x01q\xc4R}\x1f\x84-\xa4\xf8\x06\x0c6a\xcf\\\xda`\x0b\xc3\x1f[\xbaI|#\xfev\x9bo\xaa.3~\x01\xe3\x82\xcc\xb5r\xd7\xc8\xc0\xe6"\'9\x9f\xce\x04\xb2L\xe5\xc5\x7f\xcd\xba\x1aO1h\xb0\xfa\x15\x83\xefh\xabR\xc1\xf8\x8b\x9b\x8am9\xea\xaa\x95\'\x10\x83\x027g\xb3\xcc%\xb7C\r$0?\x0b\xd6\xd2_\x17P\xfe\xf3\x8dr\xceH{jl\x13#\x18\xc8a\x81\xbc\xc56>r[.\xf7\xb3\x19\x83K\x89\xe7*\xe6\xf6.\xbe\xcb\x99\xcc\xf2\xd98\x9eJJ?\xacT\xcd\xf98\xba\xd5\x19\xae \xdc\x80R\xfa~\x9e\x9e\xd7$\x1e\xb1\x105\x80\xff4}\xe0/\xb4\x91\x04\xfb\xdc\xae\x88S\xab\xe76\xe7\xfeN\xce\xba\xa00\xe2\x9e\xd4\xc9@\xd8\xaeat\xf3\x8c6&\x1a\xdc`\x0c(\xbaVz\xee\xe6HU\x84\x92K6\xe7\xd09\x98\x9e\x83h$\x00A\xb2\xfc\xbb\x94WA\xc5\xfe\x9a\xc8\x8e\xa2lYXg\xad\x02\x8e\xb8\xa2\x91D\x99\xd8=C\x9a\xa4\xf8\x80\x8d\xabo\xefR \xb5\xcbX9\xae\xa2\xce\x87{ib\xa9\xc5Y\xb0[C\x16\xd3\xb8\xa9J\x91|\x00R\x81\x06\x91\xa6\x11\x80y/\xeflIyl\x9b}\x14\xfe\xdc\xd0\x93\xe1\xc9\n*s\x82\xe9v\xaaC\x9bMg\x08\xc8E\x07]\xf5C\xaai\xd6dYs\xd9U\xdax\x96\xea\xf1\xc3@\xcb%\xd46\xfa\xa8D\xeb\x80\xa7\xf9\x9b\xa0\xc9\x84\xcf\xe023\xf8D\x00\xf6\xd2\xb7H\x85]\x15\x03\xcfW\xeb\xccKSY\xaaF\x97nz\xfc\x95\xa8\x1b\xc9a\xec\xf3#*\x16=e\xf0\xd9|\x83\x98\xcbH\xb9\xba\xf7l\xd0\x03A"U\x8e\xc2DEO\xc5\xe6\xa9U\xec\xb2+\xbf\xc208\xa1\x98;\xbd\x9dJc|\xc7\n1\x0c\x96\xec)\x1be\xb7\rh#\xba&\xfa\xe4NK\\\x10\xa8\xa1\xe6\xab\x16X\xe2WW_I\xab\xb7\x97\x196]\xe0\x82p\x1e\xdczB@:\xc7.fv\xb3\xbc\xc3J\x10\x00p\xf9\x0f\xea\x1a\x16pr\x00L\x0c3\xda\x1b\xb6\xd2\xe0\x10\x13ai\xbf}\xd0\x8b\x94\xba?8Ip\xca\xe2\\\x9e\xeb,\x9c\xce\xee8K<\xa7\x92o1\xa46\xa1bz\xf8;\'[%\x92\xd3\xa37\x11\xa1Z\xed\x1d\xf2*\xd1_\t\xba\x81b;\x92u;(\x0e\x96\x92\xd0\x8d\xf0\x81\x99\x9c\x9f\x841\x0f\x8c!Z\x98\xc0*\x87\x83\xc6\xd6\xe4\x90^\xd8O\xb0E\xea \xa1\x98\xc9\x8e\xa4i\x05&\xe9\x04\xdd\xacV|3wf\xb3\xf5\xc6\'\xe5Y)\xeb\xfb{6C\x19yS\x8b\xd0\xf8Lo\xa5\xcdhR\xc4U\xd0A\xe0\x81[R\x8d\xec\xe1)h\xd0\x1dWy\xcb\xa7XaH|\xa6z\x8c\xcd\xd3\xc0\xbc\xd7\\t\x0b\x0b\xf8\xcbVg\xdcq>W2\x85\xeeu+\x13\x85\xda9z\x02\xd4u,\x8e\xcb\xd4\xbb1\xb9)b:\xb3=\xa9R\xac\x80\x9f\x7fYg[\xfb\x88>5C\xa8\xce*f\xa9{\xb0\xd8\xd0\x0e\x8acF+\xff]T\xcf\x10&\x1d\xb4\xc3oIb\xfc\xbf\xb8M\xc1\xcb\xee\x13\r\x1f\x95\xc8;\xd8\xa2\xaa\xd4\xc7u\xfc\x07\x04\xd9\xb1\xaa\x16\xbeP\xa0\xbao\xc5\xb1\xe2f\x93Z\xdb\x98\xa2M\xf8=\xebt\x82o/\xc2\xb2q\xd0\x9f\xde$\x8e\xed\xfe<\x16\x83\x02\xa5\x96\xc1-\xe8\xdd\xe4\xf2\xb8y\x02\x90@q\x9a\x82\xc0\xf1\xc1\xbf#\x01GN\x1a\xc6\xb1\xbbLrJ\x91p\xa9 G\xa0\xfa\xb3\x0e\x03\x15\x1b(\x7fL\xbd\xc1\x04*\t\x90\xc1\x07DEsN}\xb8T\xfdf\x8c\xc7\x80|)O\x92\x17\xa5\x804\xcb\xec\xda\x81\x8b\xfb\xff\xb6<\xae\xe4\xf7\x94\x0389\x92E\x1fr\xc2\xac\xef\x18`B\xd6D\x80(\x95`Fj\xb5\xf0\x1c\xf0\x81D\x02\x8d\x9b\x83\xc1\xaaW\x81\xe6\x88D\x91\xce\xd8CE\xe3\xc8}\xbb\x9e\xb2\x84\xfb\xb7\x12\xac\x12~\xd5&\x89\x9b\xbc\xe7|\xa6{\x85\xf1_2\xa4zQ\xe1\x8b8\xab(!A\xe7j\x1d>z\x8f\rQ\xd0\xecFT\x04\xc7\x0b!o\xf9\xd0Z\xfb\x96\x17;\x9e\xe9F\xcd\xc5\xbbm\xe6\xab\xc3\xed\x08\xc8\xb41\x01\xde\xeb\x04\xd9\xc4\x19\x80y\xfc\xf3}\xe1\xf6\x11WG\xe0\x12#\r\t\xda\xc5\x17\xba\xf5\xd1\x8e\xaa\x05[X:+M\x1a\x01\x98K\x9fxD\x05\xf0!\x07<]\x81\x9c\xc7\xa8U\xe4HL\x9d\xb9\x0ciM\xcem`m\x19\x96K\xc2\x8br\xb3\x89\xc4\x89\x1b\xd0Wg\x89/\x03\xcb]e\xae\x19\xdf\x96\x05N\x01\x14\xb6\xe0E\xf5\xf8V\xdb\x12;$Dk}@\xec\xf3*I&\x8c\x10s\x1d*\xcc\xbb\x84\xd6\xe8\x9a\x8fW\xd0\x15n?S\xcc1+\xd0\xf6\xc9\x00\xf5\xe7\x12\x90\xc1\xf5\xa8\x88h\xc1\xa5\x16\xf4\x83\xb5\x93\xe87E2\xe2\xc2u\xd0\xc1\xac\xfe93Lfz\xa3{d\xa0\xd4\xe6\xadO\xe8\x8cE\x1c\xec\xac\x14q\xcfj\x9dB\xbd\x19\x9b\x92S\x1e\x89*FO\xa2\xff\xad\x0f\x16\x1d\x96\xb0\xba\x17\x94\xea\x05\xef$T$\xf4*\x07\xddR1S@\x86\x8cu!\xd8\xbd\xed\xd9_%\x07\xbc\x9b\xf2\x9d\'\xa5\xd5d\x9f\xbb\x8ep/6\xf6\x06\xc3}\xa5!\x18\xd4\xc8\x13C \xc1\xef\xa5\x01>\xad$\x04\x1b\xe2l\xf8\xd1j\xfd\xf5>\xfd\xcf"(\x81I\xd4\xec\x1cI\xed\xeaI\xf6\xdf\x15\xb9\xb0\xbb\x15d+\xba\x99\xa5\xe73\xaa\xb4T\xb66y\xfb\x8fe\x04\n\xca\xedKir\xad\xfc\xae\x0fz\x0f\xad\xe6\xd0\x8f;\xf0ic \xf6\x04\x85\xb0z\x9d\xe2+\x94\x80\x1c\x8c\x96U\x1af\xa5s\x88X\x18.\xcc\xde\xf7l\x1f\xee$\xb7D\x8a\xb0w\xc4{\x9e\xe2\xc5\xe1\xf4.\xac)\x86\x11\xaeJ\x80\'G\xbf4A\x06\xb9\xacJ\xdfO\xcc\x9c\xb1\x99\x80\xb7\xf3\xa8\xaa\xc9.\xea$d5<\xe6\x14\xc5\x8f\xe4\x11-M\xea\xb7\x1b\xa7\xc1:[\xef\x00W\xc9.\xb1\xba\x9a\xe0\xbe7\xcd\xed\xfe\x86s\xb0\xeaS\x81.\x1f\t\t\xa3bt\xf6\xca\x8a\xce`-MT\xacZ\x95z-\xbb]\xb5\xe3\xaa\xc2\xd8\xe4\xa2J!\x82\xa1IB\xcdw\xad\xe0\xdd\x86ao3\xda\xa7\x14]\x06\x96\xe3\xa0.}\x10'
p14
tp15
bI504
I0
F0.0
tp16
.