2020-04-10 22:07:54,189 INFO:Using CosmoHammer 0.6.1
2020-04-10 22:07:54,189 INFO:Using emcee 2.2.1
2020-04-10 22:07:54,189 INFO:Sampler: <class 'cosmoHammer.MpiCosmoHammerSampler.MpiCosmoHammerSampler'>
configuration: 
  Params: [110.  65. 750.]
  Burnin iterations: 500
  Samples iterations: 2000
  Walkers ratio: 10
  Reusing burn in: False
  init pos generator: SampleBallPositionGenerator
  stop criteria: IterationStopCriteriaStrategy
  storage util: SampleFileUtil
likelihoodComputationChain: 
Core Modules: 
  Bkcore
Likelihood Modules: 
  BklikeModule

2020-04-10 22:07:54,189 INFO:start burn in
2020-04-10 22:07:54,190 INFO:MPI Process rank 0 starts sampling
2020-04-10 22:07:55,693 INFO:Iteration finished:10
2020-04-10 22:07:58,045 INFO:Iteration finished:20
2020-04-10 22:07:59,268 INFO:Iteration finished:30
2020-04-10 22:08:00,410 INFO:Iteration finished:40
2020-04-10 22:08:02,561 INFO:Iteration finished:50
2020-04-10 22:08:03,690 INFO:Iteration finished:60
2020-04-10 22:08:04,874 INFO:Iteration finished:70
2020-04-10 22:08:06,948 INFO:Iteration finished:80
2020-04-10 22:08:08,731 INFO:Iteration finished:90
2020-04-10 22:08:09,726 INFO:Iteration finished:100
2020-04-10 22:08:10,730 INFO:Iteration finished:110
2020-04-10 22:08:12,527 INFO:Iteration finished:120
2020-04-10 22:08:14,150 INFO:Iteration finished:130
2020-04-10 22:08:15,019 INFO:Iteration finished:140
2020-04-10 22:08:16,013 INFO:Iteration finished:150
2020-04-10 22:08:17,443 INFO:Iteration finished:160
2020-04-10 22:08:19,800 INFO:Iteration finished:170
2020-04-10 22:08:20,719 INFO:Iteration finished:180
2020-04-10 22:08:22,250 INFO:Iteration finished:190
2020-04-10 22:08:23,789 INFO:Iteration finished:200
2020-04-10 22:08:24,930 INFO:Iteration finished:210
2020-04-10 22:08:26,042 INFO:Iteration finished:220
2020-04-10 22:08:27,758 INFO:Iteration finished:230
2020-04-10 22:08:29,159 INFO:Iteration finished:240
2020-04-10 22:08:29,996 INFO:Iteration finished:250
2020-04-10 22:08:30,860 INFO:Iteration finished:260
2020-04-10 22:08:32,312 INFO:Iteration finished:270
2020-04-10 22:08:34,025 INFO:Iteration finished:280
2020-04-10 22:08:35,176 INFO:Iteration finished:290
2020-04-10 22:08:36,015 INFO:Iteration finished:300
2020-04-10 22:08:36,897 INFO:Iteration finished:310
2020-04-10 22:08:38,440 INFO:Iteration finished:320
2020-04-10 22:08:39,940 INFO:Iteration finished:330
2020-04-10 22:08:40,893 INFO:Iteration finished:340
2020-04-10 22:08:41,671 INFO:Iteration finished:350
2020-04-10 22:08:42,504 INFO:Iteration finished:360
2020-04-10 22:08:44,121 INFO:Iteration finished:370
2020-04-10 22:08:45,707 INFO:Iteration finished:380
2020-04-10 22:08:46,654 INFO:Iteration finished:390
2020-04-10 22:08:47,494 INFO:Iteration finished:400
2020-04-10 22:08:48,318 INFO:Iteration finished:410
2020-04-10 22:08:49,907 INFO:Iteration finished:420
2020-04-10 22:08:51,703 INFO:Iteration finished:430
2020-04-10 22:08:52,582 INFO:Iteration finished:440
2020-04-10 22:08:53,499 INFO:Iteration finished:450
2020-04-10 22:08:54,678 INFO:Iteration finished:460
2020-04-10 22:08:56,328 INFO:Iteration finished:470
2020-04-10 22:08:57,679 INFO:Iteration finished:480
2020-04-10 22:08:58,463 INFO:Iteration finished:490
2020-04-10 22:08:59,292 INFO:Iteration finished:500
2020-04-10 22:08:59,292 INFO:storing random state
2020-04-10 22:08:59,293 INFO:burn in sampling done! Took: 65.1034s
2020-04-10 22:08:59,293 INFO:Mean acceptance fraction for burn in:0.1787
2020-04-10 22:08:59,293 INFO:Reseting emcee sampler
2020-04-10 22:08:59,295 INFO:start sampling after burn in
2020-04-10 22:08:59,295 INFO:MPI Process rank 0 starts sampling
2020-04-10 22:09:00,684 INFO:Iteration finished:10
2020-04-10 22:09:02,428 INFO:Iteration finished:20
2020-04-10 22:09:03,595 INFO:Iteration finished:30
2020-04-10 22:09:04,389 INFO:Iteration finished:40
2020-04-10 22:09:05,348 INFO:Iteration finished:50
2020-04-10 22:09:07,065 INFO:Iteration finished:60
2020-04-10 22:09:08,647 INFO:Iteration finished:70
2020-04-10 22:09:09,544 INFO:Iteration finished:80
2020-04-10 22:09:10,316 INFO:Iteration finished:90
2020-04-10 22:09:11,316 INFO:Iteration finished:100
2020-04-10 22:09:12,961 INFO:Iteration finished:110
2020-04-10 22:09:14,553 INFO:Iteration finished:120
2020-04-10 22:09:15,394 INFO:Iteration finished:130
2020-04-10 22:09:16,175 INFO:Iteration finished:140
2020-04-10 22:09:17,305 INFO:Iteration finished:150
2020-04-10 22:09:18,960 INFO:Iteration finished:160
2020-04-10 22:09:20,465 INFO:Iteration finished:170
2020-04-10 22:09:21,341 INFO:Iteration finished:180
2020-04-10 22:09:22,163 INFO:Iteration finished:190
2020-04-10 22:09:23,425 INFO:Iteration finished:200
2020-04-10 22:09:25,311 INFO:Iteration finished:210
2020-04-10 22:09:26,508 INFO:Iteration finished:220
2020-04-10 22:09:27,416 INFO:Iteration finished:230
2020-04-10 22:09:28,333 INFO:Iteration finished:240
2020-04-10 22:09:30,035 INFO:Iteration finished:250
2020-04-10 22:09:31,656 INFO:Iteration finished:260
2020-04-10 22:09:32,495 INFO:Iteration finished:270
2020-04-10 22:09:33,390 INFO:Iteration finished:280
2020-04-10 22:09:34,674 INFO:Iteration finished:290
2020-04-10 22:09:36,374 INFO:Iteration finished:300
2020-04-10 22:09:37,735 INFO:Iteration finished:310
2020-04-10 22:09:38,604 INFO:Iteration finished:320
2020-04-10 22:09:39,481 INFO:Iteration finished:330
2020-04-10 22:09:40,995 INFO:Iteration finished:340
2020-04-10 22:09:42,626 INFO:Iteration finished:350
2020-04-10 22:09:43,711 INFO:Iteration finished:360
2020-04-10 22:09:44,540 INFO:Iteration finished:370
2020-04-10 22:09:45,511 INFO:Iteration finished:380
2020-04-10 22:09:47,090 INFO:Iteration finished:390
2020-04-10 22:09:48,653 INFO:Iteration finished:400
2020-04-10 22:09:49,638 INFO:Iteration finished:410
2020-04-10 22:09:50,480 INFO:Iteration finished:420
2020-04-10 22:09:51,686 INFO:Iteration finished:430
2020-04-10 22:09:53,490 INFO:Iteration finished:440
2020-04-10 22:09:54,931 INFO:Iteration finished:450
2020-04-10 22:09:55,801 INFO:Iteration finished:460
2020-04-10 22:09:56,660 INFO:Iteration finished:470
2020-04-10 22:09:58,036 INFO:Iteration finished:480
2020-04-10 22:09:59,663 INFO:Iteration finished:490
2020-04-10 22:10:00,801 INFO:Iteration finished:500
2020-04-10 22:10:01,634 INFO:Iteration finished:510
2020-04-10 22:10:02,527 INFO:Iteration finished:520
2020-04-10 22:10:04,134 INFO:Iteration finished:530
2020-04-10 22:10:05,855 INFO:Iteration finished:540
2020-04-10 22:10:06,774 INFO:Iteration finished:550
2020-04-10 22:10:07,597 INFO:Iteration finished:560
2020-04-10 22:10:08,723 INFO:Iteration finished:570
2020-04-10 22:10:10,448 INFO:Iteration finished:580
2020-04-10 22:10:11,961 INFO:Iteration finished:590
2020-04-10 22:10:12,767 INFO:Iteration finished:600
2020-04-10 22:10:13,626 INFO:Iteration finished:610
2020-04-10 22:10:14,970 INFO:Iteration finished:620
2020-04-10 22:10:16,569 INFO:Iteration finished:630
2020-04-10 22:10:17,865 INFO:Iteration finished:640
2020-04-10 22:10:18,678 INFO:Iteration finished:650
2020-04-10 22:10:19,526 INFO:Iteration finished:660
2020-04-10 22:10:20,977 INFO:Iteration finished:670
2020-04-10 22:10:22,656 INFO:Iteration finished:680
2020-04-10 22:10:23,835 INFO:Iteration finished:690
2020-04-10 22:10:24,621 INFO:Iteration finished:700
2020-04-10 22:10:25,682 INFO:Iteration finished:710
2020-04-10 22:10:27,281 INFO:Iteration finished:720
2020-04-10 22:10:29,003 INFO:Iteration finished:730
2020-04-10 22:10:29,783 INFO:Iteration finished:740
2020-04-10 22:10:30,640 INFO:Iteration finished:750
2020-04-10 22:10:31,844 INFO:Iteration finished:760
2020-04-10 22:10:33,475 INFO:Iteration finished:770
2020-04-10 22:10:34,916 INFO:Iteration finished:780
2020-04-10 22:10:35,724 INFO:Iteration finished:790
2020-04-10 22:10:36,621 INFO:Iteration finished:800
2020-04-10 22:10:37,818 INFO:Iteration finished:810
2020-04-10 22:10:39,485 INFO:Iteration finished:820
2020-04-10 22:10:40,756 INFO:Iteration finished:830
2020-04-10 22:10:41,614 INFO:Iteration finished:840
2020-04-10 22:10:42,463 INFO:Iteration finished:850
2020-04-10 22:10:43,988 INFO:Iteration finished:860
2020-04-10 22:10:45,622 INFO:Iteration finished:870
2020-04-10 22:10:46,726 INFO:Iteration finished:880
2020-04-10 22:10:47,593 INFO:Iteration finished:890
2020-04-10 22:10:48,614 INFO:Iteration finished:900
2020-04-10 22:10:50,372 INFO:Iteration finished:910
2020-04-10 22:10:51,926 INFO:Iteration finished:920
2020-04-10 22:10:52,708 INFO:Iteration finished:930
2020-04-10 22:10:53,450 INFO:Iteration finished:940
2020-04-10 22:10:54,619 INFO:Iteration finished:950
2020-04-10 22:10:56,167 INFO:Iteration finished:960
2020-04-10 22:10:57,689 INFO:Iteration finished:970
2020-04-10 22:10:58,469 INFO:Iteration finished:980
2020-04-10 22:10:59,274 INFO:Iteration finished:990
2020-04-10 22:11:00,487 INFO:Iteration finished:1000
2020-04-10 22:11:02,209 INFO:Iteration finished:1010
2020-04-10 22:11:03,590 INFO:Iteration finished:1020
2020-04-10 22:11:04,414 INFO:Iteration finished:1030
2020-04-10 22:11:05,244 INFO:Iteration finished:1040
2020-04-10 22:11:06,612 INFO:Iteration finished:1050
2020-04-10 22:11:08,298 INFO:Iteration finished:1060
2020-04-10 22:11:09,408 INFO:Iteration finished:1070
2020-04-10 22:11:10,195 INFO:Iteration finished:1080
2020-04-10 22:11:10,933 INFO:Iteration finished:1090
2020-04-10 22:11:12,294 INFO:Iteration finished:1100
2020-04-10 22:11:13,887 INFO:Iteration finished:1110
2020-04-10 22:11:15,169 INFO:Iteration finished:1120
2020-04-10 22:11:16,001 INFO:Iteration finished:1130
2020-04-10 22:11:16,883 INFO:Iteration finished:1140
2020-04-10 22:11:18,361 INFO:Iteration finished:1150
2020-04-10 22:11:19,975 INFO:Iteration finished:1160
2020-04-10 22:11:21,093 INFO:Iteration finished:1170
2020-04-10 22:11:21,839 INFO:Iteration finished:1180
2020-04-10 22:11:22,697 INFO:Iteration finished:1190
2020-04-10 22:11:24,298 INFO:Iteration finished:1200
2020-04-10 22:11:25,796 INFO:Iteration finished:1210
2020-04-10 22:11:26,833 INFO:Iteration finished:1220
2020-04-10 22:11:27,600 INFO:Iteration finished:1230
2020-04-10 22:11:28,464 INFO:Iteration finished:1240
2020-04-10 22:11:29,987 INFO:Iteration finished:1250
2020-04-10 22:11:31,722 INFO:Iteration finished:1260
2020-04-10 22:11:32,630 INFO:Iteration finished:1270
2020-04-10 22:11:33,376 INFO:Iteration finished:1280
2020-04-10 22:11:34,281 INFO:Iteration finished:1290
2020-04-10 22:11:35,937 INFO:Iteration finished:1300
2020-04-10 22:11:37,511 INFO:Iteration finished:1310
2020-04-10 22:11:38,444 INFO:Iteration finished:1320
2020-04-10 22:11:39,212 INFO:Iteration finished:1330
2020-04-10 22:11:40,451 INFO:Iteration finished:1340
2020-04-10 22:11:42,222 INFO:Iteration finished:1350
2020-04-10 22:11:43,700 INFO:Iteration finished:1360
2020-04-10 22:11:44,510 INFO:Iteration finished:1370
2020-04-10 22:11:45,351 INFO:Iteration finished:1380
2020-04-10 22:11:46,860 INFO:Iteration finished:1390
2020-04-10 22:11:48,542 INFO:Iteration finished:1400
2020-04-10 22:11:49,798 INFO:Iteration finished:1410
2020-04-10 22:11:50,624 INFO:Iteration finished:1420
2020-04-10 22:11:51,716 INFO:Iteration finished:1430
2020-04-10 22:11:53,503 INFO:Iteration finished:1440
2020-04-10 22:11:55,072 INFO:Iteration finished:1450
2020-04-10 22:11:55,835 INFO:Iteration finished:1460
2020-04-10 22:11:56,594 INFO:Iteration finished:1470
2020-04-10 22:11:57,627 INFO:Iteration finished:1480
2020-04-10 22:11:59,318 INFO:Iteration finished:1490
2020-04-10 22:12:00,844 INFO:Iteration finished:1500
2020-04-10 22:12:01,594 INFO:Iteration finished:1510
2020-04-10 22:12:02,428 INFO:Iteration finished:1520
2020-04-10 22:12:03,942 INFO:Iteration finished:1530
2020-04-10 22:12:05,467 INFO:Iteration finished:1540
2020-04-10 22:12:06,233 INFO:Iteration finished:1550
2020-04-10 22:12:07,237 INFO:Iteration finished:1560
2020-04-10 22:12:08,833 INFO:Iteration finished:1570
2020-04-10 22:12:10,457 INFO:Iteration finished:1580
2020-04-10 22:12:11,518 INFO:Iteration finished:1590
2020-04-10 22:12:12,303 INFO:Iteration finished:1600
2020-04-10 22:12:13,524 INFO:Iteration finished:1610
2020-04-10 22:12:15,304 INFO:Iteration finished:1620
2020-04-10 22:12:16,851 INFO:Iteration finished:1630
2020-04-10 22:12:17,676 INFO:Iteration finished:1640
2020-04-10 22:12:18,475 INFO:Iteration finished:1650
2020-04-10 22:12:19,854 INFO:Iteration finished:1660
2020-04-10 22:12:21,429 INFO:Iteration finished:1670
2020-04-10 22:12:22,751 INFO:Iteration finished:1680
2020-04-10 22:12:23,536 INFO:Iteration finished:1690
2020-04-10 22:12:24,505 INFO:Iteration finished:1700
2020-04-10 22:12:26,033 INFO:Iteration finished:1710
2020-04-10 22:12:27,907 INFO:Iteration finished:1720
2020-04-10 22:12:29,215 INFO:Iteration finished:1730
2020-04-10 22:12:30,302 INFO:Iteration finished:1740
2020-04-10 22:12:32,173 INFO:Iteration finished:1750
2020-04-10 22:12:33,830 INFO:Iteration finished:1760
2020-04-10 22:12:34,706 INFO:Iteration finished:1770
2020-04-10 22:12:35,988 INFO:Iteration finished:1780
2020-04-10 22:12:37,678 INFO:Iteration finished:1790
2020-04-10 22:12:38,937 INFO:Iteration finished:1800
2020-04-10 22:12:39,829 INFO:Iteration finished:1810
2020-04-10 22:12:41,449 INFO:Iteration finished:1820
2020-04-10 22:12:43,014 INFO:Iteration finished:1830
2020-04-10 22:12:43,845 INFO:Iteration finished:1840
2020-04-10 22:12:45,141 INFO:Iteration finished:1850
2020-04-10 22:12:46,840 INFO:Iteration finished:1860
2020-04-10 22:12:48,059 INFO:Iteration finished:1870
2020-04-10 22:12:48,877 INFO:Iteration finished:1880
2020-04-10 22:12:50,622 INFO:Iteration finished:1890
2020-04-10 22:12:52,295 INFO:Iteration finished:1900
2020-04-10 22:12:53,102 INFO:Iteration finished:1910
2020-04-10 22:12:54,354 INFO:Iteration finished:1920
2020-04-10 22:12:55,974 INFO:Iteration finished:1930
2020-04-10 22:12:57,242 INFO:Iteration finished:1940
2020-04-10 22:12:58,083 INFO:Iteration finished:1950
2020-04-10 22:12:59,622 INFO:Iteration finished:1960
2020-04-10 22:13:01,176 INFO:Iteration finished:1970
2020-04-10 22:13:02,802 INFO:Iteration finished:1980
2020-04-10 22:13:04,567 INFO:Iteration finished:1990
2020-04-10 22:13:05,500 INFO:Iteration finished:2000
2020-04-10 22:13:05,500 INFO:sampling done! Took: 246.2052s
2020-04-10 22:13:05,500 INFO:Mean acceptance fraction:0.0058
