(S'MT19937'
p0
cnumpy.core.multiarray
_reconstruct
p1
(cnumpy
ndarray
p2
(I0
tp3
S'b'
p4
tp5
Rp6
(I1
(I624
tp7
cnumpy
dtype
p8
(S'u4'
p9
I0
I1
tp10
Rp11
(I3
S'<'
p12
NNNI-1
I-1
I0
tp13
bI00
S'\xc9\xedG\xed\xcd\xdb\xb2R\xd54\xe4\xf7\xfdra\xd1\x00\x17\xca\xaf$\xfc\x96\xd8v\xf6U\xa0]\r\xc1\xb4s\xf07\xca\x8b\x8c\x91\xa5c$W\xde\xf5p\x1d\xe9=,\xd0\xc3\x00\xed\x1dJ\xa9=\x03\xfeq\xfad\xdbS\xf1u\xd7u\x1f\x14\xe7y\xb1\x9c\xda\x85\xd6\x9c\xe55\x9e\xf5\xb9\xac2\xe7\xa1\x8a\xbb\xa5\xaf\x8f\x19\x8b\x10W\x8c\x94\x7f\xfd\x15=\xe0\xad\xd9_\x97@\xcd(\x10#pm|K\xe9d\xffm\xd4\x02\x081\x92-L\xb9\n\x8e}\xadi!Z\xa7\xea*+\x14\x1c)8\x89\xf3uW\x13\x83IDBr\xa8(~\xd2\x1fV\x8d\x87\xd8\x03\xf6K\xbe\xe5+\x10Z[\x12\x92\x8aYD\xbb[eV\x8b/\x8c\x15\x97\xff*\x98\x16\xaf0\xdf\xc7\xba\x17$\xbf\x9dA4,\x13\x15\x95\xda\x1f\xc5s\xb4E\xb6\x822&\x93V\x00\xbe\xec\x18\xba\x17\xd8\x03\xb5\x1e/\xa1\x90\x15\x02\xb8\x00S@f\x16\xea\x89:d%\xe1\t\xe2&{\xcc\xe9\xc9\x0fKvBm\xa3wv\x84\xeb\xce\xbe\xd4\xf4G\x8e:\xf6$q@\x8d\xcd\x10\xec\x1f\x88\xec\xc9\xc8y\xc4\\\xdaZ\xb0\xe0\x005\xfe\xb3\xf5-\x14\x06\x81\r\x92\xd4\x13\xf5\r\xc3\x99\xbbS\xc8\xd5\xa9\xfdM\xf6\xe2\xf8\x17\xdd\x99&\xd85\x12\x06\x94\xcb\x8e\xb4\x16\x14\xbe\xa8\xe1\xd4+\x077=\xab7\xec\xda*\xae\xc8\x97\xf7\xb2A_\x8fM\x12W!\xb0\xfcrgt\x14]\x8d= \xb4\x06\xbd\xea\xc5\x96p\xd5\xc7\x99\xc6Id3\xaaG>\x8d>\xdc5\xa7\x05_m\x11\x97\xd5rk\x08\xf7\xe9g\x8a\x11X\x1f\xc3;l2\x84\x00\x01\xe5\xfd\xef\x8d\xef\x8c.\xf1\x0f\x93\x8e\xd4y\x1eP\xbc\x82\x98\xa4l\xba=w\x87^j\xf9f\xf5x\xf9?\xf8o\x9f\xd1\xa6\xc3\x06\xb9s\x93n\x16:\x17u\xf0\x90\x08\xbe\x93M\x88\xa4R\x01[\xc7\x1fJ_\xf7\xe8\xad\xdeY\x04U\xa5\xa3F&A\x0e}\xcd\xc5I\x16\xe9<\xc0\xa5\xb7\xb3/_Lo\xc6b?\xc5D\x9e\xae\xaa\xf9R\xcaW\xa8mK\x00\xb01\xb2C5\xc4\xf6\x9e~+\xbb\x1a9\xab^\x88\x97\xc9Fc\x1f\xcc\x9f%\xc5\xf60\xac(\x1d\xc7\xdeb\xbb\n<\x912^\xdb\x80\xf9\x04j\xa2G\xf3Y&9\x92\xd2C\x01\tK\x9f\xdb\xc6\x04\x99X\xb4q\x00\x06\xca\xe9}-X\xa5\x8f\xde\xd2\xb3\xed1.\xfd\x18b\xce\x95\xc9\xc51v=0\xfd}\' \x0f.\xfd\xc1\x9f\xa7\xae\x01\x15\tQRM6Q\xf2}i\xce\x0c%\xb0\rw\xb4\xb7\xcbJ*\xe3\x04%\xd7\x85F\xf6\x96p\xec\xdc\xc4\x00@Y\x1b\x02\xd1<\xc5:\x0c\x00\x91\x0e\xec[\xfe\xbev\xdf\x0b\xc8\x08\xf5\xd0.3\xd6\x1e\xd23\xe2\xc0A\x86\xc9\xd0\xe6\x82\xe6\xcbu\x10\x87\x14\xdf\\\xdc\xc2\n\x1b\x13\xcfE\xd5\x8b\xbd\x83-\xa0\x8b\xd1\xf9\x1e\xf6R\x96-\xfdN\xa0\x03jR\xb2C"9zX\x83\xd5_5JzQM|\xf1\xdd7U\xdd\x86\x824D^\xa1\x1e\xb0d\x9b$\xde\x8c-\xf6\x81N\xb0\xf8DV\xb6M\x8e\x1d\xb0\xc4V\xcc\xc8d\xd7\x1e\x9f\xab\x14j0\xa1p(\xcc\xd4x\x12\xd2\xb3\xba\x89%\xe8\xa5\xef\xf7\x07\xe0\x9f\xee\xa0$+y\x13\x14-sh\xba\xda\xd0\x8e\xde\xe55\x8d\xc5\x94\x08\xdb\x058\xf9\x95s \xca\xf8\\F\x8e7\xfd\x96\xb4\xb6{)\xed\x1eL\xc8\x02\xe24M/\x90\'\xf5z6\xa0{\xae^\xfcEo\xe9A3q\x90\x88pT\xc5R\xaa.\x12q\xde\xa1R\x8e\xd3\x97\x8fP\xe8sY\xb4\xcb\x037t\xcd\xf3\x1a!+\xdc\x8d\x1e\x9af\xb7\x95\xfa\x8dY#\xae\x08\xb8\xd7\xc3\x04 \xc3z\xee?\xbf\xfdS\xd5\x17s\xa7\xd5\xc4Id\x11Zd\xe2\xd8\xa0\x85\t\xfcM`>\xd0\x13\xb2\xa6zQ\x8e*\xdc\tR]\x86\xf4I\xc2\x9c]\x9c\xd4V\xda\x13\xdd\x070\xc1\xa1\xbe\x1f\xb2\xd72\x17\xcf\xc8\x9b\xfc\xa9\x0f\xe4\xb3\xbb\xd6G\x926\xd1\x8e\xdd\xb5z\xed#\x0b\xc1\x85\xad\xd2\xd5-=\x07\x88WX\x99\xbd\x07m\xae#\xe2\xdb \x1c\x96\xb0\xf37\xaf\xe2\xd4\x18E:@X\x97\x1bb\x15\xa6e}\xc5\x0c\x07\xe2\xd7\x958\xa8\xaeg\xdb\x89+}\x81\x85\xadUXZ\x9cgL\xc3\xef\xbf2O\xec\x1c5#W\xa2\xc9\x97\xb36\xb4\xd4\xca\x8d\xbc\xf3V@\xc2\x88\xc4\xdc\xe2\x97J0JI&g.\xea%\xd1H\xe5\xa3<?\xa7Y\x7f<\x1b\xcf\xdaj?x\xe5\x80\x95b\x0f\x05l\x85\x0cw\xb0\xe0\xf8\x01\xa9f\x84\xa9\xcbZ\xa0!\x89\x18\xf9I\xc85\xf2\xd9n \xefn[\xd2w\xf1\xef\x1d>,!\xc5\xf7\xe0^\x199B.-\x85Ia%\x16\x1e\xa0\xcb\xc9\xfe\rV\xc3\x8a\xc1\xc1Q\xd9\x05\x1fa\\\xd6:\xe6\xf6\x1a(\xc3\xa4\x96\x17\x0f\x9a"<\x12\x96\x1b\xf6&\xaa^^\x14r\xb1Z\x0e\x1c\xb0d9\x063\xf4I\xdcZ\xc5\xe8kB_\xe6\xee\xe2\x1e\x86\xa7\xff\x15\x13Ah*\xce\xf6\xe9\x1d3\xa6\x81\xf7E\x02*\x11s\xc8\x10\xcc\x1b$\x9a|mp"\xd8\xc4h\x05\xf2\x9f\xc5T\x1f\xe5\x9f\xa9A\xe7|\x17"\xb5\x1f:\xae\xcc\xd9\x00\x90\xe0O\xd9\xc2\xfaGh\xd4J\xd7Z;\xe6\xf0\x15\xb9\x06.\x87=\xc0\xd9\xc5\xefM\x8bN\xaf\xa4\x97\x06\xa3G\xa1\x04\xe5A\xdb\xe8\x8e\x13v\xdc\xe1\x9a9\x0e_\xa3\x0b"\xfc\xf2\x9a\x0c\x1c5*\xe1\x880\xc7=\xf2\x1b\xd3g\xd7Dwe\xa7+\xc8\xcd\xfe\x94X]\xd0\x12\xdef\x03\xb4\x18\x11\xf7\x14\xc0\x91o\xf6\xeb\x02-\x0c\xa4p\xcf\x1b$Jf\x89e\xa1w/\xc6F\xc8d\xe9\x9d\xa9\xf0\x87\x97u\xda\xc7cL\xa9\xc4\xacL\xc3\xff\\\xa5,\xed\x03\xc2P\x9b\x9c@7\x13*\xee\x01\x7f^:\xc2%\xbb\xda_\xba\xb6\xef\xa0\x14R\xe0\xa8\xfc\x14t\xa6\xe0\xfb6\x87\x18\xe4\x82w\xc8\xa99\xb1\xb80\xf7\xb7,i\x9fb\x90-\xff\xa8n\xd6\xcd\xbf\r4\x1c\xff\x98:0`\x91\x8b\x15\xc0\x97\xd4\xd9\xecVq\xd6\x16J,\xfa\'\x05\x06\xe3\xd02\xd3\xf1\x19\xc9(\xd1\xda\xb5\xecJ\x00\x84\xb94\x0b\xb1\xcf\x06\xb3\t\xd6\xa4\xa4\r\x1e\x10P\'T\xa2\xafI\xc5a\x0b\xd3\xa8\xd9\x11\xe5\xa0\xf4\x08\xdf\xd2\xa3V\x87\xac\x9fJ\xbf\x12\xbas\xeb<a\xae\xc4\xe4s?^\xc8=d\xfe\xc1l(\n\x98(\r\x16?q\x9an\xe9T\xa3\xfe\x1f\xdf;: \xe8\xdb\x91(\xe2\x95\xa3\xfdWs\xae\x90]\x8e\xeb\xbe\x8aq\x1a\x8emW\xdd\x08\xa9\x0c\xd1\x81\xe2\xf4\xdd-i\xc6>\xc5\xe3\xb5\xea\xf8Fu\xc0\xc5\xa5\xe9]\x18\xcc\xebCx\x006?\x13\xaeg\xeb\x15\xa0x\x8d/\x80\x9f5v\xe4\xf9?\x19\n\xb3;w%\xe3\x82e\xbe\x0e {\xd2\x97\x87\x8a+\x9bD\x8d5\x8e\x8dl{\x13\xb4\x80:!\xa6"\x85*\xf7\n\xdd\x82\xdf\x08\xb2B\xc61}+\xb2k7\xb9Q}\xed\x1c\x05CC\xd6w\x89k\x9e-\x9a\x1d\\\r\xaa.~\xd8@?p2G81\xc4\xef\x90\x95\xa5\xd0\x94\x13oE\xdd\xaa\xf03aZ\x97\x05l\xd66\x16\x87\x08\xac\x91v\'}\xd1\xb9\xf6\x8c\x93\x88\xe8.~\xb0\x19n\xcdf\x87\x8a\xdf\xceqX\xe1\r\x9c\xe4\x9e^!?\xd3\xaf[\xed~,i\xa4\xef\xf9\xa2\xe3\xd7h\xf8\xcc\x8f\xc5\x7f6\x83M\x81\xe3\xecFI2\xb5\xfcJ\xa0\xb3\xd5\xfd\x0b\x8f\xea\xf8\xa5\xe8\xbd\x85\x7f\xcc\xe3\x13A\x1aL\x19\x1b5u\xe1\x13\xc6s|*\x8d-\x7f\xeb;\xfb\x86\x8f\x84\x19I\x8aj\x82\x9c\x0cH\x8e\x1d"U\x052\xbe\x10(R>[<\xf2"\xa5\x12\xa6Vt\xaciL\xbe\xea3-)\xdf\xf2\x15\x89\xe1\n\x04\xb5\xfb\xa7$\xf6\xcf\x98\'\x10\x88\xf7\xae\x9c\xa5\xbb<\xabF\x01\x1e\xc6c\xb9\x7f\x14X\xf9\xda\xbb^Bi\x89\xd2<6\xbe\xd7{\xf7U\x11)-&\xbc\x91\x08\xe3\'0tO=\xdf\x07)\x84\x0bE\x96\xe5\xaa\xdeB\x83\xaf\xdc\x98\xc1\x85\xd3J@\xd1\x14\xae\x1a\x9a+ZY\x0e\x1b<\xa1|\x17\xc0\xebOx\xaaf\xb0\xea0f\xd7#\xd1>{\xd8\x94{\x90nnh\x07\xc8\xd5\xf5b/\xb0\xa1\xea\xbc\xb6\xae\xe3\xbe\xecw\xe1z\xb3\x97H\x12\x9d\xb0\x0f\x16\x12&\xae\xfa\x91\xdeU\x05L+/\xcf\x9cK\xa3"\xe9e~\x98\xe5a\xd4\x88\xb1\xc6\x7f]p\xa2r\xba\xca\x9d\xec\xf5%q$\xbdg\x1a\x83\xa3\xcd\x9f\x05\xf0\xe1\x90\x04\xd68{.=\xe2\x97\xcd\xc4\xfeKfq{_\x00\xa8\x98\x0f\xe6s\xf1\xf57\x11\xf2j\xb6\n\xae\xcc\x97\xc6\xfdp\xe2\xcc\xcdZ\x98\x07\x17Q\xdc\xabY\xc4G\xcdf(\x8c\xb6\xd9\x81\xa1\x18\xe1\xe7\x06\x1b\x08PS\xa8us\xb5\xf6+\xec\xea8\x12\x95r\xb6\xbc\x9cx\xd8\xe7\xefB\x8f]\xa69p\xff\x94\x02\xf2\xdc\x81f\xf4\xbe"H\xb5\xb1\xe34h\x08?\xd81\xbda\x97\xe8\xd0\x801\xf4\r0\r\xebB\x98\x8f\x84\xbdju:\x83\x1c\xb2\xf2e\x8e\x98\xfa\xc4\x043`\xc4K\x91\xbe\x17W\xbd\xf3UN\xd4\xc0zM\x8c\xd2S4\x1d\xaeb8j\x04s1\xd7\xd3D\xed\xb7\xf9%u\xeb\x8f\xa3\xa17\xb1M\x1b\x04\x04v\x18,"\xeb\x8bS+<_\xc1\xe3/\xe7\x95:\xc84@\xa5t\xf4y\xaa!l\xf9%\\\x0e\xa3@\x8a\xc6\xdfj\x91\xaeV&\xabz\xc0\xe7b\xe1\xc8\xcf:$>3V\x0ce\xae@\xc5p\xf3\xb3\xa6\xed\x13\xfa\xa49Z~\xdb2\xf3nOJCE\x9b\xfa\x05\x8c\xc7;\xafL\xed\xfd/n\xcd\x1c\n\xeb\xa72#34.a4\x13\xec_\xcb{\x90\x8b\x86\xa0\xa0WK\xc3\x10\x9eR\x7f\xd9\x047\xee9\xe2Vou7%\x9f\xff\x1d`\x92\x96L\x89\xa8\xf0z\xe5B\x11D\x1a\x97\xa2EW\x1b\xf9\x86\xd9\x9e/\xa6\xc9\xf0\x05\xd1\xad\x7fK\xf9\xc7$\xea\x07\x9f\x93\xff\x94R\x84*,O\xd6\xc1\xec\x92\xdf\xa3PC\xfb\x9b\xd9\x0e\x90\xca|s\xb8\x9a+\xff\xe2<\xbe\x19\x13K\xbd\x90'
p14
tp15
bI541
I0
F0.0
tp16
.