2020-04-12 18:44:00,654 INFO:Using CosmoHammer 0.6.1
2020-04-12 18:44:00,655 INFO:Using emcee 2.2.1
2020-04-12 18:44:00,656 INFO:Sampler: <class 'cosmoHammer.MpiCosmoHammerSampler.MpiCosmoHammerSampler'>
configuration: 
  Params: [  10   26 1066]
  Burnin iterations: 250
  Samples iterations: 500
  Walkers ratio: 20
  Reusing burn in: False
  init pos generator: SampleBallPositionGenerator
  stop criteria: IterationStopCriteriaStrategy
  storage util: SampleFileUtil
likelihoodComputationChain: 
Core Modules: 
  Bkcore
Likelihood Modules: 
  BklikeModule

2020-04-12 18:44:00,656 INFO:start burn in
2020-04-12 18:44:00,661 INFO:MPI Process rank 0 starts sampling
2020-04-12 18:44:02,944 INFO:Iteration finished:10
2020-04-12 18:44:05,703 INFO:Iteration finished:20
2020-04-12 18:44:07,865 INFO:Iteration finished:30
2020-04-12 18:44:11,292 INFO:Iteration finished:40
2020-04-12 18:44:13,609 INFO:Iteration finished:50
2020-04-12 18:44:16,394 INFO:Iteration finished:60
2020-04-12 18:44:19,320 INFO:Iteration finished:70
2020-04-12 18:44:21,601 INFO:Iteration finished:80
2020-04-12 18:44:25,027 INFO:Iteration finished:90
2020-04-12 18:44:27,644 INFO:Iteration finished:100
2020-04-12 18:44:30,323 INFO:Iteration finished:110
2020-04-12 18:44:33,780 INFO:Iteration finished:120
2020-04-12 18:44:36,248 INFO:Iteration finished:130
2020-04-12 18:44:39,235 INFO:Iteration finished:140
2020-04-12 18:44:42,550 INFO:Iteration finished:150
2020-04-12 18:44:45,158 INFO:Iteration finished:160
2020-04-12 18:44:48,331 INFO:Iteration finished:170
2020-04-12 18:44:50,483 INFO:Iteration finished:180
2020-04-12 18:44:53,866 INFO:Iteration finished:190
2020-04-12 18:44:56,966 INFO:Iteration finished:200
2020-04-12 18:44:59,742 INFO:Iteration finished:210
2020-04-12 18:45:03,027 INFO:Iteration finished:220
2020-04-12 18:45:06,290 INFO:Iteration finished:230
2020-04-12 18:45:09,028 INFO:Iteration finished:240
2020-04-12 18:45:12,235 INFO:Iteration finished:250
2020-04-12 18:45:12,235 INFO:storing random state
2020-04-12 18:45:12,236 INFO:burn in sampling done! Took: 71.5796s
2020-04-12 18:45:12,236 INFO:Mean acceptance fraction for burn in:0.1198
2020-04-12 18:45:12,236 INFO:Reseting emcee sampler
2020-04-12 18:45:12,237 INFO:start sampling after burn in
2020-04-12 18:45:12,238 INFO:MPI Process rank 0 starts sampling
2020-04-12 18:45:15,556 INFO:Iteration finished:10
2020-04-12 18:45:18,126 INFO:Iteration finished:20
2020-04-12 18:45:21,288 INFO:Iteration finished:30
2020-04-12 18:45:24,482 INFO:Iteration finished:40
2020-04-12 18:45:27,221 INFO:Iteration finished:50
2020-04-12 18:45:30,524 INFO:Iteration finished:60
2020-04-12 18:45:33,934 INFO:Iteration finished:70
2020-04-12 18:45:36,525 INFO:Iteration finished:80
2020-04-12 18:45:39,663 INFO:Iteration finished:90
2020-04-12 18:45:43,067 INFO:Iteration finished:100
2020-04-12 18:45:45,677 INFO:Iteration finished:110
2020-04-12 18:45:48,859 INFO:Iteration finished:120
2020-04-12 18:45:52,252 INFO:Iteration finished:130
2020-04-12 18:45:54,964 INFO:Iteration finished:140
2020-04-12 18:45:58,156 INFO:Iteration finished:150
2020-04-12 18:46:01,611 INFO:Iteration finished:160
2020-04-12 18:46:04,220 INFO:Iteration finished:170
2020-04-12 18:46:07,346 INFO:Iteration finished:180
2020-04-12 18:46:11,012 INFO:Iteration finished:190
2020-04-12 18:46:13,687 INFO:Iteration finished:200
2020-04-12 18:46:16,581 INFO:Iteration finished:210
2020-04-12 18:46:20,099 INFO:Iteration finished:220
2020-04-12 18:46:22,953 INFO:Iteration finished:230
2020-04-12 18:46:25,841 INFO:Iteration finished:240
2020-04-12 18:46:29,535 INFO:Iteration finished:250
2020-04-12 18:46:32,327 INFO:Iteration finished:260
2020-04-12 18:46:35,067 INFO:Iteration finished:270
2020-04-12 18:46:38,783 INFO:Iteration finished:280
2020-04-12 18:46:41,721 INFO:Iteration finished:290
2020-04-12 18:46:44,567 INFO:Iteration finished:300
2020-04-12 18:46:48,116 INFO:Iteration finished:310
2020-04-12 18:46:51,379 INFO:Iteration finished:320
2020-04-12 18:46:54,190 INFO:Iteration finished:330
2020-04-12 18:46:58,122 INFO:Iteration finished:340
2020-04-12 18:47:00,930 INFO:Iteration finished:350
2020-04-12 18:47:03,744 INFO:Iteration finished:360
2020-04-12 18:47:07,447 INFO:Iteration finished:370
2020-04-12 18:47:10,370 INFO:Iteration finished:380
2020-04-12 18:47:13,635 INFO:Iteration finished:390
2020-04-12 18:47:17,116 INFO:Iteration finished:400
2020-04-12 18:47:19,853 INFO:Iteration finished:410
2020-04-12 18:47:23,501 INFO:Iteration finished:420
2020-04-12 18:47:26,437 INFO:Iteration finished:430
2020-04-12 18:47:29,308 INFO:Iteration finished:440
2020-04-12 18:47:32,822 INFO:Iteration finished:450
2020-04-12 18:47:35,863 INFO:Iteration finished:460
2020-04-12 18:47:38,506 INFO:Iteration finished:470
2020-04-12 18:47:41,996 INFO:Iteration finished:480
2020-04-12 18:47:45,124 INFO:Iteration finished:490
2020-04-12 18:47:47,769 INFO:Iteration finished:500
2020-04-12 18:47:47,769 INFO:sampling done! Took: 155.5317s
2020-04-12 18:47:47,770 INFO:Mean acceptance fraction:0.0066
