(S'MT19937'
p0
cnumpy.core.multiarray
_reconstruct
p1
(cnumpy
ndarray
p2
(I0
tp3
S'b'
p4
tp5
Rp6
(I1
(I624
tp7
cnumpy
dtype
p8
(S'u4'
p9
I0
I1
tp10
Rp11
(I3
S'<'
p12
NNNI-1
I-1
I0
tp13
bI00
S'\x1deb\x8a\xa5M+\x8d\xc4\x99\xb3a\x9eQ\xc2\xeb|\xca\x0f^\x9fO]\x10*$Pc\xf8\xdd\xc6G\xe6\x88\xb2g\xc85n\x80o\x81\x9bp\xbb\xc5kd%\x9cz\xc2\x8b\xf3\xb0\xde\x1b(\xff9L\x1a\xb5\x873,\xc1\xef\xd7\xf3\xbfGj)\t\xffV;\xc0\xc6c!\xd1\xb2\xc7\xe1\xc7\x7f\xc5j\xa2\x0e\x1e\x8bD\xf5\xfa\xc8\xa3L\xc7X\xc8I%\xdd\x07\'\x0f\xb1\xa1\xf5\xa5y\xba;\xb9\xd5\x11\x0c?\xb4\xe5^\r\xca\x82\xe5\xb8\xfc\x17\x7fP\xa1\xb1\x08<\xff\x07\x01\xcf\x001_8\xf2\xbar\x02\xac\x16v\xca RRdmim\xe7\xb0\x8d*y/.g\xeb7\x80\xab7M\t_\xb7\x9c\xa2\xc8\x1e\x84\xbfM\x1e\x15\'\x95\x17n\x82G\xe15\xf0\xb9\xb6\xf2\x86B?\xcfI1\xa8m>xo.\x05Z\xc2:y\xf3\xe3JKE\xed\xd0L\xcf\xe2B;Tg~\xa9n{\xda<`v\xd6,_2\xc5\xc2\xde`\xe3\x92\x99W\x8d\xf8rn\x80\xb5\x17%4T\xcc\x8e\xfa\x9e3E\x966\r\xc6M\xb1-\xa8\xb6\x8e\xfa\xe2k\xbb\x7f\x809UB\t\x10\t"\xa1\x9e^v\xa28\x7f]\x87x)\x83\x06\xac\xac\x1b\x14\xbdx\x7f\x05\xfecR\xe2\x92.c\xa04l\xbf>\x95~\xd7E\xd2\x823\x1a%\n\xcaB\xc3\x88W\xa4MA\xea\xd7x\xe4\x0b=\xbc+\xc4\x10iK\xce\x92\xa7j\'\xc8-\xb6H\xabMy\x1f\x02\xf8.\x9f\x92B\xc0\xacV\xff\n6\xe5\xbboaa\xc5\x12\xe3\xf1\x98\xee\x01i\x81\xbf\xcf\xab\xc0\xa4\xde\x11S\xa6&\xff7\xce\x9fA\xee\x9fe:\xae\xea\xc5\xc2u\x06\\F\xb1vcMjs\x85\xfb\x9dX\x9fM\xa2\xea\x1a\xcb\x90\xd6%5%\xe3\xce\xe5l\x17\x81\xcc6\xbc\xb7\x9c\xc0\x95\xbe\xf5\x1c\x03"\xc5\x0c:\xd4*\xda\xb2\xeacv\xb4\xe9*s(5\x1c\xef\x82\x00\xa8\x9d1qv\x8a\x058\x9e\xc6Fr\x1b|\xbeh\xd38\xac\xaa\xe7\xd0\x93,\xe5\xb0r\x86\xbf9\'v\xb3\xf7J{\x02\xb1vS\x8f\xbb\xca\xbe\xb8\xb2\x8c\x0b\xec\x19l_\xe8A\xe3\xa5\x1c\x81\x03\x80\xc1~i\xca\x0b\xfc\x9c\xd4xN\x15\x89\x03\xbf\xde[\x0c\x80\x9f\x17\xd9\xd5~WS\x87Q`?\xe6\xefx!\xb5Z\x96$\x16\xd8\xb2`\xbdZ\xbd\xae\xc9\xd4"\xbc)\x18CUw9\xbf\xeb\xaf6z\x83<|-\xecB\x8e7\xcf\xcab5\xd2\x04\xc6\x1b\xb6\x8fY\xad\xc8\x85\x99\x9e\x1b\xee\xdc\x12\xce;\xae/$\xc2J\x89\x149\x9d\xec?\xd1drD\xe4\xf5k\x83m\xf0m\x88gO;\xfd\x14\x99\xc2I\xd9v\xb2\xab\x8a\x84\xa2\xa2\x88\xc8\xb5\xbc\x9b\xf6a=\xb5\xdd\xbf\xf1G\xeaXT\x9cO`\xd9-\x9f;\xce\xf8K_\xae\xd4s\xc8v\xaf\xc2\xdc/\x9b\xca\xc95\x08)".\xcc\xecc\x08\xf8\x86\x05?\xf52fj8\xdb-\xca\xdb\x01\xae\xc7^\x05\xfbx#\x9d\xa6\x1f\xa8P\x05(\xdf\x90h\xb9\x1a\xd0\x06\x10\xf4\xaeJ\xa3\xfb\x01\x87\xb8m\x9898\xe4R\xc2\x89\xcbU\x17\x19*\xe44\xb8\xa4\xc8l>h$\x0e\x8f#\x173)\xb7\x02\xb4c\xd5\xc7?O\x08\xf8{\x9c_\x81\xb8\xc3\r\xf4\xb0)T\x16\x9a\xf7\x855*\x0e;\xc2 \xd7\xa6S\xec\xe7\x9f\xe8\xd7\xc4c\xb4\x01\xfd\x1eMm\x0c\x13\x10\xce\x80w`^:<S\xc1\x94%3\x0cD\xeaM\xd1\x03\tw\x82\x978\x86\x8dEV\xba\xa0\xe2\xf4\x9e\xcc~5\t8X\x98\xd0\xcf\xa6\xca\xee\xb2*\xfc\xdfU0\xfd\xeb\xae\x9e~o\x08\x01\xd7\x7f\xc3\x8d\xc6\x89\xf1\xd0\x82\xb95J~\xb3\xbf\x87\xe2\xa4\xdc\xd3K%\x92\x98R^E\xa5\xc9V\xc4l\x95\xe5\xf6-\xbbO %\x92\xfb\xd4P\xd1\xad&N\x92I9\x19\x01B\x8f\x1a\t\x19\xffL\xc6\xc6~\xa2\xb0\x06v<cf\xda\x1c\x1dm\xe6X\xe6S\x91\x1d+\x8f0\xec\n\xf0\xe0\x12\xcc\xe4\xb9,\xb1\xd6\xbb[=\xda\x96\xa1\xcc\xb2\xf6\xe5\t\x02\x10\x85\xa6M:\xab>\xca5i\xe2\x83\x0b\xc96\xc0v\x03&\x12\x06\x1d\x95\xa8@\xae\x0b\xb6Z\x7f1@\xb7\xda\xc75p\xd0.\xc4\x06\x8dh\xea\xf1\xd8\xa0!\xc4v\xed\x81\xbaJ\x8eln\xe9\x82\x9e\xcc\xca\x1e\x88\xcf\xd1\xae+\xce\x17[\x18i\xbc\xff4Q\xef\xaaH\xef\xc8\x1e\x8d\xe0\xbc\x80\x06gp\xd3\x18O5k\xcba\xbc\xdc\xb8\xbb\x19\x13/\xcb\x0f\xd3S\nF\x03\xa14\xea\xcd\xfa\xbb\xfd\xcdI\x0ejd\xc4Y\x01^u\xa7\x89\'sh\xba`\x99W\xa0\x14\xd9\x93\x96\xc9\xdb\xf6\xae\xf2\xf9\xc3\x90\tT\xc6;\x0e\x9d\xa2\xcb\x13|\x8a\xe4\xfa\x9f\x1b\xd9L\xef\x99:\xf3\xab\x885\x0f\xc2\x07\xc4/\x97\xd6W\xa7y\x11N<]Z\xd5\xfdr\x14[\xb7\x03\x85\xd2\xa46+\x1d\xf9a;\xb3\xa6*%Q\x1a\x0b\x9c\xdd\xe4|\x82\xee\xbbD\x01\xe4\x010\xee\xdeX\xd6T\xb3\x87\x8e\xdf\x8b[2\'\x04\x1b\xcf3\x8a\x06\x1a{L\xabO@\xdc\xc0\x99$4E\xd3XM~\x98\xa8l\xcc#\xed\x94\x01\xf4\x1b\x15\xb9H\x14\xac\xe2\x11*\xcb\x14V\x93h\x0cK\x0fo\x9a\x9b\xa8\xd5uz\xa6\x0c7\xb0#\x1e\x9c\xe0X\x95\xb7\x95+]\xef\xc4\xbe\x94\x1a\xdc{S\xc2\xd4\xeb\xd4,D\x82b\\\xcem\x85~\x10\xb0\r>_\xc8\rbmh\x8elHU\xc4-\xfb\xdf\xeb\xa4\xc0\x02Z\xebu\x9e\\\xe3\x9e\n\xebUvbn\xf8\x16A\xfb\x12\xeeT\xe4\xb1\xf5\x8d\x91\xfe\xfbkN\x1d\xc1\x0bxPc\xdfq`\xc71}#\xeb\r*u\x81\xc6\x87.V\xf4\xeb\xd0q\xc3\xf7C\xecT6^\x86@\xfa\x9dS<\x16!\xfdF\x8bycv\x8f\x83)\xb3\xdb\xb2\xed\x95\'\xd5\x88\xa5\xaf:J\x81\xf6\xe2\x0e\xb17E1y\xe3\xbc\xac\xb3u\xec\xc4e\xfd\xc8Eh\xd8s4qG\x11Vr\x96Dv}S\xec\xd8\xd1QG\xd3\x9f\x13dW\x00\xb2Lc\xef=\xda\xd89sPJ\x83\x88?&\xcc\xe7\x9aP\x0f\xb0(\n\x89w\xae\x8e\xd9\xf3\x1c9\xeb^e\xcf\x9d\x84\x1e\x90\x0e\n?*Gc{qrH\xd3u\x1bc\x97D,S\xd6\x08[p\x1a1<^k\xa50KeyI;\xa1\xe2\x8cS= \x84p\xaa\x86\xf4\x8a5JD\xe8\x85\x18-K\xbff\x88A\xe9\xc9\xc5\xf7\x1f\x9e\x88\x8cX=W\xfb\xe91\xf6\x07\xfb\xc6\xcc \xe8\xda\xc3\xe8T\xe4\xe5\xb2\x93]0\xd5\xe4\x1a4\x7fMx\x05\x89\xf7\xf3\x92H\x04=\xd1\x97m\xbe\xbe\x03\x1e\x95\x17\xe9\xf2\xeb;\xfb=\x1a\xcd\x80\x16\x81\xbap\x11\x14/\xc5~\xbanQT\xd4?\xbf\xe2\x8b\x9e\x82\x8f6p\xdc\xb2\x7f\xbc\xe7\xc4%\xe5\xcbs,Qt\xd8\xc3p+\xf9\x9e\x00\x1c\x8b\x8f\x80Vh\xe4\x17B\x804\xa4\xc9\xb8+\x9a\x1b\x8e\x04\x0e\x9e\xa0\xb6%\x11\xe0\x86\xbb\x8b\xc3\x0f\x01\xe9\xbcF\x14\xf1\x08\x0b\x196\x0c;\xf1iP\xe3\xe7\xcdY\xf5\xad\x9cvu\xf0\xc5\x8d\xacE9<\xedw\xcd\xc76f\xc2\xd6e\'s*\x9aP \xe0\xd9\x01\xcc{\xb4\x83c\xa42O8fIx\xf3\xb6SseN\xdd\xefz\x0c(M\xbb\xf1\x1f\xd7P\xfa\x98\xb2\x1du\xc5[\xb8\xb1\xba\x08UP\xae\x01\x16\x88\xd74\x1a\xb4P\x87\x1dK\x1b\xf9\xbe\x84\r\x7fw\x15\xd0!Xo"j\xe52\x15\xec\xf13\xa4~_\xd0\xad_\xdf\x91U,\xfaG<\xe9\x18\xe9\x86\xe4\xcd`\xf1\xe4\xcf\xbdqJU\xdf\xad\xa2\x84\xc0\xdc\xa6\xa2\x1f\xaa\xbb\';\x94\xe0\x08\xc5\xeeuq{\xa4$\xa6\x96\xb8b\xb2\x8dLa\x9dq\x08\x9a\xed\xaf\t\x148\xe5\xdfsb\xec\x02\xef\xef\xf7vQ\xd5J\xdd.\xcd\xb4\xf1<\xdb\xdd\x81\x13.\xc5Hp\xa8hi\xb8\x98\x14\x960\xb2\xd1\xba\xecBg\x8d\x98\x89\x95"P\xbf\xe7@\xdb\xc22\xfc\x90\xf5\x18\xa7$-P\xa5\x9b\xe59\xda\xe5\xef\x072\xff W=\xael\x85\xc7Xh\xb87\xa8\xa7\x9f\x91\xc4[6\x98\xac\xd7\xfa\x16\t\xbf`\xde\xf8\xb0\xbc\x8c\xcd\x18G\xf2D\x89\xbc7o\x858\xfc\xe5.\xa2\xa6\x01\x1b\x02\xc4,\x14\xebMcXW`\xe2;\xab\xb9\xc0\x03u\x8e;?\xc72\xb2W\xb0Pd\xcc\x9ce{\x15\xafUJ\xfd2\xec\x98\xf2\x8b\x0eRB\xaf\xba\xc1\x93\xd4(\xf1\xb3p\xd6\x0b\xb4\x9f-T\xb1N\xdc\xc4\x96\x08\x11\x1d\xb4\xe7\x80G\xd4s\xe5p\x9f\x90\xdbY\x17\xc4R\x9e\xa1 \x82\xf0\xc5\xe2\xd3\x19Q\xc4Z\xd9\x0ex\xaeb\xa1\xa4\xb0\x7f\xe4\xbda\xa2~\xfb\xf6\x80R`\xf6\xb3N\xf7\xc4"\x8f}\x8d\x9d9@\xf2\xa17\xb28\x9aY\xea\xdeD\xfe\'\xa4\xb3L\xb5\x9d\xed>\xd9\x8f\xf6E\xb4g\r\xfa.\x98\x9fj*MVb\x8c\x11\x92\xa5\x95\xcb\xce\xdefm\x8e\xbb\x87\xcd\x92\xbb\xe3\xd7\xea\x97V\x02\xda\x1d\xc7\x83\xd3\xba\xea7\xd8\xc0\x7fBl\x9f\xd5\x90,\x9f\x0f\xa0\x04(:W"Z\xa4&\xb9\xe3\x8c6\x9e\xe7\xce\xc0\xe6\r\xbd\xdb\xd4*\x96\x187O\xd4\x1d\xa8\xf8ng/\xbf\xcd6o\xbc\xbdD\xd5C\xe4\xb1\xa8\xbdw\x7fo\xc9\xf4\x93\xef\x8c\x92:c=\xd4t\x13\x82\x81v\x1exl\xd8\xc1\xa5\xf6\x83t)l\x85\x8bo\xa5\xd4-\x00Z\xca\x89F\xd1\xc3\x9f2Q^3\xc6Z.>\x9f\x9f\xc1[:A4i\x0e\xe5\xcf"\xda\xa3\xa0\xe70#\xd2\x07\xd4@\x01\xdeQ\xdc\x99\x05D\xa9C\xbd\xb7W\xa1\x1f\xb5\xdb\x05W[=\xeb\x01\x9e\x05G\xde\xc2O\xee\xd2\xe6\xf9\xbb\xa4\\Y\x16\xb9\x99|\x94\r\xae\xcc\xb3\xe8-\x1b$\x03\xde\xcc\xcb\xa5\xa1\xca\x81\t\x99S\xf6\xd8y0w>\xdf\xfd\xc1\x83q\x8d\x87eA\xe2\xfaF\xa8\xe7\x8f/)\x98b\xe5f\xa95\x08\xa1\xb4\xe9oAe\xad\n^/\xfd)\x7f0}$V\x17\xb4]1\x9e$O\xfe@\xf9Y\xd96p\x82\xbb\'G`\xf3\xba\xccp\x0b\x87\xf5\x04}\x9d\x0b\x06\x97\xaa\xa6\xed\xa6\x9d\xa7\x14'
p14
tp15
bI474
I0
F0.0
tp16
.