(S'MT19937'
p0
cnumpy.core.multiarray
_reconstruct
p1
(cnumpy
ndarray
p2
(I0
tp3
S'b'
p4
tp5
Rp6
(I1
(I624
tp7
cnumpy
dtype
p8
(S'u4'
p9
I0
I1
tp10
Rp11
(I3
S'<'
p12
NNNI-1
I-1
I0
tp13
bI00
S'\xd2\x1a+#\x0b\xfd\xff\xdf\xb7D\x1a\xbf\xabE\xd7A\x9e7\xb6P6Xo\xf0\xbf\xd8j\xcc\xa5b\xf2\xd3\x8b!\xd4\x89\x1e\xd5\xad$\xe79IrW}\xf5\x88\xa3^\xdb\xf7]\xcc\xcbE\x00\x11!\x19;\xbf\xe2\xa7\xca\xc5\xf4\xc60/u\x99\xb82\xac\x16H\x89\xe4x#\x84\xd8\xd4\x05^ k\xff\xe92\xca\xf4Sj\x15#\x05\xcd \t~Z\x07\xf5\xabJ\x98\xfd\xb6\x81\x16\xf8\xba\xd1\x13\x19;\xe9\xf4\x93^U\xe7\xda\x9f\xc1\xb6\xb4]\xcaD\x05U\x89j\xd1\x93t\xad\x19<\x18\xe7\xdehm\x96\xad*6\xbfo\xcb\xe8\xfc32\xfdd\x8c\xa3\xcb\x88\x8b\x82H\x98\x8f\xfd\x81-\x1a\xb5Z\xb4\x08\xfcP\xb2\x98\xbe\xee\xe8QY\xb6\xa1\x91\xba\x81\x84f\xc3\x1e8\xf0\xde\xdfP\xf1\x18\xcb\x955\xfe\xaavO`\x18H\x99K\xbbx%\x892\x8a\x13\xc7M\xa8\x96=Y\xd1\x99\xd3\x0e@\xe3\xdb\x9fwK\xb4N\x17\xcb\x01\xe8\x9e-\xca\x7fI\xef\xb1\xd4v\x06?^\xb2q\x01@\xf6\xcd\xde\xb5\xa5J\xab \xae\xf4c\x8ff)o\xa2\xa5\xd9\x86\xc3\xaa\xac\x04\xb1A\xbc\x7f\x18\xb8[m\xc1\x80\x1f\x99x=L\x9a\xc3)\xd9\x16W\xbbw\xe2F\xcd\xc0\xfe\xc6\xcd\xc8\xf8\x00\xe2\x031Tz\xb9B^\xd4\xc0\xec\x94\xa1\x8e\x1b\xd1\n\xdaq\xbf\x06\xf5\xbd\xc0\x93\xf6*\xbc\xf4r\x87\x9b\x02\xe5n\xbdt\x08\xbfE\x00\xe1H\xa8\x84`"\x02\xd5\x9c\xc6}\xe4\xf0&\xb7\xe7m\x14e\xe4\x1f\x86\x81\xd5\xea=!\xfeRr\xb0\x97\xf46\x90\xa6p\xfdq\x14\xc3&-\xedp~\xa1\x82\x7f\x1e\xee\x8a\xb49D/z\xb7\xdd\x1a#\x9eO\x8c\xfc\xfc\x9d\xea\xf4\x18\xb5\x1a\x90\x92W\xb8\xd2AUKp\x17b\xfb\x94\x80e\xfd\xff q\x18\xce\xae\xfb\xa1\x0c\xe6#g\x86-\xb5\x8b\xdc\x89AW\x19z\x04C\x8d.l\xda\n;\x16\xf3\xcc9<yo\xb2[\xafx\x02\xf3\xd8\'M\xf1>\x15\x92\x97x\xed\xd5\xbf\xb2\'\x02"G\xae\x98b\x82\xccG\x8d\x8ay\xb9^X\xfc\xd6\x01u\x87\x7f\x92@\xc1\xa6W9\x8b7\xab\x05\x8a!\'*\x80\xd0\xd5\xfcj\x987q\n\x9bN\x8aQ\xa4\t\x14\xc9\x1bG7Ue\x91W\xc0 \xf2\x9aS\x8c\x0f4\xf6F\x8e\x8f\x04|\xf0\xc8\xd8\xf4\xa0\'\x88tz\xc3\xecU\x14mu\xb0\xc9#\xb4\x9e\x8d\x80\xa6\xeb\xd5\x90\x9cl\xfb`\x05\xffZ\xcf\x05P\xb6(C!\x8b\xbe\xaa?-\xb1\xc7U\xee\xd5\xc2#]\x1b4+c\\\nC\xa8|V\xa3UbM?\xa5\xab\xf48\x9d:\xf3\xf74\xb6>\x11k\x1cyu+\xc8h\xe1\x93\xef\xa9\x16\xc9\xf2}\xa11\xf4i\x89\xc3\xf1\xe2\x14\x100\xa4\x9b\x10\xb6\xc0\xa5\x17w\x1e\xe6[\x1dVKit\x17\x8c^\xd4M\x85\xc09\xcb\xd2K\x93\xd9\xf9\x14\x0f-K\x97xT\xbe\xd6\xea\x82\x9f\xaeG\x86\xed\xed\xf3U\xd7\xcb\xa7\x88\x13\xa0\xae\x05\x8b>/-\x99eLu \x97\x15w\x1du\xe5\x04\xc8\xe8\x83z)\xb8\x17\xb5\xec_\x86\x19\xb7\xcd\x16\x99\x16\xe9L\xc99\x08G\xcby\x8d\x0e\xf8\xf4d1\x99\xaa\xfeS\xeb\r^\x9a\xc2\x95n\xa3\x84|D\x15y\x01U\xbf@\xcf\xce\x02&\x96\xbd\xa0\xdd\xb6V\x86&\xa8wl\xa3\x8c\xcc\xdfu\x064Q\xe4R\xd4\x06\x82\xfeT\x9d>\xbd-\xd6E\x86\x0b\xe76\xbfd\x05\xf1\x82\x84&\xda\xe0\xab\x0e\xf7\t\xcd!\xfb\x08\x9c\x9a\xfdo^\xdc\xf4z0\x18\xbb\x1b\x01.\xd1\xb2\x0b\xeb|\x10G\x1ap,\x86\xdap\x0f#Z\xa0wFya\xc0<\x02\x8da\xaa\xa5\xf1\xc4$\xe6\xba\x12C!k1DaP\xa5\t\n%\xb90\x9b\x08<\x13b<a\rX\xcd\x1d\n\xc5!\xeaZ\x1f\x1b\xab\xf3\x98G\xf2sT\r\x01\x02]v\xeb%J\xed\xd2\xf8\xcb\xe9\xbd\x1a"\x0e\x99\xdfA\xc0\x84\\.Y\xb8N\x98/\xdb\x18C+\xfaV\x8d\x9f\x1c\n\xd7\x06!OWs\xea\xc4\x15\xd6j\xe0+\x95h\x0e\xc0\xd8\x8c|.e\xf6\x8b\x1d\xc2v\x1e\xc7\x1d\x8190\x06q\xf0\x9bx\x91\xd9?\xecQ\xbb;\xbd\xe7h\x93{5\x8b\x12\xfb\xca\xdc\xefU\xc9\x97\xb8\xf8P%czB\x19\x16,_\x00\x17\xda\x06p\x02\xdd-@\xe9\x06\xa5CA{]\x99\x02\x7f\xa9\xe2=\x0f\xf0\xeb6\xbd~\xedK\x03\xc73\xab\ro\xae\x84\xd2n\x04\xf8XZAp\xdd\xf7gd\xecAk\x14\xff\xf1f\xbf\x19I&\xe6E&\x06\xa2jG\x87\xc0\xffQ#N\xcf/\xc9\x12\t:\x99\xe0c%H!\xe6\xf3\xc0\xe3DeL\xd3IUS\xbbjy\x89`\xd5\xf4\xe2\xe7l\xee\xc60g\x19\xa8@^\xba\x8b\xde\x9e%\xea\xbe\x82\x19\n\x115\x82\xf4\xb2\xb8\xf9z\x8a\x96\xd7E\xe1\xbf\xc5J\x868[\x82`\x81&\x10\xec\xa1B\x07 E\xf1\xc7Na\xd3\x8f;cQ`Q\xce\x07B)P\xdd\x9ct\x9e\x91\r\'\xea\xb2\x87\x89Y\xf5\x8d\xf9|f\xa5\x10\xe8v\xcb%\xba\xb9\x08\x9b\xe4\xd0\x83\x7f\xe9\xf6*\xdc\xa1\xd3\xa7\xa9!\x96\xe2\xbb\xa2af\xf1\xc7\xb19rDRq;\xc0 \x9f\\\x8e\x88N\xb0\x1co\xbf\x19`\xe7]\x0c$A\xd2\xd4|\xc4\xd0\xe8\xdbL\x0c\xba>\xb1:\x07=\xa3\xd8\x9d\x81\x1e\xf5\xee\x1aW\x9f\xafN\x15\x82;U\t\xc4\xbe\xea!\xd0q\x86\xce\xa5ql\xde\x8aK\x08\xbc\xe4\xa6E\\\xb4\xc4Cr\xb5\xd3\xb0\x98\xfaK\x8a\x04\xdf\xcc!g\xfe\xf5f\xe7\x19\x7f[\x11X\x10W\xe5\x848\xa9\x98_\xbf\x99M&\x8c\xd6\xa7\xe0\xf6X\x12\xed\xbe\xc71\x91\x9b\xe4\xac\x04\xf4\x82\n\xfb\x85\xab\xae\x89\xc8*\xb1T\xfe\xb1 h\xa0\x9dF\xdf<\';io\x15B\xe2b/\xc8\xaaM\xc8\x89S\xd0\xb5\xe1\x11\x00\x1a\xbdv\xb1G\x98\xac\xc0f\xfc\xfc\x08\x98A\xcc\xd7Yq\x0f?\xabPa\xdb\x07\x8cp\xa7(\x926\xf1E$B\xf0\xa9$\xf3\x8a3\xd1\x9b\x1c\xf1*$4:\xc0hk\xd7\x06c\x9agI\xd5\x88\x94\x96d9\xc0*\xc1\xe4\x0e\x03\xbb[~\x00~*\xcb\xce*\xbc=\x05\x85\x82\t\x11\xb0\xf9{\x08\x84\xa0\x80\x02\xb8`\x9b\x13\xf2\x8c\x9eM\xc8/\xd4DwD\xcfX\xeeW\x8c\x17V-*4\x8a\xe3\x1e\xf8\xe3\xdd\xaa\xce\xb7 $\x94\xd2\x8e\xb1\r\x9b\xc5\x97\xb1\x0b\x90`\xd3\xd0]\xe7`\xa1\xe4\t){T\xe8\x9f\x9cy\xb4\xe1Y\xc6f\x98X\n\xa0\xe9\xef\xcb\xe2t}\xf5=\xcb\xb4\xea8\xa1\xdac!U\xa8\x95m\x83z_\\\x1cn+\xb4g}.\xbae\x81\xab\xa0\xe33\x08\x91\xaa\xa4\x16\x18@\xb1yMO\x05\x91\xa2\xd8\xe0I\xe6\xe5\xf2|\xf4\x96\xcc\xc4\xdf\xbc28\x9c6\x16\x97\x9a\xd6b_\x94\xb6\x01i\x06 \x85\xf8\x84\xf6}\xbc\xef\xf6\xf4\x8a*a\xc9\x8d!C\xb6i\x89\xce\xcew\xba\x06\x19t\xba*-\xcfmv\xe3\xb4\x96\xc7\xdd\xa5\xab\xcf-\xdf\x1f\xe3\x01\xc8/\xeec<s2\xb0x\x0e\x94\x8e!{\xe9\xf4|\xba\xb0\x01,\xf4\xc5\x17\xb4L\xf9\xc9U>\xa3\xd4\x8f&\xda\xca\x1cd\xcdnJ6\xce\xd7R\xe0\x0f\x8e\xfc\x85\x84\x8c PB\x91\x87\xf1\xf7\x86\xc6\x93\xbel\xcaOO\xb1|\x03\xaaqi\x9d\x90\xc2Ht\x92\x8fJvj\xf8\x02R#\xcbuJ\x1d\xa4r\x1d\x90\x18\xad\x0e\xf3@@\xa2[\xf8O\xd6s6\xcf#\x0c\xb7U{r`S_dMN\x14\x93\x01\xc5Y>\x90V9d\xd3\x99\x87\x10\\3><\xfb\xa5z\xa8\xdf!\x961\xaay0\x8f\n,\xcd\xee\xa4\x87\xac\x99\xf8\xe6\xa4\x9d\x97\xad=\xf4\x00\xc57W`=2\x8dF\x10\x03\xf0\x8a\x98\xf9\xdc\xcd\xaf\x90\x987hI.\xfe\xb7]3\xfe4\xa5c,\xa4\xb7t\xab\x1b5O\x1a\x0bn\xa5y\x0c\x1aw\x94\xda\xb7$\x86\xd4d>\xf9]\xc1Q\x04\xa5\xef$\xed\xbcQ\x89\xc8L\xb2\x91\xf7v,\xd3#\x88\x12\x0en/\xfe\xefmRb\x1e\xfc@\xed\x03|\xe6\xb7\xe3\x99<J\xe6\xbc\x8c\xd1\x9c\xa1.T\x11\xd5\xfbFy\xad\x89\x19j\xae\xe8E\xe9\x00D\xc6\xd1\xbb\xa8M\xb1\xd2r\xda:.\xf59\x18\x15\x99\xe5y\xa7\xce\xe9B\x18\xf2\xf6d\x07\xe5\xf1\xcb\xe0\x8e\xab\xca\x9dZ\xf7*\xe4\x04a\xe1\xb1\xa8\xa7\xbe\xc0\x1eM\xff>\xbd\x0f\x94pL\xb3\x0c\xc6]\xbe\xe6\xab\xde\x95z\xe8\xdb\xbbfR\xc2`=\xe0E3=,*\x9c\xdc\x0b\x82l\xc1\x84\r.\xc5\xcc"\xac\x85HD\xa5\xa6\x17\x1b\xde\x1d\xb5!\xb0\x1fB1\xd0\xd0\xc2\x0b\x9a\xe3:\xfd\xb1\xe4\xd3+jN\xbdAk=\r\x81\xf9hJ\xba\xc9\xe3yz\xc6U\xc8.\xd3\xa4\x850/oM\x12z\x1f\x03\n\x9e2\xe5kH6ng\x12\x9b\xaa\x8e7N\xc0?\x18\x88\x15o\xac\xe7\xad4\xf3&\x93\xb0\xb8\xd1\xb8\xc0[G\xef\x1e\xc6\xc7\n|\x14\xa03}\xd5\xa0d3\xdf\xaa\xfc\x9f\x96\xd7\xde\xcd\xaf\xba\x0b(\x19\x9d\xe6\x11\xb2\xf0\xbd\xe4}s!\x1c\x12\xc2;\x15\xecb\xf27\x04\x97\'\xd0\xcf\xed\xd0\xd0L#n\xb3o@\xbe`\x8e\x9a\xc8\x8d\x11\xda\xfa\xdd.;M\xd2C\x9f\xee\x83\x85\\R5\xb1b\xe0\x9aL*\x99\x04A.a\x89\xe5F4\x95M}[*&\xa1j\xe3G(\xcdyqix\t\x93T\xd2w\x19\xc9\xe0)_,\xf15\x80\x12p\x9bc[g\xcd\x18$\xc17\xe1\x81$\xbbj p\xb5\t\xfa\xe3\\\x84aqJ\x92\x8c6\x8c\xbb\r\x8c\x8dzl\xb2\xee7K\xeck\xadjV\x19:\xec\xb4H\xab\xcd\xdfo\xb0\xf0\xf2\x0eDz\x89\xa7t~_~\x96\xf8g)+X\xe66\xca\xafb\xb2t\x00\x1aw+\x07\xea\xeeT\xaf\x08\xbe\xd9\x1b|\xf7LI\xe5\xd3\xfd\x19\xfdr\x9c0&\x00\x9esI4\xa1,v-\xf6\xa0_\x88SP[\x97\xf2?\xd3\xca\x9cJ\x81?\xa04\x83-n1c\xbcM\xd4\x1a\x16\xc2\xb3#/B\x0c\x13C\xfe<\x9e\x81'
p14
tp15
bI473
I0
F0.0
tp16
.