2020-04-11 12:02:44,317 INFO:Using CosmoHammer 0.6.1
2020-04-11 12:02:44,317 INFO:Using emcee 2.2.1
2020-04-11 12:02:44,318 INFO:Sampler: <class 'cosmoHammer.MpiCosmoHammerSampler.MpiCosmoHammerSampler'>
configuration: 
  Params: [250.  65. 750.]
  Burnin iterations: 2000
  Samples iterations: 10000
  Walkers ratio: 10
  Reusing burn in: False
  init pos generator: SampleBallPositionGenerator
  stop criteria: IterationStopCriteriaStrategy
  storage util: SampleFileUtil
likelihoodComputationChain: 
Core Modules: 
  Bkcore
Likelihood Modules: 
  BklikeModule

2020-04-11 12:02:44,319 INFO:start burn in
2020-04-11 12:02:44,320 INFO:MPI Process rank 0 starts sampling
2020-04-11 12:02:47,237 INFO:Iteration finished:10
2020-04-11 12:02:49,697 INFO:Iteration finished:20
2020-04-11 12:02:52,032 INFO:Iteration finished:30
2020-04-11 12:02:54,242 INFO:Iteration finished:40
2020-04-11 12:02:56,518 INFO:Iteration finished:50
2020-04-11 12:02:58,825 INFO:Iteration finished:60
2020-04-11 12:03:01,105 INFO:Iteration finished:70
2020-04-11 12:03:03,375 INFO:Iteration finished:80
2020-04-11 12:03:05,613 INFO:Iteration finished:90
2020-04-11 12:03:07,948 INFO:Iteration finished:100
2020-04-11 12:03:10,108 INFO:Iteration finished:110
2020-04-11 12:03:12,269 INFO:Iteration finished:120
2020-04-11 12:03:14,701 INFO:Iteration finished:130
2020-04-11 12:03:16,955 INFO:Iteration finished:140
2020-04-11 12:03:19,242 INFO:Iteration finished:150
2020-04-11 12:03:21,489 INFO:Iteration finished:160
2020-04-11 12:03:23,728 INFO:Iteration finished:170
2020-04-11 12:03:26,196 INFO:Iteration finished:180
2020-04-11 12:03:28,482 INFO:Iteration finished:190
2020-04-11 12:03:30,784 INFO:Iteration finished:200
2020-04-11 12:03:33,034 INFO:Iteration finished:210
2020-04-11 12:03:35,393 INFO:Iteration finished:220
2020-04-11 12:03:37,651 INFO:Iteration finished:230
2020-04-11 12:03:39,908 INFO:Iteration finished:240
2020-04-11 12:03:42,140 INFO:Iteration finished:250
2020-04-11 12:03:44,457 INFO:Iteration finished:260
2020-04-11 12:03:46,785 INFO:Iteration finished:270
2020-04-11 12:03:49,061 INFO:Iteration finished:280
2020-04-11 12:03:51,291 INFO:Iteration finished:290
2020-04-11 12:03:53,375 INFO:Iteration finished:300
2020-04-11 12:03:55,502 INFO:Iteration finished:310
2020-04-11 12:03:57,769 INFO:Iteration finished:320
2020-04-11 12:03:59,931 INFO:Iteration finished:330
2020-04-11 12:04:02,091 INFO:Iteration finished:340
2020-04-11 12:04:04,290 INFO:Iteration finished:350
2020-04-11 12:04:06,514 INFO:Iteration finished:360
2020-04-11 12:04:08,716 INFO:Iteration finished:370
2020-04-11 12:04:10,950 INFO:Iteration finished:380
2020-04-11 12:04:13,199 INFO:Iteration finished:390
2020-04-11 12:04:15,511 INFO:Iteration finished:400
2020-04-11 12:04:17,831 INFO:Iteration finished:410
2020-04-11 12:04:20,119 INFO:Iteration finished:420
2020-04-11 12:04:22,353 INFO:Iteration finished:430
2020-04-11 12:04:24,694 INFO:Iteration finished:440
2020-04-11 12:04:26,924 INFO:Iteration finished:450
2020-04-11 12:04:29,144 INFO:Iteration finished:460
2020-04-11 12:04:31,419 INFO:Iteration finished:470
2020-04-11 12:04:33,638 INFO:Iteration finished:480
2020-04-11 12:04:35,835 INFO:Iteration finished:490
2020-04-11 12:04:38,044 INFO:Iteration finished:500
2020-04-11 12:04:40,234 INFO:Iteration finished:510
2020-04-11 12:04:42,466 INFO:Iteration finished:520
2020-04-11 12:04:44,681 INFO:Iteration finished:530
2020-04-11 12:04:47,007 INFO:Iteration finished:540
2020-04-11 12:04:49,231 INFO:Iteration finished:550
2020-04-11 12:04:51,474 INFO:Iteration finished:560
2020-04-11 12:04:53,728 INFO:Iteration finished:570
2020-04-11 12:04:56,041 INFO:Iteration finished:580
2020-04-11 12:04:58,297 INFO:Iteration finished:590
2020-04-11 12:05:00,487 INFO:Iteration finished:600
2020-04-11 12:05:02,759 INFO:Iteration finished:610
2020-04-11 12:05:05,039 INFO:Iteration finished:620
2020-04-11 12:05:07,341 INFO:Iteration finished:630
2020-04-11 12:05:09,620 INFO:Iteration finished:640
2020-04-11 12:05:11,869 INFO:Iteration finished:650
2020-04-11 12:05:14,012 INFO:Iteration finished:660
2020-04-11 12:05:16,255 INFO:Iteration finished:670
2020-04-11 12:05:18,499 INFO:Iteration finished:680
2020-04-11 12:05:20,663 INFO:Iteration finished:690
2020-04-11 12:05:22,883 INFO:Iteration finished:700
2020-04-11 12:05:25,111 INFO:Iteration finished:710
2020-04-11 12:05:27,315 INFO:Iteration finished:720
2020-04-11 12:05:29,571 INFO:Iteration finished:730
2020-04-11 12:05:31,887 INFO:Iteration finished:740
2020-04-11 12:05:34,168 INFO:Iteration finished:750
2020-04-11 12:05:36,450 INFO:Iteration finished:760
2020-04-11 12:05:38,708 INFO:Iteration finished:770
2020-04-11 12:05:40,911 INFO:Iteration finished:780
2020-04-11 12:05:43,158 INFO:Iteration finished:790
2020-04-11 12:05:45,403 INFO:Iteration finished:800
2020-04-11 12:05:47,657 INFO:Iteration finished:810
2020-04-11 12:05:49,825 INFO:Iteration finished:820
2020-04-11 12:05:52,092 INFO:Iteration finished:830
2020-04-11 12:05:54,274 INFO:Iteration finished:840
2020-04-11 12:05:56,538 INFO:Iteration finished:850
2020-04-11 12:05:58,832 INFO:Iteration finished:860
2020-04-11 12:06:01,074 INFO:Iteration finished:870
2020-04-11 12:06:03,271 INFO:Iteration finished:880
2020-04-11 12:06:05,502 INFO:Iteration finished:890
2020-04-11 12:06:07,818 INFO:Iteration finished:900
2020-04-11 12:06:10,071 INFO:Iteration finished:910
2020-04-11 12:06:12,291 INFO:Iteration finished:920
2020-04-11 12:06:14,524 INFO:Iteration finished:930
2020-04-11 12:06:16,772 INFO:Iteration finished:940
2020-04-11 12:06:18,957 INFO:Iteration finished:950
2020-04-11 12:06:21,179 INFO:Iteration finished:960
2020-04-11 12:06:23,375 INFO:Iteration finished:970
2020-04-11 12:06:25,560 INFO:Iteration finished:980
2020-04-11 12:06:27,773 INFO:Iteration finished:990
2020-04-11 12:06:30,034 INFO:Iteration finished:1000
2020-04-11 12:06:32,248 INFO:Iteration finished:1010
2020-04-11 12:06:34,516 INFO:Iteration finished:1020
2020-04-11 12:06:36,786 INFO:Iteration finished:1030
2020-04-11 12:06:39,201 INFO:Iteration finished:1040
2020-04-11 12:06:41,410 INFO:Iteration finished:1050
2020-04-11 12:06:43,595 INFO:Iteration finished:1060
2020-04-11 12:06:45,843 INFO:Iteration finished:1070
2020-04-11 12:06:48,111 INFO:Iteration finished:1080
2020-04-11 12:06:50,393 INFO:Iteration finished:1090
2020-04-11 12:06:52,555 INFO:Iteration finished:1100
2020-04-11 12:06:54,880 INFO:Iteration finished:1110
2020-04-11 12:06:57,148 INFO:Iteration finished:1120
2020-04-11 12:06:59,379 INFO:Iteration finished:1130
2020-04-11 12:07:01,592 INFO:Iteration finished:1140
2020-04-11 12:07:03,802 INFO:Iteration finished:1150
2020-04-11 12:07:06,047 INFO:Iteration finished:1160
2020-04-11 12:07:08,236 INFO:Iteration finished:1170
2020-04-11 12:07:10,355 INFO:Iteration finished:1180
2020-04-11 12:07:12,520 INFO:Iteration finished:1190
2020-04-11 12:07:14,677 INFO:Iteration finished:1200
2020-04-11 12:07:16,920 INFO:Iteration finished:1210
2020-04-11 12:07:19,141 INFO:Iteration finished:1220
2020-04-11 12:07:21,458 INFO:Iteration finished:1230
2020-04-11 12:07:23,708 INFO:Iteration finished:1240
2020-04-11 12:07:25,947 INFO:Iteration finished:1250
2020-04-11 12:07:28,191 INFO:Iteration finished:1260
2020-04-11 12:07:30,426 INFO:Iteration finished:1270
2020-04-11 12:07:32,638 INFO:Iteration finished:1280
2020-04-11 12:07:34,850 INFO:Iteration finished:1290
2020-04-11 12:07:37,051 INFO:Iteration finished:1300
2020-04-11 12:07:39,258 INFO:Iteration finished:1310
2020-04-11 12:07:41,482 INFO:Iteration finished:1320
2020-04-11 12:07:43,669 INFO:Iteration finished:1330
2020-04-11 12:07:45,881 INFO:Iteration finished:1340
2020-04-11 12:07:48,103 INFO:Iteration finished:1350
2020-04-11 12:07:50,246 INFO:Iteration finished:1360
2020-04-11 12:07:52,534 INFO:Iteration finished:1370
2020-04-11 12:07:54,662 INFO:Iteration finished:1380
2020-04-11 12:07:56,890 INFO:Iteration finished:1390
2020-04-11 12:07:59,036 INFO:Iteration finished:1400
2020-04-11 12:08:01,297 INFO:Iteration finished:1410
2020-04-11 12:08:03,457 INFO:Iteration finished:1420
2020-04-11 12:08:05,707 INFO:Iteration finished:1430
2020-04-11 12:08:07,904 INFO:Iteration finished:1440
2020-04-11 12:08:10,147 INFO:Iteration finished:1450
2020-04-11 12:08:12,386 INFO:Iteration finished:1460
2020-04-11 12:08:14,584 INFO:Iteration finished:1470
2020-04-11 12:08:16,820 INFO:Iteration finished:1480
2020-04-11 12:08:19,041 INFO:Iteration finished:1490
2020-04-11 12:08:21,250 INFO:Iteration finished:1500
2020-04-11 12:08:23,475 INFO:Iteration finished:1510
2020-04-11 12:08:25,757 INFO:Iteration finished:1520
2020-04-11 12:08:28,003 INFO:Iteration finished:1530
2020-04-11 12:08:30,261 INFO:Iteration finished:1540
2020-04-11 12:08:32,443 INFO:Iteration finished:1550
2020-04-11 12:08:34,583 INFO:Iteration finished:1560
2020-04-11 12:08:36,795 INFO:Iteration finished:1570
2020-04-11 12:08:39,083 INFO:Iteration finished:1580
2020-04-11 12:08:41,299 INFO:Iteration finished:1590
2020-04-11 12:08:43,496 INFO:Iteration finished:1600
2020-04-11 12:08:45,665 INFO:Iteration finished:1610
2020-04-11 12:08:47,861 INFO:Iteration finished:1620
2020-04-11 12:08:50,028 INFO:Iteration finished:1630
2020-04-11 12:08:52,300 INFO:Iteration finished:1640
2020-04-11 12:08:54,559 INFO:Iteration finished:1650
2020-04-11 12:08:56,824 INFO:Iteration finished:1660
2020-04-11 12:08:59,097 INFO:Iteration finished:1670
2020-04-11 12:09:01,268 INFO:Iteration finished:1680
2020-04-11 12:09:03,498 INFO:Iteration finished:1690
2020-04-11 12:09:05,852 INFO:Iteration finished:1700
2020-04-11 12:09:08,230 INFO:Iteration finished:1710
2020-04-11 12:09:11,005 INFO:Iteration finished:1720
2020-04-11 12:09:13,270 INFO:Iteration finished:1730
2020-04-11 12:09:15,522 INFO:Iteration finished:1740
2020-04-11 12:09:17,753 INFO:Iteration finished:1750
2020-04-11 12:09:20,098 INFO:Iteration finished:1760
2020-04-11 12:09:22,399 INFO:Iteration finished:1770
2020-04-11 12:09:24,676 INFO:Iteration finished:1780
2020-04-11 12:09:27,136 INFO:Iteration finished:1790
2020-04-11 12:09:29,480 INFO:Iteration finished:1800
2020-04-11 12:09:31,612 INFO:Iteration finished:1810
2020-04-11 12:09:33,856 INFO:Iteration finished:1820
2020-04-11 12:09:36,142 INFO:Iteration finished:1830
2020-04-11 12:09:38,345 INFO:Iteration finished:1840
2020-04-11 12:09:40,524 INFO:Iteration finished:1850
2020-04-11 12:09:42,789 INFO:Iteration finished:1860
2020-04-11 12:09:45,179 INFO:Iteration finished:1870
2020-04-11 12:09:47,865 INFO:Iteration finished:1880
2020-04-11 12:09:50,247 INFO:Iteration finished:1890
2020-04-11 12:09:52,512 INFO:Iteration finished:1900
2020-04-11 12:09:54,816 INFO:Iteration finished:1910
2020-04-11 12:09:56,989 INFO:Iteration finished:1920
2020-04-11 12:09:59,194 INFO:Iteration finished:1930
2020-04-11 12:10:01,404 INFO:Iteration finished:1940
2020-04-11 12:10:03,609 INFO:Iteration finished:1950
2020-04-11 12:10:05,792 INFO:Iteration finished:1960
2020-04-11 12:10:07,928 INFO:Iteration finished:1970
2020-04-11 12:10:10,081 INFO:Iteration finished:1980
2020-04-11 12:10:12,232 INFO:Iteration finished:1990
2020-04-11 12:10:14,468 INFO:Iteration finished:2000
2020-04-11 12:10:14,469 INFO:storing random state
2020-04-11 12:10:14,470 INFO:burn in sampling done! Took: 450.1516s
2020-04-11 12:10:14,471 INFO:Mean acceptance fraction for burn in:0.0236
2020-04-11 12:10:14,471 INFO:Reseting emcee sampler
2020-04-11 12:10:14,474 INFO:start sampling after burn in
2020-04-11 12:10:14,475 INFO:MPI Process rank 0 starts sampling
2020-04-11 12:10:16,710 INFO:Iteration finished:10
2020-04-11 12:10:18,887 INFO:Iteration finished:20
2020-04-11 12:10:21,007 INFO:Iteration finished:30
2020-04-11 12:10:23,219 INFO:Iteration finished:40
2020-04-11 12:10:25,361 INFO:Iteration finished:50
2020-04-11 12:10:27,541 INFO:Iteration finished:60
2020-04-11 12:10:29,730 INFO:Iteration finished:70
2020-04-11 12:10:31,936 INFO:Iteration finished:80
2020-04-11 12:10:34,112 INFO:Iteration finished:90
2020-04-11 12:10:36,285 INFO:Iteration finished:100
2020-04-11 12:10:38,522 INFO:Iteration finished:110
2020-04-11 12:10:40,817 INFO:Iteration finished:120
2020-04-11 12:10:43,025 INFO:Iteration finished:130
2020-04-11 12:10:45,238 INFO:Iteration finished:140
2020-04-11 12:10:47,500 INFO:Iteration finished:150
2020-04-11 12:10:49,619 INFO:Iteration finished:160
2020-04-11 12:10:51,796 INFO:Iteration finished:170
2020-04-11 12:10:53,951 INFO:Iteration finished:180
2020-04-11 12:10:56,161 INFO:Iteration finished:190
2020-04-11 12:10:58,455 INFO:Iteration finished:200
2020-04-11 12:11:00,692 INFO:Iteration finished:210
2020-04-11 12:11:02,926 INFO:Iteration finished:220
2020-04-11 12:11:05,216 INFO:Iteration finished:230
2020-04-11 12:11:07,438 INFO:Iteration finished:240
2020-04-11 12:11:09,645 INFO:Iteration finished:250
2020-04-11 12:11:11,896 INFO:Iteration finished:260
2020-04-11 12:11:14,152 INFO:Iteration finished:270
2020-04-11 12:11:16,370 INFO:Iteration finished:280
2020-04-11 12:11:18,581 INFO:Iteration finished:290
2020-04-11 12:11:20,770 INFO:Iteration finished:300
2020-04-11 12:11:22,996 INFO:Iteration finished:310
2020-04-11 12:11:25,225 INFO:Iteration finished:320
2020-04-11 12:11:27,390 INFO:Iteration finished:330
2020-04-11 12:11:29,590 INFO:Iteration finished:340
2020-04-11 12:11:31,793 INFO:Iteration finished:350
2020-04-11 12:11:33,915 INFO:Iteration finished:360
2020-04-11 12:11:36,054 INFO:Iteration finished:370
2020-04-11 12:11:38,270 INFO:Iteration finished:380
2020-04-11 12:11:40,603 INFO:Iteration finished:390
2020-04-11 12:11:42,764 INFO:Iteration finished:400
2020-04-11 12:11:45,003 INFO:Iteration finished:410
2020-04-11 12:11:47,239 INFO:Iteration finished:420
2020-04-11 12:11:49,474 INFO:Iteration finished:430
2020-04-11 12:11:51,702 INFO:Iteration finished:440
2020-04-11 12:11:53,796 INFO:Iteration finished:450
2020-04-11 12:11:56,016 INFO:Iteration finished:460
2020-04-11 12:11:58,283 INFO:Iteration finished:470
2020-04-11 12:12:00,497 INFO:Iteration finished:480
2020-04-11 12:12:03,772 INFO:Iteration finished:490
2020-04-11 12:12:06,335 INFO:Iteration finished:500
2020-04-11 12:12:08,543 INFO:Iteration finished:510
2020-04-11 12:12:10,779 INFO:Iteration finished:520
2020-04-11 12:12:12,946 INFO:Iteration finished:530
2020-04-11 12:12:15,206 INFO:Iteration finished:540
2020-04-11 12:12:17,450 INFO:Iteration finished:550
2020-04-11 12:12:19,608 INFO:Iteration finished:560
2020-04-11 12:12:21,807 INFO:Iteration finished:570
2020-04-11 12:12:24,145 INFO:Iteration finished:580
2020-04-11 12:12:26,295 INFO:Iteration finished:590
2020-04-11 12:12:28,473 INFO:Iteration finished:600
2020-04-11 12:12:30,575 INFO:Iteration finished:610
2020-04-11 12:12:32,720 INFO:Iteration finished:620
2020-04-11 12:12:34,901 INFO:Iteration finished:630
2020-04-11 12:12:37,086 INFO:Iteration finished:640
2020-04-11 12:12:39,233 INFO:Iteration finished:650
2020-04-11 12:12:41,373 INFO:Iteration finished:660
2020-04-11 12:12:43,512 INFO:Iteration finished:670
2020-04-11 12:12:45,694 INFO:Iteration finished:680
2020-04-11 12:12:47,882 INFO:Iteration finished:690
2020-04-11 12:12:50,089 INFO:Iteration finished:700
2020-04-11 12:12:52,430 INFO:Iteration finished:710
2020-04-11 12:12:54,509 INFO:Iteration finished:720
2020-04-11 12:12:56,749 INFO:Iteration finished:730
2020-04-11 12:12:58,951 INFO:Iteration finished:740
2020-04-11 12:13:01,196 INFO:Iteration finished:750
2020-04-11 12:13:03,327 INFO:Iteration finished:760
2020-04-11 12:13:05,442 INFO:Iteration finished:770
2020-04-11 12:13:07,662 INFO:Iteration finished:780
2020-04-11 12:13:09,845 INFO:Iteration finished:790
2020-04-11 12:13:12,091 INFO:Iteration finished:800
2020-04-11 12:13:14,273 INFO:Iteration finished:810
2020-04-11 12:13:16,432 INFO:Iteration finished:820
2020-04-11 12:13:18,623 INFO:Iteration finished:830
2020-04-11 12:13:20,750 INFO:Iteration finished:840
2020-04-11 12:13:23,001 INFO:Iteration finished:850
2020-04-11 12:13:25,290 INFO:Iteration finished:860
2020-04-11 12:13:27,788 INFO:Iteration finished:870
2020-04-11 12:13:30,429 INFO:Iteration finished:880
2020-04-11 12:13:32,633 INFO:Iteration finished:890
2020-04-11 12:13:34,838 INFO:Iteration finished:900
2020-04-11 12:13:37,054 INFO:Iteration finished:910
2020-04-11 12:13:39,272 INFO:Iteration finished:920
2020-04-11 12:13:41,396 INFO:Iteration finished:930
2020-04-11 12:13:43,557 INFO:Iteration finished:940
2020-04-11 12:13:45,710 INFO:Iteration finished:950
2020-04-11 12:13:47,930 INFO:Iteration finished:960
2020-04-11 12:13:50,079 INFO:Iteration finished:970
2020-04-11 12:13:52,255 INFO:Iteration finished:980
2020-04-11 12:13:54,399 INFO:Iteration finished:990
2020-04-11 12:13:56,612 INFO:Iteration finished:1000
2020-04-11 12:13:58,731 INFO:Iteration finished:1010
2020-04-11 12:14:00,952 INFO:Iteration finished:1020
2020-04-11 12:14:03,091 INFO:Iteration finished:1030
2020-04-11 12:14:05,351 INFO:Iteration finished:1040
2020-04-11 12:14:07,639 INFO:Iteration finished:1050
2020-04-11 12:14:09,928 INFO:Iteration finished:1060
2020-04-11 12:14:12,183 INFO:Iteration finished:1070
2020-04-11 12:14:14,485 INFO:Iteration finished:1080
2020-04-11 12:14:16,792 INFO:Iteration finished:1090
2020-04-11 12:14:19,001 INFO:Iteration finished:1100
2020-04-11 12:14:21,183 INFO:Iteration finished:1110
2020-04-11 12:14:23,480 INFO:Iteration finished:1120
2020-04-11 12:14:25,747 INFO:Iteration finished:1130
2020-04-11 12:14:27,919 INFO:Iteration finished:1140
2020-04-11 12:14:30,125 INFO:Iteration finished:1150
2020-04-11 12:14:32,354 INFO:Iteration finished:1160
2020-04-11 12:14:34,694 INFO:Iteration finished:1170
2020-04-11 12:14:36,985 INFO:Iteration finished:1180
2020-04-11 12:14:39,233 INFO:Iteration finished:1190
2020-04-11 12:14:41,410 INFO:Iteration finished:1200
2020-04-11 12:14:43,594 INFO:Iteration finished:1210
2020-04-11 12:14:45,862 INFO:Iteration finished:1220
2020-04-11 12:14:48,063 INFO:Iteration finished:1230
2020-04-11 12:14:50,204 INFO:Iteration finished:1240
2020-04-11 12:14:52,493 INFO:Iteration finished:1250
2020-04-11 12:14:54,672 INFO:Iteration finished:1260
2020-04-11 12:14:56,892 INFO:Iteration finished:1270
2020-04-11 12:14:59,046 INFO:Iteration finished:1280
2020-04-11 12:15:01,274 INFO:Iteration finished:1290
2020-04-11 12:15:03,565 INFO:Iteration finished:1300
2020-04-11 12:15:05,820 INFO:Iteration finished:1310
2020-04-11 12:15:08,003 INFO:Iteration finished:1320
2020-04-11 12:15:10,201 INFO:Iteration finished:1330
2020-04-11 12:15:12,391 INFO:Iteration finished:1340
2020-04-11 12:15:14,638 INFO:Iteration finished:1350
2020-04-11 12:15:16,823 INFO:Iteration finished:1360
2020-04-11 12:15:19,121 INFO:Iteration finished:1370
2020-04-11 12:15:21,607 INFO:Iteration finished:1380
2020-04-11 12:15:24,342 INFO:Iteration finished:1390
2020-04-11 12:15:27,168 INFO:Iteration finished:1400
2020-04-11 12:15:29,478 INFO:Iteration finished:1410
2020-04-11 12:15:32,333 INFO:Iteration finished:1420
2020-04-11 12:15:35,391 INFO:Iteration finished:1430
2020-04-11 12:15:37,922 INFO:Iteration finished:1440
2020-04-11 12:15:40,148 INFO:Iteration finished:1450
2020-04-11 12:15:42,432 INFO:Iteration finished:1460
2020-04-11 12:15:44,619 INFO:Iteration finished:1470
2020-04-11 12:15:46,778 INFO:Iteration finished:1480
2020-04-11 12:15:49,161 INFO:Iteration finished:1490
2020-04-11 12:15:51,408 INFO:Iteration finished:1500
2020-04-11 12:15:53,644 INFO:Iteration finished:1510
2020-04-11 12:15:55,875 INFO:Iteration finished:1520
2020-04-11 12:15:58,040 INFO:Iteration finished:1530
2020-04-11 12:16:00,362 INFO:Iteration finished:1540
2020-04-11 12:16:02,561 INFO:Iteration finished:1550
2020-04-11 12:16:05,012 INFO:Iteration finished:1560
2020-04-11 12:16:07,442 INFO:Iteration finished:1570
2020-04-11 12:16:10,414 INFO:Iteration finished:1580
2020-04-11 12:16:12,801 INFO:Iteration finished:1590
2020-04-11 12:16:15,690 INFO:Iteration finished:1600
2020-04-11 12:16:18,385 INFO:Iteration finished:1610
2020-04-11 12:16:21,280 INFO:Iteration finished:1620
2020-04-11 12:16:23,465 INFO:Iteration finished:1630
2020-04-11 12:16:25,999 INFO:Iteration finished:1640
2020-04-11 12:16:28,402 INFO:Iteration finished:1650
2020-04-11 12:16:30,645 INFO:Iteration finished:1660
2020-04-11 12:16:33,138 INFO:Iteration finished:1670
2020-04-11 12:16:35,665 INFO:Iteration finished:1680
2020-04-11 12:16:38,544 INFO:Iteration finished:1690
2020-04-11 12:16:41,520 INFO:Iteration finished:1700
2020-04-11 12:16:43,830 INFO:Iteration finished:1710
2020-04-11 12:16:46,184 INFO:Iteration finished:1720
2020-04-11 12:16:48,561 INFO:Iteration finished:1730
2020-04-11 12:16:50,836 INFO:Iteration finished:1740
2020-04-11 12:16:53,516 INFO:Iteration finished:1750
2020-04-11 12:16:55,993 INFO:Iteration finished:1760
2020-04-11 12:16:58,603 INFO:Iteration finished:1770
2020-04-11 12:17:01,062 INFO:Iteration finished:1780
2020-04-11 12:17:03,867 INFO:Iteration finished:1790
2020-04-11 12:17:06,393 INFO:Iteration finished:1800
2020-04-11 12:17:08,689 INFO:Iteration finished:1810
2020-04-11 12:17:10,894 INFO:Iteration finished:1820
2020-04-11 12:17:13,321 INFO:Iteration finished:1830
2020-04-11 12:17:15,643 INFO:Iteration finished:1840
2020-04-11 12:17:18,259 INFO:Iteration finished:1850
2020-04-11 12:17:20,677 INFO:Iteration finished:1860
2020-04-11 12:17:23,091 INFO:Iteration finished:1870
2020-04-11 12:17:25,734 INFO:Iteration finished:1880
2020-04-11 12:17:28,600 INFO:Iteration finished:1890
2020-04-11 12:17:31,397 INFO:Iteration finished:1900
2020-04-11 12:17:34,261 INFO:Iteration finished:1910
2020-04-11 12:17:36,667 INFO:Iteration finished:1920
2020-04-11 12:17:39,512 INFO:Iteration finished:1930
2020-04-11 12:17:42,268 INFO:Iteration finished:1940
2020-04-11 12:17:44,994 INFO:Iteration finished:1950
2020-04-11 12:17:47,460 INFO:Iteration finished:1960
2020-04-11 12:17:50,514 INFO:Iteration finished:1970
2020-04-11 12:17:53,527 INFO:Iteration finished:1980
2020-04-11 12:17:56,486 INFO:Iteration finished:1990
2020-04-11 12:17:59,425 INFO:Iteration finished:2000
2020-04-11 12:18:02,283 INFO:Iteration finished:2010
2020-04-11 12:18:05,165 INFO:Iteration finished:2020
2020-04-11 12:18:07,915 INFO:Iteration finished:2030
2020-04-11 12:18:10,882 INFO:Iteration finished:2040
2020-04-11 12:18:13,317 INFO:Iteration finished:2050
2020-04-11 12:18:15,764 INFO:Iteration finished:2060
2020-04-11 12:18:18,046 INFO:Iteration finished:2070
2020-04-11 12:18:20,303 INFO:Iteration finished:2080
2020-04-11 12:18:22,468 INFO:Iteration finished:2090
2020-04-11 12:18:24,767 INFO:Iteration finished:2100
2020-04-11 12:18:27,590 INFO:Iteration finished:2110
2020-04-11 12:18:29,749 INFO:Iteration finished:2120
2020-04-11 12:18:31,868 INFO:Iteration finished:2130
2020-04-11 12:18:34,517 INFO:Iteration finished:2140
2020-04-11 12:18:36,898 INFO:Iteration finished:2150
2020-04-11 12:18:39,635 INFO:Iteration finished:2160
2020-04-11 12:18:42,149 INFO:Iteration finished:2170
2020-04-11 12:18:44,432 INFO:Iteration finished:2180
2020-04-11 12:18:46,846 INFO:Iteration finished:2190
2020-04-11 12:18:49,425 INFO:Iteration finished:2200
2020-04-11 12:18:52,194 INFO:Iteration finished:2210
2020-04-11 12:18:54,517 INFO:Iteration finished:2220
2020-04-11 12:18:56,699 INFO:Iteration finished:2230
2020-04-11 12:18:59,059 INFO:Iteration finished:2240
2020-04-11 12:19:01,616 INFO:Iteration finished:2250
2020-04-11 12:19:04,343 INFO:Iteration finished:2260
2020-04-11 12:19:06,726 INFO:Iteration finished:2270
2020-04-11 12:19:09,050 INFO:Iteration finished:2280
2020-04-11 12:19:11,318 INFO:Iteration finished:2290
2020-04-11 12:19:13,538 INFO:Iteration finished:2300
2020-04-11 12:19:15,813 INFO:Iteration finished:2310
2020-04-11 12:19:17,942 INFO:Iteration finished:2320
2020-04-11 12:19:20,102 INFO:Iteration finished:2330
2020-04-11 12:19:22,276 INFO:Iteration finished:2340
2020-04-11 12:19:24,435 INFO:Iteration finished:2350
2020-04-11 12:19:26,665 INFO:Iteration finished:2360
2020-04-11 12:19:29,256 INFO:Iteration finished:2370
2020-04-11 12:19:31,769 INFO:Iteration finished:2380
2020-04-11 12:19:34,060 INFO:Iteration finished:2390
2020-04-11 12:19:36,498 INFO:Iteration finished:2400
2020-04-11 12:19:38,869 INFO:Iteration finished:2410
2020-04-11 12:19:41,083 INFO:Iteration finished:2420
2020-04-11 12:19:43,283 INFO:Iteration finished:2430
2020-04-11 12:19:45,736 INFO:Iteration finished:2440
2020-04-11 12:19:48,028 INFO:Iteration finished:2450
2020-04-11 12:19:50,282 INFO:Iteration finished:2460
2020-04-11 12:19:52,507 INFO:Iteration finished:2470
2020-04-11 12:19:54,573 INFO:Iteration finished:2480
2020-04-11 12:19:56,427 INFO:Iteration finished:2490
2020-04-11 12:19:59,247 INFO:Iteration finished:2500
2020-04-11 12:20:02,004 INFO:Iteration finished:2510
2020-04-11 12:20:05,329 INFO:Iteration finished:2520
2020-04-11 12:20:08,255 INFO:Iteration finished:2530
2020-04-11 12:20:11,080 INFO:Iteration finished:2540
2020-04-11 12:20:13,726 INFO:Iteration finished:2550
2020-04-11 12:20:16,188 INFO:Iteration finished:2560
2020-04-11 12:20:18,733 INFO:Iteration finished:2570
2020-04-11 12:20:21,331 INFO:Iteration finished:2580
2020-04-11 12:20:24,140 INFO:Iteration finished:2590
2020-04-11 12:20:26,814 INFO:Iteration finished:2600
2020-04-11 12:20:29,279 INFO:Iteration finished:2610
2020-04-11 12:20:32,275 INFO:Iteration finished:2620
2020-04-11 12:20:34,834 INFO:Iteration finished:2630
2020-04-11 12:20:37,483 INFO:Iteration finished:2640
2020-04-11 12:20:40,136 INFO:Iteration finished:2650
2020-04-11 12:20:43,069 INFO:Iteration finished:2660
2020-04-11 12:20:45,651 INFO:Iteration finished:2670
2020-04-11 12:20:48,173 INFO:Iteration finished:2680
2020-04-11 12:20:50,961 INFO:Iteration finished:2690
2020-04-11 12:20:53,585 INFO:Iteration finished:2700
2020-04-11 12:20:56,141 INFO:Iteration finished:2710
2020-04-11 12:20:58,959 INFO:Iteration finished:2720
2020-04-11 12:21:01,313 INFO:Iteration finished:2730
2020-04-11 12:21:04,156 INFO:Iteration finished:2740
2020-04-11 12:21:06,957 INFO:Iteration finished:2750
2020-04-11 12:21:09,690 INFO:Iteration finished:2760
2020-04-11 12:21:12,062 INFO:Iteration finished:2770
2020-04-11 12:21:14,849 INFO:Iteration finished:2780
2020-04-11 12:21:17,301 INFO:Iteration finished:2790
2020-04-11 12:21:19,982 INFO:Iteration finished:2800
2020-04-11 12:21:22,515 INFO:Iteration finished:2810
2020-04-11 12:21:25,551 INFO:Iteration finished:2820
2020-04-11 12:21:28,151 INFO:Iteration finished:2830
2020-04-11 12:21:30,946 INFO:Iteration finished:2840
2020-04-11 12:21:33,961 INFO:Iteration finished:2850
2020-04-11 12:21:36,608 INFO:Iteration finished:2860
2020-04-11 12:21:39,239 INFO:Iteration finished:2870
2020-04-11 12:21:41,745 INFO:Iteration finished:2880
2020-04-11 12:21:44,401 INFO:Iteration finished:2890
2020-04-11 12:21:47,377 INFO:Iteration finished:2900
2020-04-11 12:21:49,847 INFO:Iteration finished:2910
2020-04-11 12:21:52,111 INFO:Iteration finished:2920
2020-04-11 12:21:54,323 INFO:Iteration finished:2930
2020-04-11 12:21:56,686 INFO:Iteration finished:2940
2020-04-11 12:21:59,046 INFO:Iteration finished:2950
2020-04-11 12:22:01,376 INFO:Iteration finished:2960
2020-04-11 12:22:03,600 INFO:Iteration finished:2970
2020-04-11 12:22:05,807 INFO:Iteration finished:2980
2020-04-11 12:22:08,070 INFO:Iteration finished:2990
2020-04-11 12:22:10,370 INFO:Iteration finished:3000
2020-04-11 12:22:12,592 INFO:Iteration finished:3010
2020-04-11 12:22:14,935 INFO:Iteration finished:3020
2020-04-11 12:22:17,233 INFO:Iteration finished:3030
2020-04-11 12:22:19,568 INFO:Iteration finished:3040
2020-04-11 12:22:21,915 INFO:Iteration finished:3050
2020-04-11 12:22:24,171 INFO:Iteration finished:3060
2020-04-11 12:22:26,941 INFO:Iteration finished:3070
2020-04-11 12:22:29,727 INFO:Iteration finished:3080
2020-04-11 12:22:33,083 INFO:Iteration finished:3090
2020-04-11 12:22:36,008 INFO:Iteration finished:3100
2020-04-11 12:22:38,456 INFO:Iteration finished:3110
2020-04-11 12:22:40,756 INFO:Iteration finished:3120
2020-04-11 12:22:43,222 INFO:Iteration finished:3130
2020-04-11 12:22:45,754 INFO:Iteration finished:3140
2020-04-11 12:22:48,724 INFO:Iteration finished:3150
2020-04-11 12:22:51,587 INFO:Iteration finished:3160
2020-04-11 12:22:53,806 INFO:Iteration finished:3170
2020-04-11 12:22:56,301 INFO:Iteration finished:3180
2020-04-11 12:22:58,504 INFO:Iteration finished:3190
2020-04-11 12:23:00,792 INFO:Iteration finished:3200
2020-04-11 12:23:02,927 INFO:Iteration finished:3210
2020-04-11 12:23:05,142 INFO:Iteration finished:3220
2020-04-11 12:23:07,324 INFO:Iteration finished:3230
2020-04-11 12:23:09,626 INFO:Iteration finished:3240
2020-04-11 12:23:11,783 INFO:Iteration finished:3250
2020-04-11 12:23:13,960 INFO:Iteration finished:3260
2020-04-11 12:23:16,665 INFO:Iteration finished:3270
2020-04-11 12:23:19,440 INFO:Iteration finished:3280
2020-04-11 12:23:22,579 INFO:Iteration finished:3290
2020-04-11 12:23:25,647 INFO:Iteration finished:3300
2020-04-11 12:23:28,157 INFO:Iteration finished:3310
2020-04-11 12:23:30,930 INFO:Iteration finished:3320
2020-04-11 12:23:33,445 INFO:Iteration finished:3330
2020-04-11 12:23:36,201 INFO:Iteration finished:3340
2020-04-11 12:23:39,033 INFO:Iteration finished:3350
2020-04-11 12:23:41,911 INFO:Iteration finished:3360
2020-04-11 12:23:44,937 INFO:Iteration finished:3370
2020-04-11 12:23:47,789 INFO:Iteration finished:3380
2020-04-11 12:23:51,073 INFO:Iteration finished:3390
2020-04-11 12:23:54,024 INFO:Iteration finished:3400
2020-04-11 12:23:56,661 INFO:Iteration finished:3410
2020-04-11 12:23:59,465 INFO:Iteration finished:3420
2020-04-11 12:24:01,959 INFO:Iteration finished:3430
2020-04-11 12:24:04,689 INFO:Iteration finished:3440
2020-04-11 12:24:07,339 INFO:Iteration finished:3450
2020-04-11 12:24:09,723 INFO:Iteration finished:3460
2020-04-11 12:24:12,075 INFO:Iteration finished:3470
2020-04-11 12:24:14,461 INFO:Iteration finished:3480
2020-04-11 12:24:17,069 INFO:Iteration finished:3490
2020-04-11 12:24:19,863 INFO:Iteration finished:3500
2020-04-11 12:24:22,314 INFO:Iteration finished:3510
2020-04-11 12:24:24,648 INFO:Iteration finished:3520
2020-04-11 12:24:27,005 INFO:Iteration finished:3530
2020-04-11 12:24:29,334 INFO:Iteration finished:3540
2020-04-11 12:24:31,633 INFO:Iteration finished:3550
2020-04-11 12:24:33,917 INFO:Iteration finished:3560
2020-04-11 12:24:36,210 INFO:Iteration finished:3570
2020-04-11 12:24:38,417 INFO:Iteration finished:3580
2020-04-11 12:24:40,711 INFO:Iteration finished:3590
2020-04-11 12:24:42,938 INFO:Iteration finished:3600
2020-04-11 12:24:45,202 INFO:Iteration finished:3610
2020-04-11 12:24:47,420 INFO:Iteration finished:3620
2020-04-11 12:24:49,662 INFO:Iteration finished:3630
2020-04-11 12:24:52,037 INFO:Iteration finished:3640
2020-04-11 12:24:54,780 INFO:Iteration finished:3650
2020-04-11 12:24:57,535 INFO:Iteration finished:3660
2020-04-11 12:24:59,864 INFO:Iteration finished:3670
2020-04-11 12:25:02,315 INFO:Iteration finished:3680
2020-04-11 12:25:04,823 INFO:Iteration finished:3690
2020-04-11 12:25:07,442 INFO:Iteration finished:3700
2020-04-11 12:25:10,120 INFO:Iteration finished:3710
2020-04-11 12:25:12,688 INFO:Iteration finished:3720
2020-04-11 12:25:15,268 INFO:Iteration finished:3730
2020-04-11 12:25:17,854 INFO:Iteration finished:3740
2020-04-11 12:25:20,570 INFO:Iteration finished:3750
2020-04-11 12:25:22,889 INFO:Iteration finished:3760
2020-04-11 12:25:25,702 INFO:Iteration finished:3770
2020-04-11 12:25:27,962 INFO:Iteration finished:3780
2020-04-11 12:25:30,206 INFO:Iteration finished:3790
2020-04-11 12:25:32,497 INFO:Iteration finished:3800
2020-04-11 12:25:34,718 INFO:Iteration finished:3810
2020-04-11 12:25:36,936 INFO:Iteration finished:3820
2020-04-11 12:25:39,148 INFO:Iteration finished:3830
2020-04-11 12:25:41,493 INFO:Iteration finished:3840
2020-04-11 12:25:43,803 INFO:Iteration finished:3850
2020-04-11 12:25:46,139 INFO:Iteration finished:3860
2020-04-11 12:25:48,377 INFO:Iteration finished:3870
2020-04-11 12:25:50,588 INFO:Iteration finished:3880
2020-04-11 12:25:52,794 INFO:Iteration finished:3890
2020-04-11 12:25:55,148 INFO:Iteration finished:3900
2020-04-11 12:25:57,387 INFO:Iteration finished:3910
2020-04-11 12:25:59,674 INFO:Iteration finished:3920
2020-04-11 12:26:01,944 INFO:Iteration finished:3930
2020-04-11 12:26:04,243 INFO:Iteration finished:3940
2020-04-11 12:26:06,490 INFO:Iteration finished:3950
2020-04-11 12:26:08,827 INFO:Iteration finished:3960
2020-04-11 12:26:11,164 INFO:Iteration finished:3970
2020-04-11 12:26:13,429 INFO:Iteration finished:3980
2020-04-11 12:26:15,762 INFO:Iteration finished:3990
2020-04-11 12:26:17,987 INFO:Iteration finished:4000
2020-04-11 12:26:20,286 INFO:Iteration finished:4010
2020-04-11 12:26:22,628 INFO:Iteration finished:4020
2020-04-11 12:26:25,126 INFO:Iteration finished:4030
2020-04-11 12:26:27,779 INFO:Iteration finished:4040
2020-04-11 12:26:30,690 INFO:Iteration finished:4050
2020-04-11 12:26:33,432 INFO:Iteration finished:4060
2020-04-11 12:26:36,453 INFO:Iteration finished:4070
2020-04-11 12:26:39,157 INFO:Iteration finished:4080
2020-04-11 12:26:41,631 INFO:Iteration finished:4090
2020-04-11 12:26:44,546 INFO:Iteration finished:4100
2020-04-11 12:26:47,109 INFO:Iteration finished:4110
2020-04-11 12:26:49,843 INFO:Iteration finished:4120
2020-04-11 12:26:52,332 INFO:Iteration finished:4130
2020-04-11 12:26:54,929 INFO:Iteration finished:4140
2020-04-11 12:26:57,660 INFO:Iteration finished:4150
2020-04-11 12:27:00,153 INFO:Iteration finished:4160
2020-04-11 12:27:02,786 INFO:Iteration finished:4170
2020-04-11 12:27:05,419 INFO:Iteration finished:4180
2020-04-11 12:27:07,979 INFO:Iteration finished:4190
2020-04-11 12:27:10,454 INFO:Iteration finished:4200
2020-04-11 12:27:13,330 INFO:Iteration finished:4210
2020-04-11 12:27:16,132 INFO:Iteration finished:4220
2020-04-11 12:27:18,671 INFO:Iteration finished:4230
2020-04-11 12:27:21,281 INFO:Iteration finished:4240
2020-04-11 12:27:23,952 INFO:Iteration finished:4250
2020-04-11 12:27:26,559 INFO:Iteration finished:4260
2020-04-11 12:27:29,234 INFO:Iteration finished:4270
2020-04-11 12:27:31,820 INFO:Iteration finished:4280
2020-04-11 12:27:34,372 INFO:Iteration finished:4290
2020-04-11 12:27:37,051 INFO:Iteration finished:4300
2020-04-11 12:27:39,722 INFO:Iteration finished:4310
2020-04-11 12:27:42,246 INFO:Iteration finished:4320
2020-04-11 12:27:44,832 INFO:Iteration finished:4330
2020-04-11 12:27:47,460 INFO:Iteration finished:4340
2020-04-11 12:27:50,008 INFO:Iteration finished:4350
2020-04-11 12:27:52,520 INFO:Iteration finished:4360
2020-04-11 12:27:54,692 INFO:Iteration finished:4370
2020-04-11 12:27:56,969 INFO:Iteration finished:4380
2020-04-11 12:27:59,352 INFO:Iteration finished:4390
2020-04-11 12:28:02,003 INFO:Iteration finished:4400
2020-04-11 12:28:04,469 INFO:Iteration finished:4410
2020-04-11 12:28:06,951 INFO:Iteration finished:4420
2020-04-11 12:28:09,596 INFO:Iteration finished:4430
2020-04-11 12:28:12,121 INFO:Iteration finished:4440
2020-04-11 12:28:14,296 INFO:Iteration finished:4450
2020-04-11 12:28:16,447 INFO:Iteration finished:4460
2020-04-11 12:28:18,656 INFO:Iteration finished:4470
2020-04-11 12:28:20,885 INFO:Iteration finished:4480
2020-04-11 12:28:23,073 INFO:Iteration finished:4490
2020-04-11 12:28:25,282 INFO:Iteration finished:4500
2020-04-11 12:28:27,728 INFO:Iteration finished:4510
2020-04-11 12:28:30,332 INFO:Iteration finished:4520
2020-04-11 12:28:33,386 INFO:Iteration finished:4530
2020-04-11 12:28:35,901 INFO:Iteration finished:4540
2020-04-11 12:28:38,665 INFO:Iteration finished:4550
2020-04-11 12:28:41,189 INFO:Iteration finished:4560
2020-04-11 12:28:43,669 INFO:Iteration finished:4570
2020-04-11 12:28:46,101 INFO:Iteration finished:4580
2020-04-11 12:28:48,670 INFO:Iteration finished:4590
2020-04-11 12:28:51,396 INFO:Iteration finished:4600
2020-04-11 12:28:54,116 INFO:Iteration finished:4610
2020-04-11 12:28:56,909 INFO:Iteration finished:4620
2020-04-11 12:28:59,331 INFO:Iteration finished:4630
2020-04-11 12:29:01,820 INFO:Iteration finished:4640
2020-04-11 12:29:04,492 INFO:Iteration finished:4650
2020-04-11 12:29:07,236 INFO:Iteration finished:4660
2020-04-11 12:29:09,759 INFO:Iteration finished:4670
2020-04-11 12:29:12,452 INFO:Iteration finished:4680
2020-04-11 12:29:14,883 INFO:Iteration finished:4690
2020-04-11 12:29:17,387 INFO:Iteration finished:4700
2020-04-11 12:29:20,107 INFO:Iteration finished:4710
2020-04-11 12:29:22,637 INFO:Iteration finished:4720
2020-04-11 12:29:25,241 INFO:Iteration finished:4730
2020-04-11 12:29:27,815 INFO:Iteration finished:4740
2020-04-11 12:29:30,198 INFO:Iteration finished:4750
2020-04-11 12:29:32,951 INFO:Iteration finished:4760
2020-04-11 12:29:35,667 INFO:Iteration finished:4770
2020-04-11 12:29:38,168 INFO:Iteration finished:4780
2020-04-11 12:29:40,699 INFO:Iteration finished:4790
2020-04-11 12:29:43,260 INFO:Iteration finished:4800
2020-04-11 12:29:45,712 INFO:Iteration finished:4810
2020-04-11 12:29:48,247 INFO:Iteration finished:4820
2020-04-11 12:29:50,681 INFO:Iteration finished:4830
2020-04-11 12:29:53,246 INFO:Iteration finished:4840
2020-04-11 12:29:55,717 INFO:Iteration finished:4850
2020-04-11 12:29:58,302 INFO:Iteration finished:4860
2020-04-11 12:30:00,842 INFO:Iteration finished:4870
2020-04-11 12:30:03,600 INFO:Iteration finished:4880
2020-04-11 12:30:06,768 INFO:Iteration finished:4890
2020-04-11 12:30:09,568 INFO:Iteration finished:4900
2020-04-11 12:30:12,088 INFO:Iteration finished:4910
2020-04-11 12:30:14,423 INFO:Iteration finished:4920
2020-04-11 12:30:16,708 INFO:Iteration finished:4930
2020-04-11 12:30:18,977 INFO:Iteration finished:4940
2020-04-11 12:30:21,365 INFO:Iteration finished:4950
2020-04-11 12:30:23,872 INFO:Iteration finished:4960
2020-04-11 12:30:26,608 INFO:Iteration finished:4970
2020-04-11 12:30:29,289 INFO:Iteration finished:4980
2020-04-11 12:30:31,561 INFO:Iteration finished:4990
2020-04-11 12:30:33,947 INFO:Iteration finished:5000
2020-04-11 12:30:36,486 INFO:Iteration finished:5010
2020-04-11 12:30:39,295 INFO:Iteration finished:5020
2020-04-11 12:30:41,641 INFO:Iteration finished:5030
2020-04-11 12:30:43,899 INFO:Iteration finished:5040
2020-04-11 12:30:46,327 INFO:Iteration finished:5050
2020-04-11 12:30:49,345 INFO:Iteration finished:5060
2020-04-11 12:30:52,240 INFO:Iteration finished:5070
2020-04-11 12:30:54,858 INFO:Iteration finished:5080
2020-04-11 12:30:57,746 INFO:Iteration finished:5090
2020-04-11 12:31:00,870 INFO:Iteration finished:5100
2020-04-11 12:31:03,309 INFO:Iteration finished:5110
2020-04-11 12:31:06,089 INFO:Iteration finished:5120
2020-04-11 12:31:09,140 INFO:Iteration finished:5130
2020-04-11 12:31:11,919 INFO:Iteration finished:5140
