(S'MT19937'
p0
cnumpy.core.multiarray
_reconstruct
p1
(cnumpy
ndarray
p2
(I0
tp3
S'b'
p4
tp5
Rp6
(I1
(I624
tp7
cnumpy
dtype
p8
(S'u4'
p9
I0
I1
tp10
Rp11
(I3
S'<'
p12
NNNI-1
I-1
I0
tp13
bI00
S'\xf8D\x9b\x13t f\x10d\xe2\xd9Q9==\x97o\xc2@\xe1\xa5\x18c9\xa3\xfc\xe68H\xbc9LQ/\x16\xfb<]\xcd\xc1\x9d\xb3k\x86z\xce\x92\x94\x01\xd4m\xed_\x9dAp\xe0\xdc\xbc\xf6q\xb8\xc7\xf8\xd8\xec\x9a\xe9\xbd\x96\xc1!\x8b\xb8%,.\xdb\xfd\xda\x96\x18\xa0\xd8/\xb5M\x07\xe4}r/\x1e\x16pm\xc0\x06]N\x1d\xdap\x1d\xf6\x14\x19\x7f\x00\x91\t*\n\xa7\x02\xf03\x90\xd7E2c\xfdhB\x00|ev\x8e21x\x14\xd90N\xe2\xa1\xd3\x86\x1aC\x9ey\x04\x18\x05S\xe6\xd2\x86\x02\x9c\x04\xea\xda\xd6\x9a"\x8c\x05E7&N\xdf\xba\xe5q\xde\xefn\xacE\x1ff6z\x13\xbe.b\xde[\xed\xcceF\xbd\xe1d\x861o\x06\x1e&\xff)\xaf?\xe1\xf2\xf2\xc0\x12\xaaR\xb1\xf1<\x08=\xe1.\xa2\xf7#\xe3$\r\xa6~\x9e\xc6\xb3\xd5\xc9\xb7\x0c\x91\x8e\xe7\xe1\xd4l\x7f\xddC6T\xcc\xa0e\xef9\x05<\xe0\x81u\x97cR\xda\xd4\xfc\x0f\x939K\x9a5M\x82EKbv\x08+Q\xd0Y\xd7D\x15\x06\xf8\xbfN\xb9\x10^J\xcd\'P\xac^?\xb4\xd9b\xba\xea\x91\x90\x9fj\xce\xdd>@\x0e\xbb\xab\xda#\xbd\xe1\xa8\xf01mS\xb2\xd0i),\xcf\x88|2\x05\x82\x87\xf2C\x96\x03P\n\x84\x9a\xe6,d\x1a\x8er\xc18E\xd3O\xe1\x81\xbdZZOx\xbdA\xe7p\xdb\xa1\x82\xe5\xe3w\xc3\xfd\x94\xed?C\x15D8\xfez;\xe1/\xe4\xc2\xd9\xd5_9N\xe7$z\xbb\xe2\xcf\x87;d~\x03\xf7*\xe5\x7f\xc0\x8e8\x8b\x8f\xe6tL\xc9o\x0e\x04\xf9\xe1\x02I2m\xce\xe4\xddf\x17~\x0e\xf7;&FC.vz+\xdd=\x1b\x1b\x8a7\xdb8]9\x078\xd1\xa5\xbb\x18\x87F\xa1e\x8f\xf4\xa3\xc7iR\xe2\x1d\xec\x87 Q\xbf.C\x93\xf8\xd6\x9f\x89\x00\xf1X\x06\x8b\xce\x90,L\xcc\xfc:\xf6\xe5[\xed)\xfd_ 4\x19\x1f\xce\xd8+\xb7\xa81p\xee@h\xe43\x0b\xe1\xc2\x93}\xdc\xaf\xae\x08:,\x80\xf3\x10\xc6\x91>\xcc\xa4\xc0\x8e\xd3\xc3T\xf4}\x15\xd2&\x81\xae\x93\xb0\xc7\xd9\x8c\xc8\xfc\x9dz\xf5\xef\x82\x87\xbe\xee\xbfTrg\xd6x6eYW\xcb\xf3CF\xfeN-}\xa5\xabI\xc4\x7f&\x0e\'\x85y\x98\x0f\xc06S\x9b\xf0|\x920\xc1\x02DL5\x01\x13v!\x8f"\x95\xb8\x1b\x14\xab\x89J\x9c\xfb\xde \x0f\x1c\x8a\xbb\x7f\xaf,\xe2\xd5\x94kk\x04\x87\xe2\x1ey\x1d\x0c/C\xe7\x0b\xde\x00\x01\xe8\xdf\x85*\xd3\x07\xfc\xb71\x8f\xec\xf9\xcb\x86\xa8\x12?\xfc\xf1M\xb7\x861\xe7\x01\x03\t\xf0+\x7fW\xf7\x8b\x87\x96\xb44\x86go\xf3U&p9\x89\xe1\xd4\x89\xb5p@\xf1v\x06\xcb\xef\xe7]B\x145\x88\x9e\xf0\xf8\xaan\xfb,o\xadbu\x97\xca\x9b\x11T\x13 \xb4*H\xa5\x05\x11B\xf5[P\x9co\xb8U\x85\xa1\x1a\xf4C,!6N\xc8m\xd5\xb8\xada\xb5\xf0\xd1s\xf7:\xb3\x9d\xad{\xfbr CQD\xee7m\xc9\xf5\x8d\xd7Cy\xc0Z\xcfz\x8b\x93\xac\x08&\xe0b\xc9\xf1[\xbd\xda\xeb\xad\xca\xab\n\xfdb3\xd3\xa1\x19\x0c\x85\xdah\xdf\xdb_9f\x1f#\xee\x99G\xf9\xc3\xe6Z\x12\xa2sY\xc6A\xe8\xb40\xe5\xb5\\,\xe0\x16\x1d\x10yO\x1fN\x0fc\x95\xed6\xa7\xaf\xd8\xe9~\xdd.0\xa8j\xf4\x88\xf4\\@\xec\xc7}U\xa3B\x11\xed\xce\xee\xa7Vl\xf2\xd9\x92\xf5\nNz\xdf~\x87\x1f}\xd6\x04x\x1d\x83\x08U\x8f\x8f\xbb\xd1\xf6\x82\xfd>\xfc\x1e]\xefx\xbeD\xa5\x01\xc0\xd1\xc4\xda\x18\xbcp\x98\xb1$\xbe\xb7\xd5v!:\x1b\x93\xb9G\x13\xcd\xf81\xa6XQ8\xefUQw\xcb6\x8c\x99\xd3\x83\xa0V\xa8G\x13\xd7\xfbn`B \xbb\x0f\x8f\xaeI\xe7@\xab\x99\xe1\xad\x8ft\xf6\xf0\x06*\xd5\x90\xeb\xec:\xda\xcd\xc4\r\x8e\xa9\xdc\xc8\xe4\xef\x807\xe7-X\x19\x89&7~\xc8\x0f8)\x88\x0e^\x1cH\x9f\xe5\x85mX\xd5\xf1\x05D\xcb\x94\xc6q\xee;Vvyz\xb9\xe5\x15\xcb\x85\x05\r\x94\xfbO\xd5\x95\'\x11\x81\x9dQ\xe3\xabC\xe499\x01\xfc\xd77^\xbe\x14\xbb\x0f\xbf\xe0}s\xca\xa0\xbe\x1d\xd0s\x1d\x82\xb4\x85r\xd6\'x\x19{cZ\x80U\x92\x17\xab\xb4o\xfca\xf9K\xdb\x9bE\xa3\xbe;\xe7\x8b}\xa8n\xeb\x94\xba\xbe<\xecy\x90\xc5\x8d\xcawy\xc9\x17\x1fEw\x1c!\n\xeb\x92\x93\xbd\xbb/\n\x0fwt\xa0\xc9D\xe9\x93j"\xdb\xa0Bm\xd2\xdb\xfdF4s\xd7\xe3Q/\xfb^^5RL\xece\x0fl7\x8d\x98K_\xf9\x83\xe95\xd1\xd4\x18*Q\xb3?K\xa7l6\xd0%EB|r\x9e\xfb$\xe4\xe1\xfa\xf6\xb7\xe2\xe0\x01\xeb\xa36\xd3\x97\xe1Z\xf7\xc6\x02\x9b\x80\x96\xc9t\\1\x93f\xb4p\x89wq\x99\x85\x14\x01"\xfa\xa9\x90C\xf5`\xbc\x85\xe9\xd23\x01\xd9\xf1-U8\xf0\x90\xbc.R\x18\xf4:\xe04\x12\x00\xcc\x1f\x0brI\xefu\xb6\xa4,\xa5\x15\xf2\xa7tU\xbdY\xfb\re\x92\xfd\xdb\x0e\x11\xcc\xd3\xab#\x8cR\xc9\xc6\xa6\x86\x8c\xe3\xf9\r\xbd\xf0M\x95GH\x8e\x99\xab\xda\xa2E^\xa1\xfb\xfdH\x03\x93\xc2\x95\x0f\xb3\xe0A3\xd1\xf7S[\xe0\xac\xae\xf8\x1aH\xd6\x9e\x030bb\xbe\'4<\x82p\xabi\xbb\xe8c\xa2\x12\x96X\xe1\xc5\xfb\xbfY\xcd**\xed\x89rnr\xee\xbe\xae\xc7\xa2\xfc\xf3%O\xb6O7\xef\xff|\xd9\x94\x9a\x13\x12\xedEUo|A\xcf\xff\x99+\x18a\x82\xf7\x93\x05?\xa0\xfcl\x87L8\x1b:\x94\xf7\xff\x95\x0f\xab\xc3\xabo\xaav\xb0\x18\xdd\xc5W|\x9c\xcb\xaa\xfd\xc7\xc6=F\xc3\x16\xc5\xd5c\x94aU"o\xe8\xefGM\xd8T\x0c\xae\x12\xf7\n\x1e\x14p\xa6\xcf\x9e\x93\xc6\xa1o\xb6KLJ\xeao!\n&\x7f\x8e\x08\xbe;\x82#xl\x91N\xd8\xde\xefv\x8e\x16\xe9\xad\xc3\x19\xa4\xf2\x1a3\xab!\x9a"\xdcC\xef\xd4$k\xde\xb7\xbcy\xcc\xad\xa5\x9c\xa3K\x0f\xfd`:\x86P~\x1aZ\xe2\xd3|\'\xd2\xd0.\xac\r \xa9\xc4:aw\x00N\xb1?\xe2\x1c\x89\x00\x06@\xc9P\x87Z\x0b\xf2\xdf\x11f\xdaF\x0e?J\xa8)RB\xb4\xda\xf1O\x08`!Y\xb1\xaf\xa4K\x15\xab\x07w6\xc7\x9d\x18\xc6\x85\x18Z\x87*\xac\x05\x91>\'\xa4_\xb7\xc8\\\x8d*\'\x87W\xbc\xd71\xcd-\xef\xfd\x0fn\x81\xb0\x8fk\xd6\x844P\xe0\x1ea\xac\x96\x1fv\x98X\x1f>\xcf\xdf\xe7\x01\xaaF\x80\xe0\xbe\xbf\xe5\x12\x9a\xad\xd5\xe8U\x91K"\x86\xdf\x15\xcfYt\xecC]`]\xebjug$K\xff]\xf3\xc0\xf9\xd4\xa9\x0f\xbe\xcc\xf7\x0eJ\xd9\x1d\xcb\xaa\x16K\x80m^z\xfe \xd5\xb5\x8e\xbdyJ\xf2\xa0\r4\x06\xe5\xa9\xd8k4\\\x80\xc1\xcb\xe8\ns\xc3N\xb5m\x83q\xc1\x07`\x8d\xc2g\xb2\xaf\xa1|p\x80\x97\x17\ne\x94\x02\xcee\x90\xe1w\xbd4\xb8w\xc04N\x04\xf9\x14\xab\xe7(TaL`_y\x0f\x99\xd1\x8cVv\xbeb\xfd\x06\xdf\'\nJ\x8bSR\xbbX\xdcMw\x85\xbb \x88?0\x9fB\x82\xe3!5\xb1\xf3=\xb9\x9f:\xc3\x8ce+w\xc4\xac\xee=\xbe\x9c\xcf\xff4\xf3\xa4\x8b\x1a\x97\xad"\x08c\xd5\x9fn\xfe\xd7\x8c\xef0z\xea\x8fB\xbcSXq\xd2\x82\xba55\xfb7h\xbb}\xd3`\xd8\x14\xd4\xb4\nl\xcda\xc7\xaa\x89\x1f\xa6k\x8a[S\xd9x\xac\xea\x0b\x99|\xb8~Kv\x0e\xea\x9c\xb5D\x92\x1d\x0e\xc7c\x11\x89\xbft\x80\x91\xd76\x02T\x00\xdc\'\xab\xc7R\x11\xc5\xef\x9f-:xQ\xf27Y\x9bg\xab\x9d\xca\x17\xc8\xdf\xc9\xd3\xf7C_\xa8\xed\xcd\xe8\x9b\xe5dFl\x1c\x1fW\xb8\xc7\xd8\x15\x9age\x1f\x90e\x06\x9a=\xecY\xfd\xb0\xb7~"N\xfb\xdb\xff\xd5U\x06\xa4B+$v}\xd5\x1d-\x07\x19\xf6\nNI\xd55\x1fK\xc4\x08\xcb\x82c2\xa1\xff\xd8\xe8\x19\x89\xfd[c^\xaf\xba\'\xf6\xd27\x0e#H\xc0\xce\xfb\x99\xdc\xc4D\xcb\xb3AsI.\xf8\x85\x81<6\x87:\xb5\xa0X\x9f\xcc\x91\xe3\x978k1\xc4\xdf\x0f\xfc\x11)\x13\xbdw\xe5$@\xe8uT\x86\x87#:\xc0\xf6_l/\xc8Cc\xfat\x95\xb6\xb1\xb6\x07\xff\x00O\xdb\xe6\xafP\xd32\x16\xc4s\xd7\xa1 \xac\x03\xf8f\xae\x8c\xce$.\xb4uNV\x08U\x06m\xc2\xf4\xb9\xd1\xf2\x0e\xea\xc4jr\x85\xcb\x7f\xb4\xe0\t\x04\xcf`\xa3\xde\x84d5W\xb9\xaap\xd9:\x0e\x96\xb8\xe65&\x86\x11\x00\xafv\x12\xa8f\x18\xae\xae\xf9\xb0\xa0\xc5\x154c_\xdeUsFw\\\xe3\x16\x85\xa8\xbb\x9d?\x16v\x1c\x94\xb5\t\x87\xb3P\xfelF9\x0b\x81Yo\xe4"\xc3\xd9\x10\xfc\xacC\xc1\x95|\xc7\xa9D\xa3%N\xb2\xbd\x9c\xc3\xd5\xfcF8\xfe|I\xd1phAeQR^\xca\xb5\xc5$\xa8E\xbe\x12\xad\xd3\xfc\xa5\x96>d\xa37\x02\xe4\xc2d6MN=\xf2~\xb5Wt<}a\x9c\x10\xb3c\xf8\xde\x0eW#\xf8\xc3>\xbd4\x80\x89U\xeb\xb6\xf1\x92\x07\x07\xce\xfe_\xf3 \xaaG\x07q\xa9\x19\xd0\x1cNS\xc4!q\x99\xc0\xa6\xf3\xa8\x99\xc37\x93x\xe6\x1a(7\xfa\xcc\xa2\rU\x8d\x1b\xa5\xc4\xb0?L\xe4\xdb\'\xa6\xc0W\x9c\xb2\x0b\x15\xd6(P\xd2\xbf\xbbY&\xbb\x0c\xa6\x1a\x89\x8b5\xe9\x1fM\x8b\x19\xfd\t\x8bm\xb6\x1d\x13K4\xea$/?n/\xc7~\xe1\xbb\x1f\x13R}\xd0\xb4:\x937\xdf[\x88\xba\x90\x1dWN\xc3:7\xdcU?o\x9cZ\x92{\xc1}7\xcdGR@g\xb6\xd9S\x10\xa6\xf8\x01\xfd\xe7\xb2\t\xc5\xa2\xb8\xb8\xa9\xc0/\x94\x03\x83\\}\xe3\x9c)>\xd7\x86\x0b\x05\x8c\xd3s\x9c\x06\x04\x12\x07TJ\xf2\x9f\x8bi\x9e/~\x00y\xa4\xc4\xdep3\xaa\xad('
p14
tp15
bI61
I0
F0.0
tp16
.