(S'MT19937'
p0
cnumpy.core.multiarray
_reconstruct
p1
(cnumpy
ndarray
p2
(I0
tp3
S'b'
p4
tp5
Rp6
(I1
(I624
tp7
cnumpy
dtype
p8
(S'u4'
p9
I0
I1
tp10
Rp11
(I3
S'<'
p12
NNNI-1
I-1
I0
tp13
bI00
S'\x9b\xe4\xbc\xf8\xbfD\xdb\x05\x96\xcf\xa2\xd9&\xcc\xf5\xdd\xf4.\x85WP\xaci;\x98\xa8,\xcc\xf1\x17K5\xf1\x1ci\xf0\xa7d\tB&\x06\xfa\xcbsu\xd6\xc1\x05\xab\x00p\xb0\x11\xfc\x8b\xe1\xdb\xa3;M\xaf\x0ca-\x89,C\xdd\x1c,(\x08\xadw\xd1m\xc6\xc0nl1\xae\xb2\x83\x1fv\xdb\x93y\x90q\xd2\xab\xa3!\xca\xb8\xf7\xb4\rn\x16.l\xa1X%\x87\xba\xf5\xb5\x90\x89\x85J\x84i~\x11\x1a\xcb\xf5\xc0\xe21\xbd\x8fe\x05\xe8\xc7\x8d\xf2d"\x07\xdf\xd5\x90\xee\x03\x86\x00\xaen%4\xb1\x17\xac2\xef\x1f\x16\xd0\xd9(\xa1\xb4.\xa2\x08\x01y\xc8e\xbe9\xf3\xf4\xa7\n\x98\xef\xeb&\xceHW\xb0\x82\x00\xa9\xf7T\x1a\x8a\xfe\x9cF\xc5\xb7\x86\x14*\xd7q\xcf\x04\xe5l\xb5K\xa2\xe7\xe4\x13k\xe1\x13\x1d\xf2\x86\x9d\xf1\x8c\x8c\xbd\x15\xf3\x05U>\xc6|4^}JPIf\x01\xcf\x8c\xccL\'\xb0\xa3\xefa\x1e\xcc\xad\x93\x15\x12\xe8\\N\xa5\xa4\xbc^5\xb3\xd0\x92i}\xf7\xbe\xb9\x8e\xaf\xc2X_\x08^\x17#\x01c\xec\xea\xe0\x0fm*\x00n\xca\x12A\xaf\xbfLs\xb9\xc8\x8e\xb7\xee\xab\xbcW\xca\xa3\xb4\x8b\x0e\x9c\xbe\xdaV\xa4v\x07]\xe8\x90\xc0\x19\xeb\x9f\x84\x9a%\xd5\xa8\xcb\x80\xd0\xcf\xa4\xde\x8f\x03\xe3\rQ\x03\xc7Z2\x0f\x83\xfb\x89\xfczhV\xd9\xa9\xb8d\xb5\xfex\xce\x02M\xfb/\x02B\xe3\xb9\xea\x9c\x940\xa1J\x1fVO=H\x02*\t\x80\x89N\x8d\x84#\xd2k\xe2\xb3\x9f\x01\n\xb2y4\x85\n\xda#\x80\xf5\xd2\x13fMB\xcf\x13\x9eX\xcb\xb3\x89\xf9\xcd\xb5\xcf\x1a\xbdP=\x92\x0b\x8c!\x94\xa7q\xe5\xcb\x7f\xc4\xc4\xcaL\xbaQ\x07\t\x1c\xaf\xd8\xcf\xea\xe2\x11`\xef\x11\xa0\xb4\x81\xb1\xd0\xa0\xdb,b\x07\xfe\xc8\xeb \xc6\xb4\x8a\x83\x89)\x11\x13\xc9\x1e\xea\xe3I\xabU\xad\x18\xd2\xe7g\xb61\xdb\x80b8G\x16L*\xeb\xe1 \xe4}\x17\xb0\x89\x13\x0f\ryU\xabIy\xa7T\xe4(&rn|nW\xe6\xceN\xf4"\xcc\xc7a\x81\xf6\xf9\n\xf6(\xb5(\xee\xaa\xd0\x86u\x7f#c\xdboh\x14\x89\xc79\xdb\xf7H&J\xf5\x0by\xeb\x05\x88\xa8\x8aU\xa3\x8c\xf3\xff\xa0\xfaq\x0f5\xde%mf\xbe`\xa4\xd7Z\xe8F\x7fH\xd5csD8\x0e\xe4j{r\x1aox\xa3\xafB\xc9\x84Y\xcd\x02\x13{\xc5\x1b\x01\xa0\xc6s$!\xec\x17W\xc4p\xe2\xa8\x9e \x1be\x17\xaa\x1b\xbf\xad\xae(\xbcHR\x08G\x97\xeb\xa1S>%\x08\x95U4C\xe4t@\xcd\x15i\xaaG\x0cck\x00M\xc7\x05\xb3{\x19k\xea\xbf~t\xc8!\x1a\x8c\\\xf4\xd4\x95\x8f\xba\xa6\'o\x03\xb5\xe4\xc2\t7?&\xe2\xfb\xaa`p\xc3/\x0c\xef<~\xb0:\xb9\xd09\x05\xed\xd3\xd3:\x85\x07"\x8b;\xd1"\'\x11\x96\xd2\x86\xdf\xae\x8b6\x9d6%\xd98\xff\x12\x1c1\xf9m\xf5\xb2\x97\xc1\xf1,VI\xaf\xb1\xbc\xad\x84\':\x0fA\xa8\xf1"\xd7\x82\xd4nSw\xf4\x18^\xa4\xc8[8\xa6\x032V\x98\x02a\xd6D\x89"\x02\x87\xfa\x08\xc4G\x92\xd3Qe\xe9\'g\xedu\t\x0eK*\xd1\x90\x99\x7f\x7f\xf2\xad\xc0\x1e\x8b\xda\xb0\x87DJ\xf5\xaa>\xb8\xf9Dm\xa7\x9eJ\xd9\xc8B|X\x97\x99\xb1|m\xc6\x9f\x1e\xed\x96&r\xf1[(\x88\xef \x9a\x0b=\x1dr\xcd\xe2\xe9\xb5%\x95\xfa\x13\x08<\x90F\xa7b\x9a\xfaIH\xea\xa2.m\xc8H*\xd5l\xd7##/\x99\xeeJ\xf4~\x87.L7\xf5\xa6:\x0b\xfe\xc2\'\xfa~\x03\x11\x99o@\xde,t\xf2s\x8b\xbb7\xe5\x98\xff\xa5\x08p\xa7\x83c\x80\xd0L\xfa\xbe\xd7#\xce\x90A\xe1\xa8R\x0bZt`i\x9e\x14\xb8$l%\x11=/G\xd4\x8b\xb8\x06P\xc3I\xc8vI\x80\xf4\xe5\x19\x15\xc5\xc1\xb3\xe0JX\xa7\xf3\n\xd1?\xda\xd3/\xf0\x17\xd4\xf2\xe8\xe4\xa2\xdd\xaf\xa6\xdcR\x12\x89\xf6\x7fNb\x84\xa4\x02\x87|\xf6\xdc#\xad\x18R)\xb7\x18t\xbc\xc3\x8dd7\xbd\xef\xd4\x07\xb9\t\xa7\x818]\xf9%\x05`\xa1z\xc5m\x11}"\xa8G\xac\n\xad\xd6(r\xbflh\x08\xb1\xa9\x9a\x91i\x95Ct\xef\xf8~[\xad\x81\x1f\xb0\xe0\x99\x9f\xc7.|\xde=M\x0b\xa0\xd6F9pY\x8e\x06]\xc2\xdfQ\x8f\xadS\x92\xca\xde0\xef\x0f8\x1e4l\xbb\xcf\r\x05a2n\xc8\x1f\x86\xb0\xf0\xd4\xbb\x1fx\xb2\x07\xcb\xf5\xec&<\xb0\x14\xae-z4hw\x07\xcd\x1aR<\xb1uvQ\'w\xe2\xe1\xfa\xc2\xd3\xe0C_"\xbb@\xc0\xb6\xf1\x07\xe0N\x81\xbb\xc19"\xd4f\x11\xf2\x83\x85}\x04\xb2\x05N\xec\xc1Q\xc6\xab\\B6\x95\x10\x91c\x82ej\x02e\xf4\xa7\xa7fl\xb0\xb8\x18\x86e\x8e\xcdL\xf6V\xfe#\x98\xa0\xf5\xbd\xf5\xf7\xf9i)`\xcf\xb6}\xff\xd1\xff{f\x1d2m\xbb\x8aQ_\xff\x90\xe3\x13\x99\xacM\x0cM\x9e9W\xa7\x1e\x18\x01\xcev\xc8\xc7\x00\xc2\x99\xac\x1e\xbd\xd1\xc8\xfe;\xc1\xbck\xbeg\xec\x96\xc0\xf7VL\x96\xeb\xe7\xcd\x04O\xcd\xea\x89*\xcf\xba\xec%\xa7j\x92x\x89\x03\x19X8\xe1\x06\x18Y\xf8%>=\x94E\xddOAd(6\xbe~x)\xacc\xdd\x12\xf6\x1e\x9c\x9a\xaf\xad\xf8lh\x06X\xdfg^\xe9Dl\xe0\xa9k\x13W/\x9a\xc9\x9f\xb8.\x9a\xb3e\xa0(r99?\xfd\x88\xaaF\xdfH\xd4\xa6\xe9\x85\xcf\xdcbx*\xb7\xc2\x88Q\xa1W\x9c\\\xc1I\xda\xae\x97o;5p\xf9kC\x81\xb1\x87\xebX\x8f\x85%\x0b\x94AW~\x8e\xd2&9#\x16\xca\xfc\xc3\xb5\x08+\xd1\x0b\xb1\xb1\xd3Ex\xe3\xa3\xc8%\xc0f\xb0\xf2\xb8\xf3m\xe0\x00b\xf3}0\xd9\xd6\x87\x86\xc3\x9d.\xc0U\xee+\x9a)\x81\xf0<!\x15\xfb\x96w\x19\x18\xab\x04\x7f\x90\xdf\xfd\x91\xe6\x90\x9b\xaa\xe6\xdf\x0fP\xedT\x16\x19\xf9\x9a\x8f\xf4\xd0\xff\xd3\xa7\x9a\xa8B\xc1\x9f\x88\xa4e\x80HQ\x05\x1e\x0b\xc7\xf6\x98B\x02\xb8\xf3\xb9B\xd2\xc0iH[\xd5`&[.\xcb.\x08\x99x\x84\xeav\x7f\xa8_\xe1\xb0\xf3\xddn\x89i{\xe1Y\x80a\x91%\x07BW\x85\x90\xbe\x98F\xff/\xa7\xe6\xe6\xdfKT\\\xb8S\xf7\t\xe7\xca\xb1\xed\x7f\xfc\xc1\xfaJ C\xe5\x83\xa2\xa4\x8e\x03\xc3e\rD\xe7\x8e\xdb\x15;\xf8\xe9<\xc6\xe8\x82\xff\x06\xe1\x1e\xc39\xda|<{\xeb_\xea1\xaa\xa8}\xe4\x0c\x9e\xc8V6=[.qq\xfa\xae\xc6\xb4*Y\xd3;\x9b\xf9\x89\xbc\xf8k\xe5\x9a\xce\xe9\xd3\xaa\xf8\x84\xf6\xd5\xde\xf1\xa0\x18\xe8\xdf\x1b\xe0\x87\xda\xf9"\x13iEyN\x9c\xc2,\xe2\x05\xc63\xbf\xf2\x94\xe9\x80\x81\xe4\x9b\x97\x12\x98B\xdc\x8c\xaa\\Hu\xc0\x07\xc1\xa3k\xb1\x8a\xee"\x95\x110z\xb4\x867\xb7\xb8\xc5\x8e\xf0\xfcN\xda\x94\x80j]\x9b\xc0\x1f\x15\xed5\xca\xbe\xdaA;\xca\x0c\x1bC\n\xe3\x9bb\xea\xbaP\x97Q]*$\x08Z \xa77\xb0\xfe\xdd\x7f\x9b0\xefI\xb6\x13\xff%\x8aL\xe36\xfc\x83\xfc\xf1\xc4\xa6K$1\xd4J{V\x93\x95u\xdb\xad\xb2D\x81C\x8e\x83Fa\x86W|\x16\x90\x9b\xb74\x12\x19+_\x97>@\x1d\xb4\xe2\xd9\x05\xac\xa6r\xaf\x85\xcc\xee\x93\x8eI\xc9\xde\xc3|\x99@&\xb3a\xda\x9d\xa5|\x14\xf7\xfb\xb6Z*\xe8C>V\xb2(\xd0`\xd8s\xca\x88\x17 8\x86O\x11)\x97SA\xc4o\xba\xa5\x11[1\xd6`~\x89\x14\x93\x11\x18y\x82\xd1\xb1\xba\x90\x07\xbd\x16\xdc{\xf3\x06t\xf2\xd08\x10\x99E\x00n\x18\x9d\x93d\xff\x00S\xf2[\xebb\x1dE\x8a\x9c\xe5fm>@\xfbwp\x07l\x9b\xd7\xb47\xc0\x1f\x1eF+4\x0f%\xa3X\xf4|/\xbc)D\xfb\x84\x0cl\xf8\x8cx\xce\xbeO@\xa4\x18\x9d,\x14V@\xde\xb2|R\xe0\x8c\xe0\xc4\x94\xcd\xe0\xad\x0fe\xcc\xb2\xf5/??\xdf\xaa\xce\xa2\x12\x1a\x99^Q#\xb3\x88\x85#\x19\x06\x1e|8\n\xb4\xe2\x10\x9e\x18\\\xf9q\xaa\xee\xf43v8\x91\xe4r\xe5\xb60\xa7S\x82\x825\xa2\\I\x96\x95\x9bdW\x9b\x93\x80\x00 Z1<b!(\x85Zl\xd3`4\xb7\x127\xe9$\xf9\xae`\xfe\x0f\x16N\xbc)H\x07\x856\xbe>\x0f\t\x06\x8b\xd9\xcaI\xbd\xdf\xbe\xf2M\\%\xcc\xbf\x8bT\xb3\xd3\xd8\xaa\xa8\xf5\\\x93\x88\x8c\xa8\xe9\xa7\xc9\xee$v\xc8c\xf4\xa9\xa5_>A!\xfdt\x8c\xa0\x9f/\xe5R\n\xa1\x85\x00w\x93\xdd\xf6\xcf\xaa\xf5\x80\x1b\xf8\xaea\xfdX\xf6\xd7\x937p\x0b~\x80_T\xba\xd7\xf2e\xc2\xfb{\xeblGG\x0b\xdf<XMD\xfc\xb5i\x83\xb4\x9c-\xc4\xdf\xb6\xe1z\x97u\xff\xefZ\x94\xff/\xd3\x86E\x1e\xbf\xa4\x14-T\x13Z\x8a\xbc\xd3\xce+\xb5\x1e\xa3j\x82BI-q\xc4\xc2\xac!y\x8a\xf5\xbf-\xdb\xdd\xd4\x1f\xd8\xb4\xadL\xe6B\x8fE\xe8\xdd2\x8e\xb4\x9e:\t\xa9\xa76W\x93\x19\x98[R\xc2\x1c\x19\xbfXn)%E\xe1}\x8a)\xf2S\n\xff\xea+\xfe|\x1b[\x0biN\xdd\xbd\xe7\xb9\x91u\x1dB\x86\xb34\x81v;\xcaI|f\x0e\xc1\xa3\xcdwT\x87\xa1\x7f6\x06@f\xfd\xf9\x9c\x17\xef\xa0E\xee\x88\r\x05\xf9\xc8\xb5\xa4>\xb9\xf1\xba\x12\xcc\xce\xb8\xbcr\xad\xf8SN=\xb4\x00\xbc6`xx\xe0\x8a[z\xe0f{\xd3\xde[\x14\xb3\xd0\xcf\xd7>\xa1\xd6\x10r\xcd\x13\xcb8\x17J!\xf9\xd9\xc1\x003\xb2F\xce\xe3U%\xd8\xe2\x15\xa7\xcc3\x83Jk\x11\x83O`c[\xfa\xc7@\xbfl}"CT<\xe9\xac\xbc\x1a\xfdB\xec\xdc\x1d\xdfq\xdb\xe8\xc4\xd8\xf2$\xfc\x16v\x05\xb3\x15\xae\xf8\xbe\x10\x8fOO\xe6\x93\xe7\x16"\xbaW\x8b\x1c^"4Cl\x05\xacyy k\xfbE\xd8\x80U\x13\xcaKne\r\xe4\xa4\x04J\xa3\xf5AS8\x1c\xc5'
p14
tp15
bI523
I0
F0.0
tp16
.