2020-04-12 21:49:13,012 INFO:Using CosmoHammer 0.6.1
2020-04-12 21:49:13,012 INFO:Using emcee 2.2.1
2020-04-12 21:49:13,014 INFO:Sampler: <class 'cosmoHammer.MpiCosmoHammerSampler.MpiCosmoHammerSampler'>
configuration: 
  Params: [18 61 98]
  Burnin iterations: 250
  Samples iterations: 500
  Walkers ratio: 20
  Reusing burn in: False
  init pos generator: SampleBallPositionGenerator
  stop criteria: IterationStopCriteriaStrategy
  storage util: SampleFileUtil
likelihoodComputationChain: 
Core Modules: 
  Bkcore
Likelihood Modules: 
  BklikeModule

2020-04-12 21:49:13,014 INFO:start burn in
2020-04-12 21:49:13,018 INFO:MPI Process rank 0 starts sampling
2020-04-12 21:49:18,969 INFO:Iteration finished:10
2020-04-12 21:49:24,489 INFO:Iteration finished:20
2020-04-12 21:49:29,504 INFO:Iteration finished:30
2020-04-12 21:49:34,189 INFO:Iteration finished:40
2020-04-12 21:49:39,139 INFO:Iteration finished:50
2020-04-12 21:49:43,893 INFO:Iteration finished:60
2020-04-12 21:49:48,569 INFO:Iteration finished:70
2020-04-12 21:49:53,298 INFO:Iteration finished:80
2020-04-12 21:49:58,926 INFO:Iteration finished:90
2020-04-12 21:50:03,877 INFO:Iteration finished:100
2020-04-12 21:50:09,109 INFO:Iteration finished:110
2020-04-12 21:50:15,017 INFO:Iteration finished:120
2020-04-12 21:50:20,427 INFO:Iteration finished:130
2020-04-12 21:50:25,705 INFO:Iteration finished:140
2020-04-12 21:50:29,273 INFO:Iteration finished:150
2020-04-12 21:50:33,991 INFO:Iteration finished:160
2020-04-12 21:50:40,297 INFO:Iteration finished:170
2020-04-12 21:50:45,901 INFO:Iteration finished:180
2020-04-12 21:50:51,285 INFO:Iteration finished:190
2020-04-12 21:50:56,478 INFO:Iteration finished:200
2020-04-12 21:51:03,244 INFO:Iteration finished:210
2020-04-12 21:51:09,333 INFO:Iteration finished:220
2020-04-12 21:51:14,043 INFO:Iteration finished:230
2020-04-12 21:51:18,805 INFO:Iteration finished:240
2020-04-12 21:51:23,341 INFO:Iteration finished:250
2020-04-12 21:51:23,341 INFO:storing random state
2020-04-12 21:51:23,343 INFO:burn in sampling done! Took: 130.3286s
2020-04-12 21:51:23,343 INFO:Mean acceptance fraction for burn in:0.6061
2020-04-12 21:51:23,343 INFO:Reseting emcee sampler
2020-04-12 21:51:23,351 INFO:start sampling after burn in
2020-04-12 21:51:23,352 INFO:MPI Process rank 0 starts sampling
2020-04-12 21:51:27,825 INFO:Iteration finished:10
2020-04-12 21:51:33,262 INFO:Iteration finished:20
2020-04-12 21:51:38,190 INFO:Iteration finished:30
2020-04-12 21:51:42,992 INFO:Iteration finished:40
2020-04-12 21:51:47,971 INFO:Iteration finished:50
2020-04-12 21:51:53,312 INFO:Iteration finished:60
2020-04-12 21:51:58,743 INFO:Iteration finished:70
2020-04-12 21:52:04,553 INFO:Iteration finished:80
2020-04-12 21:52:09,622 INFO:Iteration finished:90
2020-04-12 21:52:14,524 INFO:Iteration finished:100
2020-04-12 21:52:19,517 INFO:Iteration finished:110
2020-04-12 21:52:24,402 INFO:Iteration finished:120
2020-04-12 21:52:28,848 INFO:Iteration finished:130
2020-04-12 21:52:34,061 INFO:Iteration finished:140
2020-04-12 21:52:38,801 INFO:Iteration finished:150
2020-04-12 21:52:43,480 INFO:Iteration finished:160
2020-04-12 21:52:49,091 INFO:Iteration finished:170
2020-04-12 21:52:54,981 INFO:Iteration finished:180
2020-04-12 21:52:59,609 INFO:Iteration finished:190
2020-04-12 21:53:04,355 INFO:Iteration finished:200
2020-04-12 21:53:09,125 INFO:Iteration finished:210
2020-04-12 21:53:14,080 INFO:Iteration finished:220
2020-04-12 21:53:19,112 INFO:Iteration finished:230
2020-04-12 21:53:24,634 INFO:Iteration finished:240
2020-04-12 21:53:30,221 INFO:Iteration finished:250
2020-04-12 21:53:35,844 INFO:Iteration finished:260
2020-04-12 21:53:41,128 INFO:Iteration finished:270
2020-04-12 21:53:45,587 INFO:Iteration finished:280
2020-04-12 21:53:49,490 INFO:Iteration finished:290
2020-04-12 21:53:54,429 INFO:Iteration finished:300
2020-04-12 21:54:00,020 INFO:Iteration finished:310
2020-04-12 21:54:05,123 INFO:Iteration finished:320
2020-04-12 21:54:10,040 INFO:Iteration finished:330
2020-04-12 21:54:15,254 INFO:Iteration finished:340
2020-04-12 21:54:20,385 INFO:Iteration finished:350
2020-04-12 21:54:25,294 INFO:Iteration finished:360
2020-04-12 21:54:30,543 INFO:Iteration finished:370
2020-04-12 21:54:35,919 INFO:Iteration finished:380
