(S'MT19937'
p0
cnumpy.core.multiarray
_reconstruct
p1
(cnumpy
ndarray
p2
(I0
tp3
S'b'
p4
tp5
Rp6
(I1
(I624
tp7
cnumpy
dtype
p8
(S'u4'
p9
I0
I1
tp10
Rp11
(I3
S'<'
p12
NNNI-1
I-1
I0
tp13
bI00
S'aC-o\x16\x16\xf1\xfa\x11\r\xbf\xc0<\xf5\x16\xc1\x8e\x0e:\x1d\xa4\x91\xcc\xfc.k\x1c~(/e\xf7\xee\x9cn\x11\xff`\xb5\xff \xec\x18\xf5\xcd\x05}K\xbaRk\xf7K\xb6\xdc\x88J\x16}\x93\xe3\x90\xabXs;\xe7\xfd\x17\x07\xfb\x81\xdc\xe72u\x9b\x0f:\xf9\x1a\x1d\xa3\x87\xb3\xb3\x9c\xa3\xe7\xb5\x97I-\xd37RT:\xfa?\xb0!\x89\xd0\x89\xb9\xa1!\x057\xed\x99\x91h\xad\xbf\xf2o\xafa\x0ba\xfc%fV\xf5\x11\x07w7]\xd3$\xe2\xda\xd7S\xaaO/\x87\x8em \x8dm\x07\xbbv\x01\xa4&\xa2\x05\x87\xb7\xfe\xca\x0c\xc3L\xe7\xdf\xde\x7f\xffo\x10\r\x8f3\x87\xaa\\>\xb3\xc97,\xe6dEke\xf6\xc3\x14\xa5\r\xad\xa7\x9e\x9cO\x15\xaejOtb\x1a\x99\xff\xcf +K.[\x88P\xbdDs\xf3\xc4\xa9\xb7\x87\x8a9\xbc.\xcc\x11\xa1o\x93\xa7O\xf9\xedA\x87\x97;\x08\xcb\x848\xa2\xe2\xb7}\xde\xeb\xd5\xfaBV"]\x7f\xb6\x82a\xdbNFm\xaa\xda8\xad\xf1x5|\xb1%\xe9\xfb\xf4\xaf\xady\x8f\xccLdk\x04Ga\xb2I7\xc2\xdb\xf2\x1c\x8cT\xb5\xb0 16\xe4o\xb0X\x85R\xdci\xdc\x8e\xfe8WK\x0f\x83,\xdew\xcb\xabW\xbc`\x12\xa2,\x80m\xaa\xd2p\xf8\xefU[\xac\x9d\xfbn\xfb\xa2\xbc(\xfa\xe6\xf5\xdc\xd8Q\x1a\xcf\x03\x88\x1cd\xf4\xb22c\x9e~7f\'\xd8\xc6\xb2oOo\xb5\x98S\xcc\x81\xbc\xea\xb6L\x8bm[V\xdc>\xa5\xbcm\xcf\x80\xab(\x91\xafxE\x16-\xa0\xbaD\x0f|\x90\xea^\x12w\xaf\xc3\x17\xaf\xb6+\xfd_\xa3w\xaeu\x85\xe2\x8f\xdb\x0b\x0e\xbf\xb5\xfb\x98\x0c\xe7\x91\x83Hf\x04\xa1Q\n*\xd1\xc3\xb8\xee\x17\xd1\xefD\xd2\x86\xf3C9\xb6\x88EV\x83)\xe7\x9c\x88\xa8\x1fU\xa25\xd8\xf8\x81\xc3\xde\x02`\xa9\x0c\xc6\xf7\xc7\xfb\x1c\xc0\xe6\xce\x16\x05R\x88\x01\x11\xaf\x0bD\xdd:\xed\x05\x84\xdck\x13\x1a{\x95Ks\xb0U0\xfd\x81DEl\xa9\xb94B\xc8Ur\x94\xb7\x8fT\x08\xedhr\x80\r\x03\xed\xf0jS\xbd\xf9\x82\xb8\xefI\xb4FP\xcc\xb7^\x94\xbe\x01\xc6i\x98@q\xab\xc9\x85\x9e\t\x1d\xa9\xaa~r\xc8\xa2\xa2\xac\xd2\xaa\x9eE\xe7\xf5pg\xb6\xf2\xc3\x8d\x98\x95\xf8`\xa7)J\xc5\xe3_3\xc6\x84\xa0\x07\x8c\xdc\xf6\x8f\xc2^\xc9\xcd%\x85n\x90\x84\xd5\x1c\xdby1e\'\xad\xa3\x8c\xbawb\xa9\x98\xff\xfb\x8e\x03#\xba6\xf3\x0b\xfe\x8c\xc1%d\xb0\x8a\x99\xc9\x13D8\x88\x12UT\x8a\xd5`\xc7\x8d\xc4X\xdf57n\xd3.\xb3\\\xab\x86\xa5q<\xd2\xe2`y\xe0hJ7iP\xdd.\xcb\x1c\xaa/\xf9\x11\x8e\xbe\xa4\xf1\x8c\xe2\xd3\x8f\xd9\xbb*\x9d\xe34\xb8\xad\x86k\x99.g2TJ\x98\xb0\xb6Y\xb5\xa9\xc8c\xd6g\x8b\xbd\x8a\x05\xdb\xf4\x0fS\xa5\xbb\xdd\\B\xa0\x86\xe5\x92/dJ\xfdKoJ\xf7\xaa\x0c\xfc\x91qx\x00n\xcfN^\xa8\x18\xe5\xf5%W\xef\xe8\x9b\xa0\x9fv\xa4\x08\x9f\xfd\x10f\xe4\xd6\x15\xb2\xc6\x7f\x7f\x1e7;sR\xaa\xb0[z\xdc\xa6*3\xb45\x0c\x94FW G&O\x9c|\xcfu[\xb2y\x0c\xc1\xa6/\xd7\xc1\x82\xd9U\xabO\xaa\xc2\xcf\xe8H\xb1\x8a\x02\xbelO\x00\xecj\xc01\xc9\xd4p\x05R\xac\xe3\xf7{+F\xfb^\xe4\xb5\xe7\xe5\xfe\x90\x01\xc9F\x89\x98\x94\x0bN3\xeb\xe2\xa0\xc7=\x87F\xe4 \xce\xa9\xfb,\xb0\x11\xad\x1a\x9d\x93e\x1a\x8e\xd4\xd2\xaf^\x85Z\xc5`<\xe0\x88V\x02\xadG\x0b\xf5\xd5\xcae\x19\xf6 \xcb[\xbc\x12\xbc!\xf2\xc3\x1b6h\xeaQl\xb43\xce\xee\x0c\x83z\x1fna\xaff\x95\xee\xa2\n1\x88\x19 \xe1,\x0fD\xb6}\x16\xa6\xf2N\xc6j!\x19 \x0f%56u\x1a\x03^\xe3\xe6\x80~\xd2!\r/&\x0b\xf3\x7f\xdd\x1bRG\x14\x95\xbb\x83\xccI\xa0\x14`\xbf?\xf0\x10\xf6)\x85$\xd9\xcc\x9a\xd2\xbf\x1c\x15PN\x15\x19\x80{\x1bH\xc0\xe26\xcf#\xef\xa4~\xa4lHW\xe7R\x12\xb3\xe2\\\xe5\x97\x120\x943\x1fC\xc9\x8d ~\x8b\x18\x946\xe2\xf2i\xc2)sa\xe2o\xad\rAq\xb5\xf3\xa0\x15N\xca\xfd\xc7\xab\x08\x1a|\xf2\xd0\xa2\x11\x02\x90\x08\xfap\x9d\xac\x8e\xfc\x19\xf1xg\xda\x7fE\xf2\xc0>ZXI\x1c\xacvm\xa0\xc2`\xb2\xdb\x19\xc7.}\xd77R\xf5\xed\x19\xb4~\xe2\xdft\x88\xbf\xd2.\xee~P\x8c\x97z\xa8\x1f&F\xe5A w\xbbt\xf4\xb7\x01\xa2\xe9\xf1\xb6\xe7\xfb\x85\xcf\x0fK\xc9x\x85\x89\xd6\xb9\xad;\xf6\xcfrPN)\x04\xfd\x10\x10&\xa4\xd9:\xac^\xe1$ZG;;@\xf8&\x8f\xe1t\xa6>S\\\xd7A\x92\xb4H\xe0\x87A\x8d\xd8w8\xc0L\x12\xc7O,k\xfd!\x0c\x85\x08\xc4.*m\x17s\x02\xf1z+\xc3A\x1d\xd3\x08\xe5rD%\r\xd9K\x84n:\x91\x04p|\xabg\xfd\xdd\x86c\xb3\xed\x9b\xbd&\xf80^\xd5z\xe5M\xe7c\x83a@\x83*\xc9\x04i\xa1\xbd\xcex\x83\xa1\x81\xf3\r\x10\xaaR\xe2\xc2\xc5y\xef\x93\x9e\x03^7\x89^\\\x84\x98Ik\x9aF^\xcd\x01\xa9\xb0b(\xec^\xb5+5\x11\xad\x18\x01\xf7\x89U(\xc7qF8\x87E\x08t\x16\xd1\xaa\x95\x8c\x85\xd71\xaf\x94\xe0\xcd\xa1@\x18\x8e\x85\xbe\x8f\x92e\x08J.|j\x02Ay\n\xbe9\x80\x7f.\xea8\x0b\xc3\x84\xb8w\xfc\xe5j\xc4\xefBD`_\x9a\xf6G\x0f\xb4\x05\xd0?I\xdd\x10\x89 \x03\xdd\xd68\x06\xb0R\x17:\xf3\x86A\xf5\xda\x8a\xfd\xc6\xe7Y<fC\xe2B\xf9\xb2\xa4.v\x9fh\xa5\x9cL3\xc8\xb6\x8a4\x07a\xcbK@\x15]\xb4\xd4(\x11C\xb7\x01\xa5_\x93u\x81\xcc\xb1e5J\xd3I\xa2\x19s<?Xd: \xcb\x06\xf6\xfc\x0fw\xc82\xe8t\xd7K\x0b\xdeG\xd5d^aF\xc3+w\xf6\xb2"\xd3\xabMV\xa5\x88\xcb^\xfb\xf8/\x17\x02"\x98\xe4\xe0\xb1\xe3\xa8`\xe5\xde\xd9\xc4\x07\xbb\x8cM[\x9d\x04\xc6R\xcei]y\xa6\xa4\x94\xc45l\x1eI$\xe9\xbeV\xb0\xc4 q\x88(\x07l\xe8a~hS\xcd8\x1e^\x1d\xb3?\xf3\x11`\xe1\xc0\xdf!\xc0\xf0\xa4\xb5z\xd7\xf8\x11\xe8\x91\x05"\x83\xa2\x1a/l\xaf.LX-\x1bF\x1e\t`\x1d\xe9V\x16z[\xf39\xeb+L\x89\xc7\xf0i\xe8u\xe8\xef\xef\xbb\xf6a\xcaW\xde\x9a\xc7$\xc9A\x89\xfa\xfd2\xd4C\x97i\x84\xb9\xf3\xa9p\x17\x16\xcb\xb3\xc9:n\xe0\x0b\xe9"\x12:=;\xfeC>\xebrh#\xec)\xf5\xdcO\x1b\xb1\xb9\x10\x06$s5\xe7B\n\xdf`\x07\xf9\x90\xd5\x18\xc8\xe1W\xd0\x00\x81\xd6\xa7&\x93\xa53\xf6\x12qOQD\xb5tQ,\x06\x06\xaba\xff\x19\x06o\xf5Ou\x02i\x8f\x9c\xfd~:\x03\x11X\xbf\xb3\x8e\xfe^\xcd1,\xb7$\xd4\xef\x16\xffl\xee\xcd\x832K\xd4\x07\xa4\x8f^\xfc\x01\xa1\x0fI\x9c\x8a\x16\xfcmh\xb4\xcfk\xbb\x9bK\xb2W\xe3)\x98r9lX\xd0\x8a\xbc\xb9\x90\x12-2$?\x7f~\x82\xa1\xee`\xf3\xbaI)G\xdb\xa9\xcaKcU\xd9\xae\xc4\x911\x1b\xd9\xc5\xc2:\x12zA\xa8\xfd\xd5\x1a\x0b\x8f\xdaW\x8f1\xcc\xeb\xfd\xad\x99\xb9\x87\xda7\x15\xc5\xe5\x87\xd8\xa9;\xafBz\xc5\xee\xe0\xab\xe5Z\xc0G\x92\x13\xbb\xa3\xd9R%\'\x7fF\xd0\xb8\xbf\xc8\xd58J\x1f\xeb\xa4\x9d\xb5\xf1\xca\xc3$\xd0]^\x99Y}\xd6\xe4\xebA3\xe3\x9d]\xa3\x0fxF\x08?U\twG\x97r|\n\xae\r0\x1dtHX\x0e\xaa%\xb5\x98\x88\x12\xf0\x85\x117\xb7>\x87ud\x97\xde\x83C\xd2Q\xd6^\x95<K\xca\xa3\xc3p\xe7]\xf819\x16c\x9f\x86mOs\\[\xb1\r]q;:S\xd8>\xe6zj\xf7\xaa\\\x956\xc6\x88UR;\xdf\xe8Ai\xb3e\xdd%f\xf7.~\xfe(\x847\xdd>t\xc0\xcb\x99\xe6~\xf5\xa5J\x8b\x9cD\x05\xe8;\x89\xef\x12\x17&\xf3-8H_\xfde\xd1\x1c\x8au\x98\xad\xbco\xb7\x9a\xe1\x11q\xfd\xff\x10\xae\xc2\xf3\xf9\x1b\xa6;\xd0\x07}R$d \xbd\xfe\xdf\xa1X]\x12\xd0\xbb(\x96s\xc0\x9e9\xcf\xf5\x0f\xad]\xd4\xa9\r\x1e{\x0fX?4\xc6\xb6|\x03\xac\x85\x06\xbb(\x94\xa8\x8b\xb9\xd4\xbel\x1dPW\x00\x83e\xf0r\xa1\xd7\x1a\x01D/\n\xa61R\x0c\x97\xa8_\x87\xf9\r!9#p\t\xa4\xea:?y\xe1\x81\xd4\x9b}\xbf\x03\x90\x90\xb4\x80<P .&\x17\xfa:\x02\xe2\xd0b\xc7\xda\n\x15\xc7\xf3\x199t8\xa4\x8b\x97]\xba\xf5\x94\x95H.\xa5<\x17=\'\x01\x13GR\xe7\xfdE\xcb\x9f"\xb2\xe2D\xdf\x05\xacE\xa8\xc3\xba\x11\x0b\xa8\xdeXY\x00\xf0\xb2\x01j#\xfet\xd8\xe1\rZ\xde\xb1rN[T\xc0Q\xe7\xa1l\x1eU\xf8i\x16\x1c?\xe3%\x03F\\\xe8\xfc\x98\xdc@n\xe2\xf7Q\xe4K\n2l\xcc\xcd\'B\xa7\x8e\xd7Vs\x17\xff0#m3x\xc5V\xf0\xfd\xb4\x9c\xfd\xc1\xcb\xa9\r\xbc\xec;\xe7O\x1e\xc6\xfd8\xa9i\xf1 \xb8\x99sV\xa2\x16\xbeZ\x9d\x96\xc0\xf0\xa8\x89=L\xdd\x97\xb1\xe1I\xc0g\xbfw\xa0\xccdlv\x0cluW\xfd\xe4U\xae\x8cS7\xfa\xe5\xfa\xdc\x10\xd7\xef&\xd1\x1c\xf6\xc8\x98\xa7\'\x81\xadq&\xef\xea\x01\x16\xfc\x84\x9d\x02\xf7Q\xd6^\xd7L#\xfa\x88\x15\x8e:\xf1\xf4\xb9%\x137\xf6!\xa3\xf8\x88S\xd2\\\x8f\xa2*\xceM\xe1\xd0@\x97\x13@\xe7\xec^\xb7\xf7\x94\xf7\x10I \xdeQ Y\x10\xa6\xf3{Ljq]^\x11\xeb\x99r\xa2\x9d\xcemB\x17\xed|\x12\xc6WLC\xae\xda\x96WO\xd2\x01Hox\xdc9?\x9d\xfeI_\xb7j>r\x12\xd6\x8f\x9ax*\xa8\x86\x91\xc8/\xcb\xa4\xe4y'
p14
tp15
bI490
I0
F0.0
tp16
.