2020-04-11 01:21:35,452 INFO:Using CosmoHammer 0.6.1
2020-04-11 01:21:35,453 INFO:Using emcee 2.2.1
2020-04-11 01:21:35,454 INFO:Sampler: <class 'cosmoHammer.MpiCosmoHammerSampler.MpiCosmoHammerSampler'>
configuration: 
  Params: [250.  65. 750.]
  Burnin iterations: 250
  Samples iterations: 500
  Walkers ratio: 20
  Reusing burn in: False
  init pos generator: SampleBallPositionGenerator
  stop criteria: IterationStopCriteriaStrategy
  storage util: SampleFileUtil
likelihoodComputationChain: 
Core Modules: 
  PScore
Likelihood Modules: 
  PSlikeModule

2020-04-11 01:21:35,454 INFO:start burn in
2020-04-11 01:21:35,456 INFO:MPI Process rank 0 starts sampling
2020-04-11 01:21:37,362 INFO:Iteration finished:10
2020-04-11 01:21:38,504 INFO:Iteration finished:20
2020-04-11 01:21:40,525 INFO:Iteration finished:30
2020-04-11 01:21:41,938 INFO:Iteration finished:40
2020-04-11 01:21:43,361 INFO:Iteration finished:50
2020-04-11 01:21:45,389 INFO:Iteration finished:60
2020-04-11 01:21:47,621 INFO:Iteration finished:70
2020-04-11 01:21:49,589 INFO:Iteration finished:80
2020-04-11 01:21:51,539 INFO:Iteration finished:90
2020-04-11 01:21:53,387 INFO:Iteration finished:100
2020-04-11 01:21:55,180 INFO:Iteration finished:110
2020-04-11 01:21:57,179 INFO:Iteration finished:120
2020-04-11 01:21:59,068 INFO:Iteration finished:130
2020-04-11 01:22:00,878 INFO:Iteration finished:140
2020-04-11 01:22:02,573 INFO:Iteration finished:150
2020-04-11 01:22:04,253 INFO:Iteration finished:160
2020-04-11 01:22:05,941 INFO:Iteration finished:170
2020-04-11 01:22:07,589 INFO:Iteration finished:180
2020-04-11 01:22:09,326 INFO:Iteration finished:190
2020-04-11 01:22:10,989 INFO:Iteration finished:200
2020-04-11 01:22:12,773 INFO:Iteration finished:210
2020-04-11 01:22:14,460 INFO:Iteration finished:220
2020-04-11 01:22:16,151 INFO:Iteration finished:230
2020-04-11 01:22:17,858 INFO:Iteration finished:240
2020-04-11 01:22:19,550 INFO:Iteration finished:250
2020-04-11 01:22:19,550 INFO:storing random state
2020-04-11 01:22:19,550 INFO:burn in sampling done! Took: 44.0964s
2020-04-11 01:22:19,551 INFO:Mean acceptance fraction for burn in:0.5794
2020-04-11 01:22:19,551 INFO:Reseting emcee sampler
2020-04-11 01:22:19,553 INFO:start sampling after burn in
2020-04-11 01:22:19,553 INFO:MPI Process rank 0 starts sampling
2020-04-11 01:22:21,231 INFO:Iteration finished:10
2020-04-11 01:22:23,034 INFO:Iteration finished:20
2020-04-11 01:22:24,835 INFO:Iteration finished:30
2020-04-11 01:22:26,579 INFO:Iteration finished:40
2020-04-11 01:22:28,332 INFO:Iteration finished:50
2020-04-11 01:22:30,015 INFO:Iteration finished:60
2020-04-11 01:22:31,937 INFO:Iteration finished:70
2020-04-11 01:22:33,644 INFO:Iteration finished:80
2020-04-11 01:22:35,359 INFO:Iteration finished:90
2020-04-11 01:22:36,990 INFO:Iteration finished:100
2020-04-11 01:22:38,761 INFO:Iteration finished:110
2020-04-11 01:22:40,564 INFO:Iteration finished:120
2020-04-11 01:22:42,328 INFO:Iteration finished:130
2020-04-11 01:22:44,038 INFO:Iteration finished:140
2020-04-11 01:22:45,869 INFO:Iteration finished:150
2020-04-11 01:22:48,113 INFO:Iteration finished:160
2020-04-11 01:22:50,235 INFO:Iteration finished:170
2020-04-11 01:22:52,046 INFO:Iteration finished:180
2020-04-11 01:22:53,835 INFO:Iteration finished:190
2020-04-11 01:22:55,627 INFO:Iteration finished:200
2020-04-11 01:22:57,478 INFO:Iteration finished:210
2020-04-11 01:22:59,189 INFO:Iteration finished:220
2020-04-11 01:23:00,918 INFO:Iteration finished:230
2020-04-11 01:23:02,620 INFO:Iteration finished:240
2020-04-11 01:23:04,270 INFO:Iteration finished:250
2020-04-11 01:23:05,965 INFO:Iteration finished:260
2020-04-11 01:23:07,664 INFO:Iteration finished:270
2020-04-11 01:23:09,395 INFO:Iteration finished:280
2020-04-11 01:23:11,068 INFO:Iteration finished:290
2020-04-11 01:23:12,763 INFO:Iteration finished:300
2020-04-11 01:23:14,578 INFO:Iteration finished:310
2020-04-11 01:23:16,336 INFO:Iteration finished:320
2020-04-11 01:23:18,075 INFO:Iteration finished:330
2020-04-11 01:23:19,878 INFO:Iteration finished:340
2020-04-11 01:23:21,561 INFO:Iteration finished:350
2020-04-11 01:23:23,396 INFO:Iteration finished:360
2020-04-11 01:23:25,128 INFO:Iteration finished:370
2020-04-11 01:23:26,858 INFO:Iteration finished:380
2020-04-11 01:23:28,587 INFO:Iteration finished:390
2020-04-11 01:23:30,314 INFO:Iteration finished:400
2020-04-11 01:23:32,012 INFO:Iteration finished:410
2020-04-11 01:23:33,746 INFO:Iteration finished:420
2020-04-11 01:23:35,516 INFO:Iteration finished:430
2020-04-11 01:23:37,329 INFO:Iteration finished:440
2020-04-11 01:23:39,360 INFO:Iteration finished:450
2020-04-11 01:23:41,224 INFO:Iteration finished:460
2020-04-11 01:23:43,040 INFO:Iteration finished:470
2020-04-11 01:23:44,873 INFO:Iteration finished:480
2020-04-11 01:23:46,873 INFO:Iteration finished:490
2020-04-11 01:23:49,021 INFO:Iteration finished:500
2020-04-11 01:23:49,021 INFO:sampling done! Took: 89.468s
2020-04-11 01:23:49,021 INFO:Mean acceptance fraction:0.6027
2020-04-11 01:23:49,021 INFO:Sampler: <class 'cosmoHammer.MpiCosmoHammerSampler.MpiCosmoHammerSampler'>
configuration: 
  Params: [250.  65. 750.]
  Burnin iterations: 250
  Samples iterations: 500
  Walkers ratio: 20
  Reusing burn in: False
  init pos generator: SampleBallPositionGenerator
  stop criteria: IterationStopCriteriaStrategy
  storage util: SampleFileUtil
likelihoodComputationChain: 
Core Modules: 
  PScore
Likelihood Modules: 
  PSlikeModule

2020-04-11 01:23:49,022 INFO:start burn in
2020-04-11 01:23:49,024 INFO:MPI Process rank 0 starts sampling
