(S'MT19937'
p0
cnumpy.core.multiarray
_reconstruct
p1
(cnumpy
ndarray
p2
(I0
tp3
S'b'
p4
tp5
Rp6
(I1
(I624
tp7
cnumpy
dtype
p8
(S'u4'
p9
I0
I1
tp10
Rp11
(I3
S'<'
p12
NNNI-1
I-1
I0
tp13
bI00
S'\xb6(\xd9DT,`\xf0x\x97\xe345_\x1c\x19\x9eH\xb0D\xa01DR\x90"I\xb2\xa3\xf9\xb7\xcca\xee7\xf5\x15"Wf\xfah}%\xeew\x80\xd5c\x93\xda(\xb0C0\xa3\xe6\xa2\xa1\x96t\xf4\x92\x12\x08\x9f\x8f\x0e)!w\xe5+\x88]\x7fm\xcc\xf9\x91\xc5j@9\xa1\xd8\xc3{w\xf0\r`vf\xf3\x08\x16\x12!\xaeS\xbd\x08\x10#\x86w\x0c\xdfm73\x001C^\xc4\x80?a\x9e]\xb7\x1c\t\xf0\xac\x90wZ\x82K\x1c\xa7|\xf3\xa6\x13\xc6\xa1\xd13:O\x83\xbc\xc8\xbb\x91\x9e\xc9D\xfc\x02\xeb\xa8\x80\xfdQ\x0e\xc9T]\xd6\x00\x98.\x1d\xe6w(\x7f\xd2\x90\nk\xa0\xedA$\xbd>\x90\xd9\xd9I\xb7\xb3\xc7^\xaa\xfa\x14\x93\xac.\x8d\xb6\xa7\xf9\xa2bD\xcd\x07w\xcdPe#\x16\x93%\xaaO\x86\xc2\xd4\xd1=\x16\xc0\x16\x01\xc4A\x81?H\xd7\x08\xf0\xca\xe6\xc9\x11\x16\x8b\x1c\x88\x15\x06^u\x02\xefs<@)L\x9c\xd4/\x85t\xf5\x02\xacb\x86C\x86\x1c\xa0\xaf|\xd9(3\xeap+\xf0\xcdT\x83\xdf\xdbp\x1c\xab\x1d\xb5y\x1e\xb14\xdc\xa5?\x18\x8e\x11H\x1b\x838M\xed\xe8\x02t\xcd\x84\xc8\x85\\x\xfc\x10\xa7\xd9\xc8\xabT\xb0\x17\xf73"\x9a\xd88<^\x16y\x9b\x101R\xc6\xcc"\x1f\xce3K\xf3;\xf8\xc8\x08I^tQ/\x19\x8eK\xefg\x8e\x96\xd4\xf2_{\xd8d\xb8\xeb\x03\xf6\xdd\xd55\x1f\x80\xc7\xd8\xe0)\xb9Yx\xe5\xd6\xe3R{:\xccpz\\s\xaa\xfa\xcb\xc8\xec\n\xd1\x93\xe9O\xa2\xdd\xf5\xd33\x806\x02@\xd0\xda\xdf\xbb2\xdcI\xcc\x9a\xcf\x17}q3\xb0"V\xd3\xf5\x1e\xacP.Sc\x87\x0c2\x8f\xea\xe7t\x9c\xa0+o\x86\xdeo\xea@\xb3f\x03t\xf01f\x8f<>\xc0\x0e\xff\x10\xf8\xdb\xd6k\xca\x10\xea\xe5\xc0\rO\xb0\x7f\x19\xf3\xa3t\xf6\xc6E\x16\x0f\x9a\xc8L\x85\xd7\xcb\xd8v\x04\x9c\xbfA\xc9\x10\x87[\x06\xefHW\x0e\xc9\xe6\x1cq\xba\xb2 \x890\x01\xcc\xc4Ln\xdd\xd7<\x8b\x12\x19"E\x90OTe\xf3\x93CYG1\x9d\x17\x9al\x02\x01II/\x99}\x8f\xb7r\x97#\x9a\xc7!\xb1\xfa\x9e\x01\x93\xdcQ\x99\x01\x02\xc4\x1ftbp$\x8a\x08\xed\x12T\t\xe1\x0bh\xf7\xcb\x0b\xe7Y\x13\x0f\xaal%\xd1\x82\xfb\xac\xd6\x1d\x14|ys\x8a\xe3]hPN\x91i\xa2\xd6\x1c\xa2\x9dO\x0f|\xbeL\xc5\x1fJ M|\xd9rqI\x03\x04\xdd\x17\x96\x82\xddH\xe7\x16\x11C\x14\xb8\xee\x10\x06\xf7\xfb\x8e\x8c\x05\xfa\xf9\x1d\xd0\xb8\x1c\xf7r\x15l\x00\xee\x16=W\x17\xe2\xa6\xd1}_db\x80=\xda\x05\x81\x0f9{\xdd\xf4\x84\xa1\xea\xa5\x94T\x9b\xfb\x168\xadbq\r\x94\ni\xab\\\x04ob\x89\x930\n\xce+B\x08/\xf1\rT\xa5\xbd}\x82\x92\x84{\xbf=\xe6\xb6"\xfc?\xad\xf7\x9e\xf2\xd4Z\xd8\x1c\xc8\x96\x15\xaek\x86\xd61\xa2\xe9\xe1jX\xab\x0b\x98\xde\xd0\xc9\x94\xca<\x8f\x13\x05]\xe75\xe0d\x02K<\x18\x9e[\xfc1b\x07\x81\xf4B\xc5\xfc\xc1\x88\xe8\xf7\xc7\x0fT7=\xdf$(a\xe5au\xed?\xc4\xf9\x88\xda\x0b\xd6\xac:F\xa9w(\xbf&\xdbE\xf0\x86\x12\'`\xc60lJx\x00_/\xff\xcf\x12P\x96\t7\x1fJ)\x8e.\xc4\xa7\x89\x06\xd7\xbf\xa8TB\xef\xe9\x1cd\x15\xe8TR\x1a)%/\xd2\xb8\x9b\x81\xe6\x15\xe4\x7f\xe1W\x1a\n\xd9M\xd5\xa4q\xf7jZ\x00\x98\x02\n\xbc|$\xfd\xf2p=$\xd1\x7fT\x8e\xc0\xa4\x97\\\x11\x0c\x15E\xf1\xd6\x01\t~l\x9e\xb0\x1e\xbb\xc6\x0f\x85.\xae^\x03\xe8\xc5\xa4\x9c\xe8\x07\xce\xb1\xfd\x05$\xb4\xc0\xe6\x9a\xa1:\x00\x07\x0e\xd0\x08\xbf\xa0meWvP\xe1K\x95\xee@A\x95\x0f\xe4\x1f\xe40\xb11 v\xa1?[\xda`m2M\x8d\xfft\xef\xf6\xf9Z\xd4\x14{\xae+\xf6v\xf5\x0fX\x03\n\x9b\x1a?q\x93\x97m]#\x88\xa5\xde\x85\x02\xa6\xf5\xa5\x15\x8fz\xe61\x18\x8e@\x04\xe5\x06\x9e\x9e\xea\xa9\x8d\xcd\xc1\x90\x17\x8d\x174\x18C_W\x84\xf9%\x9e\x06\x04\xa9\x88[\xed\xe8\x93\x9e\xe4\xcc\xb4\x02\xbaUM\xbf9#k\xb4\xab\x9at\x89?\xa1q\xb7\x1e\xaa\x02\x18R\x8f\x8be\x18C\x9f?\xac5\x92\xb1b\x82\xc5?\xfa\xdf\xb6\xba\xd1\xb8h\xdeC\x98\xc848\xe3\xd8\xcegl\xbf\x9783\x87\n\x10+eAe\x88\xdc\x9e\xfc\x18\xee\x10\xc2\xaa\x98\x83H\xb4\xff\xa2R\xf42\xa4\xbd\t\x8cV;\x1c\xf6\x1f^\xbbQ\x076\x8f\xe0\x86\x03\xe1\x8d\xed\xee\xdaB\x02\x9b\x98\t\x02\x9d\x00=\x05x\xd6W\x9a~\x10\xb5`*\xe4\x90\xd1\x12Cd\xdb\x88\xf3Yr-\xa1\xa6\x07\xf06\xbd;\xb6J#\xff<\xb1\xf7V\xeaJT\xe2d\xa76;\xa7\x15z}\xfea\xbb\xcaJ\xbcA\x99\xeb\xfd\xd6e\x9c\xa3{\xc1\x05a\xd6\x99"\x86\xb8*\xa1OB\xc3Z\x9f#\xdb\xd0\x810\xdc\xab\xdb\x9e\xf1\xbe\x83c\x80\xe9:\x98\x0b\x9d\xd0\xd4\x91\xbe\x1e\xb4\x817\x9aS8[\x91\xfb\xa3\xea\x0c\xea]\xd2[\x19"\x88\x0b\xb3\xb3\x9b\xa3MT\xfaf{\xd5\x8d\x15\xb0\x95hk\xf1\xd3i\x91\xd6\xf1\x88CV"R\x01\xd6\xf4\x94\x04K\xed\xa7\x81)\x8d@\xa0\xe9\x18\x91\xe4\x90\xf8\\{\xbf\xc1\xd8 \xec\xf9\xb5\x1f!\x93\xfa\x8b#& \xcc6\xbeU\xd3p\x04\x83\x83XD\xbf\xa7\x92TD\xd8\x8b\xb7\x15\xb4\xeaV<\x8d\xab+\xe3\x8e98\xe3\xa3\xe3\xdb\xfbq^j\nQ\xf6\xd8\xd7KH\xbb\xe6:\xac\xffu\xcau^\xf4n^\xb8\x84\x89\x83\x8a7]~\xd6\x9c!\xad7\xe9\xb2\xa64\x0f\xa5\xa6\xbdb\x14n\xf9\xfe\xcfz9\x19\xd1\xc6\x19\x06~\xa1{\xa9]h\x0b\xf2*/\x02\x17\x9e\xbe;\x10\xf8k5\xb8\xab\x05\x00W\xa5\t4\x87@\rQDI\x8div\xf5\x1dS\xf1Q\xb7Jn,\xc1\xb9\x80\x97\xa8\xedf\xde\x00d\xf3\x8b\x87\x9e\xa0z\x84t\xb2\xdb\xaf\xf1\xc4(\xc2\x984\xc0=\x05\xbcl\x077\xd8\x0e\xb5\xa8\xcf\xb1\x8e5\x08\x9aC+\x80I\xb58wT\xb3\xa7\x0f6m!\x98v\x9b\xe6_Kg\xbdX\'\x07t\xda\xf9\xf7{\xff\xc7\x1f$\x1a\xf5\xc0L\x13\xc1\x0f(\x88& ,\xd7\xba\xc3\xca\xe6\x8e\x86\x1fq\xbb3\xd51\x12Sk\xa8\x9e\x16\x93r\xd5\xe2\xb5\xe2Ps\xaf\x16\xac\xf2\xd3\xfe\xea\x8c\x1e]\xc7\xfb\xe3\no\xa1\x96\xed\xa4\xeaj\xe8*\x1b\xda\x99\xd9\\]\x83\x97m*X\xee\xbb\xe7\xa4\x12\xb8\xd4^\xf3S\x89\x0e\xeck\x07\x8c\xf4j \n\xee\xb3\xf7|\xbdf\xa0\'\xb6\x98\xb2\x1d\xf9\xe7\xe6q\xb5\x03\x8b\xf5D\xc6z\xb9;\xa2\x13\xfaA\x1c\xc1\xe4\xf7=\xf8\x85\x9db\xdf^|\x9dV\xf1\xc2\xa4\x83\xd5Z69\x82y1\xc1)g\xd3\\\xc33\x05\x1b\x10\xbd\x15\xa8mQ\xe4\xb5\x94\xdeJY\xfe\xfd\xae\x97\x83iH|O\x7fU}\x0f\xb3\xe82\x87\xfdKHah09\\&\xc7n\xba\xc9\x94\x92\x1a\x95\x00(\x15\xc67\xd9\x8f\xf7\xf0\x8c\x001\xfc\x981\xe4\x80k\x1cy\x82DBU"\xf5\x9d\x7f\xdb\x891AY\xd6\xc1\xa8\xa4\xd1 \xf2\xf09F\xeb\xac\xf3*\xa9\xa1\xb6SL{"\xd3\x05\xb1\xb1\xaf\xa4E\xcd!\x97Mc\xf9\xcbi%\x97\x99\x03\x12\xa1\xb0\xb5\xe67\xe0\x16\x15\xd2z\xde\xa4\xa5\x11BKw\x03*K\xf0\x84\x19\x18H"F\xb1[s5\xa8\xfd\x9cR\x1f#(y\x12b\xa1\xbep\xd2\xced\x16Q\xfb53\xd6 \x88j\xa1\xdfigo\x8a\x9fd\x0e|\xc4~N<+c\xc3\xfaj\xf9\xd3\xe7\x853\xd6\xcf\x04w6yr\x84R\xd3z\xe2\xb7\xa9\xbfbE\x86\x8a7d>\xce\xe8[\x8e\xf7>J\x15\xf9\x82\n\xd7L\xaa0\xe0^\xde+\xfb\xbb\xd2\xefw\x84\xbdi]eJQ~\x07\x1dg\xd6Qa\xc6\xceMe\nqm\x8d\x87\xcd$\xb7\xcc\xb7\xba0\x83\xc0\xab7\x8f\xa2\x95Dak\n\xbd\x18\xec\x08\'\xab\xdc\x12\xf4\xd0\x94n\x8ed\xe4\x11=\xb0\xd2\xd6U3ty\xe1\x8d\xadxr\xd8\xa9G\xce<\x83\x01\xabjm\xe4\x12\xc2}>xZ\xafp\xb0^\xb3\x94\x18\x98(i\x8a\xfc\xa0$M\xa1f\x15\x1f\xf1t\x1b\x92\xcd\xb3G\xae\x95pi\xe6\xd0F\xc1\xca.\x00\xd4\x18\t\xc8,[\x12\xa6U\xda\x02\x12sL\xe1X]\xe2>\x8c\xfa\xf2\xe0\x11+\x15IA;#\xe4\xce\xa2\n\x95a\x99G\xc5(\xbf\xb1\x80\xf6\x07?\x81\xe3\xbb\xdd\x9a*\xb5\xff\xbe\xb0\xffG\x800-\x87\xdc7\x92\x19\xfd\x01\x8c\xebK\xaf6;\t\x1a\x95w\x1e\x88}\x87~?\x99l\xef\x03\xd2\x06\xba\xdc\xd7\xa4C<\xe1 L\xb1:\x97\xa0E\xe1\x161_\'\xa9\x03\x16\xa8\xc92yW\x90\xdd/,\xcf,\x80m/]5;\x1b\xc2\xe2\x8a:\x95\xfc`$\xc8\x85UA\x80|4\xb7\xb4x\xf2\',\xff\x012{{\xe4A\x0e;\r\x9ai\xc8\x90w\xf6\x85\xd1\x0c\x88BZ\xad\x02\x08N \xbe\xe8\x0c\x9a\xd1g\xd4\xf6\x04F\xa7\xf8\xb2\x81d5]x%\x9d\xb5\xe0\xdf\xaf\xfb\xbbn\xe1\x96\xc8}\x83\x0f\x10`\xec\xb3\xbaj\x98\xda\xd9\xb1|0\xc4WL\xb9\x9f]\xd2$\xd9\xca\x14f\x04\xeb\x88c\x8cb\xa8\xab\xc2\xf0{\x9c?f\xb6\xd8\x88\x9caOu\xa4\xda\xafvk\xfb2\xc3\x94y\xcb\x97\x82\xfa\xa4\x85s:\x9f0\n\x0eiN \xed\xc5\x7f\xb0\xc7<\xdb\x8e\x10=\x7f:\xf3-q\x7f\x03c\x85`+\xa8\x83\x9ax\xa6H\x05\xc6\xf0\xcbk\xb3\x0c\x0e0_\x0e\xc1q\xce/\xe2\xcc[\x06M\xf5\xde7\xfb\xf7n\xed\x94\xe2\xe3\xed\x89\x82\xe5\xebmX\xe9\xc6ob!s\xf7|\xea\n\xc6\x0c\xae\\\xfb\xc4\x18\x0c\x03\x97\xa3\xb0\xfc\xb4\xd1\xf3)\xa54f\xb3\xad\xa6\x17}\xea\xc5\xdc\x83kf\x06"\x05/\xd3\xb2LN'
p14
tp15
bI494
I0
F0.0
tp16
.