(S'MT19937'
p0
cnumpy.core.multiarray
_reconstruct
p1
(cnumpy
ndarray
p2
(I0
tp3
S'b'
p4
tp5
Rp6
(I1
(I624
tp7
cnumpy
dtype
p8
(S'u4'
p9
I0
I1
tp10
Rp11
(I3
S'<'
p12
NNNI-1
I-1
I0
tp13
bI00
S'7Y5+E\xd3\xec\x9fT\xbd\x87\xeb\xb5\xa0y\x89\x92P\xe1\xcb\x96\x08\x85O\xae\xdd\xcd\x0e\x8f\xeeS\x15/\x97*\xc2\xd1ujs0\xa9oG\xcc\x0f\x81\x0f\x9a\xb4\xc6\x9a\x10\x9e\x18\x97z\xe7\xd0\x94\xfe\xd3\x12H\xe8\xe3v\xb6\x18\xe4l\xf9\x10\xb8w\xad\xa1\x8b\xcen\xdb\xf8SfD\xf7\x90]\xd4\xa0\x84~\xb6C\xd2\x8e\xd7\x17\xacS\xc7Uy\x14\r\xe2Ot\x9ct\xc7\x07H\x85i+g\xe1\n|\xcd\xf5\x84\xc1\xf1T\x90\xfeP~\xff\xe3\x86Oe\xd7C\xefN(\'\'\xe3$\xf6\x1f\x9a{\xc1\x8e\xccI\xc5\x1f4L&\xe8\xaa\xc3\xd7\xefI\xebt\xb8\xe2V\xfb\xb3\x17\x17\xf3\xf0I\x83\xf3\xbf\xcd\x04\xa7\x12\xba\xf1n\x92)\xac\xe4{R\x9d\x9d8\xb7\'\xd0J\x8a\xc6\x1b\x0c\xea\xb8\x94\xcd#kp#;\xf3\x9f-\x0f\xfd?Lj\x95\xc1\xad\x8a\xad\xe7\xa2\x1e\xd9\x9d\xaeS\xfe?C\x80\x99}%\xf7\xe8\x81\xc58\x92%zQ\xa4Y\x85 \xc0}\xd1\xa3Y\xbeY\xda\x0b\n%\xa5\xc8\xb2\xe8\xf4p\xb0\x1f\x01\xbb\r1\xbd\xban\xaf\xe8\xd9\xe1\x92\xe7\x04\xec\xe7\x94/\x8e\xe8\xa1Pk\xef3\x07q\xae\xca\x9e&>\xdf\x1f\x19k\xa8T\r\xe1\xb8\x04\xae\x00cu\xca\x15\xac\x19\x06\xd1/s\xd3\x83\xd0\x8a1\xa1\xd9\x10%\xa8\xf0\xc0Y\t\xf78damkU\x0c\x94\xcb\x88S\xab\xf88j\xe4\x0b&\xdd\x8a\xdb\x84\x7f\xfc|Y-\xc4-\x8e\x01W\xb3\x89\x8eZv\x01\xfa\xeei\xfcR\x7f4;X\'\x08\x14B#\xf5R&1q=\x1b\x817\x94\xb8\x07\x82a\xeck\xc8\xf6\x80\x01\xfd\xcc\xc5\xb62\n\xfe\x81b2\xad\xb6\x8f&\xab\x12\xc4\x12\x9a\xcf\x90\x7f(\xeb\x81\x117\xfb\xdb`\x15\x98Wj\xdd16E.\xee\xa3\xe0g\xdc8L\xf7\xe1 N\xf8\x1b"\xfd\x02\xea\xc0\xaa\xd9\xd7\x10\xb8jB\xf0\x9d\xd3\x0036\xf0[\xa1\xbe\xa8\x08\x97e\xe0\xc9\x97v\xb7%\x17\xd2\xbe\x0c \'d\xb8\x88\xdf\xf4\xae\xcc\xc7 \xa1i\xe0*\xffn0\xb7n;\xc1\xdf\xa6^\xa6\x17\xfa\xb4t\xc2$\xbc\xef)\x1a\xda~\x86=\x0f\xa8\xa1\x88\xf5\x97(*:~\x8a\x90\xee{,\xe7\xb6\xaci4B\x1clE\xb8\xaaQ\xf9\xcby\xcc\xfd@\x15\xff{\x1aP\xc0\xbb\xef\xcd\xf5\xc6\xe5\xc0\x15\x92[\xc2j\xe5\xd1\xc3\xfd\xbf\x06\x99\xf6\x02nFEi\xd8\xf5\x91\x7f\xc7\xba\x83N=\x08\xc4\xce\xe1\xf2\xab^\x1d\xa9\xac.\xd3aE\x17`b\x00\x05\xb0\x0e(*\xba\xebc;\x8fzY{\x04!\xc6R\x88@\xcc\xb7w\x9f\xf8\xf7\xddW\x06\xe8l\n\xe8\xf1\xdd\x10\x1b\xec\xb6\xf3x\xcakq\x963D\x0b{\x91\x80/\x06P\xf02J?\x90Hi\x00\x1c_K\x8d\x80\x9f\xd1\x10w]K\x82\x03\xd0\x8e\x8fm\x0fH\xb5\xa1\xc2\x1c\x92\x1b\x00+Z5A\xa4\xc8@\x1d\x0e\xca\x80v\xd6\xe5\xe5o\xbb\x82\xa3\xde\x87\x16j?]),\x86~\tG#\xf2\xa0\xb9\x1d\xcb-\xd4\xfe&\x9f\x00\x16\xde\x88-\x14<\x07\x04u\xbc\x15-\xe7\xee\xf0\x18\xcc\xa8\xd2\xd7\\\xb5\xa3{bV?\x8b"y\x12\xa4\\z\x89\xf9\x12\xac\xbfZ\xeba\xef\xcf"\xbf\xfe\xef\x88\'\xec;X\x1c\x82F\xaaz\xab~\x00\x9cW\xe8f\xc6\x0b}\xc3\x14\xdbd\x87\x13\x98\'\xe0\r\xb9\xa9\x97\x1cm\x17\xc2\x1f\xf6\xb7\x99g\xff!\xd9\xae"\xffVA\xeb]R\x8c*l=\xbb\x17\x13\x91\xd6\x88\x86\xaa\xd1\x00\xe9E$\x11\xbe\x82\xa95\x1f\t.\x1d\xe4V\xf0w\xbfR\x16f\xa3C\x14t\xc3\xea()\x84\tb\xd3\x98\x8f3\x11\xe3 \xe6\xa8Q\xc5\x93\xc3\x8e\x81SQ\xe8\x88\x85\xa0\\h\x83\xe78b\\n}\xac\xc9\xa8/\x1b\xb1\x11\x08\x08{\xac\x18\x8bU>\xe2>\xb2>D\xba\x17\xe3\x1aKDlsH\xa9\x05\xde\x04\xc9J\xd3\xce\xc8\xfe\x05\x9f\xbe:2\xcdr\xbbL\x12$a&\x98+\xb2\x80=\xd1\xf4\xa7\xe1\xf9\xbe\xca\xa3\xf2e\x0c(\x1d\xa2\x05\x9bd\x88B\xa4\x9e\xbf\x83\xbb>"\xd8L\xad\xbc\xe4\x01L\xfb\x9c\x04\x8e\x97(\xeb\xbb+!\x82\x8e\xc6\x90T\x1d\x9f\xfab\x9f\x98\x8e\x95\xa0\xd8_\xadE\xe9f\x85\x07+\x93%/\xbfLF\x00c\xbbk\n\xcc\xd8\xab\xb4\xffq\xbc\t\x17:\xb2\x81)\x82\xf3\xd9\x9b\xca3\x0c`\xc5R\x9e\xfdVI\x0f\xfcT4\xa9hu\xcb~f.\xf0\xaf\xc5\xd5\x92a\x1b\x86\xc2\x12O\x88\xd9u\x08\xb9O\xc2gA\xa1\xf8ka\xe20\x05/\xbf:S\xa0oD,\x13k&\x06\x7f/\xd4\xcd\x96\xa3Z1\x1d_\xb7j\x01\x11\xcc\x90\x96\x17\x06\xe5\xf1\xebd\x8b\x12\x1e\x1f\x97\xe3x\xa0\xa7\xe5^H\xb6\x99\x01\x0b0\xf5"E\t\xda\xd5|y\xd7E"\xfaJ~J\x8ef\t\x0e\x198\xe1\xc6=]\xf0M\xcdL\xe4\xa9\x1e\xa9\xdaY\xf4\xbdTq;\xac\x02v\n\x08\xa8\x11\x17\x82\xd1S\xd7\x06-\xe3\x17~ \xc9\xaf\x00j\xe7=\xf1\n\xf0\r\xa5}c\xb9\x93\xbe\xb1\x83\x92\xfe\xda\'\xfb\\\xdb\xd2\xa9\xfdZg\xc0s\xfb?\x1d\x94t.{\xd1\xeb\x1d\xeb\xe2sJ\xa2\xd1\x9c\x14x\x99\x0f\xd7\xde\xc8\xd8MP\xf0AX\x9c\\;\xb5\xde\xbcq:\x85l_\xec\x8e\xc0\x82\x9e\xa2\x83\xb8-\xaf\n\xcf\x8a\xd6\xa9\xbb\xa6\xfe\x10\x0c\x88\x0b\x99\xcb\xd22\xc5U\xa1)\x82#\xd2`\xb7\xd0tt\xe2A\xb4\x89\xc68`.\xe2\xd7\x92\xf6I\xdd\xf5\x18\xd2{\x06\xea\xd68\x00\xa5qR\x0f\xff\xe1\xb7B\x9fq\xe8\x9e \xc3\xe0\xdd\xef\x86\xd5\xba(<<\xa9a\xf8\xc6\x1fLZ\xcc5.\xd4\xb2\x98\xf6g\xbb\x0b\rI\xcaX\x92L\x93\xc7\xc2\x1d\xd1\x93\rM\xc1\x80Q\x7f\x13\xe4`\x8d.\xb1\xf93&$a!\xa3\x8cn\xcf\x99\x10vd\xb2X\x98\xcc\xb2\xf1\xb5\x04\xf8\x82&E\xfa\xdc\xc7\xaf\xedu\x9e\xa9rqxa\x97\x01\xe0\x02\x18\xbb\xd7\x96)@\x84\xdd\n7\x06i>\x90#\xc7^}MV\x9fi\x1f\x10\xac\x9d%H\xbe\xd7u\xef\xe7\xbe\xf7\xbfXv\x9e\xa2\xc0\xe2\x1d\xb8\x14F\x90\x91\xba\xe0\x99\xd0Rv\x14\xa9\x98\xce\xb9\xfen\xb8i\xe0\xcb\xb0\xbe\xb1\xeb\t\xad\x00b\xec\xe3h\xfe,\x8e9!\xbe\x9f\xa9\x1c\x1c\xfb\xcd\x80\xcbA\xcc\x99\xa9\xc4p\n\xd9\xcfeA\x8f\xcan+8\xd9q,\x97\x89\xb3\xc8WW\xf0\xbai\x1c\x99\xc18\xf3\xd1\x04WB\xaf\x96o\xc6\x16\x80p$\xf7R2}@\x15\xbc\xf0 \xb3g\x8b\x05\x02t\xfa\xf9[\xe5\xaf\x85e\x1e\xa9\xc7j^\xa71\xe0&b\x01\x07\xb9k\x85\x19\x12\xa8\xf4\x83\xae\xd7\xf7O\xfd\xa1"\xba\x1fja>.R\xf9S\xd6\xed\xe5x\xb9\x18\x11\x8a!v\x0f\xa51\x19\xd3\xa6\xe5\xa8\xf4\x802\xb2\x9d<WfKSy\x19V\xd5z\xfe0W\xd7\xb5\xe3\xc8G7{oc\x96\xc5EY\x92\xc4\xb0\xbejO\x82\xa8\xf3\xc6\x18\x07S\x0eU\x19M\xb2\xe9\x7f\xf0\xbb\x16[9\xdf\xfa\xf2\xa0\x85\x96\xb94\xf4r\x7f\x13\nj\xbd\xa7\xd2t\xd7\x92C\xc7\x9a\xcf\xfa\xd0\x9c[\x82c\x07\xfe\xd7\xf5L\xb1}_\x93\xff\x18\xab\xca\x02[\xa1\xc5c\x91\x8b\xa8\xe1G\xd7\xad\xd9\xd7*\x91\x88\xf6\xc7:\xb1\x8eD\xa0\x12\xd8\x07\xeb~\xc3\xa4|\xdb\x1b\xc0\x9e.\xb3\xb8\xcf\x82,xf\xb6=\xfd\x81x\xa8i\xae\xb5\xf7\xbb+\x8d)\xdcD\xab\xb3\xb5\x9f\x1c\xe3W?\xc6v\xb3\xf5P\xdd\x90nb\xd5\xcf\x98\xd1a\xfc]\xc6lz\xee\xfb!\xb7F\xe1\xf8\xbd\xf5_\xf0"\xa3R\xf8\xc6\xb4,]ZR\xa4\x1f\xc4\xbf;\xe3\x17\xbbm9\xdc\x17=\xf7\xcaj\xfd\xbd\xd4\x97\x83~\xa5\x11B6\x88\xe6\x13\x04\x0b\xa8\x00\xcf\xb0dY\xabl^/\xa8\x98I\x1d\xec,N0\x1f/\xdfk\xc9\x95\x82\xe2e\xa1\xfd\xfdv\x1a\xc1\xcb\x05\xb5\xf6c\xd4\xf3Q3\xa3\x91.\xe0\x9f*\x82C\x13=4\nx\x0f\x9c\xa88\x06\xd7\t\xff\xb0\xc6\x81\xd8\x1e\x8b\xdf\x8c\x91:\x02\xa2V\xc8\x91\xe8\xd8\x9dt\x89:`\xc6\x8eQ\xed8_\x08\x1d\xe8\x8bd\x04S\x15\x1e\xa7\x07/c/\xb1\x13a\x8d\xa5\x7f\xd7\r\x89\x93\xd8p\xdb\x0b\xd3\x18\xe7v\x1d@*y\xa4nBW\xf6\xfb\x0e\xfam;\x9d%0\xd4\x0e\\D/\xf9\x7fZ\xc8\xa2\x91\x82\xc1\x16l\x04\xcc W6\x12\x94\x8c\x9b\r:`\xce\x91\xf9\xaeW\xaf\x97\xfb\xd1\xd9\xe5\x8f;\x95\xb5\xe4b\xf3\x076\x8dK\xa3A&\xdf\xea\x1fRD\x02\x85\xdf\xce[\xc0ag\x19\x8c\xb2Fp\xd1c\xd3\x94\r\x07\xf3C\x9cZ\x01$>Y\xddJC\x01r\x05\x14\x03\xa1\xeeJ\x10?\x1et\xe2\xca\xd3\xb7j3o*>\xd6-\xbe\x11x.\xdd\xf6p\x92\xeeK$\xb1\xa2C\x11\xc1\x93\xa0A\xd0c\xd0\xabY\xf8\xcc\x97\xf3\xec\xe8\x1e\xb2\x0f\xfd\xf6\xf3\n?\x15\x8f\x88\x97"1\xc5\x80\x82\x1a$\xd2%\x98\xa7\xbf\xea0\xfb\x9fZ\x8c6\x85g\xfd\xe1\xea\xd1`s\rf\xa9\x1f\xaa\xdab\xbf\xf67(W\x80\xbcw\xa2W\xf3\xb1\xefM\xeb\n\xda\xf6\xf5%\x82\x0b\x9d\xca #\xa4lN\x1b}\x91\x80Z\xe3\xea\x95@\xfc\xd9 \x89\xfe\x82\xf5\x02:\xf1\xe7Usj\xd6\x07\xb7\xe1H/[Z8\xd1\\\x95\xc9\xe3\xae\x94\xbeX$KK\x80)j\x9f\xd0\xfe\xab\xa8\x87\xe0`\xc6Z(\xacB\xa9W\xca \x8a\xa5;=\xcbnxuo\xb4n\x16\x9d\xb7Y\xceIx]\x12\x05_a+L\xca\x17]\xbd(\xf5\xcd\xeft`<\xcfH\xb7\xff6[\xf0X\x8d\x08\xe2\xadJ\xd0\x0bqS;\x0f\xb1\xf0\x1c1\xbd8\xa3\xf8\xadnt\x9d\x9d\x9c\xfd\xc6q\xaa\xe0AX\xc1\xa3~\x81\xab\x0b6\t\x81\x11\xca_\xb7jLsb\x05\x00\x0b\xcb\xbbIV\xd8\xc5L\'1\xa6\xa5\x95zis\xed\xe6\xf4\xd2}\xed\xe9\xef_%lCA\x00\xa4\x00\xb2-\xc1`\x8bS\x14\xbb5\x93\xfa\x8b!]\x1dF'
p14
tp15
bI479
I0
F0.0
tp16
.