(S'MT19937'
p0
cnumpy.core.multiarray
_reconstruct
p1
(cnumpy
ndarray
p2
(I0
tp3
S'b'
p4
tp5
Rp6
(I1
(I624
tp7
cnumpy
dtype
p8
(S'u4'
p9
I0
I1
tp10
Rp11
(I3
S'<'
p12
NNNI-1
I-1
I0
tp13
bI00
S'I\xc5a7\x15/\x1a.M\xa4>\xab\x11\x1d\x18\xcb\xd2-\x970\x94\xbd\x1bD\xb7\xb5\xc66N^s\xf2\xe6\xf7\x0f\xac\x03\x18\xd9\x05 \x87\xbe\xf5c\x13\xa3S\xe7u\xd5\x93$>\x06\xdf\xd8C\n\xd9\x04\t\xd7h\xb8"A6\xebr\xce\xeb\xaa\t\x14\x14uBQ\xf3(7\x16U\xbcn:\xbf&\xdc\xc9:]\xf7E\x18\xc6\xd1\xe6W\xb3z\x9b\xa6\xfa^\xa7\xe6\'\xf5\xa4\x8b\x18\xd1G2\xde\x1bE\x1e\xebIU\xccz\xce\rt*\x102>K&\x8fa\xc3y\xd3\x0c\xc7\xa8\xb8TGt,\x96\x7f\xe9l\xb2!\xae\xfb\xf4\x8b\xe9\x06q]\xe1\x8a\xb4\x8ai\x04K\x03q\x08\r\x9d\xb3\x89\xcd\xd2\xb2\xc4\xa7\xe5u\x823\x10`\xdd{\xa3\xe1\xf5exU\x1c\x1a\xaa\x95\x1d\xf0\x1a\xfa\xfc\xfe\xf6\x1e\x99e7D\x96\x8c\xfd8\xdeC\x18pQdfI%\x95\xaa\xe1\x9c\xe4\xe6\xcfG\xbc\xb9-\x17\x847\x98\xee:\x92\x13\xc6\xa0@;\x94\xe7\xfc\xa5\x82;D\x847@<\x0b>8\xd4\xcb\xfd\xeel1\x17\xbaS\xdf\x94\xa1^R\x04li!\x19Yl\x97\x98 `\x843\x8a\t\xe2\xc6\x88^R\xf1\x81\xb9.k\xc9\xe2n\x8d\x88\x95\xd3?Ghm\x94\x15\xdb:\x16\xd4H\xa4:\xde\xbe\xc5\xc0\xf3,\x1ex\xf9\xcf}b\x1b\xb4\xe4G\xabV\xef\xc9\xc6\xed>B^S\x11N\xc9\x9cA;\x14\\\x91w\xf5~\xe9\x15\xd2\x19$GO.\xce@\x86\xae\x00\xef\xe5\xfdE\xb9-\x12B,\xee\xad\xf3>~\xd5\x8c\xae\x18\x1bAX\x8c\xfb\x843\xa0\'W\x1d\xa4W\xc0\'JI0\xaa\xf5+L\x17\x11m^_\xdek8\x91\xcb\xd3Wy\x8d\xbbw\xba\x19^\xba\xbef\xf4\x03W\xb2\xe1\x1c\x13\xec\xcf3\xc4\x8cwi\x17<\'@3\xae\x06\x9e\xce\xc2\xff\xd9\xa2\x92\x11\xf0g\x89\x0e\xcbJI\x04\x05SA\x0fS\x0eB;ZX\xf4\xa1fj\x9d\x8f,kS\xb1P\x11\xe6\xa4\xb0\xad\xad\x1eB\xc5#\xb4Dj\xcb\x00\xdf\x16\x98[\xb5\x14\\G\x12m:\xbf\x94"\x8e\xe3\xab\xa6<V\xaf\xa8aQ\xa7\xd4\n\x04\xe6U)\xf7#\x9c\xccE\xfe\x8c\x18\xcff9k\x96\xa5\x94_p\xcc\xc3\x05&\xe2w\xe8\xb5b\x85\xd6F\xd3\xb0j\x9d\xde\xedO\x06D\x9b\\mq\t"s\xf1\x8e\x9b\xa5\x17\x9c\xbd\xfc8\xf3\x05jc\xec\xd5/R7\x9b\xd5#\xd7e\x06d\x123\x83\x86HV\xedU\xfd\x04b\xbb\xedFZ-C\xaaKda\xd5\xa3/4I\x889\xa4\x16P\xba\xbe3J\xe7\xe8)h\xe3\xf7\xfa\x9e\xd1\xddE\xb60C\xfe\xd8\xe49\xc5\xf1\x15\x08\xd8S\xfb=A"\x1a5\xc1\xdeQ\xdew\xf6\x82\xa2\xef\xc6\xa5\xa8\xe0\xf5\x83\xc1\x9c\xeb\x8e\xe6\x87(6\x9f*\xab\xed\xf3\xb3\xba|\x91\xbb\x17$>\x04\xc4\x9c\x9an$\xdf|\xb1h8o\xc2]>\xb1\xbb\xf4?\x87A\xb5\xed\x94%\x8a\xad\x13\x9c=\xd0\xa2+\x80\x0b\x05hp\xb6{\xf2,\xcc\xe9\xda\x0c\xf5\xcf\xbb\xf7+\xe7\x03\xe3\xf5\xb9\xbd\xfcz\xc7Nre\x91\xea<\xa8\xa9\x1c\xd2\x83\xc2\xe9l\x18\xbe\xfd\x8d\xcerW\xb3\x1c\xa2\xc2\x03.\x1f\xcf\x8d\x02\xf7\xfa1|)\x11`8\xd6\xb3\x121\xa3\xfc\xd96@k\x92\xbcR\x15O\xedz\xe7\xf7\xb0"\xa2\xe6R\ts\x96E&lOG\xf9\x00(\xb5\x8b\xd9u[\xc9\x08\xaf U\xcc\x8d\xdb\x02|\nj\xf1X\xf9:k\x9a\xdd\xa8\xae\xcax\t\x8a \xf7\x07h\xd1y\xa3\x94\xd9\xc1\x90{=\xe8\xf8v\x0b\xd4\xba\x8b\x9eY\xc9\'\x91\x90\x11wt\xf1Rxn\x1f\xadW\xe6\xc2}M;\xdajB\x17\xc6\xcd#Y?S\xdf\xa5\xa1\xba\x1d\x866\x0cM\xa4\x82\xe1\x0c\xd4\x12-f\xc7\x01N|\x89"\x81R\x0e\x0c7d\xf2Bw\xe5\xf0*b\x9fb\x04\xe1\x0f+\x02{X0\x01B\t\x04J\xe3\xce\x9b\'}\\\x06\\\xc1x&\xe8\xce\xfaa\xd7th\x9e\x91\xc8\x96)\xcf\xdcvbD\xd17\x15\xcb\xc4\x97n1KTk\xb4\xb8\xed\xc6\x81\xa59S\xfcZ\x85\xa5\xb5\xe9\x0e]0\x98\xfa\xeaZ\x07\xfd\xa1\xbb~\x0e6\xd8\xe8W#\xf6\xea`-Nj\xf2\xb3\xfc\x8ae\xae\x85-R\x81\xe1\xec\xc5\x945V;\xdc\xbe\xe4\xbd\xa5\xaeap\x9b\x8a:\xae\xb6s\x94^\xfc$\xac\xf7\x94Y5\xc3\xcc\x99\xd3\xa2\x7f#\x88\xf3B\x9a\xc1\xd3= \x04\xf6D\xf0\x07\x97F\xfb\x81\x9c\xa1XF\x1af\x17\xdb<\x89F\xbc\xb0\xe0\xdb\xe9\x16\xf0\xf1w\xdd\xe9o\x86.\xf6\x05;\xb6\x94W; \xc6PP\xb7_\x88\xab\x11\xa4\xe2n-Y\xb4\x19)\xd5(\xf7\xab\xb25\xcd\x11\xdb-\xf6\x07\x16\x95\xe1\x96\xa6\x18T#\xebYf\x1a\x04 b\x8c[33\x9c]\x10\x0b0\xa7;"\xef\xc0\xbfRs\xe6d\x96\xd8Dq\xbd{*R\xd1@C\x82\xba:_\x7f \x16\x93o\\\x18\x1a\xa2\'\r\xf8\xdf\x16\x8a\xa8\xb3A\xc8IN\xcc\x9f\x8dp\xe4\xf8\xc7\xd9G\xb4\x94\x83}\'\xee\xa3dK&\x8f{\x9c\xd5\xc1]~]\xea\x8c\xf0\xd7n\x8f\xae{\x8f\xfc\xb3\x10\xf4z\xaf1\x15,9k\xd8\x0e\xd1\xdc\xd9\xfb\xba\xaf\x8c\x05\xab@\xdb\xa3\xb6s\n\xaf\x0b\xac \x95\xa9\x99V\xd2!\xbd\xdc\x022\xbf\x0c\xf5\x1arZ\xea X\xe5\xa06\x9c\xb8\x9d\xf4\x1e\r\xc5\xeb^,\x08c\x8c\x02\x03\xb1\x93\x93w\xc34@-xb\xcd\x1fs>\x87\xee\xa5\xf4\xbd!\x95\xa0C\xf4K\xf0@\xca\x1fR\xd5,\x9b:i\xe9d\xd0q\xf4\\\xcc*\xac\xc0L\xa6\xd2\xc9\x11\xd2Y\x7f\xd0\xf29\xcc\x7f\xc0\xb5l!X\xa9\xb1\xb94;\x1a\xd8\x1d+\xc9\x10\xcb\xead\\8\x04\x06\xde\xbc\x98M\x15\x14\x12\x8dA\\:\x0c\xefxE\xbeio\xc6Px\x9cn\'z}\x0e\x0f};R6{\xeb\t\xc1\xf0\xd8\x97\x10\xb3\xd9\x93\xb6\xa0\n\x19@\x117\xd8\x05\xd3\xc3\xcbJCc\xde\x11\x05\x9f`\xa3\xa4\xb0!3\x1b_\x99\xf1\x0eZ)\x1b\xdf\xec\xbd\xf0\xde\xa8\x93\x85\xce>\x8cT\xd5\x9bW\xd9\x12\xcc\x8d\xc7\xb0\xa6u\xca\xbf\x0ewI\x94\x19K\xcd\xdepi\xa5\x8f\xc8\xd7\x01\xd0\x94P\xf6\xeactG`\xc0\x94Q\xfbN\xa5,is\xa6\'.\xc8\xc4\xff\x18\xcck\xf4e\xbf\xd7\xce,\x04\xa8\xabKw:(g,#\x18\xc9\x97\xbdqV\xb1\xac\x7f\xe2\xbc\xca9\n\xf0\xbb\x0b\xfd8\xd7\x97\x19\xfdZ\xeaZ|0\xefL\x94\x11\xea\x13\xe8W2\xefG\xb9\x8b\x8c\xd1r\xc1#\xe1\xdc\xf0\xb0S\x1a\xf0\x9e\x08\xa9\x08/=\xa3\xa7\xabp\x07i\xf3\xea>,s\x80\x925\x88\xec\xffjG&\xc1\xab\xb7\xbe=\x05\xf3\xf3,\x1aq\xecu\xf76\xd6_X\xb0\xb0\r\xc14!\xa0\xc7\xea=\xd5\xd3\xee\xea\xf6~R\x01\x1fb[\x12\xach"WE\x84\xeaB\xff\x9e\xae\xd7T<\x16\xff\x92\xd7\x18yh \xbfT\x1fM)\xfa[\xf2\xa2\xf9j\x14\x99\xe9\n\x0c\xad\xe7VQc\xa8\xea\x05ox~\xb9\xef\xec\xca\xa7u\x97T\xfe\xf5\xc2S\x97\xd8\x0f\x0e\x9dr[NJ\xf9\x02\'\xea\x7f\x0c\x1d\xa7QD\xc4<z\xc8\x94O\x98\xb9{\x04r\xc7N3\xa4\xf9\xf7R\x1c\xe4\xd5\x01\x1c\xb4\x02\xad\x1d\xde>\x1d\x7fe\xe5\'\xcb$\xb6\x08\x17\x93\x06\xc7/\x9a\xc0\xed\xec\x82\xa1\xe2\x14\xef\xbb\x86\x1f\x0b\x1b\xbb\xb5.\xdd\x99\x90\xf8\xa7\xc5\xae\xea\xce\xa0%\x8a\xca\x07\xcc\xc3\x10\xd2\x9d\xaeM\x0e\x06\xe7&E\xf4\x12*D\x9b\xdf\xca9>\x82\x10k\x8e\x9c\x05\x98/\xe6!\x8cY\x1d6\x1f\x9fc\xe3\x13\xb7\x87\xf2\xae\x85D\xed\xcaz\xd2\xa2\xff\x02\xd9\x8a\xdb\xb3\x03b\xd3\x9f<\xe8\xf2\xa2\xdf\xf8:qxLk\xac\xce\x92\xbeM\x19\xde\xdc\xe9\xc0\xe1\x13\xad\xf1dz\x1bX\xc1\xf7.\x12\xa5\x80|\x05\xabR\x819\xfa.\xf2&,\xec\x92u\xa5\xb1Dd\x8a\xc8\xea\xcd3\x9f\xc0Kw1vH\xc5 `\xe0\xcf\xda\xe5j\x83\x80\x90\xa0i\xbe\x8a\xf3\xd4\xday\xdba\x195f\xb1\xcc\xb2\xa5rk)q\xc7\x1e\xe0\xfa\xddV\x01\x8d7I\xb1_\x8f\xe8\xc0A\xf8\xa9\xe6;\x06E\xd0\x8d\xd9t=*\xe5v\'\xc6c~g\xa4{\xbela\xb6r6\xe4\xe9\xb2\x19\xbf;\xc3\n\x1e\xf7\x02\xe0O\x16^\xbe}e\xde6\xbc\x8bV\x1d\xf7\x87\xcb\xb6As\xe1\x8bpt&@3[\xe47y\xa1\'z\xad\xffP\x0e\x16\xd5q\xdb\xce*_;\xea\xf8\xb4\xcdy\x05o\x87\x18CC\xc3\xd0\xa8\x995uc\\\xdb\xa7q\x839\xa7\xcc9|\xb3\xa7\x7fu \xf9Wp6v\xf0\xbd\xbc\x18\xcbk\xd7\x81LS\xa2}\x03\xa5Y\x96+\x01\x99\xc7\xa7\xeaI\n\x83\xcd\x95\x1fob\x1aO\xce\x18\xde\xa7\xc7\x0e\xd7\xed\x98^\xda\xc9\xb9\xe5\xef}\x8f>\xe6J\x19\xfe\xc9\xef\xaf=X\xc8\x9a\xa8\xe9\xb3/\x80XNh\x1dWh3\xf7\x05U0\x8f\xfb>-vm_*\t\xda\x9b\xe0\xd6\xee\xc2\xc5\xce\x1b\xd9\x886\r\xa0\xeeT\xa5`\xcd\x0e\x9a\x16?\x89U\x18J0\xf5+\xfd\xe35\xafx\xa0\x8e\x92\x8d\x85\xc8E\xa5\xac_\xc6\x15\xbc\xad\xf1b5\xbeZ\xdc\x9c\x91}Y\x0cx\xac\xc6\xe2\xb5\xec4bfi\x8c\xa1\xee\xb6\x04\xc2\x1e\x99!\x8d\x02>\xf9\xd5\xa3\xfe/\x98Q\xef8!\x8f~\xe6\xe4\xc0]\x80\xad\xc6\xad*\x84\x95 \xad\xe2wN\xc0i\x8eB]8*$\x8c\xe2\xbd\xdc\xe1\x11\x97\xa0\x8e]F~\x14x\xae\x8f\xbd\xbfp_\x16sj\x95|S\xaf\r\x1cU\xe6L\xda\xb5\x84\xa6\xff\xc4\x0c\x97\x82BH\xed\x9c\xc5\xd8\xc2F\xbaW\xb2\x86+\x00\xe1^\xc3\xa2\x1f\xba\xa8b\xbarylx\x16\xaf\x83\x9b\xf5\xd9\x08\x99\r\xc4\xf4;g$R\xbe\x8d<[\xa5zL\x82%\xb3\xf5\x037\x9fc\xb9\x14\x96\x9f`\x80\xa5\xbb\x95\xda\xea1\xc4\xca#s\xce\xa9\x1e\xc7\r\xba&\x12\xcc\x84\x17\x8f\xf52\xe3\x00\x0ch\x90\xe5'
p14
tp15
bI497
I0
F0.0
tp16
.