2020-04-12 18:34:46,342 INFO:Using CosmoHammer 0.6.1
2020-04-12 18:34:46,343 INFO:Using emcee 2.2.1
2020-04-12 18:34:46,346 INFO:Sampler: <class 'cosmoHammer.MpiCosmoHammerSampler.MpiCosmoHammerSampler'>
configuration: 
  Params: [  53    6 1509]
  Burnin iterations: 250
  Samples iterations: 500
  Walkers ratio: 20
  Reusing burn in: False
  init pos generator: SampleBallPositionGenerator
  stop criteria: IterationStopCriteriaStrategy
  storage util: SampleFileUtil
likelihoodComputationChain: 
Core Modules: 
  Bkcore
Likelihood Modules: 
  BklikeModule

2020-04-12 18:34:46,346 INFO:start burn in
2020-04-12 18:34:46,350 INFO:MPI Process rank 0 starts sampling
2020-04-12 18:34:49,722 INFO:Iteration finished:10
2020-04-12 18:34:51,374 INFO:Iteration finished:20
2020-04-12 18:34:54,116 INFO:Iteration finished:30
2020-04-12 18:34:56,338 INFO:Iteration finished:40
2020-04-12 18:34:59,631 INFO:Iteration finished:50
2020-04-12 18:35:01,932 INFO:Iteration finished:60
2020-04-12 18:35:04,926 INFO:Iteration finished:70
2020-04-12 18:35:07,964 INFO:Iteration finished:80
2020-04-12 18:35:10,389 INFO:Iteration finished:90
2020-04-12 18:35:13,726 INFO:Iteration finished:100
2020-04-12 18:35:16,633 INFO:Iteration finished:110
2020-04-12 18:35:19,341 INFO:Iteration finished:120
2020-04-12 18:35:22,813 INFO:Iteration finished:130
2020-04-12 18:35:25,775 INFO:Iteration finished:140
2020-04-12 18:35:28,342 INFO:Iteration finished:150
2020-04-12 18:35:31,819 INFO:Iteration finished:160
2020-04-12 18:35:34,466 INFO:Iteration finished:170
2020-04-12 18:35:37,147 INFO:Iteration finished:180
2020-04-12 18:35:40,742 INFO:Iteration finished:190
2020-04-12 18:35:43,343 INFO:Iteration finished:200
2020-04-12 18:35:46,139 INFO:Iteration finished:210
2020-04-12 18:35:49,481 INFO:Iteration finished:220
2020-04-12 18:35:52,126 INFO:Iteration finished:230
2020-04-12 18:35:55,174 INFO:Iteration finished:240
2020-04-12 18:35:58,499 INFO:Iteration finished:250
2020-04-12 18:35:58,499 INFO:storing random state
2020-04-12 18:35:58,501 INFO:burn in sampling done! Took: 72.1546s
2020-04-12 18:35:58,501 INFO:Mean acceptance fraction for burn in:0.1217
2020-04-12 18:35:58,502 INFO:Reseting emcee sampler
2020-04-12 18:35:58,504 INFO:start sampling after burn in
2020-04-12 18:35:58,504 INFO:MPI Process rank 0 starts sampling
2020-04-12 18:36:01,240 INFO:Iteration finished:10
2020-04-12 18:36:04,336 INFO:Iteration finished:20
2020-04-12 18:36:07,865 INFO:Iteration finished:30
2020-04-12 18:36:10,546 INFO:Iteration finished:40
2020-04-12 18:36:13,536 INFO:Iteration finished:50
2020-04-12 18:36:17,216 INFO:Iteration finished:60
2020-04-12 18:36:19,911 INFO:Iteration finished:70
2020-04-12 18:36:22,857 INFO:Iteration finished:80
2020-04-12 18:36:26,534 INFO:Iteration finished:90
2020-04-12 18:36:29,593 INFO:Iteration finished:100
2020-04-12 18:36:32,371 INFO:Iteration finished:110
2020-04-12 18:36:35,952 INFO:Iteration finished:120
2020-04-12 18:36:39,172 INFO:Iteration finished:130
2020-04-12 18:36:41,981 INFO:Iteration finished:140
2020-04-12 18:36:45,343 INFO:Iteration finished:150
2020-04-12 18:36:48,904 INFO:Iteration finished:160
2020-04-12 18:36:51,583 INFO:Iteration finished:170
2020-04-12 18:36:54,649 INFO:Iteration finished:180
2020-04-12 18:36:58,296 INFO:Iteration finished:190
2020-04-12 18:37:01,203 INFO:Iteration finished:200
2020-04-12 18:37:04,143 INFO:Iteration finished:210
2020-04-12 18:37:07,848 INFO:Iteration finished:220
2020-04-12 18:37:10,891 INFO:Iteration finished:230
2020-04-12 18:37:13,755 INFO:Iteration finished:240
2020-04-12 18:37:17,268 INFO:Iteration finished:250
2020-04-12 18:37:20,414 INFO:Iteration finished:260
2020-04-12 18:37:23,244 INFO:Iteration finished:270
2020-04-12 18:37:26,636 INFO:Iteration finished:280
2020-04-12 18:37:30,139 INFO:Iteration finished:290
2020-04-12 18:37:33,035 INFO:Iteration finished:300
2020-04-12 18:37:36,037 INFO:Iteration finished:310
2020-04-12 18:37:39,781 INFO:Iteration finished:320
2020-04-12 18:37:42,715 INFO:Iteration finished:330
2020-04-12 18:37:45,611 INFO:Iteration finished:340
2020-04-12 18:37:49,250 INFO:Iteration finished:350
2020-04-12 18:37:52,494 INFO:Iteration finished:360
2020-04-12 18:37:55,341 INFO:Iteration finished:370
2020-04-12 18:37:58,619 INFO:Iteration finished:380
2020-04-12 18:38:02,055 INFO:Iteration finished:390
2020-04-12 18:38:04,900 INFO:Iteration finished:400
2020-04-12 18:38:08,044 INFO:Iteration finished:410
2020-04-12 18:38:11,708 INFO:Iteration finished:420
2020-04-12 18:38:14,561 INFO:Iteration finished:430
2020-04-12 18:38:17,389 INFO:Iteration finished:440
2020-04-12 18:38:21,079 INFO:Iteration finished:450
2020-04-12 18:38:23,953 INFO:Iteration finished:460
2020-04-12 18:38:26,715 INFO:Iteration finished:470
2020-04-12 18:38:30,396 INFO:Iteration finished:480
2020-04-12 18:38:33,405 INFO:Iteration finished:490
2020-04-12 18:38:36,156 INFO:Iteration finished:500
2020-04-12 18:38:36,156 INFO:sampling done! Took: 157.6524s
2020-04-12 18:38:36,157 INFO:Mean acceptance fraction:0.0104
