(S'MT19937'
p0
cnumpy.core.multiarray
_reconstruct
p1
(cnumpy
ndarray
p2
(I0
tp3
S'b'
p4
tp5
Rp6
(I1
(I624
tp7
cnumpy
dtype
p8
(S'u4'
p9
I0
I1
tp10
Rp11
(I3
S'<'
p12
NNNI-1
I-1
I0
tp13
bI00
S'T\x15\xc9$ \xb2\xa5d\xb0[P\xa9&\x1f\x83\x11\xfa\x81\x02\xd5\xf0\x94\xa06&\xc0\x1e\x0f\xebo.l\xb0\xbc\xe7#\xd3t\t+n\x95_*\xeb\xf5\xf1\xefY\x9a\xbf\x86q\x9e\xdb]\xa3\xd2Cw\x8a\x93c\xdf\xaeQ\x04Y5\xcf~\x17\x13\xd0\xaf;\xe4\xe8:\x9b\x9a\x85#<9g\xaf\x1f-\x9ex\xbaZ\x1a$1K\xa4HRu\xb5\xe6\xf8\xe3`\x0b\xf6L\xd4\x8a\xf9\x08\xb0",\xce\x84z\x08}\n\xd3\xe9\xf9\xe3\xdd\xb8$\x85\\"\x1da\x1a\x8c\xe8\xd5\xe9\xf9\x15\xd2\xce\\yV\xaa\xd0\xc0\n\x9c2)\xd8 \xf7\x12C\x10\xa5\x8eg\xfe\x94I\xf2)L\xb1\x12\x81\xc7\x94\x089,x\xb7\x8b$\xf8nm6A:\x9b\xe9\x1e\xa4\xb1\xb3\x10[\x98\x97b\xf6=\xb3F\xa7\xa0\xf4\xe5w\xd8\x19GO\xe9\xad\x06\x00\xa1\xe4\x04\xa5\xe4H\x0eXh\x13\xea\xce\xa8\x02\x1c\xbd\xe0\x84\xeb\xbf|<\xf8\xbd\xf9\xea\xa7\xb55UZR\x973\xdb\xe9c\x7f\x18s\x0e\xd4\x16\xf2\xaa\x97,\x1c\n\x99\xc4@\x82\x93m\x84D\x19\x81\xe6\xc9\xd6\xa6U\xe2\xea\xa6C\x82L\x98b\xe7hh\xb6\xa3\xc39\xe30\x02\xbd\xc3\xec\xb5:i#\x9d\xd8\xe7S\x18\xe9\xe7\x96\r\xc9\x06\xa9\x99\xf7\xb7\xb9\x94\xda\xd0\xafT\xd0X\xa5\xaa\xe1\xd7\x11\xde -z%\x86G$Bx"\x15lg\xbb)\xd1\x0eb\xe6}_~\x916\xd6\xec\xa0\x05\x87\xdd\xabo\xd7v\xd5\xaa\'\xc9\xf6\x8beb\x00\xaa\xee<\xf8\x8aNo\xacc\x9b\x93\xcb\xba\x03\xf6N\xfc\xc5\xf7\x8a\xe2&\xe8\xbe\x12\x80\x86\xbc\xb6\xa9p\xe1\x19\xd6&\x08t\x8c\x93&\x80\x95\x8b\xbd\x12\xd7\x80m\xeb>\x93\xee\xfa\x9dek\xc8`\x16\x95%mQ\'\xf8wze\xc8i\x80 \xe8\xfc\r];\xf8\xd7\xcd(u>\x81ii\xa1\xb5<\xbat\x06\x19v\x91\xe32:\xd2\xb0\x08\xb1\xbd\xf8\xf8\x90\xe0\xea\xc7;\x0f\x1f?(:-a\x1f\x05!z\xfb\x19I\xf2\xd4\xd0(m"\xe5\\\x91\xe9\xd8k\xcb\xfbm\xb3\xd9\xf53\x86g\xf9\x84\xdf\x8cM\xcc\x96\xee\x99#\xca(\xfa\xc2k\xde\r&\x0fo\x93\x9e\xa9=N\x19\nV\xab[/\xa0\xf7\x19ep\xbe\x00\x90\xf5\xb1\x07Z\xbau\xad\xff\x189>F\xf09\xccF\x80Sn(r\x11\xa6\xf2\xf4^\xe4\xde\x1343\x1e/\x17\xe7r\x83\x8aQ\x0c\xc9\xa9\xe3\xf2,p\t\x0b\xfbL\xab\xd2\x04`\xf7\x11\xf8?\xd8\xb0\xc9\xdd\x16P\xeb_g\xd5(\xf3\xc5@\x86\xd0&\xa0_\xae^R\x83\x9ah\x7f|\xbbj\xea\xa2\x11\xe6\xd1\xe9j\xc8\xca\xb1\xca\xa66x\xe38\x15{\xfa\xd9\x8f\n@.\xe7\x95\xe1V\x8d\xba4\x01\x80\xb7\x81IJh\xd0c\xd4FYK\x00^\x7f\xc7\xfb\xbf\xa4\xbdf\xdbR5sE4&\\]W\xd9\xc6m\x93"\xfeqbq\xb0\xfe\xb4\xac\x06\xbb7\x8b\xe4f\t\xf1k\x87\x0f\x9b/w\x8a\x96pLJ7\x16\xb7\x85\xeb\xd9\x8e\r\x8f\x12\x06\x96!\xb4\x9e\n\xc3\xd1e\xf4z\xd7\xc6$Y3\xb2\xbbZe\xe9\xccq\x174?\xe6P\xc4d\xc3\xf9?\xf5\'\x06\xdeJ\xa0@[A\x0bq\xf1(\x1d\xc3\xa6\x9c^\xabF\x04\xbds\xa0F\xc74@&E^`\x17\xae\x18\xa2\xaf@\x8b\x9fx\xd4lv\xcal;\xec\xff\xf9\x10\xbd\x8f\xa8\xd8\x0b\xbc\x85\xa7X\xe7\xf8\xfcR\x95\x82,\xf92J\xda\x94Y:\xa7\x94z\x11\x99A\x00\x7f_8\xe4\x82Q\xa5\x1f\xc15\x04\xd3\xf4\xac\xf9\xe6\xe1\xb9%\xab\x13T\'\x0b\xfa\xab\xf5e\x92\xe8F\xd61\xab]\xc0\xf8\xf7{\x01d*\xedh\xbc\xfb\x82T0\xa2\xad%\x9d\xe9\xb5DG)\xff\x18\x9d\xd38\xcb)\x98\xa1\xe0\xacI:\x01\xeb@\x8b\x1cL\xe90\xec\x90Y\x05\x03d\xc0\x8d\xc9\r\x0f\x15\x9dTIm\xce}\x8c\x0f!\xd3\x86o\xac)?\x8f\xa9\xc5N\xc0\x9b\xc9\x8f\xb7\\\x143/8\x07\xa3\x17\xfb\xf6\x19\xbd\xe6y\xe9p\x83#r\xa0\x03<\x1a\x03\xf68\x9ai\xfd\xef\x98\xd2;&\xf7C\\\r\xd5~\xfc\xa6\x17\x9e M0\xf3p.s\x0f\xff\x07?\xb8\x11M\xa9\xa4@\xd8\xf0\x9c4\x84\x0e\xd6\xab`\xc6bC\xb1\xf7\x88\xd3l\xb0\xb9:[\xc2\xd5M\x18\xcf\xcc\xbf\'\x9c\x94\xa0N\xac+\x8f\x84"ZZ\x15\x8b\xbdo\xa0#\x1f\xa6\xe7\xd4?{\xb4v(#\nv\xa5\x8fB3-f\xadc\xbb\xcb}\xe5\xeb\x84\t1I\xe2\x8f\xc5\xe4\x02\x9d\xb5\xc9l{\x9e+\xbeRi\xa8z\xb6\xa9s\xe4\xaba\xefb|\x83\xf9\x9dui\xae\x08\x08\x14\xba\xbc\xc5\xfc?>\x0fk\xa9 M\x91\xefL\xe8\xd50\xb4u9\x9d\xdd"d\xcb\xda\xd0\x12\x16.\xf2\x01\xc3.\x8en\xc9\x91\x9f\x9f\xd0a\x9d>\x9b\x96\xe0\x1853\xd9\xe6?\x8btw\xaeh\xcf>\x915\xf9\xda\x92\xea\xbd\xa7\xad\xc1\xbe\xa6\xfd\x8e1o\x01\x8b\xa4\xd1:\x81\xc7vjb\x06/`\x95!\x16MF\x05\xba3\xbah\xa7\xbe\x10q\x80\xe4\xe3\x1dG\xe3&8z!\x1c\x8a\x07\x00\x90\xc7K\xba\n\xef\x1f\xb2\x91\xc8\xf7\xc7\xf6I\r\xa6\x01\xb9\xc0\xb80\xe1q:\x89\x93\x191\xee\xb9\xc6\x86\xd2g\xec*\xae\xda\xbf\x81\x13>\xc2\xe9x\xb4\xcfR\x19\x00\x8a\xdbg7\xf9\xe7\x14\xf9C8C9E\x14\xe5\xdb\xff\xa2\xc1<4A\xa7\xf4n?b\xe6\xe1\x9a\xd44;@\x17Ur\xc4\xf8,\xd7\x8b \xe0E\xd2\x94\x8d9m\xf5(S\x13\xbb\xbdi\xf8F|n\x99o\xc1\xc4\xfb\xdb\xb1\xac\xf3\x17<\xed\x17\x97\xa7Zm\xa3\x9c\xfa\xbcu\xa1^\x01D\xb3@\x8cA\x9e\xc9\xad9c\xe5 \xc98L\xe55\x18\xc9\xee\x8a\x8f\x85|\xa7\x8d\x868L\rk\xb5\xbc\x1b\xb6\x85\xb1Bb\x90a[y\x185\x1d]\xbck\x86A1\x0e\x9e(\xea4\xf0\xa4\xc0\x88\x8ad\xb9\xfeo\t\xc7;\xe5 \x0f\xfe)\xf4\xc1\xdf\x11=W\x08\xb7\xf3\x8b\x8f\x90rf\xfb\xd0\xed\x1c\xd5D\x91+{\xc7\xbb\xee+\xaa!\xd1\n\x89\x06\xff\xcd\x83\x85?\xe2e\xba\t1,\xb8\x80_\r\x87@GV\xd9\xe7\x91\xa6;\xbf\xe6\\\x90\xb1\x01\xec\xf7\xc1\xae\xfb\xfeh\xd1\xc3\x91\xed\x02-\n\xf5uROly\x1ep\xc0\xe0\xb0\x1c"C\x17\x08\xab\xb7P=\xcc\x0e\xaf\xeeV\xbb\xea\xd2\xa3\xce\x16I\xdb\xd2f\xcdSn\x9e\xab\xd7\x805D\xd2,\xe1\x1e\x97\xcc<\x01\x7fp\xb4\xc1\x1e\xd9\x87fr\xdc*\x80\xf4\xed\x96nlO\x01\x15\x93\xaf\xf24%\xff\xc1P&t]h\xf0^=\xfd\x8bn{e\x81\x17.V\xf4\xffI\xbfY\xa8\xdd\xe4\xa9\x9d_Iw\xe5\xd6\xb2\xcf|\xdcQ#\x85\xcb|\xe2\x86\x02\x06*\xa0\x89\x9b\x8c\x18H\x90)\xa2R\r\x84\xd8a\x1fa\xdd.-Y\xcd\xd8\\;\x06/\x9cs\x9dS(\x8c\x97\xe6\xaa\xc6\xb6wEe\xc7\xa6%\xb2\xaf\x96\xe1QL\xde\xfaz\x01Opl\x98\xaf\x9d\xc1&X\x97\x83\xaa\xec`\xa44\xe3\x08<\xed\x08\x16\x14\xe8zP\xb4n;d\xd3t\xfd,\x1d\t\x95\xf7\xe2\xbf\xb0\xdd\x12 )\x89\xf3d8\x99\xa3N\x81\x8e\xd8\xd4\xef\xaf\x80\xb2\x06\x94n\x8d\x80\xabz=\x8a[mY_\xa6Z\xc5\x0e\r\x10\xad:\x10\x957l\xe2\xbc\xe5\xdf+\xcf\x91\xd2\x9b\t\xa42E\xfdwh\x03\x9aw\xa7\xac\xfe?\x1eo\x00wt\nFH\x00l`P\x17\xd0a\x14\x817F\xf3\x14\\\x92\xbe\xbd\x9d\x1e\x96X\x10\t\x7f\xa4\x1ap\x7f_,]}t\x0f%\x80\xf6\x8e\x98\x11\xb9l@\xbf8\xc5\x03!:\xdc\xa7L\x98\xfb/l:\x83\xac"|\xec2\xe6%\xd3%A\x82f\xd0\xaa\x82]\xd7\xe0\x04\xa7\xbc\x19\xdc\x9c\xb9V\xa2\xf7\x17\xf5\xfb\xcc\xd4\xfb.$\xe3\xe4K|\xfc\x08\xdf3:\x89;\x97X\xde\xdcL\xdae\x8aa>t\xb1K1j\x0b\x03^`m\x8a\t\x06b\x11\xddNlf\x1a\xf62@\xe0\'\x99\xe4z\xda\x1a\xbe\xbeN\\M\xb6\x00a\xe3^\xa1b\x1f4\\j\xd9GJ\x9cz\x86\x94>`\xd0\xa1\xff\xecP\x9c\x17f\xf6K\xc3\x99f&h\xb1\xab2b2P\xceU\xcd\x9b\x0245Ie\x1a\xd8\xa1\xafXg\xae\x01\xac\xa9&;\xe4Lr{[\xef\x1c\x10:\x0fQV.\x91\xe8Z\xc8\x97\xa6t\xdd\x85\x95\x036\x14E$R-@\x9a\x14-\xee\xf5\x02\x87\xf9\x1a\xf3/\xc5\xa8\x14\x17R\xde\xa4\xd9\x1a\xc2\xf4\xa8\rG\xa5Z\x14\x93\xfaW^v\xae\x023\x01\x832=\x19\xfd\xef\xcdM\x18\x95\x19A\xaa\x06]\xc3~%\x9f\x02\x08\xf0\xed\xc9Y\xe0\x81\xa4\xf9\xec\xb6\xb3o\x06oW\xe7\xa9 \xdby\x15\xb3\x98S;\x17\t\xce.)Ew;\xf5\xd9B\x86P\x9a\x06\x1dOV\x1fv!\xd7\xc1\xbb"pW\xa7;n\x9a\x8b\x1c\xb8*\xe3r\x97\x97\xeb\xf8\x99~|\x82}\'\x80\'K\x13\x88\x1f\xcbNj\x9c\x9fj\xb1\x00?\xb3j\xc5}\xefe\xd2S\xc6\xf6|\xd3\x11\xa6\xed&\xda\xce2\xac\xf5M\xf1\xf5\xac\x96\x17OKB\x0fG\xb6RG\xc5\xbf\xd5\xccg\x00\x97\xees\x1c\x96\xa9\xb5\xe7\x7f\r\xe9\x02\x9dui\xdfZ\xdf\xe6 \xcdc\xa16L\xbd7\x93+F\x8b\x7f\xae}\xf4db/\xab(\x0f\x10\x1a2\xb1L\x8a\xdf\x18e7\xb2\xae\x03\xf7\'JB\xc3n\x9c-4\x88\xcd\xdeXd\x11\xday\xa6\xef\xf1(ZX\x889\xe4\xf6PC,\xabZ%\x99\xaaI\x98\x90\xd4Z\xb0\x80\x9d\xa1t\x80A\xf6/dS\x8d\xc3\xa6ce\x96\xec\xba\xaf8\x94\xfd\xf5n\x00Wtm\x1e`\x7fu\x12E]\x0c#\x88\x0f9\xee8l\xb8tm\xdf\xdfk~\xe7\x84>7\x19\xaf\xd5\xef\x90g\xd4\xe1e\x17\xea\xe1r\xd4\x8b\x0f^\n(\xacz\xa1\x11\x9a6\xbc\x12\x0c\xf6\xd3\xe8N@G\'\xf6C\xc3/=\xe5\xd3\xdd-Y\r\xceS\xa9\x01j\xf8\x92\x89\x99R\x16\t\xea\x08\xe7\xbe\xc2\'\xa1d\x9c-\xc9'
p14
tp15
bI499
I0
F0.0
tp16
.