2020-04-10 22:57:43,192 INFO:Using CosmoHammer 0.6.1
2020-04-10 22:57:43,192 INFO:Using emcee 2.2.1
2020-04-10 22:57:43,193 INFO:Sampler: <class 'cosmoHammer.MpiCosmoHammerSampler.MpiCosmoHammerSampler'>
configuration: 
  Params: [110.  65. 750.]
  Burnin iterations: 500
  Samples iterations: 500
  Walkers ratio: 10
  Reusing burn in: False
  init pos generator: SampleBallPositionGenerator
  stop criteria: IterationStopCriteriaStrategy
  storage util: SampleFileUtil
likelihoodComputationChain: 
Core Modules: 
  Bkcore
Likelihood Modules: 
  BklikeModule

2020-04-10 22:57:43,193 INFO:start burn in
2020-04-10 22:57:43,194 INFO:MPI Process rank 0 starts sampling
2020-04-10 22:57:44,862 INFO:Iteration finished:10
2020-04-10 22:57:47,592 INFO:Iteration finished:20
2020-04-10 22:57:49,177 INFO:Iteration finished:30
2020-04-10 22:57:50,749 INFO:Iteration finished:40
2020-04-10 22:57:53,373 INFO:Iteration finished:50
2020-04-10 22:57:54,814 INFO:Iteration finished:60
2020-04-10 22:57:56,179 INFO:Iteration finished:70
2020-04-10 22:57:58,783 INFO:Iteration finished:80
2020-04-10 22:58:00,445 INFO:Iteration finished:90
2020-04-10 22:58:02,894 INFO:Iteration finished:100
2020-04-10 22:58:04,706 INFO:Iteration finished:110
2020-04-10 22:58:06,806 INFO:Iteration finished:120
2020-04-10 22:58:08,981 INFO:Iteration finished:130
2020-04-10 22:58:10,688 INFO:Iteration finished:140
2020-04-10 22:58:13,242 INFO:Iteration finished:150
2020-04-10 22:58:14,602 INFO:Iteration finished:160
2020-04-10 22:58:16,470 INFO:Iteration finished:170
2020-04-10 22:58:19,030 INFO:Iteration finished:180
2020-04-10 22:58:20,369 INFO:Iteration finished:190
2020-04-10 22:58:22,274 INFO:Iteration finished:200
2020-04-10 22:58:24,849 INFO:Iteration finished:210
2020-04-10 22:58:26,222 INFO:Iteration finished:220
2020-04-10 22:58:28,302 INFO:Iteration finished:230
2020-04-10 22:58:30,767 INFO:Iteration finished:240
2020-04-10 22:58:32,786 INFO:Iteration finished:250
2020-04-10 22:58:35,272 INFO:Iteration finished:260
2020-04-10 22:58:37,079 INFO:Iteration finished:270
2020-04-10 22:58:39,672 INFO:Iteration finished:280
2020-04-10 22:58:41,315 INFO:Iteration finished:290
2020-04-10 22:58:44,179 INFO:Iteration finished:300
2020-04-10 22:58:45,685 INFO:Iteration finished:310
2020-04-10 22:58:48,284 INFO:Iteration finished:320
2020-04-10 22:58:51,310 INFO:Iteration finished:330
2020-04-10 22:58:54,482 INFO:Iteration finished:340
2020-04-10 22:58:57,208 INFO:Iteration finished:350
2020-04-10 22:58:58,892 INFO:Iteration finished:360
2020-04-10 22:59:01,422 INFO:Iteration finished:370
2020-04-10 22:59:03,453 INFO:Iteration finished:380
2020-04-10 22:59:06,368 INFO:Iteration finished:390
2020-04-10 22:59:08,366 INFO:Iteration finished:400
2020-04-10 22:59:11,438 INFO:Iteration finished:410
2020-04-10 22:59:13,591 INFO:Iteration finished:420
2020-04-10 22:59:16,085 INFO:Iteration finished:430
2020-04-10 22:59:18,753 INFO:Iteration finished:440
2020-04-10 22:59:20,579 INFO:Iteration finished:450
2020-04-10 22:59:22,920 INFO:Iteration finished:460
2020-04-10 22:59:25,550 INFO:Iteration finished:470
2020-04-10 22:59:28,178 INFO:Iteration finished:480
2020-04-10 22:59:29,859 INFO:Iteration finished:490
2020-04-10 22:59:32,427 INFO:Iteration finished:500
2020-04-10 22:59:32,427 INFO:storing random state
2020-04-10 22:59:32,429 INFO:burn in sampling done! Took: 109.2357s
2020-04-10 22:59:32,429 INFO:Mean acceptance fraction for burn in:0.1929
2020-04-10 22:59:32,430 INFO:Reseting emcee sampler
2020-04-10 22:59:32,433 INFO:start sampling after burn in
2020-04-10 22:59:32,434 INFO:MPI Process rank 0 starts sampling
2020-04-10 22:59:35,038 INFO:Iteration finished:10
2020-04-10 22:59:37,624 INFO:Iteration finished:20
2020-04-10 22:59:40,203 INFO:Iteration finished:30
2020-04-10 22:59:42,144 INFO:Iteration finished:40
2020-04-10 22:59:44,274 INFO:Iteration finished:50
2020-04-10 22:59:46,899 INFO:Iteration finished:60
2020-04-10 22:59:49,549 INFO:Iteration finished:70
2020-04-10 22:59:51,041 INFO:Iteration finished:80
2020-04-10 22:59:53,640 INFO:Iteration finished:90
2020-04-10 22:59:55,184 INFO:Iteration finished:100
2020-04-10 22:59:57,744 INFO:Iteration finished:110
2020-04-10 22:59:59,535 INFO:Iteration finished:120
2020-04-10 23:00:01,835 INFO:Iteration finished:130
2020-04-10 23:00:03,886 INFO:Iteration finished:140
2020-04-10 23:00:05,909 INFO:Iteration finished:150
2020-04-10 23:00:08,200 INFO:Iteration finished:160
2020-04-10 23:00:10,012 INFO:Iteration finished:170
2020-04-10 23:00:12,596 INFO:Iteration finished:180
2020-04-10 23:00:14,268 INFO:Iteration finished:190
2020-04-10 23:00:16,913 INFO:Iteration finished:200
2020-04-10 23:00:18,365 INFO:Iteration finished:210
2020-04-10 23:00:20,988 INFO:Iteration finished:220
2020-04-10 23:00:22,647 INFO:Iteration finished:230
2020-04-10 23:00:25,159 INFO:Iteration finished:240
2020-04-10 23:00:27,059 INFO:Iteration finished:250
2020-04-10 23:00:28,416 INFO:Iteration finished:260
2020-04-10 23:00:30,880 INFO:Iteration finished:270
2020-04-10 23:00:32,749 INFO:Iteration finished:280
2020-04-10 23:00:34,098 INFO:Iteration finished:290
2020-04-10 23:00:36,539 INFO:Iteration finished:300
2020-04-10 23:00:38,423 INFO:Iteration finished:310
2020-04-10 23:00:40,646 INFO:Iteration finished:320
2020-04-10 23:00:42,795 INFO:Iteration finished:330
2020-04-10 23:00:44,756 INFO:Iteration finished:340
2020-04-10 23:00:47,121 INFO:Iteration finished:350
2020-04-10 23:00:48,474 INFO:Iteration finished:360
2020-04-10 23:00:50,481 INFO:Iteration finished:370
2020-04-10 23:00:52,862 INFO:Iteration finished:380
2020-04-10 23:00:54,174 INFO:Iteration finished:390
2020-04-10 23:00:56,104 INFO:Iteration finished:400
2020-04-10 23:00:58,549 INFO:Iteration finished:410
2020-04-10 23:00:59,841 INFO:Iteration finished:420
2020-04-10 23:01:01,784 INFO:Iteration finished:430
2020-04-10 23:01:04,252 INFO:Iteration finished:440
2020-04-10 23:01:05,890 INFO:Iteration finished:450
2020-04-10 23:01:08,513 INFO:Iteration finished:460
2020-04-10 23:01:10,053 INFO:Iteration finished:470
2020-04-10 23:01:12,736 INFO:Iteration finished:480
2020-04-10 23:01:14,311 INFO:Iteration finished:490
2020-04-10 23:01:15,793 INFO:Iteration finished:500
2020-04-10 23:01:15,794 INFO:sampling done! Took: 103.3609s
2020-04-10 23:01:15,794 INFO:Mean acceptance fraction:0.0041
