(S'MT19937'
p0
cnumpy.core.multiarray
_reconstruct
p1
(cnumpy
ndarray
p2
(I0
tp3
S'b'
p4
tp5
Rp6
(I1
(I624
tp7
cnumpy
dtype
p8
(S'u4'
p9
I0
I1
tp10
Rp11
(I3
S'<'
p12
NNNI-1
I-1
I0
tp13
bI00
S'\x8e\xccn@z\x1a\x1c\x8b\xe0\x85\x84\xa8q\xf1X\x8ex\x1d\xd1\x8b\xfe\xb6\xb4?\xca\xa0\xd0\xc2\xd4\x07V\x18\t\xcf\xf56\xefb\xd2q.\xd9\x89\x15\x85\xfd#\xc7\x15f\xb7.BQ\x11\x88\xc2\xaa*\x8e\xc3\xdcs\xe2N\xe3\x86\x8dX\x0f\xf4\xe0\xf3\xab\\\xcb2\xe9\xf5k\xa9<-[<6\x11X3h\xda\t\xb3\xca\xc3\x03\x90fUj\x9e\x92\xa9\x02\xd4"uji\xf6\xaa\xbc\xf7\xc5[\x06\xd3\xe3>\x18\x9aKk:R1\xf2\x93\xd0h\x03\xc8\xfe\x8d\xe7\xe7\xfc\xd4\xc8_\xd7W\xba\x89;R\x16X\xe4O\x11\xf5\xb7\xab7T\x9bV.\xe3\xbcaW\x89B[\xb3\xae\xf1+g\x17[\xd3\x9d\xb9\x0c\xc9\xc5\xeb\xdcq\x9b\x1f\x8b\x05\xeas\x82\xd3\xe68\xf7Lo\xa5pw\xfe\xe5\xd4\xadMg\x83\xd3-\xf3\xf33\xc5=R1\xd8\xf4\x7fx\x9fx\xdf\xfb\xc4S}.D\xdb\xf8\x02\xb3v\xe2\x98\x9a\ro\xa6y\x91\xda\xcfS`\xcfo-\xb7\x95l&\x05\xfe\xb6\x12;;\xb5\\\x82+\xc5\x05N@=\xd5k\xfah\x7fV\x85#\xe8\x91\x93\x88\x80\x1a\\(\xad=0l\x96\xf0\xf8\xc6\xd6\xdb2\xd9\xe8@V\xd2\xfce\x13FH\x00\xaaDF\x10\xcd\x90\xa7\xd1\x82\xd7\xe6q\xd5\xee\xff\xb9\x02\x92\x1c\x14=\x91\',,[\x81.\xd6c\xe1\x04x\xcd\r\xf5~0\x89^\xeb6\x0b\xcar\x1a\xe6_\xd0\xd4\x9eL\xbdT\x9e\xa16\xcfA\xa6W\x82\x0eN\x90uM\xa0\xbc\xdfTM*\xaee\xda\xdc\xac\xfc\xd3F\xb2["|2\x80\'\xb0y\xe5\x8e\xe31\x96~ICJ\x14K\xe5\xbd\xf8-\xfd\xec\xf6\xc3b\xf0\xad\x1c\xdd\xa9\xb6\x16\x07\xce\xef\x92\xce\xca\xd5\xce\xd1\x83*\xdc\xc6\x1c\n\x99\x97H\xfcf6\xcdc\x83\xfe}\x8e\x88\x1ckC\xea\n\xff\xeeU/\xbd&\x7f\xc7\xa0\x042v\x1aS\xf3\xd9\xb7\xa2;\xc0Xe\xc2\x7f\xf7\xe39\xebs\xa8|\xc2KZNE\xf3\x00L[\x8f{\xd7\x1a\x17\xfbRP\xe7<\xacW\xe5\xfb\x03\x0b\xce\xff\x12Q\xb5\xfbk\x83AUrT\xd9\xa18\xac=\xb8\xb9f\x8e\x1aR?\xcd\x12*\x9e\x9e\x84z\xc0\x870\x86\xbe(\xc6\'0\x13\xfc\xe5\'\xeb\xae\xf9\xe2G\x91\x03\xf5\xbe\x977\xd4\x1b\x9cg*6\xfaY^\xe9\x00a\x03\x93\x01\xea\xdd-#;J[?U\xfe\xbb\xc2+H\xffi\x16\x1d\x91\x08\x8a\xab3_+[2\x03\xe1J\x0e\x14\x10K\x05\x19\x86\x94\x1ap\x99r\xc8\xe1\xa5\x93\x10q/\xf3i\x18\x18\x0e\xae\x95\x89\x85$\xd0\x8f\xc7\xb7\x19=\x06\x90t\xf0\x89\xb6\xe9\x1bT\xb3\r\xff]l3\xc7\x03\xa0\xf3F<\xfe\x89\xdb\x92\xb2\xaanC3?a\x8fOWu\x84\x8cp\xe9\xcc\x14Q\x00\xe3\xa56\xb5\x86fW)\x13\xbf*3\x0bis\xe1Vk\xde)\x8e"\xecp\xf7`u]\xda\x13E\xfb\x8f\xfc\xe9\x95\x08\xee(\xa1}U\xb6\xce\xf3xV\xb9\x10X\x98\xab\xa2$\xb9\tUc\x87\xb8O\xdb<\x06G\xd8uN\xf45\x1c\xc9\x89\x16\xefI\x83q\xc3\x14\xf4\xbf\xcaU\xe8>\xeb\xca\xafrC\xd6\xf7E\x94v\xcd\xbf\xd9\x14#\x8f>\x117\xbc\xb5h\x85`is(g\x9a\xaa\xa9\xb4*V\xb1v\x93t\x96\xe3\xed\xde\xd8\xa4Aq\xc9\xa9\x15\xd5=.B\xf8\xe7]\x03\xaf\xe97\xa6\xfa\x8dIM\xdf\xce\xed\xa2\xab\xd7\xb3a@\x81\xeb\xc1\xabh\x1d\r\x00\xbd\xf6\xc8\x98\xce\\\xa5\xa9`\xdd!\x06,\xe3?n\x92q\xa0\xa0\xa6\xde\xa3,\xa87\xa1\xdf\xe8\xae\xfd\xb7\xae\xdf\xa9\xbd\x12\xe5H\x96\xf7\xf5;\xbd\xde\xecW\x00\xd0P\xd3`\xe3%T\x97\x1a\xe5\x1f+\xd4B\x83\xe4So\x8c\xc2\x9d\ty\xe5\x90\x8d\xa4\xcb\xc0\xd3\xfb\xb8\x8f\x17\x94\xd3\x08\x02\xdbpC\xde\x8a*\x9bz\x06C\xe4[\x1b4\xca7\xe6\x06\xe1|Bc:\xee\x0e\xb7\x8bK\xfb\'\x0b\x8f\xf9\x18\xa3w\x89\xad\xea\xebkH\xcb\x06\x0b+g\xe5\xf1w\xca\xa5R4\x12\xa1cmv.v\x1b\xa6\x96=\xd1\xf5\xe2\xa6\x07\x97ds\xa7\xd2^\xca\x8d7\xad\xac\xfd\xedbBZ\xa3>v\xde\'\xe1>\x84\x7f\xf1\xa7\x12\xa3&\x14\xbb\x0f8\x93t\xf2\x7fWP\xf8\xbc\xe1\xfeg)\xff\xa2\xe1*\x9ax\'y\x1d\x1c\x98\x91\xfff\xd7\x063$\xdb\xf4T\xb5\x00\xf0\xb2 @\x0b\xce\xfd\xc2Q\x0c\xc5 \xa5\xb9\xd1A;\xfcS\xad\xbe\xa4\x1f*\\\xf52\x1f1\xea\x9d\x98\xd7\xeaY\xce\xde\xf5\x1d\xb8J8\x84\xa1\x06\xe3\x93ug\xdcM\x85J\x86^\x1e\x1eI\xc6\x1fBLU\x97]\xa3\xc9F\x9a\xeeo\x08z\xb6\x1eg\x07D]\xaaR\xacG5PL$\x03\xf6\x808\xe2&_qy|\x85C\xb5\xc2\x8e\x0104$N8\xfeQ\xe5\xd71\xdb\x97k\x86\x14\xce\x07W\xd2\xf0\xe7\x04\xa462q\x98\xad\xb8\xc3\xbe\x15\t\xda\xed\x18\x9eSi\xaa\x0f\xeb\x03\xb4\xd3?\xffEt\xd2\xa9\xbb\x15\xc0\xded\x05\xa7\xb5\x92|\xfc\xc8F\x06\x97\xf0bW\xae\xaa\x9c\x02\x9ex]\xdb\xdf\x1d`F\xcd\xf6n]`10O\xe7\xbe=I\xa0\x17^4d\xf4\xcf$v\xb6\x7foc5\xbfU\xe8\t\xb6\xa1\xed=\xdf- h\x82\xb3{EJ\xf7\xeb\xfc\n\xda&\xae3\xe7z:/N\x82\xcb\xa5\x80\x8a\x05\xa1.\xd5\xd4\xa2\xd3\xfc\xeb\x8a\xcd3p\x1e\xfcq\xad>\x1c7Ez\xce\r\x07S\x00g\x93\xdb\t\x93\xe5\xf4X\xf3r\xc6\xbd\xef\xd5\xbf\x8aI\xd6\xbeq\x94\xe3\xd3\xe9\xa9f\x1d<)W\x88\x91u\x01\x11\x9e\xd1\xf1\xb0\x0e\xe8-!\x15\x07\xd47\xa4W\x8d\xa7j\x0b\xa3\x10Z\xe4i\xce\xa6v9\x18;\xdf\x8d\x13d\xf8o\xd3\x04~\xb8\xe0\xdc\xf1G\xf7Yq\xf4\xc6)\x1f\x8c\xd5$9\xca,~+\xdf\x9d2\xff\xfe<\xe2\x9f\x19\x0b\xff\x9byf\xfa-\x9a\xc7\x8f+5Q\xbf\x90~\xca\xe3\x1b\xf8\x06=\x16\xb5\xcfL\x8f\x0eJ\xbd\x1c\x87M\xa4\xd3\xe8\xd3T\x07|\x8f\x14\xd1\xd7J\xe9\xc7m\xb1\xca\x99\xa5f\xde\x8e{B0"6\x0f\xd4\xc8l\x87!o\x91\x04\x8d"\x01R1G\x9b\xd3\\\xfbk#\t\xf4\x1c\xcd\x02\xc1\xd3f\r^fn\xa7\xec\xd9\x14\xf6\x85\xa3\x0c\x90c\xa7(\xb2\x9d\x8f\xdet\x99(\xef\xce\xe9\xdf\x02[v\xfb\xa10\'T\xcc/q\xfd\tf\x9f\x06\xcf\xe6\xad\xd8x\xe6\xfe\x83\xf3\xd4\xa2\xa4\r\xf8\x0c9t\xd2*\xc2\xecu!a\xb10\x8bf\x1c\x1d\x0f\xd0\x1a\xd4\xe6\xe1\x17\x07\xe2\x10\xf1\x88\xf14\xc5\x11\xc4\x9d\x1b\xe9~2\xbe\x00\xe1&/<m\xa5\x193\xcde\n\xf6\x1c_\xbb\xdf\xba/\xd3D\x8fE\xecq~}xki\x0b\x1f\xae\x91Jf\x99\x0f\xbax=G\t5\x06\x0e\x9a\x8e\xb5e\xda%w\xaeI\x95\x7f\xb3\x93\xf44\xaa\xb4N@\x0fgy \x1b%\x92\xfc;\x1b>~=\x8e\x13\xf79\xb4\x84bo\xf7\xf2\xea,He\xfc{\x8bJ!\xc9!Pwcur\x1b\x1b3\x81\xb6\x83S\xa2h\xa3\xf8\xa8\xfcX\x1c\x81h\x91k\x16\x03$\x0c\xad\xfb\xdc&\xc0}\x11(\xaeG\xa3\xd5N\x00>fk\x81\r\x9b\xbd\t\x9f\x1dv^\xea\x03\x0fE\xc4\xb8\xdf\xc4\x89^eM\x9f\x82X\xcb\x05\xf6\x8f\x9d\xcfC\xc6\xfe\xb5\x97IU\xde\xb8O\xcdEG6S\xb5\xbe)\xdeCG\x0b\x7f\x10w\xc4\xf5\xeb\xab8\x0b\xd3\xf7\x10\xf84\xdcqd\n\xbb\xbbpse\xc3\x0f\xe2\x94\xed\x02+\xc7S\xb8\x0b\xc1\x9d\xf5\x80\xbe\xed\xe2\x83\xfd\xe7\xa4\xee\xa2\x08A\x87\x16S\xa1\xb2Q\x13\x89L\xee\xca\xec\xd9\xc9)G6du\xecK\xe9\xb1\xf6\xe7\xcc\xf1\xc2;r\x97\xd1\x8b\xdf\xf48\x95\xb1\xe3> \xb4W\x12\xc2\x89%\xde/\x8c$.8)\xf7i\xcfAA\x8a@m3\x9e\x1e\xfa\x1e\x13\xeb"LH;\xf3\xa3{A\xe6\xde\xb2\xb2^_q\xcc\x9b7\xed\xfen\xe6\xe2\xe6\x06\xa7\xe8\xec\x1a\x0cj,\xe9!\xb0\xef\xac\x81\xbe`_\xe9}\xa2\xe8\xd6\xa0\xc2\xfb\x88\xca%\xe1\xc4\x84\xec\xfc\x07\xa6\xbb\xfa\xf9PM\xad\x99>\xf9D\xabZ}e\x18\xb7]v\xcc\xb3\x0c\xcf\t\xa8\x11\x83\x1b\x0f]\x05\x15b\xd0\x86\x81\xb1\xbd#\xaf\x7f\x12\x9d\xdb@}x\xcf\xac\xbd\xfbYZ\xa5\x1b\x91Nkz\x83\x8e\xac\xf2\x1e\t\xeae\xd1v\x186\x89\xf8\xb9!O\xb2\xf7E{^}\xf6\xd5G\xff\xf2\x07?=R.\x96\xb32\xc3m\x1a>{\xefY\x92\xcc\xf9\x97\xb2\xf0\xce:\xdc^\x9a\x86\xec\x03\x90\xd7~\xbd\x92\xb2j\x18]\xa3A\xa0\xf4\xba\x9ar[\x88u!\x8d\xed\x85\xd0B1aY\xa5\xdb\xfb\xdd~\xe1\xf2\xf3\xe4|8wk\x13\xa1\xe9\xb8\xacFK\x1e\x19\xf8\xd6\xaf\xa7\x05\xbf\x92#\xda\xe3\xd6\xe7}\xfb>\xa7%\xa8|\xda\xea\xdb\xcf\xe1\x94\xa1\xd9\x9d\x17tm\x04\x8c(\xad\x17\xbb\xb8\xd9\xc59\x0evW\x87\x9as\x0fZCV\xa5\xb8\x04\xa4G\x95\rH\xcf\xe0\x8e\xa3!2d\xca}\xdb\x08\xc2\x0125\xa7\xd3H\xd9\x85\xf58\x80\xed\xb9\xbaE\xc86\x10\xca9Y\xd4\xe9\x97\xadW\xf2B\x9dX\x84\xc6\xeaB,<\x84\x15\xf42\xfa\xb5)T\xf1\xa9\xe5\xdb1\xd0\xd3\xbb\x83\x16g\x0c\x94\\{Cu\xd6\xa8t\xf9.\x16\x16\x8cn\xb5u\xa3\xebV\x04\xff)\x85\x13\x05\xa0\x8a\xf2\x90\xa4x\r\x8d\xa1\x8e\xb1\xce\x1e\xc44\x95\xd30IOlJ\xd2\x97\x0e\xa4]L\xaaIw\xfe\xed\xc5\x93\xe2\x08\x8c\x14cQ_\x8d\'\x89\x06\xefR\xfa\xcc\xe68:\xddS\x93\xdc\xf6(\x17S\x86Ej\x9ec6Mp\xe8\x8a\x8b\xb0\xa2\x1a@\xdfD\xf4\xcf>\xc5\xd58\xb9\xb7c\xb2\xee\x06\x00\xb2\xac|\xfc\xf3\xb8\x17\xdch\xf40l\x91\x17\x9e\xc7Bs\x0f\xd8\xb1|\x82\x03\xf7\xb0g&\xff\xe6\xf3>#\xaa\x9b\xea\xbb\x97\xb2Zt\xe3\xc6\xbf\xa8\xc9I\xd0k\xd8IqU\'\xc1\xb2)\xd5\xeas\x05\xba&J4U\xab\x05!\x1cN\x00\xa8f'
p14
tp15
bI472
I0
F0.0
tp16
.