248.9974300271033	37.398272051278674	751.2309963472331
249.94516763360133	37.25615644744344	749.7945633042232
250.13859154853606	38.37262393160927	748.6855730722446
248.91207828996195	36.90410587132958	749.2386486197938
251.55152931436842	38.099585558999195	750.1999256596301
249.1767989089701	38.41573307402282	748.7238133283541
249.06278657133672	37.843951953944185	750.1459864178705
251.39087460762892	37.8272058675471	749.7480799291076
248.6987985001205	37.154275496683965	747.7336813432578
250.40056773803224	37.156392841068566	748.2091417113968
249.6840856372529	37.329295698839466	748.6310934276794
249.8476878902128	37.492671444987565	750.844258170572
249.5580928776868	39.15057920512989	748.5416218428369
250.55804351172438	37.831883170661584	752.2205550103097
248.32961916158925	38.46463124310288	750.484804495078
249.38527065876667	38.11445537229057	749.5754726121132
249.66034942196166	37.179821868353216	749.8834584779386
248.4714681983699	37.70914110005923	750.1942819236973
251.20161895532644	37.787244131744515	751.1030299628258
247.64997474370955	38.92584474397089	751.6570654569663
251.73584656697707	38.14605269345416	750.5858567885102
249.4578396620505	37.2786486412444	747.4285465293426
250.24747750081806	38.11705156834563	750.1805572489619
248.50798500794448	38.22839035630255	750.225057668803
250.80977956366593	37.73411312063511	749.3129122497417
250.61729428176446	38.56192475799731	751.5022979032475
250.79847418234866	38.043076118486745	750.8498369367941
249.55107212953592	37.552463493085995	750.6867722378959
251.9830307074277	38.34304707058796	749.8802133708125
249.8987232343857	37.71034072840353	750.4578620985969
248.9974300271033	37.398272051278674	751.2309963472331
250.0697350999336	37.22126024102833	750.349678159717
250.13859154853606	38.37262393160927	748.6855730722446
249.29877147592364	37.22009140115701	749.7164917863254
250.48422640774888	37.6161748293982	749.8112183984622
249.1767989089701	38.41573307402282	748.7238133283541
249.06278657133672	37.843951953944185	750.1459864178705
251.21683903846343	37.76239528505052	749.7123129049131
248.6987985001205	37.154275496683965	747.7336813432578
250.40550399635	37.1835221591887	748.3036718348019
248.96155269263315	37.01068488327697	748.2385088799213
249.8476878902128	37.492671444987565	750.844258170572
249.98178484557766	38.44861260054045	749.1224429076398
250.55804351172438	37.831883170661584	752.2205550103097
248.27389562451694	38.486574449925186	750.5022251177428
249.38527065876667	38.11445537229057	749.5754726121132
249.66034942196166	37.179821868353216	749.8834584779386
247.0056546621134	37.12577567874057	751.5208099556567
251.20161895532644	37.787244131744515	751.1030299628258
247.64997474370955	38.92584474397089	751.6570654569663
251.62296292608636	38.188022258409674	750.6783434885609
249.4578396620505	37.2786486412444	747.4285465293426
250.6553783251585	37.505525344989984	751.1502961737476
248.50798500794448	38.22839035630255	750.225057668803
250.04674255527058	37.400379746877924	749.2830519662433
250.6387171541423	38.57039633579129	751.6283517825958
250.81965936720425	38.0718559013697	750.9198559711597
249.55107212953592	37.552463493085995	750.6867722378959
251.9830307074277	38.34304707058796	749.8802133708125
249.8987232343857	37.71034072840353	750.4578620985969
248.8590922665703	37.443858150174435	751.5122000237546
250.0697350999336	37.22126024102833	750.349678159717
250.0356781598487	38.22895976108808	749.0361149963328
249.29877147592364	37.22009140115701	749.7164917863254
250.47027108519345	37.60916678566215	749.8005916993677
249.1767989089701	38.41573307402282	748.7238133283541
248.25234363784168	37.97914348084932	750.3448679729578
251.21683903846343	37.76239528505052	749.7123129049131
248.6987985001205	37.154275496683965	747.7336813432578
250.21019743330214	37.27958576195816	748.5716478977986
248.96155269263315	37.01068488327697	748.2385088799213
249.03967152142627	37.31687257395932	750.6898250171354
249.98178484557766	38.44861260054045	749.1224429076398
250.55804351172438	37.831883170661584	752.2205550103097
248.29618138341453	38.614303008425864	750.8753541875922
249.16230243412335	38.31301490456695	750.1204103947247
249.66034942196166	37.179821868353216	749.8834584779386
247.0056546621134	37.12577567874057	751.5208099556567
251.20161895532644	37.787244131744515	751.1030299628258
246.4989422818001	39.23596041688559	751.924774125236
251.62296292608636	38.188022258409674	750.6783434885609
249.4578396620505	37.2786486412444	747.4285465293426
251.33963924616438	37.729504930087735	752.0214744136101
248.3671603149711	39.02111152920786	752.0637500071958
248.46157631288332	38.22052188820214	750.4633801880756
250.74842314632778	38.78722629944994	752.0629877345704
250.81965936720425	38.0718559013697	750.9198559711597
249.41167193770872	37.48824491610698	750.6876043800655
251.95879169560928	38.33261112366557	749.9339418251737
249.84855127870688	37.81540369271319	750.8560703969401
248.2770238984181	37.51462818591695	752.7790165674007
250.89169746875004	36.121728461231584	751.8463133299415
250.0356781598487	38.22895976108808	749.0361149963328
249.49070939347743	37.339281235637436	750.5577289157261
250.47027108519345	37.60916678566215	749.8005916993677
248.3046643728839	38.68286783616609	749.7663144209421
248.25234363784168	37.97914348084932	750.3448679729578
249.8708171080871	38.18280528670785	750.3435308980698
247.7710359264416	36.21830487865368	746.7294298110731
249.3124831498336	37.752812581416634	749.3827344940477
248.96155269263315	37.01068488327697	748.2385088799213
249.03967152142627	37.31687257395932	750.6898250171354
249.98178484557766	38.44861260054045	749.1224429076398
250.287479875921	37.978747206574404	752.2011903395606
248.3109860982949	38.82880664191436	751.0545079522988
249.16230243412335	38.31301490456695	750.1204103947247
249.08113685293637	36.73414526043509	749.3656552303745
245.95320121630365	36.97893499739867	752.0433640887247
251.20161895532644	37.787244131744515	751.1030299628258
246.4989422818001	39.23596041688559	751.924774125236
253.89545985556418	38.99139238391257	752.966770098272
249.4578396620505	37.2786486412444	747.4285465293426
250.12474506794018	37.644266506097935	752.3219801735244
247.99540269188523	39.222904444747414	752.0371427214528
248.46157631288332	38.22052188820214	750.4633801880756
250.74842314632778	38.78722629944994	752.0629877345704
250.81965936720425	38.0718559013697	750.9198559711597
249.41167193770872	37.48824491610698	750.6876043800655
251.81767620873177	38.19515285434614	750.4097263881744
249.84855127870688	37.81540369271319	750.8560703969401
248.2770238984181	37.51462818591695	752.7790165674007
250.89169746875004	36.121728461231584	751.8463133299415
249.1708772585102	37.87769424880938	750.8766499572225
249.76923459065344	37.75079714583218	751.3683852107557
249.9150839445401	37.85474998339615	750.0565126459276
248.3046643728839	38.68286783616609	749.7663144209421
248.25234363784168	37.97914348084932	750.3448679729578
249.8708171080871	38.18280528670785	750.3435308980698
248.39639757814302	36.46453536871846	747.9878017800805
249.3124831498336	37.752812581416634	749.3827344940477
248.83119724695314	37.34251930250608	748.5416924900182
249.52816268435436	37.46426262245862	751.4246078094955
249.98178484557766	38.44861260054045	749.1224429076398
250.287479875921	37.978747206574404	752.2011903395606
248.16378138260907	38.85540631930377	751.0815747542794
247.8547277620025	38.766134312621	751.0062614168826
249.08113685293637	36.73414526043509	749.3656552303745
245.95320121630365	36.97893499739867	752.0433640887247
252.24229575089183	38.09077080357369	753.2959391570458
245.74981861857938	39.4845545358985	751.8701171706978
253.89545985556418	38.99139238391257	752.966770098272
249.29999958660858	37.47097038966362	747.8741170726295
250.12474506794018	37.644266506097935	752.3219801735244
246.43454084279534	39.642596609823634	752.7017137041427
248.28145256740777	38.50208225520135	750.3928241790461
250.25117090606673	39.06256789755117	752.8318308991475
250.41447786651912	37.89999783036209	750.8674936545424
249.47400459231324	37.32198413951559	751.5076164565455
251.81767620873177	38.19515285434614	750.4097263881744
249.93519488954428	37.934433672401184	751.6161528502377
248.2770238984181	37.51462818591695	752.7790165674007
250.89169746875004	36.121728461231584	751.8463133299415
249.1708772585102	37.87769424880938	750.8766499572225
249.76923459065344	37.75079714583218	751.3683852107557
250.38889360107854	37.959726887315185	751.0208144856181
248.3046643728839	38.68286783616609	749.7663144209421
249.07410413086944	38.42456235069384	751.3673114391119
250.33860808159815	38.47401546121091	750.933516816534
248.39639757814302	36.46453536871846	747.9878017800805
249.26046332472527	37.79868865646051	749.9315338440938
248.71908142062455	37.46582447792906	748.8909422936008
249.52816268435436	37.46426262245862	751.4246078094955
249.39445970680922	37.71358813084558	748.70210191501
250.87272559142326	38.031712164428384	752.8954226220987
246.69784803639794	39.183421358609934	752.6613059055741
247.8547277620025	38.766134312621	751.0062614168826
249.08113685293637	36.73414526043509	749.3656552303745
245.95320121630365	36.97893499739867	752.0433640887247
252.24229575089183	38.09077080357369	753.2959391570458
245.74981861857938	39.4845545358985	751.8701171706978
251.24283878074266	38.84500915097418	751.4482748850206
249.07856051786635	37.66941049489877	748.3540123524996
250.12474506794018	37.644266506097935	752.3219801735244
246.41962393348965	39.650674457850855	752.7032487006608
248.40239835802168	38.53649752047623	750.5425854876991
250.25117090606673	39.06256789755117	752.8318308991475
250.41447786651912	37.89999783036209	750.8674936545424
248.5858226759958	36.99107913688055	751.9236841761017
248.8895185185641	37.587890025987576	751.2254087471222
249.93519488954428	37.934433672401184	751.6161528502377
248.2770238984181	37.51462818591695	752.7790165674007
251.02539302193935	35.553121796508364	752.0669591019346
247.94938903682123	37.85578724587558	750.885643452245
249.91116138801917	38.137104248482935	751.7993594972525
250.38889360107854	37.959726887315185	751.0208144856181
248.3046643728839	38.68286783616609	749.7663144209421
249.07410413086944	38.42456235069384	751.3673114391119
250.24925494012305	38.478484554445025	750.9197717670913
248.39639757814302	36.46453536871846	747.9878017800805
249.21826288297774	37.94041574718426	750.2566610755833
248.71908142062455	37.46582447792906	748.8909422936008
249.52816268435436	37.46426262245862	751.4246078094955
249.39445970680922	37.71358813084558	748.70210191501
250.741284596699	37.74288007737305	753.409358746408
244.40320882199364	40.31508007089393	754.8505456377154
247.8547277620025	38.766134312621	751.0062614168826
249.08113685293637	36.73414526043509	749.3656552303745
245.88868952674105	36.956176614611614	752.0506217145079
249.32457097216826	37.569738579960735	752.7240602222673
245.68584255567484	40.64934611881502	751.7869610208445
250.61009686575565	38.33549239477468	751.439541369273
249.66164427544402	38.3621618651833	750.5806200051381
249.34211790703762	38.0680770380377	752.4025149506899
246.41962393348965	39.650674457850855	752.7032487006608
248.30935396117616	38.57551078314536	750.6213599325501
250.25117090606673	39.06256789755117	752.8318308991475
251.95712812695646	38.295054477335505	752.665968270381
248.14482037777253	36.83726248190785	751.6197187505825
248.8895185185641	37.587890025987576	751.2254087471222
248.92464138918737	37.865955073225486	750.880374904576
248.1209191329719	37.40314863018436	752.9512527127978
251.37404744248718	34.23485900486607	752.6400043130642
246.44386318917515	39.447595950151715	750.1144028468484
249.23072607627375	37.943967250192635	752.1496535771527
250.38889360107854	37.959726887315185	751.0208144856181
248.27110836628634	38.68378999673013	749.7387133800764
249.07216101563586	38.89161837366009	751.92036168546
249.844115892454	38.28048754345708	751.3017009893035
248.65626745982263	37.15396469127633	749.4108049840861
249.21708769592678	37.94806685411274	750.2700432413899
248.71908142062455	37.46582447792906	748.8909422936008
249.52816268435436	37.46426262245862	751.4246078094955
249.39445970680922	37.71358813084558	748.70210191501
250.741284596699	37.74288007737305	753.409358746408
243.78477909509382	40.153911644320246	756.327671763588
247.8547277620025	38.766134312621	751.0062614168826
249.08113685293637	36.73414526043509	749.3656552303745
244.61255485950298	36.74904626802417	751.7410220958591
249.1956223400422	37.49292728626519	752.8529078400866
245.68584255567484	40.64934611881502	751.7869610208445
250.61009686575565	38.33549239477468	751.439541369273
249.7440986058998	38.56231456595222	751.1603389318788
249.34211790703762	38.0680770380377	752.4025149506899
244.13115844778739	41.8250802898622	756.4973312972252
248.30963334882952	38.56911486238491	750.6723002591049
250.25117090606673	39.06256789755117	752.8318308991475
253.78835824910396	38.53216914610602	754.2768528943396
248.27923267042306	35.943533821124895	751.903959721167
247.93131592117587	37.35026099607779	751.3561583874691
248.92464138918737	37.865955073225486	750.880374904576
248.1209191329719	37.40314863018436	752.9512527127978
251.37404744248718	34.23485900486607	752.6400043130642
246.44386318917515	39.447595950151715	750.1144028468484
249.23072607627375	37.943967250192635	752.1496535771527
250.38889360107854	37.959726887315185	751.0208144856181
247.85961309804728	39.03918502110636	750.1184349306633
249.07216101563586	38.89161837366009	751.92036168546
249.5109667899977	38.544230533727045	751.5686936100368
248.65626745982263	37.15396469127633	749.4108049840861
249.26502783629698	38.38552075643212	750.4555049527902
248.71908142062455	37.46582447792906	748.8909422936008
249.75481452125464	37.11175881506857	752.2658332050307
249.39445970680922	37.71358813084558	748.70210191501
249.99530913947837	37.646164056208455	753.2789434044992
243.78477909509382	40.153911644320246	756.327671763588
247.8547277620025	38.766134312621	751.0062614168826
249.10680761301964	36.94176081822486	749.8434125984381
244.61255485950298	36.74904626802417	751.7410220958591
248.5218976562614	37.36340346104203	752.2742629853328
245.68584255567484	40.64934611881502	751.7869610208445
250.61009686575565	38.33549239477468	751.439541369273
249.7440986058998	38.56231456595222	751.1603389318788
249.34211790703762	38.0680770380377	752.4025149506899
244.13115844778739	41.8250802898622	756.4973312972252
248.08721871332153	38.82340914464953	750.5970510860957
250.25117090606673	39.06256789755117	752.8318308991475
256.042830000659	39.29805441091755	756.4118433464937
248.27923267042306	35.943533821124895	751.903959721167
247.6242055482841	37.19082181382472	751.5032582530747
248.92464138918737	37.865955073225486	750.880374904576
248.1209191329719	37.40314863018436	752.9512527127978
251.52881386733682	33.93027052301197	752.8003096772645
246.44386318917515	39.447595950151715	750.1144028468484
249.4388544382169	38.230187934867736	753.1419479826344
250.38889360107854	37.959726887315185	751.0208144856181
247.85961309804728	39.03918502110636	750.1184349306633
249.07216101563586	38.89161837366009	751.92036168546
249.65140754141646	38.28382561340166	752.0646006198319
248.65626745982263	37.15396469127633	749.4108049840861
249.21824353885532	38.53157910692158	750.5789213719394
249.48687486505997	37.69292488871564	749.8702751345384
249.75481452125464	37.11175881506857	752.2658332050307
249.39445970680922	37.71358813084558	748.70210191501
249.99530913947837	37.646164056208455	753.2789434044992
243.78477909509382	40.153911644320246	756.327671763588
247.8547277620025	38.766134312621	751.0062614168826
249.10680761301964	36.94176081822486	749.8434125984381
244.61255485950298	36.74904626802417	751.7410220958591
248.1011813057524	37.66668425128225	754.0227346801486
243.3092235724451	42.497866795823995	752.9853807372558
250.61009686575565	38.33549239477468	751.439541369273
249.7440986058998	38.56231456595222	751.1603389318788
249.34211790703762	38.0680770380377	752.4025149506899
242.02902618746018	43.55200101530928	759.5973018268761
246.5941777472443	39.05868564463117	750.0894634008237
250.25117090606673	39.06256789755117	752.8318308991475
256.042830000659	39.29805441091755	756.4118433464937
248.1477691338075	35.551955137233044	752.1124540846653
247.6242055482841	37.19082181382472	751.5032582530747
248.92464138918737	37.865955073225486	750.880374904576
248.0558185283892	37.43345044353014	753.3817860236767
251.23852859178032	34.06950297990215	752.7412526798043
246.44386318917515	39.447595950151715	750.1144028468484
249.4388544382169	38.230187934867736	753.1419479826344
249.61755673114965	37.601014713118666	750.3040645417627
248.11534856988456	38.93137567095967	750.3962031772581
249.07216101563586	38.89161837366009	751.92036168546
251.05861163005915	37.69059637840187	753.5930417449337
248.65626745982263	37.15396469127633	749.4108049840861
247.49394487292093	39.72872064558412	751.3836825311483
249.5481847108596	37.559942698377284	750.4184257815602
249.6526870974996	37.16379991850309	752.3353177353698
249.34302033721605	37.70189618667851	748.7247801325641
249.99530913947837	37.646164056208455	753.2789434044992
243.78477909509382	40.153911644320246	756.327671763588
247.78080046964968	38.26093966882909	751.165645754795
249.10680761301964	36.94176081822486	749.8434125984381
240.75522770432806	35.74992840837577	752.5109040912939
248.1011813057524	37.66668425128225	754.0227346801486
241.8275964580235	43.662738106725314	754.0282691152153
250.61009686575565	38.33549239477468	751.439541369273
249.65418626539807	38.51329918470992	751.3169899703371
249.34211790703762	38.0680770380377	752.4025149506899
241.72316191780308	43.83766062650297	760.0188133183724
246.5941777472443	39.05868564463117	750.0894634008237
249.87981229987378	38.44276416877774	752.7048238885626
251.7723167934335	39.36458439595347	753.6101561072715
247.53901502312536	34.53593433842896	751.9042562982409
247.56135296379585	36.7613080575195	751.6387659559259
248.92464138918737	37.865955073225486	750.880374904576
246.75762613431138	37.29107120615877	753.4506234314166
250.77764645550644	35.04127105144351	752.6589297054155
246.44386318917515	39.447595950151715	750.1144028468484
249.37947313408924	38.59422284730438	754.6211933573255
250.32225046398423	36.0657418029145	751.3635963253364
248.11534856988456	38.93137567095967	750.3962031772581
248.8830470924381	38.65304274207507	752.329832656896
250.36874833225693	37.56065891170242	753.5205871944872
248.65626745982263	37.15396469127633	749.4108049840861
247.49394487292093	39.72872064558412	751.3836825311483
249.5481847108596	37.559942698377284	750.4184257815602
249.6526870974996	37.16379991850309	752.3353177353698
248.26578617081577	37.53072124363524	750.6938569800553
249.99530913947837	37.646164056208455	753.2789434044992
243.78477909509382	40.153911644320246	756.327671763588
247.78080046964968	38.26093966882909	751.165645754795
248.5337780817454	37.42454598986576	749.8995268625728
237.89907979342811	35.13503806572082	753.469756223696
248.1011813057524	37.66668425128225	754.0227346801486
241.8275964580235	43.662738106725314	754.0282691152153
250.465590168161	38.362371761960105	751.4210150573572
249.65418626539807	38.51329918470992	751.3169899703371
249.34211790703762	38.0680770380377	752.4025149506899
241.37752616391634	44.455251210541206	760.6376432874101
244.07726296330907	40.33566580250065	749.8091762215338
249.79144486387975	38.45574449462063	752.8579282772644
251.7723167934335	39.36458439595347	753.6101561072715
245.47216897386062	37.838738728599125	752.6728932750815
247.39117242431598	36.96758042652085	751.8830404186444
247.69170887232065	37.5466031365638	751.1264552882552
249.29546735860538	34.40836569764746	756.8984453330565
250.77764645550644	35.04127105144351	752.6589297054155
246.44386318917515	39.447595950151715	750.1144028468484
249.41836968272358	38.671685004205656	754.9014263974893
250.2329992851364	36.133550999586	751.2905340143025
247.9587984080976	38.61764839369328	750.7562601015527
248.02967868180275	39.25897367301319	752.5352613525389
247.54835503227977	38.804659395408	751.8568086068037
248.65626745982263	37.15396469127633	749.4108049840861
247.49394487292093	39.72872064558412	751.3836825311483
249.5481847108596	37.559942698377284	750.4184257815602
249.6526870974996	37.16379991850309	752.3353177353698
248.2593907418475	37.57753431041896	750.7437349865314
249.99530913947837	37.646164056208455	753.2789434044992
242.63450091287774	40.92155535992024	757.8590138080322
247.78080046964968	38.26093966882909	751.165645754795
248.5337780817454	37.42454598986576	749.8995268625728
237.89907979342811	35.13503806572082	753.469756223696
248.1011813057524	37.66668425128225	754.0227346801486
241.8275964580235	43.662738106725314	754.0282691152153
250.35772789399215	37.32877288216673	751.360505454157
249.71984670896725	39.103835899428034	751.8735867435388
246.90407048199842	39.118151352968674	751.2015924412474
241.37752616391634	44.455251210541206	760.6376432874101
244.07726296330907	40.33566580250065	749.8091762215338
249.79144486387975	38.45574449462063	752.8579282772644
251.7723167934335	39.36458439595347	753.6101561072715
243.85092246671311	40.45850271015931	755.8264829133353
247.39117242431598	36.96758042652085	751.8830404186444
247.69170887232065	37.5466031365638	751.1264552882552
248.69981125409558	32.270717697696604	757.8561629339243
249.52961503813518	35.571717902441456	752.3387845169076
246.44386318917515	39.447595950151715	750.1144028468484
249.58331235490624	38.8274014998542	755.4931375211754
249.56709178841749	36.63947879788456	750.7454124677505
247.58504447702063	38.86637437104685	750.8357039126201
247.51680886775142	39.26974170305051	751.9914996782161
246.52295724267336	38.92521147361547	751.7045044974324
248.65626745982263	37.15396469127633	749.4108049840861
247.49394487292093	39.72872064558412	751.3836825311483
249.5481847108596	37.559942698377284	750.4184257815602
248.972987204181	38.446230820773295	752.1397915415113
248.01377500177662	37.716989340661605	750.7027781900365
249.99530913947837	37.646164056208455	753.2789434044992
239.94393766817794	42.864450368482885	759.5771649920686
247.49456422054402	38.56845826429678	751.0230184730153
248.40154917952827	37.49946068112976	749.9288802136524
228.65473599096515	33.94309831072888	755.6282019235177
246.7821282199747	38.59098252123428	756.9717291982123
241.8275964580235	43.662738106725314	754.0282691152153
250.16570343013473	37.42750036548682	751.3402856666492
249.82311207225027	38.55738384003764	752.4004268860112
246.54277723373798	39.29019212069061	750.9587988686858
239.0785600737051	47.5465413790743	764.1017202723265
243.7812558483088	40.42727699927687	749.675683569901
250.61037413237972	39.12720902654062	754.7842902841793
250.0853213730573	38.50639801058434	752.2336286106636
243.85092246671311	40.45850271015931	755.8264829133353
247.26984635386788	36.53218024807547	751.7591083474305
246.24442880731277	38.7215838629322	750.4077370334936
244.09663649029847	38.73320993667466	757.3368449483372
249.53449933232997	35.86785404948133	752.6257036591209
246.33292832032458	39.557989614731774	750.1249157325124
250.01079138731484	39.00914598567018	756.9464070046276
249.78489499476188	37.42411364422319	751.3708847627861
247.58504447702063	38.86637437104685	750.8357039126201
245.7954101313781	39.80143758884901	751.6862810159889
246.50811299847555	38.943089236065596	751.7041326812235
248.20173897698405	38.160827958650906	750.1823025428514
247.49394487292093	39.72872064558412	751.3836825311483
249.5481847108596	37.559942698377284	750.4184257815602
248.5596505947464	38.39218745157332	752.0130688286007
248.01377500177662	37.716989340661605	750.7027781900365
249.99530913947837	37.646164056208455	753.2789434044992
239.94393766817794	42.864450368482885	759.5771649920686
245.27577538892962	38.621608208393525	749.9862218553751
248.40154917952827	37.49946068112976	749.9288802136524
228.65473599096515	33.94309831072888	755.6282019235177
246.52493438757023	40.318385982422896	760.9564958423877
237.95868802559303	47.35040271162065	756.6443778585805
250.16570343013473	37.42750036548682	751.3402856666492
249.82311207225027	38.55738384003764	752.4004268860112
246.54277723373798	39.29019212069061	750.9587988686858
233.02366517380227	53.32208802136182	772.0151759020525
243.63741432444502	40.4711062012112	749.6173182640237
250.61037413237972	39.12720902654062	754.7842902841793
250.0853213730573	38.50639801058434	752.2336286106636
243.85092246671311	40.45850271015931	755.8264829133353
247.10000523847094	36.456009622198444	752.0467831821597
244.71832886220838	38.79160560762826	749.557970890641
244.09663649029847	38.73320993667466	757.3368449483372
249.04407114699129	36.12627382374337	753.0505905200924
246.33292832032458	39.557989614731774	750.1249157325124
250.26086718116505	39.75490108046494	757.9541953589284
249.78489499476188	37.42411364422319	751.3708847627861
247.58504447702063	38.86637437104685	750.8357039126201
245.7954101313781	39.80143758884901	751.6862810159889
246.4773476968862	38.94041162344062	751.7759940869126
248.20173897698405	38.160827958650906	750.1823025428514
247.49394487292093	39.72872064558412	751.3836825311483
245.71472183125843	39.67719698781212	754.0740675649715
248.87813948516373	38.5980634961931	753.6421825371949
248.01377500177662	37.716989340661605	750.7027781900365
249.99530913947837	37.646164056208455	753.2789434044992
239.94393766817794	42.864450368482885	759.5771649920686
245.27577538892962	38.621608208393525	749.9862218553751
248.40154917952827	37.49946068112976	749.9288802136524
228.65473599096515	33.94309831072888	755.6282019235177
246.52493438757023	40.318385982422896	760.9564958423877
237.95868802559303	47.35040271162065	756.6443778585805
250.1078464990081	38.01821726552837	753.4340736655332
249.82311207225027	38.55738384003764	752.4004268860112
243.75314829681164	41.90957271622821	752.8064795356506
227.44611650694037	58.68204715901298	779.1960995846638
243.83520395034753	39.722584292689575	752.9421627697266
250.61037413237972	39.12720902654062	754.7842902841793
250.0853213730573	38.50639801058434	752.2336286106636
243.87309372378076	40.302826167812675	755.9627658346542
247.10000523847094	36.456009622198444	752.0467831821597
244.71832886220838	38.79160560762826	749.557970890641
243.4747455545679	38.81992133183788	758.4207021932422
248.5096669514274	34.458588147085	753.496587851671
246.33292832032458	39.557989614731774	750.1249157325124
250.26086718116505	39.75490108046494	757.9541953589284
249.78489499476188	37.42411364422319	751.3708847627861
247.58504447702063	38.86637437104685	750.8357039126201
245.7954101313781	39.80143758884901	751.6862810159889
244.76055685445635	40.22604174298153	753.4240066319317
248.20173897698405	38.160827958650906	750.1823025428514
246.07186613326633	39.95419891681143	753.1821041576683
244.6736331258722	40.2535016134574	754.7655008212232
248.87813948516373	38.5980634961931	753.6421825371949
248.01377500177662	37.716989340661605	750.7027781900365
248.87695992761246	38.229961512611055	752.3158255488348
239.94393766817794	42.864450368482885	759.5771649920686
244.03214984024672	38.75685866048795	749.1817213804974
248.40154917952827	37.49946068112976	749.9288802136524
215.97339795105736	30.948812287244557	756.1156361172011
246.21719272512536	39.551759389009916	764.7513276184326
237.95868802559303	47.35040271162065	756.6443778585805
250.1078464990081	38.01821726552837	753.4340736655332
250.0194355813355	39.09444390408479	754.8911695250931
243.75314829681164	41.90957271622821	752.8064795356506
228.67935238322872	61.6631732140802	781.6770857128245
241.8583346817275	39.517872183687956	752.7300910676544
250.61037413237972	39.12720902654062	754.7842902841793
246.92731054017273	41.320760040876976	755.9947048463694
243.5232890778313	40.33309170517877	756.9634493936244
246.38464056422805	36.99841010570295	753.3068093825352
245.35487622407572	39.32955814130696	753.5741774644363
242.88416987133695	38.392142409384824	758.8356791876274
238.41478192719657	33.36962543395071	754.3091884332908
246.33292832032458	39.557989614731774	750.1249157325124
250.26086718116505	39.75490108046494	757.9541953589284
249.78489499476188	37.42411364422319	751.3708847627861
247.58504447702063	38.86637437104685	750.8357039126201
245.7954101313781	39.80143758884901	751.6862810159889
244.76055685445635	40.22604174298153	753.4240066319317
248.20173897698405	38.160827958650906	750.1823025428514
246.07186613326633	39.95419891681143	753.1821041576683
244.6736331258722	40.2535016134574	754.7655008212232
248.87813948516373	38.5980634961931	753.6421825371949
247.49588581236995	37.842830461880204	751.5833693940396
246.25865042515065	39.258535349633455	754.5888300009442
239.94393766817794	42.864450368482885	759.5771649920686
244.03214984024672	38.75685866048795	749.1817213804974
248.89166153102994	38.09399007137765	752.0443365658905
215.97339795105736	30.948812287244557	756.1156361172011
246.18560072001233	39.5689792031407	764.9014282011789
237.95868802559303	47.35040271162065	756.6443778585805
250.178440349	38.81941090149208	755.5193655899368
250.0194355813355	39.09444390408479	754.8911695250931
243.75314829681164	41.90957271622821	752.8064795356506
226.3568088149722	65.53911287204656	786.2336696820142
241.8583346817275	39.517872183687956	752.7300910676544
250.61037413237972	39.12720902654062	754.7842902841793
246.92731054017273	41.320760040876976	755.9947048463694
243.5232890778313	40.33309170517877	756.9634493936244
246.3757414966116	37.13410864945435	753.9150318723844
243.91286142688153	39.204537362118295	752.2867615945179
