505284611.81821275
504804756.09025556
504552896.44224846
504903648.2988114
504582081.6205567
504754622.8817192
505057204.9863509
504520329.37035877
504653213.2057408
504402188.3073113
504627493.72803205
505034733.20584166
504644879.9751496
505173940.654159
505281550.9104881
504879157.9878776
504879068.4145807
505189418.69226754
504825821.454872
505665102.3004739
504625589.11537606
504437452.1029548
504826962.9694763
505190752.7854502
504543192.85905164
505023417.751289
504853369.26730907
505063401.81102514
504440819.9495715
504948727.242869
505284611.81821275
504890080.3348324
504552896.44224846
504919806.0176403
504704111.1527004
504754622.8817192
505057204.9863509
504545425.21638215
504653213.2057408
504419809.73950815
504696788.56010264
505034733.20584166
504670964.557673
505173940.654159
505296933.98840696
504879157.9878776
504879068.4145807
505771742.23778814
504825821.454872
505665102.3004739
504665131.3390316
504437452.1029548
504937234.8186126
505190752.7854502
504684088.3684853
505044821.9576309
504863562.69255525
505063401.81102514
504440819.9495715
504948727.242869
505369928.8894183
504890080.3348324
504641846.944032
504919806.0176403
504704620.6692937
504754622.8817192
505267258.3066081
504545425.21638215
504653213.2057408
504511026.27811205
504696788.56010264
505167280.6429339
504670964.557673
505173940.654159
505367596.25255877
505034468.91647404
504879068.4145807
505771742.23778814
504825821.454872
505978343.9764833
504665131.3390316
504437452.1029548
504984200.81045985
505594385.839951
505247985.6959079
505113548.25974447
504863562.69255525
505091489.0921767
504455869.3319854
505039094.769055
505747913.4675065
505022288.809648
504641846.944032
505048584.55046237
504704620.6692937
505144864.11732197
505267258.3066081
504934637.89255154
504654052.5992017
504853674.1847609
504696788.56010264
505167280.6429339
504670964.557673
505224034.4120123
505401769.5071322
505034468.91647404
504892854.129551
506121690.07030535
504825821.454872
505978343.9764833
504738845.24344486
504437452.1029548
505277763.2535304
505669284.65121037
505247985.6959079
505113548.25974447
504863562.69255525
505091489.0921767
504575699.33016366
505039094.769055
505747913.4675065
505022288.809648
505180976.0329737
505157287.6876174
504866324.965582
505144864.11732197
505267258.3066081
504934637.89255154
504764779.5791677
504853674.1847609
504784983.0114607
505215171.5983371
504670964.557673
505224034.4120123
505438549.73099196
505488981.7925056
504892854.129551
506121690.07030535
505081118.6939652
506143554.5451969
504738845.24344486
504557268.32587725
505277763.2535304
506153613.78521705
505273604.3200362
505368776.1959911
504930112.2752927
505241881.0185952
504575699.33016366
505175267.87074023
505747913.4675065
505022288.809648
505180976.0329737
505157287.6876174
504966238.2643184
505144864.11732197
505302918.8891287
504962412.425181
504764779.5791677
504973592.01850843
504877854.8581546
505215171.5983371
504701990.6427004
505251892.56082183
506082399.3676178
505488981.7925056
504892854.129551
506121690.07030535
505081118.6939652
506143554.5451969
504895777.37127644
504698033.8786828
505277763.2535304
506157401.28824735
505278161.0075387
505368776.1959911
504930112.2752927
505507077.56209856
505307030.9202141
505175267.87074023
505747913.4675065
505037800.0729555
505439340.236214
505218532.16304946
504966238.2643184
505144864.11732197
505302918.8891287
504977218.69651026
504764779.5791677
505047870.2612455
504877854.8581546
505215171.5983371
504701990.6427004
505379072.2305275
507089822.70372826
505488981.7925056
504892854.129551
506138541.71216154
505518910.21946895
506146891.38372856
505010323.7049002
505025297.3660072
505454120.36430705
506157401.28824735
505313744.6174781
505368776.1959911
505005963.6799242
505539088.8313487
505307030.9202141
505232420.2011366
505815544.4678755
505081009.6071151
505626688.2597965
505424831.62177867
504966238.2643184
505146481.15267736
505418179.9553053
505132797.23836035
504992385.70322245
505050790.1281971
504877854.8581546
505215171.5983371
504701990.6427004
505379072.2305275
507556052.99548924
505488981.7925056
504892854.129551
506390606.4589076
505570787.4739676
506146891.38372856
505010323.7049002
505126511.8582134
505454120.36430705
507506805.51370597
505323871.35267544
505368776.1959911
505021703.4307727
505563184.701114
505534855.65545356
505232420.2011366
505815544.4678755
505081009.6071151
505626688.2597965
505424831.62177867
504966238.2643184
505311891.4907275
505418179.9553053
505255386.95388204
504992385.70322245
505080843.3143367
504877854.8581546
505336081.37212276
504701990.6427004
505497213.54808563
507556052.99548924
505488981.7925056
504983087.0342697
506390606.4589076
505593173.6147679
506146891.38372856
505010323.7049002
505126511.8582134
505454120.36430705
507506805.51370597
505357571.2664071
505368776.1959911
505128759.7758733
505563184.701114
505630494.45952183
505232420.2011366
505815544.4678755
505083319.696123
505626688.2597965
505585616.4059981
504966238.2643184
505311891.4907275
505418179.9553053
505325106.5459355
504992385.70322245
505116073.3051751
504914557.44483423
505336081.37212276
504701990.6427004
505497213.54808563
507556052.99548924
505488981.7925056
504983087.0342697
506390606.4589076
506039583.24490345
506989218.34373987
505010323.7049002
505126511.8582134
505454120.36430705
508700406.403069
505585740.87611914
505368776.1959911
505128759.7758733
505631785.6891961
505630494.45952183
505232420.2011366
505917198.21960086
505125904.8081954
505626688.2597965
505585616.4059981
504973870.5802698
505312071.4783309
505418179.9553053
505355437.7084609
504992385.70322245
505648969.01445967
505010468.4793585
505371018.1643559
504716911.55609065
505497213.54808563
507556052.99548924
505533995.3125736
504983087.0342697
507620491.11231977
506039583.24490345
507597338.6472316
505010323.7049002
505175694.07251185
505454120.36430705
508868341.6178927
505585740.87611914
505410392.7073702
505243503.5258521
505721234.0350888
505669659.98804796
505232420.2011366
506220450.9671242
505200843.6668738
505626688.2597965
505902983.86267537
505035665.7886026
505312071.4783309
505537910.5563564
505472229.6581742
504992385.70322245
505648969.01445967
505010468.4793585
505371018.1643559
505331622.1409493
505497213.54808563
507556052.99548924
505533995.3125736
505116280.582911
508692382.47279054
506039583.24490345
507597338.6472316
505034843.88563675
505175694.07251185
505454120.36430705
509088066.33566
506137788.106908
505459145.0423896
505243503.5258521
506368572.4862091
505757415.95861226
505541859.0978285
506358124.0129277
505200843.6668738
505626688.2597965
505953488.65501237
505038994.7874016
505415650.0919521
505763102.72738016
505726833.99043226
504992385.70322245
505648969.01445967
505010468.4793585
505371018.1643559
505343210.9999335
505497213.54808563
508179548.99605983
505533995.3125736
505116280.582911
508692382.47279054
506039583.24490345
507597338.6472316
505035961.26956844
505279535.70593584
505739361.96386987
509088066.33566
506137788.106908
505459145.0423896
505243503.5258521
507434651.0778522
505757415.95861226
505541859.0978285
506675691.07701755
505386973.6138529
505626688.2597965
506044058.2438162
505066408.7650557
505513737.0416576
505763870.6473695
505926625.9145187
504992385.70322245
505648969.01445967
505010468.4793585
505479378.4603994
505388244.20305145
505497213.54808563
509269955.6352995
505569426.65277296
505150428.6454291
512070967.8308686
506949272.04599375
507597338.6472316
505070331.905975
505360949.70375913
505773132.769625
510421046.11865
506186037.1275959
505700500.70518476
505274801.6798857
507434651.0778522
505757911.24535435
505728543.520041
507684001.7523973
505445248.4134939
505654726.3732574
506263725.8857799
505152335.17973036
505513737.0416576
506096632.09539384
505930075.9446495
505246627.41968095
505648969.01445967
505010468.4793585
505539280.1293578
505388244.20305145
505497213.54808563
509269955.6352995
505873353.84535134
505150428.6454291
512070967.8308686
507861669.3778991
509189333.4609253
505070331.905975
505360949.70375913
505773132.769625
513682459.1893307
506211143.3725011
505700500.70518476
505274801.6798857
507434651.0778522
505853839.84352684
505924257.6734873
507684001.7523973
505633174.1313049
505654726.3732574
506436034.22826
505152335.17973036
505513737.0416576
506096632.09539384
505951723.25791353
505246627.41968095
505648969.01445967
506604616.51358676
505804958.10734725
505388244.20305145
505497213.54808563
509269955.6352995
505873353.84535134
505150428.6454291
512070967.8308686
507861669.3778991
509189333.4609253
505509832.78375345
505360949.70375913
506836539.30862457
516957570.9294868
506839240.2846999
505700500.70518476
505274801.6798857
507457077.9409259
505853839.84352684
505924257.6734873
508075623.87981385
505828594.9656253
505654726.3732574
506436034.22826
505152335.17973036
505513737.0416576
506096632.09539384
506705232.5487749
505246627.41968095
506338027.31081706
507004142.3778777
505804958.10734725
505388244.20305145
505533163.392358
509269955.6352995
506020981.87018716
505150428.6454291
516432789.5266344
508745163.07400376
509189333.4609253
505509832.78375345
505836432.3418316
506836539.30862457
517242378.10842973
507328046.13919604
505700500.70518476
506732674.5386239
507757999.7344454
506276789.88064986
506586979.6759676
508320359.0124654
508731629.33566475
505654726.3732574
506436034.22826
505152335.17973036
505513737.0416576
506096632.09539384
506705232.5487749
505246627.41968095
506338027.31081706
507004142.3778777
505804958.10734725
505677979.4918533
506579989.410291
509269955.6352995
506020981.87018716
505474362.6795028
516432789.5266344
508785320.8813727
509189333.4609253
505932228.11787146
505836432.3418316
506836539.30862457
519120030.50436175
507328046.13919604
505700500.70518476
506732674.5386239
507757999.7344454
506404028.43626034
506683725.0693283
