(S'MT19937'
p0
cnumpy.core.multiarray
_reconstruct
p1
(cnumpy
ndarray
p2
(I0
tp3
S'b'
p4
tp5
Rp6
(I1
(I624
tp7
cnumpy
dtype
p8
(S'u4'
p9
I0
I1
tp10
Rp11
(I3
S'<'
p12
NNNI-1
I-1
I0
tp13
bI00
S'\x90\x8e\x87z\x9bk\xd3\xde4\xc9,08&\x93u\xd3\x001A\xc8\x96\x954\xa8\x7f!\xf9\xa5\xd2hU\xc2I\xf3"\x1dlT\xec\xf3{z\xa5\x8d\x99Zwa7\x92\x12\x1b\xcd\xdc\x1e\x98\x02\x04B\x9c\xb3\xcf\xc4\x8cz\xf2L\xef\xd5\x95=\xf5\x96o\xc5\x00\xa8,\x12\xb6\nM\xb3\xed\xddX\xc6\xe2\xc5i\xe7\x8d\x07VV/q\x0b|\xc4IqJ\xd9\xe2\xb1jekA\xe7\x8c*\xa5\xc4\x8d\xc4=\x1b\xc7$6/9\xda\xc5Q\x18\x9f \x1d\xaf\xaa\xbe\xb5F\xa6\x89\xfdj\xf6\x13\xd5\xbd\x17\x9cB\x98r/\xca`\x8cB\x82l$\xe5\tH\'\xa2\x89\xaam\xb9B\xf5"\x0c\xbb$\xc2A\x02\x90\x8c#H\x8e[F\x1a\xa5Y\xb9\xc7G\xccSF\xb2\x04\xb8\'\xfe\x19SU=h\xeb6\xb3\xe8UC\x97\x96\xdc\xb1\x0c\x10\xc8$\xd1ujf\xf1\xde\xa7\x8b6\x04\x10nc\xf8\xa1\xe7\xa5CX\xb8\xd6\\]N \\\x0b\x8ciK)^\x92r\xcd\xca\xc0V\xf3\xefk\x1a\xf5\x93\x9b\\R\xba\x87\x94\xd3!\xedW\x926EiY\xbdc\xa78J\xdfIt\x9f\xa0\xe0N\x1b]V\xd1\xdc"\xfb\xcdT\xeb\xf0\xbe\xe7>MIe\xed\xf52y\x1e]\xf0^\xb1e\xa0\x16\xa0\x9b\xa8\xfdlQ\x8d\x93+k\x95\xc4\xfe\x93\xf1\xd9\xc4\x08\xa6L\xc9\xda\xc8_Zl\x06\xb0)!3x\xd9\xc5aK\xea\x18&*\x08m\xe6?I\xf7\xa4\xa5g:\xdf\xce;\xcd\x0c\x19\x8e.d\x86?\x94\xdb\xfc\x1do\x9ft\x8ai$t\xc5\xad+\xd1\x88\xc3\r\xf5a\xef\x83=A\x9a\xadk\x94\xf5qmC\xb9_\t\xd4\x90\xe9]\xb3\x1e\xce]\xa3\x01uS<\xb4).\\b\xa3\x82 E\xe6\x9d\x80w\x07D\xbb\xdb\xcd\xc2\xa6\xcd/\xbd\xf0\r$\xa1V\xf6\x102r\t\xa3>\xafU32\xad\x10\xbf\xbc\x18\x8ag\xcb\xaak\x10\xd7\x8b\x97\xe7\xe9\xa7\x12M\xcb\x1cGZ\x8e\x1a\xb7\x8cF\x98\xdc\xa1\x19A\xf1\xed\x94\xca<\x94N"\xc8\xec\xc7#\x11<a\xa5\x07\xd3\x04\xbe\xa5\x9cx\xf8\xf6\xbdm\x88t\xa1\xc1o\xe6\x8dv8\x94x\xea0)(\xdd\x91`r\xd4x\xe0\xa4\xcb0JE#\xda&\xb1t=\x90\x1c6\x88r\'\xc5\t\xd1\xc7Z\x0f0\xbb\x8c\x12\x01\xfe\r\x18\xb9\x81\xb7\x0e\xa6+\xe5e\x91\xc2d\xe4\xff"\xaf\xabF\x0b\xc2z\xf1\x86^\xfa\xa8\x8c1m\xe8\xe6\xeb\x07\x8e\xf7\x8fS\xb8\xc3\x1b\x8a\x03.s\xbe|]\x02I\xa9\x91\x8a\xc9\xf9!\xef]\xf5\xdb,B\xb8\x073\xa6Yf[\x17\xd7\xc4\xe3p\x88|4\x86=\xc8ep\xc8t}\x10s\t|\x10".\xb5\xeer\x1e\xa0\x08h\xacGUi\xc5\xacu\xb1i\xae5\xf8\xbb\xa8\xb2]\xedF\x86\x80\xbd\x94\x91\xb8\x08\xaak\x8a\x19\x90\xf8\xeb\xb0\xed\xc3\x85\x89\xfa\x89\xe7\x83\xda\xec\xb0\x98\xec,\xbcE\xd6\xa9TeJ\xb0\x1f9\x08\xf1\xe3\xdbx\xd9\xc0\x95\xa3\xa7\xba\x01\xf1hk\x8f\xc7Y \x16\xeb\x10\xe6s\xcd\xeb%/\xb4[\x90G\xbd!`\xac]U\xf70\x07o\x82\xe4q\xdf\x1d\xddFDZ{wz\x90\x16\x89\xa6\x12\x9d\xc8\x1d\x14]K=\xcf?\xa95\xf7\xee\\3Zn\x12\x93#\xd7\xa4h\x10Oo\xed\xf8\xad-u\xf1\x9e\x97FKL~\xf5\xa6\xfb\xa3bG\xe4\x80\xff\x1a\x16U\x01T\x10U\x89\x04y\x94K;\xfc\x0e\xdb\xc2\xbcb\xe4\xa2\x9d\xbe6d\x94\xae\x08/\x8b\'\x0b i\xadr\x94\xcerDU\x8fV\xd7;Fx\xb0\xc0\x1f\x0f\x82O\x163\x93\xf2!s\x1a\xfb/\xc4/N\xb4\xcf\xc3\xa8\x84Q\xd2g\x89\xfek\xb2=\xe8<EG\x03W~\x1b\x89\xf9O\x98\xda\xc8\x10Z\x0b\xc7N\xab\x91\x06\x0f\xd4\xac\xf8\xbeB\x8ftN\xc9\x15\xfaB\xf6\xe5Z\xa0z\xcf\xe8?2\x19W=Y\xc9\xedS=\xadf\xf9}\x00\x114\xcc\x82\x94\xacw\x9a\xea\xea\x93\xb1\xee0E\xa3\xdc9]\x97\x92 \x84\x9a\xd6\x17\x90\xbe\xaa\xa7\xeas)\xa8\xf2\xd9w\xf7\xf7\x8b\x0c\xad\x9aZ\xed\xd0wg\xf7\x16\xec\xfe\xc2<\xc9\xdbY\xb9\xc0\xd2\xda\xc1S\x07\x87\xb5\xb9\xf5\xd0\xc1\x8d/\x0b`\xe23\xdcg\x1a9n\xda\x1d(\x83\xed\xf2C\xf7\x0fX\x15d*\xbf\x9a\xc7\x863\xf04W?\xcb\xfa\x86\x1b\xa0\xc2\xddJ\x87\xdc\x85\x9b8\xa5\xe9=\xb5\xe0\x85\xd1<\xa5`\n\x92c\x01}(\xb6\xb1g$\x182\x1e\x8a\x16Kw\xe0\x07\xf8DT\xa2\x92\x04\r\xdbk\x9b\xfd\xab\x944\xcf\xfa\x12\x8d\xdc\xc9\xe3\xfb\xc9\x95C\x8c\xb5\x17\x8a=i#\x15\xf9\x05Mvu\xb4\xb7\x00^2\xbc\x06\xee\x0b\x10]W\xb1)@!\x81\x8e\x05k\x81`\xef\x9b\xe9\xf6=\xdb\xd5\xb1W#\x94\xa9\x1e9\x1e\xa5\xe2\xfc\x02\xb0|\x9a(\xed\xf9\xdbB\x15\xbe\x1f\xc1\xb6\xf6I^G\x80\xd3\xe2\x0b&I\x8c9\xd3\x89#\xff\x99\xbe\x13\xa0\x95\r\xb2Y\xcae0|\x9e;\xf2\xb9;08b\xf9\xd9\x9b\xf9V\x1c\x14N\xb7\xabNX(\x18hJy\xd9P\xb2\x1e\xf7\x1a\xb25c\xd5p\xf7\x92\xca\xdc8\x91o\xe8\xbeV\xaa\xb9\xd9\xb5L\x83 \xc4S-n\xcd\xae\xcd\x03\xd9\x04\xd5\xe9U\x84<Dp\x08\xb8j\x89 6\xa8\x8f\x14\xe8s\xe3\xaa\x82\xf4&\xff\x1ex\xba\xd4R\xb5~\xbb\xa1\x81\x1f\x9e\xd9\xd3\xc4\xce\xefB#!x\xca\x96\xb9\xf0\xff\xa9\xcf\x1e\x7f\xd3\xa9\xb5\xf2\xec\xc8\x82\xf8\x14\xafx\xc1\xfe,\x94\x84\xa1h\xd2\x02#\xcc\xde\xd6b?+\xf8)bK\x91\xe6G\x00f\x7f\xe1\x84\xaf\x86\xc0{",\x86\xe3\x0bk\xfe6D\x8a\xfbX/\x91\xe5\xc6\x17\xbb\xd0*\xfb0\xce\xe3n_BF\x1f\xaf\xc0\x03\xe0\x0e\x94\xd3\xbc\x9c\xeb\\80\xc4\xb2j\x8c\xb9\x03R\'l\xa0hH[\x9au"\x06\xf0\xae\xc4Z(\x88\x14\xed\xf6\xa4W\xb4\x03t8L\xdaN1\xd6\x89"\xadT\x1bd\x00\xc5sR\xc8\xcd\xc7\xdd\xdd\x034\xc4\xf8\xde\xf0\xbe\xe1\x03SE\x86i>\xab\xee\xe0-i\x1a\x81\x06-O\xbb\xe9\x9bR\x1e\x9c\x18Ip\xf4uAu\xd6\x7f;\x14\xb3\'t\xa8j\xad\x99%\xd8!\xc1\x07\x06V\x89Q\xb9n{\xff5\x8c\xcc\x80"\xc5\x0c\x0c&q\xab\x86p\xe4,\xabTY\xf4O\xae\xa6gb\xedJ:\x87S\xab"\x97c\n8\xbd\x89\x8do\xa89\x8e\x8f3\x17\xdc\xa4\xff\x8b\xa7~\xe9\xc8\xad\x1e\xfa|\x7fz&\xd0\x9c\xcf\x04\x9a\xd9to\xdbP\x1e-\x82\xb8`\xdd1\x9b\xf20t\xc8\xe7\x16\x97\x01\x1a<\xb7\xaa\x92\xa6\x19\xe3\xbf\x92\xca\xd4\x82\xd2\xe1L\xe3\x9f\xb5\xc5&mN\xd8X\x90\xe7Vg\xda\xb5\xa7\x90\x05\xc3$\xe9\xedM\x9e\xefa\xf5\xe3>#\x90f,\x88.\xaa\xcd\x19Kq#\xf1}X\x0c4=\xab\xa1\xf3!?\xee\x96C\x94\xd2EJ-\xc2\xc4\x11\xf9\xb16\xe2v$H\xb9\x93\x1c\x86\xd15\x8b\x8a K\x94o\xf3\x8c\xf7\xd5\x93\x02\x8b\xb6E\x83kgldd?:\n\xf4\xd3c\x89Y\xf5\x15X\xd3\xcdCP\xda\x7f\xeaR\xdd\x7fw\\A\xbaK\x7f\xef\xe3\xe1\xe4K\xde\xd7\xfa\xb3\x93\x02\xf1\x0c\x1a\x9cX <Vq\x19\x14\xc3\x98\x97\x17\xce\x80\xa5%\x0fH\xc9\xf7mu\xda\xc0"\x80Hw\x84L\xa5\x85S\xea {\x97c\xaeO\xb5\xd9\xc4z\xf7\xc3\x04\x84\xa5&#\xa4G\x1e\xd47\xe4\xef> \x87\xaa\xbe\xfa\x95S~?!\x0e2\xcei\xd4\x9c\xa2\xc2\xf3\x84\xe8\xc1\xeb\xf7\x08\xfa\xdfTH\x9f\x83\x7f\xb1\xa5b\xc6\xf1;:)\xf2v\xfb\xff!\x03\\\xcf\xe3\xeee>\xaa`#+9Z\x80_\x03\xa60WYR\r\xd9\x14\xe6.\xd9O\xa7h\xde\x1c\x19\xb5\xa5)\xfb4k\xfa\xc2g\xae3j[D\xdb\xe7\xfd\xae\x80|\x14\xa6\xfc\xc3\x8d\x97L\xac\xf2\x99d\x9b\xc0\xb8!\xd1\xa5\x83\x0f\x88M+\xbf\x9d\xf96f\x81\x10\xd0y\x14\xfe\\+S\xcf\x8a\xa7T\xbd\\~r\xeb\xc6,Fy\xc8b?\x8f\xf9p\x0f{Iw\xff\xafQq`nT\xb1S\xf4i\xa6/\xc7\xe3\x89\x06\xec\x89h\x0b\x06\x00\xa9\xb9\xa9\xcci0x\xa0\x1f\xad\xb3\xffPa\x90\xbb\xd4:y\x80rc\x873\xf4\xaf\xb9\xaf\xe2\xa2Y\\p\xb7\x93\xd7c,V\xd6\x1b\xc6\xbe\xe4\xd8\x15a\xff\xfd\xeb\x92iA\xf4\xd4R\xdc\x89m\x13\xd5&{\xe0S\xcd\xf7iy\xbe\x91\x89\x94\xa52\x1f\x14\x12\x8a\x12\xa5q\x82R\xc6\x14\xae\x98\n\x94Ds\x80\xf6q\x7fV(\xa8\xc0)o[\xf6a\x94+J\xb3Fx\xa5;\xe0\xfe\x8c%\x12\x8a\x81\'\xa7\xa0\xee\x07p\x8b<z\x80\xc9]e\xb1\xe3\xbc\x94\xdev\xa0\xbd\x87\x13\xa3s\xf1X\x1b#_\x9f\xa8y\x99zKj\xd5;\x94\xd4D\xc4\x85^\x82\x8d\x10\x99\x1a\xb8q\xa6\xabvJ\xcc\xa0\r\xbd\xc6\xfe\x8a\x1dm|\xd5\x04p&\xfa\x95\xd3\x15H\x86n\xb9\x08\x1c\xf7h:\xa9\xde~\xe6\xf1n\xad 2\x91\xb0\x9bI"c\x01\xa4>\xcf\xb3?\xce\x0c\xb0\xd2\x9bn\x8f\xc1l\xc0I\xcf\x97YwVkq\xff\xa7\x1b{\xa9\x1b\x9c@!\xd4\xf6\x137\x87\x9d\xb1\xbc\xfc\xb5\tC\xd8\xd7\xf9\xc9\xd2\xfc)s;\xf2\xa1\x13\xb9\xa1\xb9\xac#Y\xe73~\xfco\xdc\x08\xd0\xa2\xc4\\o\xf7n\xdf\xd6j\xd7\x9b\xb5\xe5\xef\xd8b\x01W\xea\x82p\xb9\xf6,m\xe0\xd1@\xab\xe7\xdd&q\x1d\x83\x9d\'\xe0\xbc9\xad\xb2\xf9\x97x\xa8\xe8[\xd7\t_\xde\x0e5\xa4OMQ\x14X\xda`\x0b\xad\xb0"n\xce\xcd\xf2NA\x08\x84\xf7\x16\x92\xe1R\x97\x94z|i\xfd\xb8\x01\x01X\x87\x12\x9b@\n\xc96L\x01\x18~a\xa8zJ+J\x19]w\xf51/\xa0b\xfe\x81VK\x17X\xb7D:\x86\xf9\x02~\x82S\x93*fUx\xfaos=\xf5\xc5\x9c\x80\xe9\xa2\xc0\xb4\xef\xb7\x8c\'5\x84\x9f\x01\x16\xf26#\x9a-\x8a\x9as\xb71\x13x}\xa2\xd4j\x12+\xcd{\xc0'
p14
tp15
bI540
I0
F0.0
tp16
.