2019-11-15 00:01:13,885 INFO:Using CosmoHammer 0.6.1
2019-11-15 00:01:13,885 INFO:Using emcee 2.2.1
2019-11-15 00:01:13,886 INFO:Sampler: <class 'cosmoHammer.MpiCosmoHammerSampler.MpiCosmoHammerSampler'>
configuration: 
  Params: [250.  38. 750.]
  Burnin iterations: 250
  Samples iterations: 250
  Walkers ratio: 10
  Reusing burn in: False
  init pos generator: SampleBallPositionGenerator
  stop criteria: IterationStopCriteriaStrategy
  storage util: SampleFileUtil
likelihoodComputationChain: 
Core Modules: 
  PScore
Likelihood Modules: 
  PSlikeModule

2019-11-15 00:01:13,886 INFO:start burn in
2019-11-15 00:01:13,887 INFO:MPI Process rank 0 starts sampling
2019-11-15 00:01:14,149 INFO:Iteration finished:10
2019-11-15 00:01:14,352 INFO:Iteration finished:20
2019-11-15 00:01:14,539 INFO:Iteration finished:30
2019-11-15 00:01:14,710 INFO:Iteration finished:40
2019-11-15 00:01:14,885 INFO:Iteration finished:50
2019-11-15 00:01:15,064 INFO:Iteration finished:60
2019-11-15 00:01:15,253 INFO:Iteration finished:70
2019-11-15 00:01:15,450 INFO:Iteration finished:80
2019-11-15 00:01:15,650 INFO:Iteration finished:90
2019-11-15 00:01:15,853 INFO:Iteration finished:100
2019-11-15 00:01:16,055 INFO:Iteration finished:110
2019-11-15 00:01:16,256 INFO:Iteration finished:120
2019-11-15 00:01:16,453 INFO:Iteration finished:130
2019-11-15 00:01:16,645 INFO:Iteration finished:140
2019-11-15 00:01:16,831 INFO:Iteration finished:150
2019-11-15 00:01:17,020 INFO:Iteration finished:160
2019-11-15 00:01:17,214 INFO:Iteration finished:170
2019-11-15 00:01:17,408 INFO:Iteration finished:180
2019-11-15 00:01:17,604 INFO:Iteration finished:190
2019-11-15 00:01:17,800 INFO:Iteration finished:200
2019-11-15 00:01:17,984 INFO:Iteration finished:210
2019-11-15 00:01:18,173 INFO:Iteration finished:220
2019-11-15 00:01:18,367 INFO:Iteration finished:230
2019-11-15 00:01:18,563 INFO:Iteration finished:240
2019-11-15 00:01:18,753 INFO:Iteration finished:250
2019-11-15 00:01:18,753 INFO:storing random state
2019-11-15 00:01:18,754 INFO:burn in sampling done! Took: 4.8674s
2019-11-15 00:01:18,754 INFO:Mean acceptance fraction for burn in:0.4497
2019-11-15 00:01:18,754 INFO:Reseting emcee sampler
2019-11-15 00:01:18,754 INFO:start sampling after burn in
2019-11-15 00:01:18,754 INFO:MPI Process rank 0 starts sampling
2019-11-15 00:01:18,950 INFO:Iteration finished:10
2019-11-15 00:01:19,138 INFO:Iteration finished:20
2019-11-15 00:01:19,335 INFO:Iteration finished:30
2019-11-15 00:01:19,528 INFO:Iteration finished:40
2019-11-15 00:01:19,719 INFO:Iteration finished:50
2019-11-15 00:01:19,914 INFO:Iteration finished:60
2019-11-15 00:01:20,108 INFO:Iteration finished:70
2019-11-15 00:01:20,301 INFO:Iteration finished:80
2019-11-15 00:01:20,491 INFO:Iteration finished:90
2019-11-15 00:01:20,679 INFO:Iteration finished:100
2019-11-15 00:01:20,870 INFO:Iteration finished:110
2019-11-15 00:01:21,064 INFO:Iteration finished:120
2019-11-15 00:01:21,257 INFO:Iteration finished:130
2019-11-15 00:01:21,448 INFO:Iteration finished:140
2019-11-15 00:01:21,647 INFO:Iteration finished:150
2019-11-15 00:01:21,840 INFO:Iteration finished:160
2019-11-15 00:01:22,030 INFO:Iteration finished:170
2019-11-15 00:01:22,231 INFO:Iteration finished:180
2019-11-15 00:01:22,419 INFO:Iteration finished:190
2019-11-15 00:01:22,608 INFO:Iteration finished:200
2019-11-15 00:01:22,796 INFO:Iteration finished:210
2019-11-15 00:01:22,987 INFO:Iteration finished:220
2019-11-15 00:01:23,183 INFO:Iteration finished:230
2019-11-15 00:01:23,376 INFO:Iteration finished:240
2019-11-15 00:01:23,568 INFO:Iteration finished:250
2019-11-15 00:01:23,568 INFO:sampling done! Took: 4.8135s
2019-11-15 00:01:23,568 INFO:Mean acceptance fraction:0.5156
