-310543428370130.8
-312321105791621.75
-310435070698743.44
-314048323202085.0
-314723115014393.9
-313327479049896.25
-312612987503203.06
-308125570139318.3
-308857269167081.1
-310610657242881.06
-313007806657918.94
-311284064337336.2
-309335522647137.1
-311066653705310.9
-312649347574426.5
-310620818834504.25
-311827001539627.8
-313341608740600.06
-312005375242197.0
-310404472285498.4
-312923521113286.56
-310897084529948.5
-316364060057962.6
-308198624905213.06
-312257582324544.7
-311619983030677.4
-312491050548037.06
-312196858250478.75
-313476197956509.75
-311509330585509.56
-310254231307541.56
-315386008519960.5
-313589557716511.2
-312649478782784.94
-313406312842221.6
-308281015647721.44
-310609157846620.5
-312393631104555.25
-317122558539328.56
-312447671032100.44
-311927573148722.4
-311236028431461.2
-312865728655320.06
-312145428239376.75
-310524626993819.6
-311970245105030.1
-312380134946794.1
-307813015515258.94
-316859983747541.9
-309681751913695.06
-310208754056546.25
-310670068634065.94
-312537495255854.0
-310309381416478.44
-312176921834344.4
-310098228485311.06
-312947807997329.1
-310857465621742.0
-309658330540947.6
-307962570510499.8
-310543428370130.8
-312321105791621.75
-310430221379472.7
-313406050432581.1
-312528125849762.94
-312013412964660.06
-312111708651696.6
-307295832022438.06
-306612025887195.75
-309808720369982.8
-312575937679474.7
-311284064337336.2
-307178298472479.9
-310967723404320.44
-312649347574426.5
-310620818834504.25
-307470898724233.6
-312561669713243.44
-312005375242197.0
-310404472285498.4
-312675727221346.75
-310739741265707.06
-314710847120796.25
-308198624905213.06
-311725981593707.56
-311480801286123.25
-312491050548037.06
-312186212313021.75
-313129993941811.94
-311509330585509.56
-310254231307541.56
-314859804197638.25
-313013588273713.75
-312379820146422.9
-312426092593145.5
-307086338231187.3
-308004156179678.8
-312393631104555.25
-315961148886470.0
-312418854339781.0
-311472571791556.7
-310711884565104.3
-312068554451766.6
-311235621009569.56
-310524626993819.6
-311970245105030.1
-312380134946794.1
-307047272369434.4
-316859983747541.9
-307073372180747.06
-309930488441836.25
-310068480985244.94
-312537495255854.0
-309978909745469.8
-312176921834344.4
-309155086749116.44
-312947807997329.1
-310846681621280.75
-309580652633305.06
-307962570510499.8
-309490257526051.4
-312321105791621.75
-310410292489833.75
-313406050432581.1
-311741673011395.6
-312013412964660.06
-312111708651696.6
-307223009284804.2
-303187245441019.7
-309738589080981.1
-312575937679474.7
-310540874938672.6
-306645795863454.9
-310967723404320.44
-312649347574426.5
-310620818834504.25
-305630844735517.1
-312561669713243.44
-312005375242197.0
-310404472285498.4
-312561271200731.75
-310739741265707.06
-314710847120796.25
-307846653476078.56
-311725981593707.56
-311047289688411.44
-312477020551292.9
-312186212313021.75
-313074326319955.75
-311509330585509.56
-310254231307541.56
-314859804197638.25
-312241578481902.9
-312341372207292.25
-312426092593145.5
-307086338231187.3
-306412627041378.4
-312393631104555.25
-315961148886470.0
-312418854339781.0
-311301731463806.44
-310431892826906.3
-312068554451766.6
-311143840587602.25
-310359812854653.7
-311858145904739.9
-312380134946794.1
-307047272369434.4
-316859983747541.9
-304979694470340.56
-309805114596822.2
-310068480985244.94
-312537495255854.0
-309978909745469.8
-312044999109089.1
-309155086749116.44
-312947807997329.1
-309364508896332.44
-309276373688792.3
-307962570510499.8
-307631465536651.3
-312321105791621.75
-309432460627645.25
-313406050432581.1
-311741673011395.6
-312013412964660.06
-312111708651696.6
-307223009284804.2
-303187245441019.7
-309738589080981.1
-312575937679474.7
-310540874938672.6
-300724066069029.75
-310967723404320.44
-312649347574426.5
-310620818834504.25
-300220956415073.75
-312561669713243.44
-312005375242197.0
-308994895614810.2
-311629234172924.4
-310739741265707.06
-314710847120796.25
-307846653476078.56
-311725981593707.56
-310818213397894.5
-312477020551292.9
-311317473747891.75
-313074326319955.75
-311509330585509.56
-309866798560322.25
-313544289543780.06
-312241578481902.9
-312341372207292.25
-312426092593145.5
-307086338231187.3
-306412627041378.4
-307952434476697.56
-315961148886470.0
-311873153643342.56
-310906034198613.5
-309196383999452.9
-311942351778340.9
-311143840587602.25
-310311904488624.25
-311531193910653.3
-312338093490481.8
-307047272369434.4
-316859983747541.9
-304419872463308.4
-309378793502328.44
-309740486404791.6
-312537495255854.0
-307664355978484.8
-312044999109089.1
-309155086749116.44
-312692962946128.94
-309364508896332.44
-309276373688792.3
-307962570510499.8
