(S'MT19937'
p0
cnumpy.core.multiarray
_reconstruct
p1
(cnumpy
ndarray
p2
(I0
tp3
S'b'
p4
tp5
Rp6
(I1
(I624
tp7
cnumpy
dtype
p8
(S'u4'
p9
I0
I1
tp10
Rp11
(I3
S'<'
p12
NNNI-1
I-1
I0
tp13
bI00
S'L\ny\xbe\x834\xc9\xba\x00S\xfdW\x0f\xe3\xb5\xe2-)nN`\x0c\x93G\xdf\x7f6\x93\xe1El\x96`\xc8\xe1\x88\xd8\xde\x05\x9f\xe0k\xcd.*a\x90\xc9\xaa\xfc\x95\xda\xe5 \xf7\xc1e\xe7\xeb\xdar\xb1\xbeI\xa2\xc0\xe2kL\xcc\xc5i\xa8O\x83\xd23\xd3\xf9\xa0\x1bG\xd5\x1c\x1ex\xcc\t\xb8\xc2\xb4z\xb1\xd0E\ts\xae\xc2\xb1y\xe6Jr\x9f\xaa\x8c)\x8au,\xb0\x01\xca\x83\xc4\x11\x02\xa8\x80 2\xd7\xefyxD\xf3\xd4\r"lf\xd0\x977f\xcb\xdem\x7fb\xd3\x1e\x8c.\xebL\xa3d\x0bp\xc0\xb6o\xff\xf7id\xa0\x94\x87\xd3/*A9\xb2$\xf9\x12\x80g\x93)\xef\x17\xf39\xca\xac)\xe7P-g\xcf\xd8g\xf0]p\x1d\x8f\xc9L\x8c\x8f\xf4\xd7\x13\xfc:\x08\xe7\xb4\'\x90\xd4\xab\x91_\xdc\x0elZ3\xb6\x94,l\x85\x16\xc1\xa7\xd1dHK\xd0\x08\x17\xef\x0f\xdd\xe7\x1d\x82C\x17\x13\x92\xe7\x83\xa3b~b\xecCl \xf7f$\xe7mdQ "\xd5\x81\xd8\xdf\x93\x1a\x10y:\xba\x00\xd1\xcen\xb1\x90dJd\xd1Y\xa9\x14c\xf5I\xc8 G\xe4\xb3\x89\xc0\t\xf0gBE6F\xcbUN\xa3\xcc.vV\xd9>O\xae\x7f\xa3\xe7T\x9c.\xc6\xda{\xe4\x1b\xe0V\x9cq\nh\xbf\x89[\xe2\xe0\xbe\xf5T\xaa\xc0fk\xfd\xf9\xa4I\x17c\x86\x80\xc0w\x8c}\x89\xb8\xfc\xf1\xd8\xf1\x985T\x93\xea\x92.\xac\xe1\x14$D\x83-\x17U\x9f\x82\x07\x03t\xdeD\xf5\xe6\xb5\x8f7\x83&\xdc@l.:\xdd\x99=\xd8\xc6\xdb]7\x13\x87\xef` \x81\x0b=\xf4\xcc\xd8\xb4\xef#\x8b\x1d\xa5v\xa1I\xb7.~O=\x9a\xf8b\xa8\xb0\xbd\xe1\x15\xd70\x1e\x81|\xc2\xbe\xbeY\x89\xea(\xcb\xd6u\xd9\x10\x07d\xfcd\xb9\xe0|\x94\x91k\'\xd6]B\x97\xe9\xfc\x97\x94O\x99\x8d\x93\x9b\xcfQ\x81VI\x8et\x88\x15\xa4\x95\xda\x06:\xbbT\xae\x8e\x99\x8f\x81\xc2y\\k\xc5\xad\xe2\x98\xa32M\xf2P\xebk\xe6a\x7fJ\xaaH=\x17\x1e\xa5\xf4r\t\xb3\xf6D\x8f\xedz\x86\xf4\x95\x95\xef\xfcZ\xacX\xf6\x94Y<,\x9c=q\xdb\xf16C\x0f8\xbd\x87e\xb0;\xd2\x82|q\xc9U)\x92\x91\xe7\xf6\x1b~$\x02\x8ao\xf8\x9d\n\x1bt\x96\xb8\xff\xe9q\xea\x0c"\x9f\xdd\x98\x92\xcet\xe1\xe6\xd1\x18\x97\x8e\rQS\x17z\x9f\xac\x00\x13\xbe\x81a\x0b;VO\xa523Y!\xf0\xdc\xb4\x18*k\xdc\xfbL\xff\x8c\x96/\xf3(\xe2n\xfb\xcat`}\'\xf9\xb9\x8c\x93\x0be\xfe\xbc\x81\n\x17\xc4\x8a}\xd0q\x8a\xb7Y(\xe2\x08\xa7\x80;l\xec)\xa3V\x99\x19_\xb4\xa6\x0b\x7f\x83\xc6\x88.*\xdb\xf3\x9cRZ\xb5\xfb\x85\xae\xa0\x01\x1f\x8d\xae\xb1\x06{\x96\x06iHn\xe4f\xe7\x15\x1f\xa1\x91\xb2\xa6KtI\x08\x0cu\xf1:O16\xcdLP<\x91\x938h*C?\xf9*\xf1\x19\x0c\x9c=U)\xaa\xd3y\xd4\x1a\x82\\\x8d\x8f\xed\x80,\xa0n\x1aq\xfb;>\xe6\xca\x95\xd9\xd4/C\x1c\x1e\x01K\x87A\xbb\x06T\x9e|\xc3\xab.\x98o\xa6q|I\xd5\x8er&\xa65\x86\xdb\xce\xff#g\xf4+\x17lA\x86eT\x8f\x81>\xa8b\xa1\xa4\xe3o(\xa9\x02c6}\xae#h{q\xb7\xe4b\xea\xe8\x02\xa8\xa9\x82LPa\xad\xe3\x8dU\xbb\xcc{\xc1\xc1,\x9d5\xdaGB3\xf9O\x83\x10N\xfc\xa2\x19PUJ\x102\x9a\x85E\xa3\x1d\x85\x90\x91\xce\xeb\x83\xdc\x91\x81\x85\xff+\xc7n{\x82\x8c\x0f\n\xcd\xfd]\xceO\xa7\xc6\\DM\x84\xf4\xf9\x9bVSt\xd4^\'\x87\x06r\x00\xac\xf2\xf6z\xe4V\x98:\xff\xfc6|\xd7\xf3S\x9a\xa3\xd8\xf0\xbd\\\xf4\xb2\xb5\xd9\xa9\xf7>\xe9B\xc8\xe3H\x8c.\xf3\xec\x06v\x88ZR\xb18\x8d\xe7de\xe0\xda\x9fYI\x07R\xc7\r\x9d\xe1\x05\xf6X\xce{\x90\xa6Od?<\xb6\xfe=MR\xfb \t\x1d\xf3}\xec\x89\x07V\n{|\xd9\x01\xd9\x7f<\x16w\xa6\xba\xcb:T\xd0c\xe3\x04jF\xa0\x8b\xd8\xc6\x84\xfd\x0c\x06\xbcP\xe8\xd4\xde\xdc+\xe1\x932*\xbf\xa28\xbd\xe7gy\xcb\x8dh\xda\xde\x18\xd7I3\xd1\x15\xe3\x0cm&\xdeI\xf4fOd\x8b\xfd\xe82A\x16p\xd1\\F\xc6>G\xce7Rw\xf55K\x80\xdc\x8b\xe2B7`\xecyb\xe9\xbd\xca&\x8c\xca\x02H\xed\\\xf0\x93\xff\x99\\}%\x83H\xeeA\x83\xc2aI\xa4f\x89x\xab\n,0?\xab\xd1\xf8\xbc\xcb\xa3\xa0p\x07\xc3\x9c\xf2jh\xf7\xe4\xba\\\xc2\xeeJ\xf8\x1fy\xf7\xd6f\xac\xeb\xac\x7fnj\xdbagJN\x8a\x96\x0b\x03\xde\rz\xf4\x8a\xe1\x17\xba|\x12\xd3\x8fW\xf2\x9e\xa5\xe5\xb6\xc0\x1a\xa5\x86\x0eg\x02\xb6\xe3\xbb\xc6v"\x97\xb5j\xaf\xdb\xc4=y\xfaI\x8a\xc3\x0b)\xa5C\x8e\x90w\xea\x1f\xed\x0f(:\x07\x08\rMF\xe1g\x11\x80\xeb\x92@\xfb\xe4\x96\x12\x04T\xe9`\x8c`\xb5!\x1c\x1e\xecF\x8e\xdcW\xef\xb7Oa\xaf\xe5\xcf\x1e\xbf\x888\x1a\xc1\x9a\xc2e\x8f\xa7us\xfd\x08:\xe8v\x91\x08\xd8ww\xdc5[h\xdc\x95N\xe8\xc7\r\xf7\xe0>\xbcQ\xbc\x17s\x077d\xca_m",\xbe2\x08c\xb0T\xb7\xc1\xb2g\x7f\xc4|\xdd*\x91\xb9$c\x13VpW+r\xe7\x19O\xa9v\x81\xa5F\xc2h\x87~\xc83\xc5\xf5~\xe8\xa0e0d\xfa\xb8\xbb\x99\xf6\xdb\xd1\xb6\x01\xc1#\'\xc8\xd8)A\xe0\xcf\x12\xa1\xed@q \x84\x94O\x97h\xeb\x06_\xd9q\x0bhof\xbeX\xb0\x7f\x9c\xa17\xc0\x16\x16\xda\x19_\xea\xdc\xf89\x8c\xb8\x12\xd8\x84x\xed}\xb3\x89G\x9c\x19\xf8\xd2c\x0c7\x06\x16\xc7\xe2\xb3B\xb5}e\x82\xd6E\xd8\xf1\xee\xd9\x0f\xf4V\xdc\x92\x13\x87\xaa=D\x98or-\x87\xe2\'I\xdc\x96\x1b\xae\xdb~\xaa\xc1\xf1\xeb\x91\xbf\xa8f\xb8\xd4Y\xe2\xb1\xdd\x04\xa3\xd5\x07 \xfb\xa9}w\x81v&\xeb\x8d\xcf\x02\x01\xc4i\xd8g\xe8\xe9k\xe7v\x05\xa9*\x82\xf8\xee\xf8\x80l\xb8E(`\xc9\xe6f\xd4\xc7M\xab\xdd\xf9\x94\xec\xd9]e=\xf1=|C\x16[\xf6\xdb\xd7\'W\x99\x11\xdaZ\x0bJ\xb7\x96\xcd]W<\xbf\xb0\xcc\xb4(\x9dAU\x8c\x11\xac`\x9d\xceC\x0e\xbbVbZ\xc8a\xfc\xc0\xf4bA\xea\x9fz\x10\xb1\xe6\xc7\xe41\xc5"\xc6\xc5 >\x04\xbe\xa8\xa7\x82r\xbc\xa7\x0e\x8dYX2\x08*N\x92Z\xdb\xa9\xfe\x13\xd5\xd7\xf7\x8c\xca\xa0\xb5\x05\xef\xf5\xfd\x11\xd8\x93\n7!\xcd5V?\xfe\xd3\xa4\xbdl\xc1(\xdc}\xe4L\x8aF\xd4R7\xa1\r\xfa\xf18\xa6\x0bx\x0e\x13\xcb\xbcv\xb0p\xdf/\x84\xd6\x12\\\x0e\xffI\x82~\x87\xc4\xce\x9f\xac)\xc6rp9X&v\xf3\xd1I\xc3$\xa2\x1c\xf2\xa6\xfb\xd6K\xeepw\xae\x19\xec\xb1\x10\xd3\xdfm\ngI\x81\x121\x08&s1\xe4\xf4\x068\xb7J\xfekg\xa0{f\x949\x05\xe9\x06\xe4\xa1\xf3\xae\xb3\xf2\x07\\\xef\xf9vF\x1c\xf9\xb9~\xb8N\x11\x8b\x05\xe1i\xba6@*\xf7\x0c\x86B\xd3\xb4_w\x8d\xfa\xdftl\x9fH\xc6Pr!\x92\xbf\x10\xdf\xb11\xa9\x86Ya8o>\xc8\x82\x07\x84\xe2`\xcf\x11|\x92I+\x19YH\xc2\x03\x88bC\xff\xf2y/\x0f\xe3\x87o\xedN,)("\xea\xe7Z\x81\xfeI\xd3\xa5\xb0:\xcey\x0eYO)\x88\x8f\xb5I\xfc\x12\xa4\xbeJ\x88a\xea\xe2{\xe6\x99\xb7\xe6\xfb\xa8Fx\xd92\xef=dq\xf0V\xf3\xe8\xe5(\x01\t6!\n\xa9\xf60\xe7C8R7\x17\xeb\xc7\xd7`\xd2\xd5\x89\xf91\x08V+-3\xa2\x8b\xc0\xf1biS\xab\xbf\'\x8c\xeaW\xf0\xa3\xbe\x16,i\tH\xf7\xbc&u\x97W\xb4l\xd3\xa9n\nJM\xb0rI\xb2\x98\x13\xd7D\r\x92)\xe8\xf5\x9f\xe9\x1beD"\x1b\xee\x02\x0f\x10x\xc2\xfa\x93\xa2_\xccmJs\xdeR\xfd\x0c\x88\xdd\xb3+y\x99\xc1V\xc7\xb6N\x93F\x163Y\x89\\\xaaZ\xe6\xba\x80K=Z\xed\xe4\x81K\x17=\xb4\xe2R\xfa\x18Z\xc6\xe1\x00\x1d{\xe2\x9b\x9b\xa4zt\xdc\x1c\tq\x05\xd0\xbay9&\x02\xcaY\xd0\xcc\x858(\xe1y\r\xb9\xf4\xd8V\xa5H\x87]o-\x11\n\xdb\xb0c\x81\x87p\xefW[\xb4~\x00\x10h\xb3\xb8\xc6\x0b\xec\xd4b\xf8\xf8\xecx\'\xf9H\xb5@\xa9\xe1\x96~%\xfb\x07%\xb9d\xa9\xd5\xd43C\xbd\x87\x86\x9bz\xc4\xa0.Q\xfa\xafj\xcd$\xaf\x90+\xe1\x01\xdb\xde\x017\x03&C\x19<\xf1\x9f!T\xd84\xae\x1b\x977@\xb3\xec\x1agE\xd1_\x88 %G\xd0<\x1e\xe1\xd4\x7fw\xee\x8e,\xb3\\\x19\xac\xcf\xa3\xd0f\x04G\x98\xb5\xde\x1d\x920;\x984K\x82\x85\xa2>H\xe5\xe4\xda\xc1\xbb\t\xf6\xed9I]\xa1\xb7\x8d\x06\xcd\x0e\xb6Gx<4\x82h\x037\x8e\xc2\x04\x7f\x1bK\x1d&"]\xfc\x84\xdb\x97^q\x01Sp\xe2\xa2\x91\xd9\xa0C\x01\x0f\xb3\x89\xf4\t)\x13\x7f\x81M\xcf\xce\xd2\xbd\x9e\x88g\x15\x12\x03\xa6lT\n\xac\xc4^\x14X\x80\x91\xb0\xed\xafO]\xe0@\xbfr\xdf\xf7\xa6\xa5\xb6\x81\x8b\x96\x08\xb4X\xf4\x08\x89\xc40\xbcr%\xf4\x12G\xfe\x99\xb42\x02*t\x16)\xfe \xec\xc7\xb6d\xa2\x9bT\x14\xe9\xfd\xa9\x91y\xe1\x1b\\\x8e\x84\xe1\x9f7\x85en\x99\x80\x10\x83\xb8\x9a\x84kz\x8c\xf0\x08\xb2\\\\\xe2q\x9c3\xcf\xc2\xbd9:QB\xcf\xadeLyb\x1d\xef\x85u-m\xa8\x96<"\x88,\x0b\x11\x1b\xb9\x98\xeft,\xa3\xdeqK\x02&$\xa3\xf6]F\xb7\x8c\xfe\x8d|\x04?\xbd\xbf\xb6\x08\xf9[C\xd3\xd9\x1f\x92\x1bh\xda\xef\x9c\xdb\'\x16\xb6%\xb6\xe1\nUNh\xb7 \xa3\xb2\x19Mg\\#\xbe6q,\xf3\x86\xb6\x13\xfd\xb11\xca\xdcg\xd0\xb0\x0e'
p14
tp15
bI482
I0
F0.0
tp16
.