(S'MT19937'
p0
cnumpy.core.multiarray
_reconstruct
p1
(cnumpy
ndarray
p2
(I0
tp3
S'b'
p4
tp5
Rp6
(I1
(I624
tp7
cnumpy
dtype
p8
(S'u4'
p9
I0
I1
tp10
Rp11
(I3
S'<'
p12
NNNI-1
I-1
I0
tp13
bI00
S'\xb3 \x1a]\xb67\xe6\xa9\x96\xe4`p\x1a\x8dn\xcc9\xbc&\xd2~w\x8bz\xe7\x1f\xddR/\x9c1vW\x97z\x03\x15A7AR%\x85\xf7\x98\x1b\xfa\xc0\xb55\xad\xe6\r\xb3\xd1\x0e/\x98\xc1\x0c\xf4\xd4\xf9w\xd2Z,\x13O\r\x11\xa09h\xc8\xc43\xc9\xb7<\x0fD\x1c\x13\x07\xdc\xe2\x80\xc3\x9eM\xa9\x81\x1f6\x80\t\xac!\xcb\xe8]\x83%?\xc6\x87\xf5~\xe0^\x9eE\xaa\xe2\x98;\xa2N#\xa7?\x8a\xa6\x93]\xc2\xd4\xd7H#\x05\x89\xcbP`d\xba%\xc3\x94",\xe38\xf9\x1eO\x93\xabi\xbe\xb5b\xab\xfc\xa4.\xb1MJ]\x86\x81\xf1\xea`U\x15E\xc7?\xa08\xfc\x18\x1c\xac\x02\xf9\xf7#\xf4\xb7|\xff\xa4-\x06\xe8\x1d\xda\xb1\xa0\xa8\xffw\x91m\xc7z@\x06\xac:=\'A\xd90\xb8\xd1Z\x1f\xe57~\x06f\xf7G\x8d\xfa\xef\xd8\xcb\xfa\x1b`FFs*\x12^C\xf0e\xf6\x93\x9d\x18\xa4\xb9\x8cR\xb2\xb8\x93\x12\xba]J\xfe\xfb\x87\x02\x14\x00RJ\xe0\xf8i\t\xd2>\xc5+\xbf\x1d,\xde\x10od\xc7}"~\xbb\xf8\xd9\xc6>-\xb4S\xdb=\x84\x93\xa0\x0fJ\xd2WE\x89\xf6\x07\x93\xce\xb0\x19!=\xa4PW\xf3Z\xa5\xad\xe6\xc7@\x83*lkO^\x98H\xb9*4\x98V\xca\xa1\xa0\xdd+\xb1\x9b\xad\xa0\xf0\'\x14\xbc\xfd\xbc\x81\x95\xdd[X<\xa3\x0ca\xb01l\xe2\xc2\x06\xb6\x9f\xc8<\x9f\x08\xf6\xf2 !\x8dE@\x84\xbf\xf0\xb7\x9e\xba\xc1]\x0e\xc5!?)\xea\\B\x92\xfe\xe2TV0\xb6Y\xce>;C\xbd\n\x07s\x03P\x9f\x04\x88\xec#\xc3\xf2\x83\xc3\xcc\xf5\xc5R\x9fl\xa6\x92mKU\xc9\xa0\xd2\xf8\xc9/3\xdc\xd6\x97\xf4\x15\xfd\xea\x13\xaa\x82\xa2$3T\x9e\x84\xa8\x00Ot*\xcaz/\xd8\x90\x9c\xdaJd|\xd1~`m\xce\x81E]RA\xd1cF\xae\xf0\x1e\xd1\x15\xf6\xfb\x08\x8e\xdd\x14\xde\xdf\xe8\xb4\\\xa8c\x01&ZV\xa9\x96\x87\xbaP\x1fW\xfdX\x89b\xdf\xd0\xba\xd1\xad\x9c]\xffjG3#\x80\xef\x07\x18\xf0\xe9\x96\x7f\xce\x85[\xad\x04\xe4z,\x18\x9coO\xdb\x00\xdc\xf5\xb3E;\xe7\x80l\xe3\x02\xa9\xb4\xb7\xe3\xa2d3\xc5\x92\xe90\xce\xf9\x1a\xcb\xb4."Y\xa6M\x8eKW"\',\x0f\xf6\xab\x14\x96\xd0\x9b;\xef9\xdf*\x13\x9a\x1a#D\xc7\xe5\xbfU\xb9D\xec\xe8R\xc6K\x846\xf3\xc0\xab\xd1\x8co`[\x8e\xab5\xea\x84\xe1\x831\xc9Y]\x90\xfb%\xa2^\x06\xa3\x1d\xff\xfe\xa4V\xc1\xc6\xb4\x99\x0b"#^\xbd,\x05W69j\x05)\xe9}Jf\xf5\xe6\xa4\x1b\x94A\xbbh6\x01\xa7\xb6\xc4zQTE\xf4\x8c\x91\x88\xcb0\x13\xb1E\xe5O\xa4\x0bj\xe4\xfe\xcfG\xd2\x8dg-\x91&\x88\xc2E\xccM\xc8}\x1f\x8e\x1f\x17\xbb\xd3\x99m\xbfy\x00\xe7\x07R\\\xd9\xe6\xd3&\x06\x89\xcc\xf01\xa2V\xdb\x8bz{J\xc9\xca\x86\x99+o\xc6ioQWvwp\x9f\x18\x83\xa9\xf1\xbe\xda\xc6e\'f\x03+]X\xdd\xa8t\x04\xe8\x19\x07]\xb1\t\x16m\xac%\xdar\x8cC\xe2\xa1\xd8\x1f \xfa?_n\xca8yJ6\x9a\xd9\xcb\xd8n\x0c~n\x9d\x8a\xa38.\xc3\xa2\xf2\xab\xb0)z[B\x024\xb1\x1a>\xd0e\xa3{\xa0\xd1\xf1\xf8V\xcf\xcc[\xfal\x85\xe4\x16\xb1\xfa\xa2,\x92\xf2_\xb6\xf8\xd4\xa4w\xf7\xec\x06\xa2g\xbf\xcc\x11\xc8$\xf4 \xd5\xf9\xc3~\x87\x8c\'\'\x9e5\x04\x05\xec\xb7ho+\xe1g|\xe50I]\xe7\xe2H\xc0\'\xb4\xa5\x1f%\x9d;\x8e\xd1y43\x80\xb2\x9c\'\x82\xa6iM\xf2\x9e\x87"\x1c\x86|\x12\xd6C\x96Z_Xp\x12\xechk\xe4\x1f\x14\x1b\x96\x94\x99\x8e~\xb1\xcb\x82\x0b\x0b\xbb]\xb3=\x06\x99\xee07\x07\xe7\x06\xa0u\x15{\x8e2h\xe02!DvjJ\x94\xe8\x02\x1f\x99\x94\x18\t\xe0\x05l\x05\x8f\x12\xc8\xc8\x964\xf3o\x02<y\xf8#\t\xb7\x19\xab\x9a\x17\xa1R]=\x92.\nb\x82\x03Wm\xbbX0\x13i\x01\xc3\x02\xa5\xe7\x9f\xd1\xcf<\x83\n\x07\xf8\xed\xc3\x03\x042\xb5\x95\xc5L\xe4+\xfe\xcfJ\x97!\tC\xad\x1c\xfa\xaa\xbc3AV\x99V\x1e5\x07\x0b\xde\xfb\x98F0\xd92\x94Bg\xe4\x9cly[=rj\xf3nL\xf2Z\xb0e7\xde\x0e\xe9\x86MV"\xf2\xf8!i\x92\xc65OcF+\xef\xba\xe5\\\xfd\x05N|\xf2xS\xfb\xcb\xad\xcf\xa5Q\xdf\x07/\xaf\x9c*GD\xea\t\xb2?\x1d8\\cm\xef\x81\xe3g\xf5\x9c\xeaL$\x18hm\x1bb\x1a)\xf3\xeb\x8d\xe5f\x0f7\x96\xfaM5\x08$\x92\x92h9\x87\xcce5\xa7\x85y\x13\x02\x91\x13\x0b0\x17:"\x1f\xfb\xc4l#$\xf1\x92\xab\xedaN\xdch\x08K\x96\xfe\x01\x963/\xfd\xc0W\xaf\x9aT@GV/\x91\x80\xa5\x98*\t\xc5\xfb\x85yGR\x07\xc9\xe5C\x9d\xc5\xf8\xc8\xbc\xa9\x1bb\xd5\xf7D\x1eg\xb0\xe8X\xc4P\xed\x90m\x8d\x83k>*\xc5!\x8aN\xcc\xb1\xfb#\xa0\x14E\xfca<\xb0J7kl\xf8\xa9[\x8f\x1e\x89L\x0ca\xf3\x01\xd0\xfcB\xdbw\xa5#_\x15\x8d\x06B\x8e93\xa7b\x8aJ\xf2q\x97\xf1[\xb9\x9d\x069\x1d\x80&d\xc0\t\xb0\xe6\xca\x06\x93\x81\x8e\x99\xbbsN*\x9b\xb1Y\x8c\xe9\xe2)N\xbb\\e\xf9\xa2\x8f\x1b\xa2?P\x8b\x8a\x85;\xa4\xa4\x8ag\r\xd3~\x08\xcaC\x0c0\xfd)\xb6*O\x8fY=W\xf3Do\xcf\xcc\x883\xa45\x86\xcf\xcb;Hb"\x90"\xd4\xec\x84\xd8\xca\xfa\x9b|w\x92>\xc1QnE\x8e\xb4\xb6"\xfa\x1a\x9dmX\x16\x98`\xb0r\x91|`\x8eGG;\xac*\xe1\x82O\xcfF~\xd7EZ\xd8!\xdeP\x07\xcc\xd9\x86\xdef\x0bN\xc2A\x13r]\x89\x88\xf0\xd3\x1cz\x1c\xbc*,\xe8\x87\x02\x12X>\xf2\xcc\x8ar\xad.X)\x9d&@\xea[\xb3\xcd\x9a\xd7\r\xc8\x95\xda8\xed=y\t\xe0\x84s^;a\xd7\x8f\xf7\xcc\xa8\xbaY\r\x03?\x89\xb1\x8e\x0e\xa9\x0e\nF\x00\xc78xZ\xba\xb0\x94\r\x03\xdd\x15\xaa\xbd\xff\xd9\x8d\xb4\xb0\x95;\xa6dA\xea7u\n\x91\xe5\xdf]\xce^a\x02\xb2\x07\x84\xda\xd3l\xcf\x8f\x05\xd9Q\x13\xe5\x9a}o\xe4\xdenQ\xd4\x91\xd3\xc2T\xb3\xdcj\x9e\xb6\x97\xf4\xa8f\x01FvhA;\x01x\x83\x8e\xd4\xa3\xab\xa0\xa4\x9aX\xc5\xd8\xa9Fe\xe5"\x0f=jY{M\xe0\xdb}\x8cdz\x0c\x1a2\xedV\xac$\x8a=\x83k\xd3\xca\x9e\xe6\xa7D\xfc\xce\xc6\x12\xca)\x9d\x7f\x0b.\xad\x00\x11\xe7sv\xea#\x16\x0c\xc98\x0c>+\xbf+\xcch\x926C\xe2v\xc6\x8di\xa7\x15\xfb&\x91\x13\xaddn\xc8\xc5@c\xe4\xa8k\xe0\xd1\xc2E\xe9n_\xe3\xc3\xee\xb9\x1f0\xee\xd6\xa1\xa4\xa1\xc0\x13\x00\xad:3\x92\xa2\x9c\x94\xf8\x07*]6X*\x12\x80\xbb\xc0\x05}\xb4J\xcc\xf0E\xb1\x1d<\x95@\x18\xe0\xe2\x03\xc7\x97\xb3\x80fmG<\xdb\x98b\xa8A\x9e\xa3O\nf\x019\xcc4Z\xa4\x86\x88\xb5{4\nO3,\x93pT\xf2\xe4\x8d\xed\x10\x82\x0cR\xab\x86\xe9\xdeS\x84%\x8c\xd3\xfd\x17q\xc9iP\x1f\x96d;b\xc4s\xb3\xe2$V\xf0\xeb\xca!4\xc3;&\x95\xac\xb8-z\xd0\xe9\x80\xc8o1Ek\xe3\xd9\x894+\x90 \xdd\xd9\xf6\xe6\xad^P\xc2\x04\xb3h\x86\xe0?O\x94Hk\xa6\x8b9z\xed,63\x924\xd6:\x14\xc9\xc2\xe0&KY\x10\xbd\xb0:%]j\xb2\xb1\xe3\xd1\x10Q\xb3f%\'\x03(\xdd\x7f|\xceh\xe7"\xf7\xc6a\xe9m\x7f@\xb66aZ\x0c\xf4\xf02\x8a\xc3\x11;\xe4\x19\x95s2\xff\xf2\x1e,\'4?\x9966\x08k\xa6\xfbs\xeaQ\xc70\xc2\xe2\xddf5\xe5eb\x91\xaa\x9a\xc0V \xa7VC \x9b\xcd\xbe\xff8\xf3+\xe9\xeb\xa3\'\x0f_J\xa8\x97\xb8\x10\xf0\xcb>-(t1\xc4++\x9b\xac~"\x15\x86\x87F\xf2\x00\xc3qBu\xf2wl\xfb\x94J\tTEU\xa4\x84<H\x979\x12\xa2\x98\t\xf7\x92\xb9\x14`\xe6\xc1f\xf7\xf1\xaf\xb7\xc2H=\x00-\xc2ZC\x80\x06?\x1c\x9b\x14\xd3F\x9a\xcf\x13\xf4\x00\xe1\x060\x14\xf6\n\x99a]\x10\xe6\xd8\x8e\x9c\xf5\x0c\x1d:^\xc0\x96\xabhF\xf3\xf0`\x13i\xb2\xa5xt\x1b\xee\xdbR\x0c\xb4\x8d\xb6\rW\x0c\x916\x83\xab5\x7f\xb4\x9d6\x87R\x1e\xcb<\xca\xbd+\x01\xe6\x00<\x90j\rHX\xb2\xf2%\x06\xd1O[\xae* \xd6\xb2V;p\xf7&C\xc0\xb8W\xbb\x1b\x11\x8d\x7f\xc0\xe9\'bc\xfb\xdf\x0b\xaa"\xd1\xe5|\x94\xc8:{4!)\x96\x1c=\xf4\x85\xefw\x05\xa2\x00\x90\xa2"M\xac\xbb\x05\xfa2\x05\x078\xe4\xb2h\x97\xcb{HT\x92?\t\x14\xca\xf263\xc0\x86\x00k\x94\xb7\x96<\x05\xddL\xa6\xed\xa7^\xc9\x8d\xc3\xd1\xef\xae/\xacC%\xa7z\xc0-g\x828\xeb\xf4\'\xa3\xdc\xdd~\x1f\xc5\xc4\xc3\r\xef|\x95d\xed\xc5\xbb\xb6{\x89\xd9e\xbc\xc5\xe1\xa0IS\xec9b:O\xf5\xf4x\x10\xe8uV\xbfl\x10\xda\xea\x8bg\x9b\x9er\xa4\xe4\x9f\xd99\xcf\x1a\x88\x05\xad\x07\x86\xb7]F<\x05t\x8da\xb4b\x96\xc1\xbb\xa1J01c\xfe:4\xf5\x9c\xe2R\x83/\n\x17@X\xb6\x89k\xc8\xcclw\xe3l\xd1\xbf\x0b{\x8b\xbcy4\xc3\x17=\xa6yA\x0f`\xc3^\xa5\xbe\xac\x97I\x02ga6\xd4\x89\xba]\xd5y_\xdaPY9\x95i\xa5\x12\xd3\xe5\x08j7b5\xa5;Q<\xad\xc0\xcaF_ \xfd45\x02\xeb\xa9\x96V\x15\xc1\x88 \x02|5J\xf1K\xb9\x9d$\xed8O?\xf5W\x8bF\x9a\x12iY\x00K\x8cX\xcd\xd6\xb2u\x1dU\xae\x83\xf6\xcf}#(\xb6w\xf4B\xf9\x83y\xd4\xe4'
p14
tp15
bI502
I0
F0.0
tp16
.