(S'MT19937'
p0
cnumpy.core.multiarray
_reconstruct
p1
(cnumpy
ndarray
p2
(I0
tp3
S'b'
p4
tp5
Rp6
(I1
(I624
tp7
cnumpy
dtype
p8
(S'u4'
p9
I0
I1
tp10
Rp11
(I3
S'<'
p12
NNNI-1
I-1
I0
tp13
bI00
S'\x1c\xf4"\x89\xe4\xf0\xb0w\xd1\xf45\xbf0\x93h^\xb9\xaf\xa4(r\ne\xb6\xa7\x96\'e\xdf\x0b\x99\x83\xf4 \x1aZ\xc4T|\xeb#\x1aY\xeaM"\xc6\xfb\xac\xdf\x83(\x1cO\t\xbc&e \x91`\x8c\x88\xf4y\x85\xa5\xccH\xc5\xfc\xc3;\xbc\x9a\x93\xe3\xd2\xf5\xb3\x8e\xc6\xac\xb9\xff+=\xb8P\x16\x1d\xfd\x9c\xc1\t#1\xb1wo|\xb9He\x98e\x8c\x7f\xe9\xceD2w\x92H\xb8\rB\xd2L\n\xf5\xbf\\\xcb\xa7\x06\xb2\xd1\xc1\xd0\xd0\xc5\x94\x08\xa4\x1b\xf8"b\x9f\x16\x80<#@\x81\xc3\xf9k\xd4\x05\xf2\x14\xd1;`\x9f\xa3\xbdRt\x04\xb4|\x87\x176\xeb\x88:vxD\x86\xa7\xae\xaa\rZ\xb5\xa0\xac\xaaH\xa5\x8d\xeb\xd8D\xa3\xbb\xee\xce\xfb\xaf*\nq\xbd\xbd\x0c\xeaxS.^G\xff\xfa\xb4O~0\x9f\x14\x93\'\xdd\x99\x80\xab\xfb\xed\xb0\xa5[\x84\xf0\x030H\xea\xb4\xc8\xe28\xfb\x10\x12\x03\xd7\xcf?\xae-\xe1\x17\x80\x99\xfc\xa5\xdb0K\xd2\xadt\x04=\xe8\xec\xed-\x8e\xdfq\xaaG8\xa7\xe1\x18\xac\x07\x18\xe4\x80\x07\x85\xf3\xd3\xd7\xf2\xbc\xd6\xf7\xd8\xd4G\x93nJ"\x06j-\x82\x16\x8b\xec\x9cI\r\xc2\x90&\xbb\xa4W#\xf1\x8f\xb34\x92\x9f\x86\xad\xc7\xb4\x07\x1b9y\rl\x0b\xa2\xa5\x8f\x8b\x13d\xf9\x0e\xb8\xb2d\xfdr+\x00\x14fH\x19\xf8\x880L[:0\xa7\x83\xb5\x15Te\xee\xd8\x99\x01\xbc\xb1\x87\xc3/\xd8_\xacr\x12\xac\x98Q\x1c\xc8K(;\x98\xc6\xbd\x88nZX\xb4\xfa\xd8\xd8\xdc|\x83"\xec\x9a\xa8a\xf9A\x1f\x02v\x03\x1dY{\xa9\xbaA\x841]\xbc\x0c\xa4\xc7\xb2X\xc3\x16\xd0\x1b\xaf\x08\x88\xc0\xb0\xf9\xeb\xe0B\xae\x81\x16\xbdO\xf3\xa8\xc8\x1c\x86L\x07\x92\xf67\x7f\x13\xb7]x\x13\x8d\xea)\xd9\xbb\xe1\xc1c\xe53\xec\xaf;\xcdC\x045\t\xa1\x90\xd0\xd5m\x95\x94,\xb5G\x8cd\\\x9eH)\xea\xf1v!\x92\xc6\xbf\xc11\xfcS\xb1r\xa3\x18\x9c\x1aj\xb6p\xb8\xd8Ob\xe8.bF\x0f\xf9\rg\x0f\xe9e6\xa0\xa3 \xd0i\x92\xd6`\xf5p\x9c\xfbX\xb4T\x98\xdem\t\x1fO\x9c\xfb\xd3\xd6l\x83*V\'\xe1\x05\xe4\xa2_7\xab\xfd$\x85$\xf2\xcb\xb2\xd9sz\x87#o\xbbD\xed\xf2\xeb\xe9$\x84J;\x9a\xff\xd7}\x8fF\xc3m\x17\'\xd3\x8an\x9f\x19\xa1\x89\x08\x03`\x06\t?I\xc7\xf1\xd4rO]\xde\x88\xd5\xb3\xa69\xc2\xe3y\xfe\xaa;\xfd\x7f>N\xf0\xbd\x9d\x80\xcf\xab#\xda\x1d.\xcar\x055\x8e\xa2*\xfdq`\xd3\\_w\x12W\xdc\xac\xbf~uCN\xcc\xef\x17m8\xe5\x03Ti\',\xb7\xa0*\xed0\xb7[GH\x94\xcf\xad\xbc\x03\xb1\xa0\x140\xd2\xd2\xfe\x9bN%\xba~]\x13mc*\xbe|\xa8\xeb\xf6\x83\xe24\xcaJ\x16\xca\xf6\xb6h\xfdA\xbdW\xfa\x1cQ\xa9_\xa2\xac\xb7I\x1cD\x18\nj*f\xef"\xdc\xb0E\x10\xb8\x0b\x13\x16na\xa8\xd9\xe1\x9d!\xd3\xa8\xfe8\xe73\xdd[\xbf\xf3\xe6\x80\x19\xf4\xa4%\x15I:#\xf2R\xb5n\x9b\xf6\xe2\xdd\x07)\xab\xf5\x1b,\xab\xe2<\x99G:\xcb\xb2^N\xffl\xe6m\x919\x0f\x8a\x11\x08\x1c\xe8\xfcc\xc2\xad1\xc2\x1e\\e\xbd\x8e\xcd\xa5\x82^\x1b\x13\x18\xe0{\x14\x93\x16T[1\xdc\xca\x7f\n>\xda\xcf\xcf\n\x1c\x1c\xae\xbaB>%\xbe;\x9e\xb8Y\xd0\x9a\x91\xf88\'Y\x03&\xb0"2\xdaFO\xb9v\xba\xb5I\xf8\x11\xac\x99\x19\x81\xeb\xcb}\xe8\x82\xd9G2\xb3\xa8\xbc\xedu\xd8SX\xa4\x17\xd0\xc6\x8c\x97\x15[f\xeen\xe0\xc5t\xf0\xb7\xf89w7J\x915o6\x07\x8e\xea\xf2H\x86\x00\xed\xc5D\xf6\xec\xb5\xc3\x13\x94x\xa8\x05d\t\xe4\xb2i1Y=\xdcD\x1e\xf9\xa0\xa5i\xc4\x17v\xdbf>\x87\xa8\xbd,g\xd4\xd7\x8d\xb3\x7f\xca\xd9\xb5\x84\x13G\x81e\xec\xa1\xc2\x92#7\x88\xdbz\x9e\xea\xac\xd3\xe0\xae\x85\x19\xa6\x05P\xcd?E\x0bb1\x06\xea+h\xa6\xe3\x1eM\xcf\x15\xc1\x0c%\xd7e\x95\x19\xcd\x98r\xdc\xfc\xc6:\x12j\x9cN\xbe\xec0H\\!\xb9\xae[\xd7\xb8\x00\x8eA\xea_\x92Y6\xb63\xa0\x98\x9e!U\xfa\x0c\xd6\x81S\x81\xfd\xbc\x97\x15\x1aj\xe6E\xc3\xce\x9e\xd7\xe4EgbZ\xbc\xdcZ$\x12|z^\xb3\x90\x0e\xba\x90\xc3\xc6v\x12jb\xd0\xe4h,\x8a\xd6}e\xa2,\x82\x0cm\xdc\x13\x19!\t\xe6\x16\xd8\x81\x07R\x0czru\xe1\xc5)\n\x88+\xc0\xb2\xc1\xd0\x8243\x896\xd6\xf4\x9bp\xfa\xecO\xb8\xe3\xaeS\x9eZx\xd6\xed\xb7\x86^\x87<\x96\x9a\xc5\xcd\x0f\x91\x9b[\t\x9cjw4\'A\r\xe8e\x83.\xec\xb3\xb5\xaa\x14\xfc\xed~(VX\x86\xa5\x9eNu\x0ej\xce\xf6H\x9c\xee\x16-\x8b\x90\x87\r\xb6\x0e\xf5\xfc\xfa\'E\x82\xd9\xd6S\x85Z{\xd7\xde\x1d\x1e\xc3\xd5\x95b\xe7qa\x00\x95@\x95\x9c\xb5_\x1bY\x830j\x88\xe3\x9d\x86\x9dx\x9a\x99\xc2\xfcq_\xcf\xbbRm!\xf4\xd81@\x03\xbd 5\x1ah]\x9f\x9c\xf7V\x95\xea\xd7i\xd1\xb8\xf0\x89[A\xa4\xacE5\xa2\x80\xc9\xa2\xaag\xea\xb4\x80C\x95f\x8ck\x1d\xfa\x87\xde\x04\xd6\xaf\x9f\x996K\x9c6\x91\xf6y\xba\x95\xa3\xd9o\x07JT\x18\xf8Cv\x87\x7f\x031\xbeJ8Wz\xc4=\x13\xce\x93#@>\xa2AS\xa3_\x9e\x1c39\xbe\xdf\x8a>\xde\xbf\xea\xa9\x8a\x91\r\x07\xfc\x1b\xe4\xa5n`t\x1d\x00A\xf0\x9cE\xb7G\xc8\xa9?\x02\x81\xba|\xf0\x11\x1f\xf4Yp-\x19\xcfK\xb6\xcb\x7f\xb6\xe8\xe7\xa2\xf4\x9c\xe0v\x1c\xa6c\x9e1\xe9\x9d\xe3\xf3\xcf\x1e\xbd}\xc6{\x17\xf5\xba\xa9\xeep\xbd\xad\xba\x97\xe7\n\xde$\x10\xfe\x8b\xddF\xadj\xbc\xaa7\xa5\xef1a\xdf\xe8\xc5J\xea\x83\x1c\x1a\x19c\x17\\f\x88\xad\xb4\xa1\xd8\x7f\xe4\xceT\xb4\x99\xfd\xa3\xad\tC\xcc;\xab\xbfM\xfc\x9c\x0c\xa0\x92\x85l\xd8\x7f\xb9K\xc9\x90u\xecm$F\xbb\xfd\x9dC\x1e\x85\xa2f\x93>\xe9\x02\xc3\x13\x90<\xe4\xa0\x8dsH7K\x06hV\x13\xda\xb8y\x9c\xe6\n\xca\x80\x08$\xe1\x8e\x0c.\xec\xae+\x87\x12\x17uh\xbfz\xe8Inf~\xcf\xfc`B\x19\x10%9h\xf0<7fK\r\r\')\x9c/i\xcb\xb32I\xb9e\xdeT\x0c\x87\xb0\xe6\xd51\xe6\xf1\xdc\x1e\xf7\xfb\xa3\x10j_\x939\xab\xfa\xaa\t\xf7\xb9\xb4\xe2\xe9,R7\x08\x07\x1a\x04g\xbb\x7f>}\xe1\x8f\xcbht]\xfe\xce\xfc,\x86\xccle\xca{%\nj\xfe\xdcC\xd4b\xf0\x12\x1dw\x8c{d\xf4\x01t\xa2\x9e\xfe\xee+\xfdH\xdc\xa4\x89-\xc7\x18\x7f\x7fTP[G\x88@\xef\xc4d\xb1\xc8Nlgg_Qi\rX6\xa1bYS\x9b~h\xde\x0b\xf3\xcb\x816\xb7S\xc9f\xc0\x85\xdb\xea\xc5\xf0\x0ea\x8e\x89\x0b\xa4\xed?"\x1e.\xd2ltx\x94\r\x05\x90\xc8\x94\xe1\x9e)w9\xd6Hx"\xe8\x11W\xe1p\x1d\x07;B\x06!\xb2\xda\x889\x82V\x02\xb3GF\xa3\xe6\x83\xd7z\xe2\xca\x9d\xf7D\xd5;z\xbc\xad\xfb7\xb1\x15\xae\xbf\xec\xbb\x03\xb8\xc5\xd6\'\x11\xbc\xf9\xaek\x92\x9by\xaf\xeeZ\xa7\x92\x0e\xf0[{\x15\xe3\x0ez\xe5\xe4$\x90\xd4S\x14\x1fp\xdd@\xbb\x0c%7\xf1\xee\x8aQ\x18\xc5*\x14\xc9\xbf\xb3\xa7\xab\xa5\x9d\\\xd6\x9b`\xba\x8d$r\xd3(\xa9\xbf\xdbL\xcb\xef%T\x12\xfc\x8f\xff\x87\x9bd\xad\xab\xba\'\x1b\xa1\xfd\xbc\x9ap\xb5s\x92\xb7\x91\xe5"\x1am^\x0e\xb76\n\xea\x12\r\x13\xb2r\xd0n+\xfa\x8cR\xde\x1c\xd0?\xe1\xbc\xc4\x90m\x80\x14Ao\xe7\x9f-7\xd1&]N\xc5\xba\xc5\x92\x90o\x8a\xde*\xe2\xf1I>\xe0g\xa9\x9f)\xf6\xbb\x1e0\xc8|"|4\xcc\xbe#\x1dl\xc2\x13\xec\xc9m\xed\x88\xe32\x1d`k\xa7Q\xe8\xf5g\xbf\n\xaa3w*D\xf7?\xbcQ<a\xf9\xa1\x1c~\xb9e\x14\xe1\x17B\xee\t?\xad\xb3\xbbdQ\x81O>|9\xf4\x9fS@{\x1d\xba\xe0\x98\xeb\x80\xbd\xeb\x05\x8b\xd4,\\\xfe\xcep\x03ksEk\xef\x02\x8e\xf5\xcd:!\xc9\xd0\x94g\x1d\\\xe6\xba\x81\xd0\x05:\x8e5+CZ\x0b\x01\x85\xb2\x08CJ\x7f\xda\x1d\xf0\xcf\xd9]\xca/\xa9\xea\xfc\xa7)\x86\xd0M\x18q\xec\xf7<\x9aY\xa1\x9f\xa8\x1aQ\xf9\x00\x15\xc4Y\xbd&G\x9a}\x88i\x1eg%\x8b*=\xb9\xa8\xc1Z\x93T\xdd\xb6\xf3\xd5Z\x92J$Z\xf5\x03\xe3\x8f\xeag\xca\xea\x9b;\x81\xfe\xb6\xbd\x02\xee\xdb\x03*Ac\x84\xae\x81\xec!\x16\x14L\x12\x13w\x07\xb0\n\x86\x7f$:$\x08}\xa2f\xdb\x85\xf1%\x17Q`\xd5\xd15nl\x9fNp\xe3\xcasw\xc2\n%\x01\xe5\x1a\x9ac@\xe2\x8eS-M:\x16\x98E\x15Xv\xaf\t\x99\x9fx\x157\xabg\xa2L\x118\xcf\x989\x8f\x80\x98/):\x04\xcc\xdf(e39v3\xaa\x0c\xb1\x80\x88\xee\x87\xff\x86\xbb\x17[\xce\xb9\x85\xa4y&\xd2\x8f\x7f\x93@\xca>\xe5/\xb2qm\xac\x88\xb4\xe8Q\x1c,\x01\xaejLdi\xed\x9e\xe1\xb0\xdc\x8cs\xea\xa2\x19\xdb\xff\xdb5CO\xe4\xcb\xa9?\xa5xd\xba\x85G\xaf\xf7\x11_\xc8f\x0cm\xd3\xedL\xf0y\xcc\xf6I+\xed\x03?\x89u\xfb\xd7\xa5\r \xf0\x98\xf2X\x17\xd5\xa6\xe1\xde\xe0b.)\xaa\xd4\xe3\xac\xba\x13\x10\x1a\xe6@\xcd\x1eG\xbe.\r{a\x95\x8dE\xe0i#d\xcd\xa41z\xee\x98\xb2\x06\x19\xc0\x84wO\xac.\x1as\xf7\xa8\xb5\x98\xe5\x86\x1e,\r)\xd3\xa6\x01\xc0U$\xc6DV\xfb=*\x0f9\x18F\xd9\xed\xf3\x10\x19p\xe1x"\x0e\x95\x01\x90\x16\xe9\xc5vXc\x8d\xdb\x1a\x95\xaa\x98\xb3\xeb_\x01\x80#\x81\xda\x9eL\xd7G4\xef"\xdd\xff\xc9\xbd\x1e_\xa8,'
p14
tp15
bI463
I0
F0.0
tp16
.