(S'MT19937'
p0
cnumpy.core.multiarray
_reconstruct
p1
(cnumpy
ndarray
p2
(I0
tp3
S'b'
p4
tp5
Rp6
(I1
(I624
tp7
cnumpy
dtype
p8
(S'u4'
p9
I0
I1
tp10
Rp11
(I3
S'<'
p12
NNNI-1
I-1
I0
tp13
bI00
S'g}e\x06\x16y\xe0\xe5*F;U2t\xd5l7\x95r@%#=qVK\x91-\xc5\xc6\x86z7r\xab,\xcf\x98\xd9\xcao\x07\xc0^\xa6(NH\xc3\x12\xdfuhY\xdc\xdd\x7f\xc0\xfe\xfby}\xe18!\xfdzb9!\x8cR:7\xb2\x19\x05\xe9\xe4\xce\xf6\x08\x97\x8bN\x1cB\xde\xa5c\xfaF\xca\xc2\xf6\xef\xa7\x1cl\xd7v\xa9\x8d3\x12\xa2\xb0\xf2W\x01=\xef\xfeU`\x8b\xd9\xe9\xaa\xc0\xce\xb3(\xfbl\xb6\xc2&\xda~\'I\x0cr\xf5\xc3\x87`\x80!J\xde\x17\xdbb\x16I\xae\xbe\xae\xdf\x86\x96\xd13\xd4m\x13\x0f\xc1\xfeu\xack\xe3s\xed\x9e\xb1\xd0\xc2\xb4p\x93|\x88\x80\xcd6\x88z\x1d1\xa7\x00\x9a\xfd#\x84\xdbR[\xe1\xec\x1e&\xce\xde\x1b!\x05\xed5\x1c\x19Z\xbd\x0c>[c\x13~\x80w\xc7\xb7\xebg\x9e\xfbV\xc0\x19\x01\x10;\x17!d\xd2/6S\xfe\x83\x06\xfb\x9a\xadlv\xe1\xebz\xa7"\xb6\x18\x8e\x1a\xd1\x82\xf7\x19X\xaa\xa6\xfew.\x8a\x96\xa7q\xf8\xa6\x02~r\x89mC.;\xa3u\x1cQ\x1d\xd2c\xacu\xcc-%\xcc\xbe\xfa\xd20\xc5C\xfa\x15\x10\xa0m\xabq\xef)\x14!^\x1b/\xc36\xca\x02\x0f\xf9\xbc\x02\xa5\x05R\xfb6\xc3\xbe\xadn\x1c\xf9\xaf\xd1\xea\x11\xab\x8a;\xaav\x05\x91E\xf2\xddz\xde\x08g\xdb\x0c\xa6\xa3\x88/\x00V\x0c\x1c\x11\x9a\n\xac\x0ff\xc6\xacR\xe7u~\xb5\x1b\xa0\x0e\xbfZ\x95"]\xd1\x10\xc7\x95\xfc\x89\xc5\xfa)\xcbg\xa6F\xf8\x12Y\x1b\x967\x9dq_\xe7=\xc7\x88\x80\x8b\x0e\xd9\xca\x0b$\x9d\x12\x08\xb9\x1f\xad\xefn(\xf3Y+\x93\xad\x85zm\xf76\xa7\'\xdd\x86\xa5.\xd3J\xc5`L\xa4.(\x93\x0e\xed\xab)y*\xf8x\x86<G\xdcA\x13\xcd1\xbf\x99\xba\xde\xbf\x99|\x04\xa5\x0cYs)\xb1-\xef\x03@\xc0\x13\x9b\x17\x84\x9df\xad\x13\xbe\x06\xee\xd4\xa0\x92\xeb<\xf2\xdc\xa4\xfbx\xf1>\x9d\x0f\xb4\x18a\xc5\xbew\x95 \x9a\xae\xa2Suog/Ur\xef=\x9eJu_\xad\xb3C^\x1a \r\x19\x88d\x11\x9c\xd79\x9a\xacp5\xdeP\xd4#\xb9xJ\x15\xc3\x8cQ\xd9\x8c\x9a\xc5`\xfb\xfd\xd9\xddwR\xda\x0c\xe63|X\x1b\xd0\xa8\x06\xd1\xd5,{\x92\x99\x8b4y\xda4\xec\xc9\x98\xed\xac\x8c\xa4\xdc\xd6(\xde\xf2\xadr\xea\xb1\x02\x0e"\t)\xb3\x07\x9bL9\xb86\xd5H\xef\r\x9e2\\\x17\xf7\xd6%q0\x1f\xbe\xa0S[\xdf\xcb+\xcd\x19\x9b\xf5\xd5\x9d\x96\x8c\xeah\xf6!mZh%\x99Yh\xfd\xf7\'=\xc7\xad\xb6\xe9rL\xb2\n\xba\xb7k\xfa\xd5\xcb\x90#\x19F\xa2\xaa\x1a\xeeu(\xb6\xf9\xb4\xca\x10W\xad\xe4\xa8\x96\x998\xdaWg\x8bS<f\xd6\x08sE<Y\xdf\x9f\x93\x97\xe6\x85\xa5\x88\xfa\xb3I\x9c\xf9\x1d\xef\x85\xb3]\x95\x93\x15)\x84\xa1\x97Ae\x03O\xda\xfd\x93\x15\x83\xad`\x8a\x1e\x83\x0b\xd4\x90+\xf6\xf9\xb7l\xa9\xa8\r\xbcFM\xbe\xa2R\xbc\xe8n\x02\xaa\x9a|;!i+y\x97)`\xf6\x8a\xf5\xa0\x07_\x03\x05\xf7B&\xee\xd5\x93X\xc4\x02\xf0v(s\xa0I\x84\xda_\x10\x11\xf8\xb2\x1fvU\xe3\xa5\x92*=lML\xbd\xa5m!\xdc\xbb\x0eq\x14\x98\x1dF\xee\x13l\xaf\xd5\xa5\xa4\xa8\xb0j=)\x8bQM\x0e\xe7\x12\xf3\xb9\xb6\xcc\xde\n_\xa8o3]\x16s\x1aA\xeaa\xfc\x05xxx\xbb\x83|\x9b\xdc\xe2o\xa5\x06\xc5\x08\xd8V\x9d\xe1\xdfk\x85(\xedrS\x97\x00{\xfe\xc3\x81\xe3\x91\xcetls\xbcI"\xb6i\x99N\x8c\xa1\xa7\xae\xde\x85\xb0\x8d\xfcX$\xf3\x9d\x15\xce\xf0\xf6\xe9o\xf1c\xc8\x1b\xa21\x87b\xf7\xef\x0cob\xcd\x80\xd2\xcef\xb1EU\xeb\xe7\xf5\xd5\x90"\xe5\x9d\x85\xbc\x80\xa08mg\x10\x8b\xd1\xec\x0b\xad\xa2\x88\x01\xb1p9\x97;\xd7\x96\xcb\xbc\xffU\x9b\xb6|\xa8\x18i\xee+&[F! v\xf55\x13\xcb\x03\x0e\x83\xab\x99\xacxB\xae\xa0"g\xd2\xd9\xef\xf9\xf7\xb6\xa3\x9e\xab,\x8c\xa3\xa8LZDO c)\xe3\x99\xed\xbe>\x1f\xe5)\xc6\xb0\xd5\x08\x141CN\x08\xed\xd2\x8a)\xfc\xbd$\xf7\xea@\x92\xff;\xf9+|\x1f*\x95\xae+\xc3:@\x17\x8b\\\xae\xb8(\xfa\xe0\xf9l<QP\xdb\x0bv\x8d\xaaR\x87q\x99\xa35\xb1A&\x01\x07\xcf\xb8[\x94\xa8\x83\x19\x82\xdb\x05\x18\xf2P\xaf\xf1K\x1fjIJ]t\x8d\xd6b\xc1;%\xfc\xa9\xea\x1d\xda\xad\x95f\xf1\x02\xf7J\xfc8Mr\xa8\x0fD\xb3\x83@\x00oh\x96\x05#\xc8t5\xaf\x8a\x17\xbe?\x10\xb4\xf6T\xe3\xffC\x91\x82uO\x8b\x18\xb2\x06\x19\xea\xf2\xf1\xdf\xc1\x1c\xcd\xce-\xb5:\x06\xef\xca\x06\xc6\xdc\xb7k\xf9\xcc\xa2e1X!\x9d\xae\xd5\\\xa0\xe5\xa2\x0f{ j\x0b\xd0>\xe6\xe2\xb1U\xb6\x93^\x7f(\t\xf0\xd6\x95$L-\xdeQ\xbbr\x842\x07\xb0]v\xcaC\xedM-\x00\x02\x8e\x80\xa6\xb5(\xc6\xb2\xdc\x1d^\xd6\xfba\x0c\x04+_6\x83N\xda\x8e\xcb\x14k\x9a\x95T\xc7\xc1#\x94\x10\xa4\xa1\x8c\x0f3q /\xf7\xe5\xaapP\xdd\x8eM\xee\xaa!.\xbaB\x9c\xdb\xd0\x01{!\xdaE\xec\x85\x8bA\xc95N\xa40B\xfc\x1dF\x04\x0b\xc0\xd8^z\xaa/W\xa2\x0f(W\xcf\x18j\x00\x95\x8fDehq\x8e\xb1\x98eI\xee7\xf9W\xe1\xde\x9d\x0erO\x0b\x82\xbc\xa6\x0f\xcfF\xc7\x8eT&&\x08<CY\xfb\x02I\xf8\x12\x90\x03\xdd"g\xa897\xbf\xc9\xb8\xf6\xbc\xc03\xf0?\xa0\x96pL\x8f\xef\x031\x1e\xbd\xf2\xa0\xe8[\xadS\xe3\x00)n@\xbcV\x14\xba\xf8\x1b/\xfc\x99l\x92\xd0s%\xe7\xac\x96J\x96z\x946\xf1\xda\x1b)\x15%BfH\xbd\x04Y\x7f]\x80U<\x907\xe3\xa6.z\xc8\xabCP\x1c\xd8\xf5e\xcbxk\xae\x95P\x1b\xae\x1a\xee\x10\xad\xd0\x17<\x90\x8d?\rc6\x8c-\xd160\xd8\x0f\xed\xbc\\PyX\x8c\x82\xf8\x93\x94c\xc3\xa5_\xb3B\xef\x19\xbcQ\xa6Y~W\xa2\x0c\x04H\xca\xec$\xc4\xfa8\xd4\x07\tI\\\x9d\xc0\x8a\xeb\xf0\x83{\x00\xc2D\xfe?[\xc7\xbe$\x8d\xb7\xeb\xb9H\xc4u\xe8\xeb\xe7~\x9c\xbfR\xfa\xf0D&\xb1\xbd\xc4\xecq\x7f\x88\x16)\x92k\x7f%Sg\xbf\xd4@\xb6\x04\x10l\xcf5\x86\t\x8e6`\xec\x82 >#L+\xa3^\xb5Vm\xb5\x81\x80x\x8dLn\xb1\x87[\xfa\xb2Zr}?\xb4L\xfb \x9c\xa1\'r\x9b\xd7\xc9:\x96\xad\xf2\x13#\xab\x96\x0e\x95\x1f$V2\xdb\xb4\x0f\xd7\xd4\xaa#.\xdf\xd11\x9c\xe4Nsd\xf5\x1e\xb8\xee\xa44\\\xb0G\x95tx,\x10\x9d56\x8b\xb9\x85\xea\xaf\xcc\rn\xcd\x9bU\\\xcf\xb3\xd1\x96\xb5\x87<\x1c\xeb]7/\xf0\x99\xba,\x9f\x94\x81\x8d\xb3-\xf9\xea\xf32\x0f\xf5B\xf57\xf7k\x9d\xeci\xae\xe0#\x85\xddU\x08^\xdbz\x16L\x15\xfe64\xc2\x9b51\x96\xac\x9d\xc5<\xa0\xa0\xd6V\xad!$=\xb90\xae\xc3\x02\xae\x98#\xf1\xa2EDb\x8b=(}\x832KU\xfd\xea\xce\xfb\x82\x07=\x06\x8a\xdf\xb3\xc0\xc4:GR\xff\xe0\xfd\xa1N\xde`\xba\\\xb3\xfa\xe2\xd2\xef\xd8\xeb\xdb\x00M\x03\x1d\xcbQ\x99\xd9\xda)O0-9\x93\x0c\x1a\xc2\tA\x1bnc\xc4\x11\x16\xe9\xb2\xcc\x86G\x99Z;\xe4\x966\x99Z\xca\x92Q\xce\xc2I\xadt\xa8\xd0\xda\x01\xe0Q\xb8\xf6\xe5?\xdc\x05L\xe4\xe1o\xf8\xe3\x89g\x18{\xd3\xb5\xef\xcf\xc8kNK\x1fT{y\xd2\xfdH\xfc\xb8\x0b\x1c\xe52\xd1\xdf\xe6\xb3y(\xb3\xba\xa8\xfa\xca\xa9U\xfe\xc4(r\x96\xda\xa4<\xa2\x9fb\xe0\x1b0\xcfh\xff1k\x81\xe5\xb1\xda\xc5Be\xd7yEBM\x03mGc\xfc\xfa\xf2\xcf\xf3u7L\xe6\xc8\xb6E\xf1\xc3)\xcf\xb0\t\x9f\xeeG\x86 \\.E\x85\xaf\x89\xd4@Fu\xf7\x1b\xb7c\x0f\xc5\x1e\x12yx\xdfK\x1fVF\xf86MS8\x17\xef\x9dD\xdc\xe4\x1cE\x04\xe3fR\xefV\xe5\x91/\xa3?_<\xac@\x1d\xb8\x9d\x88g\x99\x18\xcb\xef#\xa9\x14@\x83\xf9\rj\x83\x0b\x970\x1d\x05\xfbT\n\xf6\xd3\xdclH\xfb\xd6\x00\xdb\x99 \x99\xc5\x89\x1eR\xea^v#d-l#![\xf6D\xa1Ez\xd9l\xd7\x82\xa9\xc5\xce\xe6\xb5\xf6\x92\x00\xb6?C%\xf8\x8c\x9b\xfb\xb8\xa3Kj\xae\xb0exw\x0b\xb7\x8eE8\xe5\xcf_^Pux"\x9f }\x19\x0cb\xd5J)_BU\xc0Jf`\xc7M\x80wp\x8c\xb6P\x9b}]\xd6\xfc\xe20\x80\xbe~\xe8a\x12\xb1\xf8\xa1\x19Y.U\xfb\xe1\xd7o\xdfn\x9f\xd3\xc2\xc3\xa9X\r\xbf\xd7U\x1e\xff\xe5\xda\x86\x0f\xa3D\xc1\xf2\xf9\xfe\xd5\xc3\xa8\xd3\x97\x9f7Z\xd3\xeb\xb8\x87\xb5Z\xfd\x9a\x8ev(+b\xaf\xd4\xcb\x08s8\xdf\xff\x1a\xca\r\x9d\x1bR\xc7\xe1\x9a\xbb\x08l\x1cw\x135\xaf\xe7\xdd\rx\x8edE\x97\xb7\x8e1\x17xO\x18\xba.\xe7C\x15/)\x13\xda~\x06\x9a\x10\xd4M\xd2\x84\xa9\xe9\x0b(\xde\x0c\x06\x92P6y\x17\xac\xd4\xc3V\t\x0b\x914\'\xc5+\x97\xc4\xa4th\xe7y\x959\x1e\x9a\x17^\xc5\x0c=\xb1\xb3\x06\xfc\xd6r\x97\xfc\xd8\xde\xe2\xe7\xb5\x7f\xc1\xfd\x1d/c\xfe\x8a\xe6\x11^\x85L\x1a-Tt\xd8\x15i\xd0\xee\xb6-;\xe8\xa0\xcdf\x04p\xb8\x9d]f\x04[\xb1#\x9bK\x1b\x8dv\xff:\xf5J\xc8\x9a\x06\x92k\xa7rs\x8cU\xf5\x9cpE\xa3\xbc=\xf8"E\x17\x93\xfej\xa5\xe8*Hj\xbf\x81\xdc:\x1b \xb4\xcfu{\xc1\xcb\xfey\xab\xa7\xa3!\xd8J-\xe9\xc9\xaa\xe2R\xed\xe7\x85\xf8\x82j\x92\x07\xb8\xef\x9eBE\xd4\x95\xdb\xf3\xe58Q~\xe2\x89\xbe\xea\xf6\xbf\x91\xe2\xbb\x1b[p9\xd3\\\xc0*'
p14
tp15
bI580
I0
F0.0
tp16
.