2020-04-10 02:47:18,716 INFO:Using CosmoHammer 0.6.1
2020-04-10 02:47:18,716 INFO:Using emcee 2.2.1
2020-04-10 02:47:18,717 INFO:Sampler: <class 'cosmoHammer.MpiCosmoHammerSampler.MpiCosmoHammerSampler'>
configuration: 
  Params: [250.  65. 750.]
  Burnin iterations: 250
  Samples iterations: 250
  Walkers ratio: 10
  Reusing burn in: False
  init pos generator: SampleBallPositionGenerator
  stop criteria: IterationStopCriteriaStrategy
  storage util: SampleFileUtil
likelihoodComputationChain: 
Core Modules: 
  PScore
Likelihood Modules: 
  PSlikeModule

2020-04-10 02:47:18,717 INFO:start burn in
2020-04-10 02:47:18,719 INFO:MPI Process rank 0 starts sampling
2020-04-10 02:47:19,915 INFO:Iteration finished:10
2020-04-10 02:47:20,899 INFO:Iteration finished:20
2020-04-10 02:47:21,827 INFO:Iteration finished:30
2020-04-10 02:47:22,675 INFO:Iteration finished:40
2020-04-10 02:47:23,515 INFO:Iteration finished:50
2020-04-10 02:47:24,352 INFO:Iteration finished:60
2020-04-10 02:47:25,171 INFO:Iteration finished:70
2020-04-10 02:47:26,018 INFO:Iteration finished:80
2020-04-10 02:47:26,877 INFO:Iteration finished:90
2020-04-10 02:47:27,667 INFO:Iteration finished:100
2020-04-10 02:47:28,513 INFO:Iteration finished:110
2020-04-10 02:47:29,328 INFO:Iteration finished:120
2020-04-10 02:47:30,145 INFO:Iteration finished:130
2020-04-10 02:47:30,929 INFO:Iteration finished:140
2020-04-10 02:47:31,767 INFO:Iteration finished:150
2020-04-10 02:47:32,670 INFO:Iteration finished:160
2020-04-10 02:47:33,497 INFO:Iteration finished:170
2020-04-10 02:47:34,314 INFO:Iteration finished:180
2020-04-10 02:47:35,144 INFO:Iteration finished:190
2020-04-10 02:47:35,941 INFO:Iteration finished:200
2020-04-10 02:47:36,786 INFO:Iteration finished:210
2020-04-10 02:47:37,595 INFO:Iteration finished:220
2020-04-10 02:47:38,391 INFO:Iteration finished:230
2020-04-10 02:47:39,192 INFO:Iteration finished:240
2020-04-10 02:47:39,969 INFO:Iteration finished:250
2020-04-10 02:47:39,969 INFO:storing random state
2020-04-10 02:47:39,970 INFO:burn in sampling done! Took: 21.2522s
2020-04-10 02:47:39,970 INFO:Mean acceptance fraction for burn in:0.5411
2020-04-10 02:47:39,970 INFO:Reseting emcee sampler
2020-04-10 02:47:39,971 INFO:start sampling after burn in
2020-04-10 02:47:39,971 INFO:MPI Process rank 0 starts sampling
2020-04-10 02:47:40,835 INFO:Iteration finished:10
2020-04-10 02:47:41,634 INFO:Iteration finished:20
2020-04-10 02:47:42,424 INFO:Iteration finished:30
2020-04-10 02:47:43,258 INFO:Iteration finished:40
2020-04-10 02:47:44,090 INFO:Iteration finished:50
2020-04-10 02:47:44,950 INFO:Iteration finished:60
2020-04-10 02:47:45,765 INFO:Iteration finished:70
2020-04-10 02:47:46,631 INFO:Iteration finished:80
2020-04-10 02:47:47,487 INFO:Iteration finished:90
2020-04-10 02:47:48,352 INFO:Iteration finished:100
2020-04-10 02:47:49,180 INFO:Iteration finished:110
2020-04-10 02:47:49,975 INFO:Iteration finished:120
2020-04-10 02:47:50,828 INFO:Iteration finished:130
2020-04-10 02:47:51,633 INFO:Iteration finished:140
2020-04-10 02:47:52,422 INFO:Iteration finished:150
2020-04-10 02:47:53,221 INFO:Iteration finished:160
2020-04-10 02:47:54,188 INFO:Iteration finished:170
2020-04-10 02:47:55,172 INFO:Iteration finished:180
2020-04-10 02:47:56,098 INFO:Iteration finished:190
2020-04-10 02:47:56,977 INFO:Iteration finished:200
2020-04-10 02:47:57,839 INFO:Iteration finished:210
2020-04-10 02:47:58,705 INFO:Iteration finished:220
2020-04-10 02:47:59,531 INFO:Iteration finished:230
2020-04-10 02:48:00,344 INFO:Iteration finished:240
2020-04-10 02:48:01,233 INFO:Iteration finished:250
2020-04-10 02:48:01,233 INFO:sampling done! Took: 21.2618s
2020-04-10 02:48:01,233 INFO:Mean acceptance fraction:0.5817
2020-04-10 02:48:01,234 INFO:Sampler: <class 'cosmoHammer.MpiCosmoHammerSampler.MpiCosmoHammerSampler'>
configuration: 
  Params: [250.  65. 750.]
  Burnin iterations: 250
  Samples iterations: 250
  Walkers ratio: 10
  Reusing burn in: False
  init pos generator: SampleBallPositionGenerator
  stop criteria: IterationStopCriteriaStrategy
  storage util: SampleFileUtil
likelihoodComputationChain: 
Core Modules: 
  PScore
Likelihood Modules: 
  PSlikeModule

2020-04-10 02:48:01,234 INFO:start burn in
2020-04-10 02:48:01,235 INFO:MPI Process rank 0 starts sampling
