(S'MT19937'
p0
cnumpy.core.multiarray
_reconstruct
p1
(cnumpy
ndarray
p2
(I0
tp3
S'b'
p4
tp5
Rp6
(I1
(I624
tp7
cnumpy
dtype
p8
(S'u4'
p9
I0
I1
tp10
Rp11
(I3
S'<'
p12
NNNI-1
I-1
I0
tp13
bI00
S'\x9b7\xa4\x83\xab\x85\xe2\'\x9d\xad\x11\xc4wf^\xfb\x8d?\x9cJ:\xccS\xfa\xb9\xa8=\xa8\xfa+\xa2\xd9\xfb\xe32\xd4\xacM@X\xe5_^\xee\xa7S\xc04\xcb>:O\x9dlwU\xd1\xd7\xab\x07\x1b\xf5t\x96\x18\xf4\x90_\xf6\xad\x8evD{\xc1\x8d\xb8\xa9\xc0\x10\x83\t\\Z\xf2\xb6x\xea\xc3\xcac>\xdf\xdd\xfd\x05\xee\xf4\x9a"\xd9\x8406e\xa2\xfa)\x19i#S\xd4\xf3?&k\x9fg\xea\x05\xd0D\x88\x8d\r\xa0\x1c\x8f\xf40\xd89\x81}8\xedp\x12\x9e\x97\xf3\xd0\xc0)"\x1a\x81-\xb3\xcc\xae\xe4\xc9\xcc\xd8X\xf6\x0c"\xc0z\xbe\xe7\xba\xf3\xa6e\x81\xeb\x08b\x0fZ|@\xc1\t\xa1\xad\xb2e\x01B\xf8\xcf;\xbcM\x1a^\x05\x97^m\x9b\xf1H\x9f\xd5\xc0\x19/\xc9\xc0\xd9\xc0Y]\x11\x82\xcb\xbd\xc6\xaa\xe3\xb0\x7f\xa9\xa1\xed\x93\x175;\xc0H $)\xed\xdf\r\x88$\n\nB\xdcE\xb5\xa7Ct\x94C6r\x8a\x1f*\xa4\x84\t\xda\xd9\xd4\xba\x0f\xda\x16\xd6k?\x1a\xac\xe3h\x1a\xd4\x0f\xcbg\xba\x10t\xaa\x9b\x84\x9e\x05\xc5\\\']*?\xff\xa9W\x91\x12\xa8\xfb\xd2a\xe4{\x9d;\xc8\x0f0,\xd57\x84\xdb4\x05\xcf\xcd\xb2\x9d`@\xe2\xf3%\x8a\xb6j\x11\xac\x98v\n\x95P\xcc\x85\xa7\x1d\xf6\xe3\xdfr?w!^\xad\xeb\xb3\x84G\xa2F\xe7\xd0\xa7\na\xf4\xc4\x8b\xc05PdT(\xe2\xe4\xd2\x08y\x9dH\x03\xbd\xc2\x97\'RL\xa2G\x94\xdf{\xee:\xe8\xf0Y9NV1D\xff\x0f\xd2$\xb3\x91\x9d;\xa7~7\xbe\xd6#\x18\xbd\xfaX[\xa5\x07\xa5\x07!\xf3u\xbaCx\xbcP\xd1\xe3\xc1I\x18\xc0\xf4p\xa8\xdc?\xdb\xd5\xd6\n\x82\xad\xfd?\xb1\xc6\x18U-\xf7\x82\xe8\x8e\xe0\xe7\x15{M\x97\x00\x90\x04D\xf9b+\\c\xac\n\xd0S\x8c\xd4G\xec$5\xd3\x02-n>V9gn\x83<\x9c{\xa0\xd4\xa3\xef7\x81Ku\xcc\x86\xa4\x12\xd5\x8f\xca\xaf\x80O\\cJH\xad^\x07\xd0a!\xdc\xad\x99\xf3\xa3\x81\x85\xf8\x14p\xab\x01\x0b\xc2\xc1\x80\xa3u\xd4t\t\x0fL\xbd\x17,n\xee{\x10\xfd_u\xfc\x10`\xaf!D\x02\xdd\xab\xc7\xbd%dS\x1fcM\x8a\xbf#GV3p\x8e\xfb\x81\x7f\t\\\xe1\x9c\x7f\xc2\xa4E\x04\xa2\x88\t\x0e\xdb\xba~S\xdd\xb5p\xd25\xda\x05}\xeb\x1f\x85\xfb\xc2\x9a\x8b\xf3<\xc8v\xfeEf4MsH=\x17\x8a\xb98J\xf9jN!j\xaf\xc9\xb1\xa9\xea\xf5d\xda\xfe\\b\xff`\xb1\xe7 \x99\x00<\xdf\x7f\xfa{\xc1\x0c!%\xe1\x94\xc7\xb6v\xca\xbe\xd3\x85&\xdel\xc8d\xac\x99+M[\x1f\xf5\xdc\xdc\x8d\xe6\xc1s\x8f"\xd8:\xad\xd6\xde6\xb7\x85e\xe7)\x02m\xd9\xc3\x08m\x99\xbbKs\xd4\xdc\x90\xf8\xc8\xce\x1fi-\x05\xf6\x1a\xa0\xc5\n\x8e\x95D\x12\x97|I\xdbd\xb6 \xe6\xaa\xdcn\x93\xaf\x93\xa1~\xd1\xd2\x8eA\xaf\x8f\xb4\xbb:\xd8\x19\x84\xfd\x13\xa9\xd0\xf0\x08\xad\xc3U\xb5\xbbi\xb3]\xe1\x94Epq?$\x84\xe1c.\xfb\xd5\x055\x87\x9c\'*\xdc\xdamClA\x81\xbf0f\xb37\xd8I\xc8O\x1d\x80\xb4\xd6g\x08\xbc\x15\xbe>\xb2\xc9\xef\xfdS\x9d\xee\xf4\xf5\x9e\x8d\x08#\x10\x0e\xab\x13##\x14r\x8e\xb8\xd0\xad[\xed9\xea\xba\xc6\xff\x9fM~\x08\xb7\xf42\xbe\x87/\xcf\x8e\xde\x01\xd6B!\x06#\xfc]\xa34\xeb\xcf\x06*}6d\x99B^\x81\x8c~o\xabYS|\xc5dW\xed\xa2\xedG\x98\xe9\x89\xec\xe2\x95\xdfb\x01\xd8D\xb5\xb4pg\x10|\xd2\x95w\x1fOo\xef\x83\xf9\xca\xf59\x8c\x13\x95Y\x11\xb5k\x18\xb8\x06h\x02\xf9#56\xc00{\xca\xb9\x07.\\\x95aE\xf6\xa5\xf3\xa9\x06E3\x03\xdc\x0b\x13\x8e?\'L\xcc)\x8cS\x8fCI!\xcb\xf6\x00\xee\xaf\x92p\xd5`\xffz\x8e5\xc6\xbd\x06\x1f\xc2x\x86\x9a\xb4Pz\xb7\xa5\xa7\x89\xa4\xd4b\xc37\xd6\xa2I\x9a\x8e\xba\xf8\x93w\x06p\xc9a\xb5\xe2\xdd\x07r\x1f\xe5\xaa\xb0\xf7\x8b\x14.\x9c\xdb\x0f\x03\xf07\xa9\x13xv\xfa`\xf6\xe6\x87M\xf4O\x9b\x1ebN\x9e\xb5;&VY\xd9]op\xdb\xd8o\xb29\xe3\n\xbd\xd8f \xef\xdeO~\xa5{H\xb8\xa2\x14\xe4O\xb4e\xf9\xeb\xe7]\x11V\x05\xf2\x1a\r\xd9\xb9^\xf1"vy\xdd\x8e"\x81\xf6\xf4\xd7oO7T_\x96Zt\xe4\xe9\xe5\xd5\x07\xd9n\x01\x9e\x95(\xab\xb59\xf0lD\xf8v3\x18\xf1\x0c&\xb4.\xb1\xa1\xb8\xf8\x0f\xc1\xdd\xa8\x8a\xb5\xca\xb2\xd9\x8f\xd3\x92\x8e\x1d\x9aXB\xa1\x80 /\x05\xb2\xd1\x17\xf7k\xfdD&\\\xda\x8bF@`\\h\xa3\x7f\xb2\xc6\xd3<7\xec\r{\x050\xdcf\xfd\xbe\xce\xb3\xaf\x10\xa5\xe6\n\xe4\x04m)V\xfcG\t\xcc9-gB\xb3b\xa8\xd6\xf1-\xd2\x19`\x82\xd7F\x8f\xdbq\xd2\xc1\x81r\xff`\x0b3\r/\xacoC\xd2%k\xcdh\x8c\xa2$Ot*\xb1\xb5\x16\x1a\x98\xad\x06\x15\xc0\xee\x96B\x14\x91P\x07"\xac\xad\xc5\xca\xbe9\x03\x10\xe3dQ\x84:u6i6\nuP\x8a\xb3\x9d\xfc{ir\xb4!p\x8e\xe2SU\xcb\xcd\x01\x8d|rB\xf6"i\xa4D\\]\x98n\x95|\xe1\x8d\x19\xa1G\x88\xb0\x98\xa6^\x9fha[P\xcc\xd1af(\xee\xa1}#\x8a\x9a\x9c\xca\x10\xedZ?\xca15QL\x85\xdeD\x9b\x97\xbf\xbaiX\xba\r0\xe2\x87\x01\xa0(/\x91\xbb.S\xc2\x86>6\xd8\x0fn6\xedE\x0c\xbf\x04(\xfc\xaawv\xa2\x9b!_lI\xfe\x8e\xb7U\xb9\n%\x80/\xb9\xc7\x87\xa3!:\x0fK\xdd\xe5bj\r\x0f\xf4Zn\xaeW\x95R\xff\xc1C\x00f\xa1r`@;9]\x83b\xaaS\x1a\xec\x07\xdf!7\x17\xc0\xebD\x82\xcd"\xce(`\xca\xa5\x9e\xcfU\xb3S\xe3\xe6\x1b\xf7)kH!\xfe\xc8K\x82\xa4\x11*\x82\'\xc3,~$\xd7\xb0\x9f\xa0X\x8a\xd9U\xec\xc0\x08\x8b\xa9\xd1\x14\x9e9= hms\x90a+O\x89\x8d$\x0b\xd4\xb8\xb8\xa0ec}\xadN\x13\xddX\x94\xfe%\xa3>,[\xc9E\xcb`\xfbI\x03z\x90\xb2r[\x8b\xabG\x16\x1df\xde\xb4j\xfb\x8b\xad\xd4\xd4r\xb4\x17\xfe\xbbn\'\x9bo]\xfa\xcb\x0fbu\x18\xd2;uq!H\x04Ko\x98\xb5\x94\x18\xd9<\xfcR.;R\xd8\xd9\xba\x9c3\xdef\xca\xc1\xdc&T\xa2\x89H\xba\x06L\x9f\xbc\x01\xfb\x16\x81M\xa9\x92\xcb\x9b\xcds\x00\x01*\xa1<\x1c\xa9\x886dF/\xc62\xb0\x17\xa4bc!\x11\xec1 \xacz4\xd74\xca2\x0cWH8\xbf\x9c\x99\xee\x15T\x06\xb4\xe0e\x98\xe7\xb5\xe3\x84\xf2\xb6\n\x0eL6\xaf\x98\xcc\xa3/\xff\x95t\xd6\x8c\xfc\xd4\xa0h\xff%\xcc\xae\xf2\x1cycV7w)8\xa0\t!n{\x9cd+]\x91]\xec\xac\xf2\x1d\x80R\x18\xb5\xd8Tv8\xce]\xd5\xa2Z\xa0\x0c\x08\x9f$&d&aB\xf0\xb1\xb4\xd1\xdb\xb3\xca\xe1\xec?\xb9\xc8\xc7Z\xc9\xa1\x1d\x86\n#y`\xd9+\xdc\xdbg\x05\xc6\xd9\x96R\xe4*\xb8\x1f\xbc\xab\x1a\\H\x08\xa1\x82h\r3\xaa\x15\xb5\x12PX\xbe\x0b\x0fu`\xf0g\x03\x08.\x97%\x1f\xaa\\\xa9\xc5\xae\x1a\xc4"\xcf\x859\xaa\xdf\xc9I\xd9\xa3\xb6\xce\xdb\xf5=\x90\xa2\xca\xc6\xf0\x88wo\x8a\xd3\xb5t\xea\xb4g\x0b\x98\xa8\xe4\nu\xe5i"\x13"3=\xa9Z\x98\x8f\x87@k\xa2\xb2-\xdf\x02\xa4\x83\x1f\xd3\x88](\xe0g|\xe5x2\xbc#M&\xf3*xcu*$\xff\'\xc8\xbe\x05\x0ee\xe86\xf0-\x9c\x83~+\x16\xb5M\x1b+^\x10a\xb5\xeeZ\x17?\xdf\x9c\x8b\x81M:\xd2?v26\xc8{\xde!\xa3\xfa\x92\t~\x06\xd1\xee\r\xa3\xea6c$\xf7\x85\xdf\xa3@|\xees-\'[N4\xcb\x1f\x99$~O\xd8;\xd2}\x8cX\x124\x15\xa8*" \xf8\xfb.\x89\xd5#\xfa\x8e\xdd4\x85\xfb\xc3\xf1\xfb\x95\xdd^\x95\xa7\xf5\x8a\xdbp\xb6du3m\x027\xbb\x1f?x\xcc\'\x8a\xa3\xac\xbbNj\xb8F`+\x1eAND\xcd\x9f\xad2\xc9\xdf\xd87\xb0\xcd\x85\xd4\x9f\xb12=\xd7)j\x1c\xe5\x8a\x04}S\tu\xc5\xd7\r\xf94#\xd8v\x05\xa8\x9e\xd4\xa9\xfc\xd7\xcb\xe45\xb5\xb2\xda0\x9b\x1c\x14+\x97\x16]\x0c\xef\x18\xc9\x08\xf9\xa6q?>}\x84{\x8d\x8cC8\xdf\xe8\xb5v\xd9P\xa2\xd2\xbd7\xc6G\xe0G\x11\x06\x93v\xd7\x06s\xb1\\T\xa0K\xa0\xd5\xa5\'\xad\xf4\x00\xf9\xaf\xf5\x9d\x06Y\x1e\x8b\x91"\x82\xf7\x88N\\V\x96\x0cU\x9dVF\x8c\xfe\xc7Hzo9\xe3\xd7\xc7i^<\x0cz7\x8c_\x8cv\xbb\x03\x80\xa6\xac">\xb1(\xfb\xd5\xb5cAQ\x97\x11kb\xbb\xbc\x1a\xfb\x9fpQ>\x86\xf6\x1eh\xbc\xd0\x95=~\xaf7\x8a\xc8\x96Gg\xd6P\x132\x82}\x81u\x14\x0f\xd2{3.\xe0m\xca9\xb0\x83\x99\xf3,e\x1a\xa1\xe379=p\x95S\x182J\xfdk\xf4\x0f\x1f]\x90\xa4\x81\xbf\x96wb\xb8\x8d\x08Ap\xeb3\xd533\xcf\xf0M\x1cG\xacvP\x1d+Fy\xa1\xbai8\xa4\x05Cb\xeaW\x89\xc7#\x96\x04\x1f~\xda\x86\xcb\xf0\xfbB\xc3\x87\x864dG\xfae\xbd\xe9\x11\xccd\xf0I,aE\xfc\x9a\x19\x0c\x08]\xba\x17\xcbZ\xeb\x10%\xdd"\xee\xbfF3;G!\x92H^\xf4\xa7 \xebDm<\xae\x91\\\xb0\xcf\x9a49\xe7\x9b\xb1pb\x8d\r&\x122\xb8\xa6\xc4\xb3\xc5\xff\xd5\xa4h\xba\xa2N\x85\xd5\x10@{\xb6\xc8+:nh\xbb\xbc\x9f$\xe1\x88_\xb36\x08\xc1;\x14v \xd7\x1d\x18-\xc9\xc3\x1f\x9b\xb1\xb0UX\xd8\xc8\x06\xb9;8\xd8\'\xf2\xd97\x91\x1d2\x13\x00\x94u\xa9\xb4\x97C\xd0R\xba\x1c\xff\xd4\xec\x10\xb4\xbf'
p14
tp15
bI570
I0
F0.0
tp16
.