(S'MT19937'
p0
cnumpy.core.multiarray
_reconstruct
p1
(cnumpy
ndarray
p2
(I0
tp3
S'b'
p4
tp5
Rp6
(I1
(I624
tp7
cnumpy
dtype
p8
(S'u4'
p9
I0
I1
tp10
Rp11
(I3
S'<'
p12
NNNI-1
I-1
I0
tp13
bI00
S'\'\x1aI\x0cS\xd7\xbb\x1a\xae\x90%\xaf\x0c\xce\x08\xcb\x9a\x1c\x9c`\xbc\x0f\xd9k\xebk\x99\x87z\xc8s\xa5\xdd\xcc\x1cSh\xa4\xb0mA%5j\x9b.\x9dcT\xf7<U0~]\xe3%\x07}A\r=\xccUQ9M\r\x08d\xb5\xf09A\xbe\x80_]q\xa0J\x9b@\xbb\xd5\xda\x10\x99\x82H\xf4\xa1\x1cv\xbe\xe2\x1a\xddE\xcf\xb9H\xbc\xdd\xed\xc4e,\x92\xb8\xf4\xdd\xe4\xf7\xc4\xdc\x02\xd1\x08\x12\xe9[\x81\xc6b\x81F\xd0\xec\x0f\xa9\xf7\x9f\xdav}\xb6\t^e[i%eP@]\x80\x06\xaeT\xc4\x16\x19\x19\x164\x9cj"\x8a%\xc0\xc9\xfc\xeew\xcc1\xd6\xf08\xdf\xc2\xae\xa0a\xb4\xfb\xe9\xa3t\x97\xf4\x87U\xf7w\xcd\xf3`{\xe1J\x8b\x88\xbb;\x0f!\xfe~F\x96nDv2\xb7i7\xb1\xb3\x8c\x12\xdc\x80\xd9g/\xf9\t\xaa3Q\x0c\xe8.\xbf\xf3,\x1a#\x99\x8d\xf8\x0bz\x9e\xbc\xb5\xda@W\r\xa6\xaf\xd6\xe5Q!\x9d%\'\xf9\xa7\xe7^;\xf0\x0c5H\xdb\xb5M\x91\xd5}\xadG:\x11D\xb7\xa8\x9c\xf7\x0c\xef\xec\xdc\x16\x9dC\xbc\xb9H\xa6\xa9\xedt\xacl\x93T\xa4\xcdh<\xb5\xee\x1e\xe7\xf5\xa9\xe3t\x12\xa3\x0b%lj\xad2\x91\xd2z\x17\x97\x02\x0f\x17\xfc2d\xb0\x1c\x89*,{c\x07\xdf[R\x04\xc4L\xb6\xc2O]\xf7\xec\x0b\t:\x8a\xaa\xb9\nc\xe2J\x19Ll\x14p\xf9\xc7\x8d.>\xf4\x92\x82WH4\x917J\xe87\xb0\xb0\x91@#\xa9\xb1\xfa\x1f\xdaP\xa6<\xbdImk\x15\xf11\xf5\xc7\xaf \x9d\xd5;\xac.\x9c\xaa\xce/\x90\xa7\xa7\xba\xc5\x17\x06\xe5&"\xd2\x99\xb5\x82^\xbd\x8a\x11\x94.\xce<$\x1d&H\xd1\xa6P\xbf\x81\xbf\x7fM;\xb3\x80:JBb\xae\xf1]\xb3.A\xc1\xbfR\xa2q\x0c\xce\xa8\xd4\x18_\xa5n@\x0c\x1c\x92\xdd\xc0\xdc\x9a\xe8\x99j\xf0\x99M\xca\xdeu\xca\x86\x0f1\x82\x169(&\x14\x0b:\xff\xa4\xd3\x80\xe5\xfd\x9d6>\xc8\xbc\x99\xd0\xb6<\xd6\xcc\xb4\xf8N\xea\xef"\xb6\x0b\xde\xd9\xfbm\x00\xaa\xbf`\x9bd\x9auU\xd5\x8e\x12\xfd\xb7`\\\x97\x9f\x8a\xe8\x15\xf3\xaaqt\x89\xa8f\xd8\xbe\x8bb\xff\xcc\x07\x96\xb0\xdf8w\xe2\x08\xf5\xbe\xfd\xf0\x0eV\xae\x14\x9aMR8\xb0,Sn\x8e\xe5\xf8\xc7GA\xab\xab#\xf6E\x11\x1a\x8b\x99\xbaIo?s\x9e\xe8\xee\xfeF\xfb\xee\xf1\xfb\xf8\x1a\xea\xdb\xb3\x91\xb5\xfb\x07F\x88\xca\xa4\x8e\xc127\x88\xc5\xc3\xff\xd7\xe7\x0er\x11\xfd\xc2\x0e*\xdfs\xec\xf5\xc8\x04F\x86/J\x11E\xa4\x1cP\xb0\x06vKdR\xbf\x80\xc2\xcb\xfbw\x88g\x1f?\x15eWb\x7f\x90A\xcf\xfc\x07\xe2\xf3\r\x9bS\xd5\x9a\xaf\x11\xa5!\x81^\xd9\xc2\xd0\x9ea_U\xb0\x08\x8fXln\x84\x16:\xd1\xbfZ\xd7\xd8\xc1\x0e\xa5y\xc8\x1ae\xf6\xdf\xa1\xb9<\r-\xa1\xd4\'\xdd\x0c.\xce\xca=n5b\xe7n\xab\xc8m\xb4\x1a\xaba\r\xf4y\xedT\xd9\xd7\xa3\x06Y.$+\x0c\xde\xf0\xe1H\xa1;\xb1\xdd[\xac"^\x8b\x8dM\x92i\xacZ\x06b@\x93h*\x86\xd8\x1a\xd9\xbbtj\x07\x00\xef\r\xe9W\x94\x19\xdd\xbc\xea\xa8\tL\xd7s\xfcc;\xfb%\xcfB\x11\x15dq\x02J\xddX\x1c\xe35\n\xe1\xad\xaeR\xaeh\r\xf4\xe6\xa6\xf5S\xedn\xab&3\xd1\xbc\xa7\x90#\xadh\xfc3\x1c\xf9&e\xad,I\xe5@yq0\xed\xfa\xc9\x07\x8d\x9f\xdc\x13X\xcb\xf3\x8b\xd6\x02\xfbRH\xf7\xd2\xb7J%\xbb\xe6\xa9y\x81\x8cQE\xd5x|?g0G\xe0\xa8\x04\xdd\x89\x04A\x8a\xdc\x8d\xd8v\xeb9\xcf\x8f\xad\xf7\xc0\xd3\n\xe6g\x02\x1e\x99\xc9e\x9e\x9cm3\x97@\x9bF\x10\x16\xf8/\x9cm\x9a\xdf2\xd3\xc4\x08u\xb1\r\xcb5J\xd7\xddK.y\xda;\xa3ER\xc8\xdb\xb49 \x06i3\'4S\xb2\xba[\x00\\\xb5uH\x91\x907\xcaSR\xfd\x01g.\\}\xc0\xe0P\xd9\x0f\xad\x1b\x1eu\x1d\xf1A$\xa4\xc8\xd0l)1\x98 K\\Kny\t\x0c:\xcf\x82\xa5\xc4\xef_b\xe6\xbd\xf2\xd53\\2\x9d9)\xc1\x8b\xed\\\xcc\x8fX\xc8k\xa1-QE\xdf-\xa28\x1d\xbc&\xb6\xf2|\x0f\xa0\xe9D\xf2\xe9b\xa5\xe3\xe2~\xe9\xdc\xc5\xb7\xcf0\x00/\x97D\xd9\xc1\xbcM\x80K\x0c\xb2\x86\xae\x13\xfb\xab/A\xb1\r\x05\xc2\xab\xca^\x9c\x82h_\x87\xc6\x8f\xcd|\xdf\xcc\xc4\xcb]\x90\x8byh\xfc\xa0.Y9\xb1\xe4GK\x1a\x87\xb7d\x11\xcf\x927M\x1ac\xc2\x1a1h\x97\xd4ay\xd2\xbeh\xf3\xaa\xa7\xb4\xc8E2\xd7X\xcc\xe1>\x92\xda\xc1y\xf8\xa4\xd2\xbe\xe9\xe6\xf6$)\x87\x16\x04\xdc\x9d\xaf\xc1\xa5W\x1f\x8b\xd4\x01\xec\x04\x8b.8\xa1\x8a\x99\x81\xd4\xfd\xef`\x91zQ\xae\xff\xe4o\xc66<\x8c\x93\xb2\xea\t\xe0\x87Q\xb2\xcc8L[\x13\xc1\xff\x86\x88\xac\xf6%\xc8\x84\xa3\x0b}\xf3\xf7\xd8\xbd\xf8\xc0v\xda\x1c\xcb\xc8Bb\x9b\x8bD!\x17|\xf1\xa7]\x19\xfck\xe8c\x9c^K\xe2$vM\x15L\xbfw\xf6\xf4\x18\x93D3\xdcH\xf0\x9c;\x11\xda\xba\xd54[\xb3\xba\x86\xf0\x9fKr\x85Y\xa6\xfb%\x96e\xadK\x92\xcf\xe3\xb8\xf1Ns\'\xd40\\\n}7,\xbe\x82\xcd\x8f\xd78U \x0c\xa8I6,\xf8Y\xd6{\x03\xe9\x86\xb9\xb8\xde\x0c\x00\x86\xd6xtG\xe4m\xa9\xb9\r\x03\x17\xeez\xe6\xe2VLI\x1aZ\xebA\n\xa1;{P(\xf6\xde<\xd55\xb9\xd9\xd8j\xdb1\xfbr\xe3h]\xa1:\xdf\xac\xe0\x99\x0bY=1\xccH\xf0\x19\r\xda\xa6\xbd_\xba\xb4\x15VI\x13i\x83\xab\xbf+\xc1\x08<M5\xcf\xb5W\x05\xdc9\xe5\x05\x88\xf8|-GP=X\x93\xa5\xf0f2\xf5\xbe\x89\xb2zF\xe2\xe0\x9e\xf2\xf4\xf5\xcc\x96\xf0 \xab\xcf"XO \x11w\x97\xf8\xd4\xd8\x1e\xa4\xb0\xc4\x99\xf0\x91q\xf0^9\x84\xa2\xa7\xbf~\xbb\xea/\xa2HG\x95\xc7p\'~\xa7x\xe5\x17\xfa^,,-\x86\x94\xba\xc7\xcdw;\xe9BN\xa2-\xf0U>-~,=K\x043\x7f\xa4\x82C\xd4\xd7\x9d\x19\x079\xc5>\x88\xf4\x9c\x98\x1f\xdb)\xd8\x0bAa\x8f\xf0\x15\xa8\xd2eAh\xc2+\x994\x1e<\xd3\x1e\xb6\xcc`-C\x10\xe4Rk\xe0\xc8\x03\xf5\xaf`1\xe5\x8c8\xed\x9b\xe4!Mk\xc1Tk\xb6\xdb\n\t{ >\xd2r\xff\xcc\xa2p\xd3s\rC\x14C\xd9\x0e\x95\x16\xaf\x08\x0bv\xc0\x1b\xe81\xce\xea\x0f\xff\xca+\xbbY\\\xb4\x92~\x1f\x02\xa9\xdf\xc3\x08\xda\x06+\xe1R\x97)\xafP/\xbag<>\xe2vc\xf8]55\xbd\x0c\x08\xdd\x13oB\x8bs\xa7\xdd{\x14\xee\x91\xeb\xedd\x11\xb0.\xdeW\x9a\xa2}\x1a|!\xfa\x90\xa9#Nu\x0f\x8e\xc2FRW\x1a\xf8\x11\x98\x8f\xad\xc9\x9d\xadE\xde\x17\xb2\xfc\x01\xd1\xfb\x0cn\xcfP\xcd@\x9b\x80L\xb4+\xa9\x97\xd0B6\x95\x84K\xb1\n8\x89\xa0jD9\xc8\xae#\xc1\xc1E\xd4\x95Vn\xd0\xb2\xba\xb5=\x04\xa3].\xc2\xa3\x03\xbfnU\x91\x03\x90\xec\xce(e\x12\x80\x87\x8f\xcaS\x15\x03\xba\xcep\x14\\\x92P=\xe8\xa7!"\r\x98o\xfc\x04]\xa5i\x12Zk\x9b\xfe\x1f\x9d\xdd\xbb\xa4q\xa6\x1c\xb3\xe1\xdd\x15i\x08\x97D\'\xd7\xafQ\xbf\xb0%\xc6\x8f\x9f\xc1\x02G\xb1\xe1\xaeR\\\xc5\xcdEN\x00\xd9e\xe8X\xbb\x1a\xc5\xceB\xc8Z\xd2_\x8c\x83\x02\xd0\x98j\x99\x8f{\xf0k\x94\xb1\x03\x91h\x0c\xf8P\x9b\x1d\xe3\xdf\xf0\x96+dV\x80h\x0b#\xc8_\xc6\xfe@\xa9\xd2\xa9\xb6\xce\x83X\x81\xce\xe3\x14\x1a(^g\xc3>\xc9\x06\xf9\xd5\x85\xf2w\x13\xd6\xe6\xede+;}\x03\x98\x9b%\x9e\x929F\x87s\xcb\xc5\xa6\x9f\xaf\xa0\xe56\xb6\xdf\x83\xf1Z\xad\x89\x0c\xa3Yj\xae8/}\xa2\x90\xb1\xe1\xfe\xdc\xbb\xdb\x940\xe1\x86f\xc2\xd3\xdaM\x9a\x9e\x83\xaf\xa1\xff\xa7\xbd\xcf\xa5\xbe\xfa7\x04\xb4x\x9f^X\xa0\x9b\x18\x15\xe1\x9bN1L\xbb\x17G\xf2\xd17\x9c\xf6\x149\xd0m\xdd\xbe\xea+\xf0*g\xbb0n\x18\x99\x1c#D?~\xaa\xcf\xaf\xbf\xe3\xdc-\x13\x07.\xcclF&\xaa+6\x84?\x0b`\x9c\xb3|"\x06\x9c{Z\xe18\xee]\xcaF;PI\xf2N\x95\x15\xf694!\x00\xd4\xcb)\xf9p3<\xeb\x9a\xa0!V\xf7\xb68\xb6f1C\xd5(\x18\x10\x1a\xbc\xa6\x1a,kF\x11\xcd\xceYW\xa6e\xea\'\x98\xa5\xa1\xf9\xf2\x1f\xb7\x04"nJ\xb0\xb9HJ\xa8Fd|\xeb\xacY\x03\xc0\xbb\xcc\x9dhZ[v\xd7\x0e\x8bk^N\x1b\xb6+\x14y\xc5cV\x85\x91\xa1\xb0r\xad\xe6\xcf\xe1\x81\xac\xde\xa9\x93z\xa4}\x9c\x07:a1<\x07\x1c"5vqC\xb7\x81)\xdd\xdaP\x8ed\xa3]\xd9\x08\x05\x0cH\x81\x9a\x1e\xe7\xdd\xd2~2*\n\xd6\x88W\xfe\xca#\xed\xecO\xc9\x9e\xcd\xb3\x9c\xda\xf2O.1\xbfC\xe4\xfb\x8a\x18\xbf\xef\xb9\xbb\xc8RnM\xf9\xc6\x01\xe3\xe6-$\x1d\xcbN\x10\x84\xd4\xb5\xe0\xa7x\xa94B\xa584;2\xa3\xcc)\xa5\xbaM\xcc\x94\x11\x1a\xda\xa3m|i3\xc3\x1f+\xbf#\xcc\x1b\'T\xbd\x8f\x97\xadR\x89ud\xe9\xbc\xb7tUh\xa4)\xaf\x12WM`\xe7\x8b\xe19\xf0\xb3ZK\xea.\x84\r\xa0Y\xc9\xc7\xe2k\x92pl)\xdc\xfcU\x17\xc3\xfa\xd3\xe9b\xacZ}\xc6\xdc\x1f\xe4\xc3\x19>3\xb3\xd4\xb1\xe3f.R\xb9\x16\xa2\x95\xb3\xba\xbf\xc2\x82\xa5\xf6\x8b7c\x85f\x13m\xab\xdd\xe5{\xe5Y.6\xfc0\xb6\xb6\xa70\x00\x87G\xcc82\x8e\x13\xab\xde\x91\x7ft\x90An\xf6\x0b\xeb\x03$@\xed\x03\xe8\xb6@\xdcx]\x9d\x1cS\x93\xd5797\x1c\xa5\x7fQ\x00\xce\xc04\x9e\xfa\x8d\xf7Z8D\x0e\x16\xb5\xab'
p14
tp15
bI503
I0
F0.0
tp16
.