(S'MT19937'
p0
cnumpy.core.multiarray
_reconstruct
p1
(cnumpy
ndarray
p2
(I0
tp3
S'b'
p4
tp5
Rp6
(I1
(I624
tp7
cnumpy
dtype
p8
(S'u4'
p9
I0
I1
tp10
Rp11
(I3
S'<'
p12
NNNI-1
I-1
I0
tp13
bI00
S'|e97\xd0\xed\x9c\x99\x87G\x10\xdd\xb9\xdf\x9dL\x0f\xe3\x0f+\x86\xf6+8J\x05\xf7\xa6\xe1\x7fp\x05\xbbL\xa4\xbf\xcb8\x18\xab\xd7\xcb\xf4.\xdcp6\xda\xd4j\xa98n\xbd\x0f\x9fd\x02i\xfcgo\x86]\xffP9\xaa\r\xf2\x00\xb5\x1b\xa3\x80wy3\x83h7\xfd4M\\,\xbd\xb2w\xaeg\xd8\xbf;g!1\xe1\xea~\x0b\x1f\xae\x08\xb3\x18+W%\xc3\x18\x00o\xe4kH\xca\xcfE\x1c*\xe1*5\x876\xb6\x07s\x11\xfa\xb5\x85\xd5\xbe\xe1\xd9;\xabg~\xfbaO\xa4I)j\xef\xf15\xa0\xfd}p_i\x9e\xab\x9d\xa7\x19\xe2u7i\xd73\x06\xf1G\xa1\xf8\xcbD\x16\x85\xaf\xaf\xa6\xb2\x81\xddQO\x0e\xa2V\xf6p~F\x10\xb8I&H\x11\r\xe9\xb9L\xc9\x8b4\x03\x1d\x14\xdb\xd6\x86P\xe9\xc9\xcf\xfd\x7f~\xdc\xb7uS\x1a\x90\x9a\x0b\xd8v\x90\xd6_\x1f\xe6\x05\x02\xab30F\xfa\x00\xa4\xea+\xec\x89\xb1>b\xa4\x88d\xb98\x1f.\x00w\xe1\xe9\xaf\xe2\xff)\n\'\xf7\x01\xe7}\x8e{\x95#N\x1b\x98\xbesP\x1d\xd5\xf4cv\x13\x07\xe1\xdc\xf4\x05\x9f\xea\xee\x18\x04\xe2\xed\x16\xdbV\x1b\xd2\xc3\xe9\xaf\x8a\xf5\x06U\x99\xf4\xf6Z\xb6\xc7,\xc3\xfc+\xa9t\x02\xcd\x05\xdb\x07\x9c`\x19\xf2,\x9d\xaa\xb7\x08\x11LI\xb9\xf8\xc6j\xb1T\x90\xaf\x16\xfa\xd2\x800h\xe1\x9e\xb3\x05\xa4-\x81\xd0gEY\xa8\x83\xde\x89\xb0>^7\xaa\t\xf6c\xdd\\"\xc4\xec\xf1\xf1\xbb\x89\x18\xff\xdc\xa9\xd3\x18Eg\xe3\xf3\xdd s\xc0\xab\\o\xb7\x18\xbf\x8e\xb2\xcb\xfd\xca\xaa\xea\xb0\x1b\xf99\x8e06\r\x11|BHJWJ\x95\xceP\x80!\xa5\xa0e\x85V\xd5f\x17d\x8cr\x1f@\xbb\x03\xab#t\x8d\xa1\xfa<_\x96\xcd\xe0\x7fy\xccN\xa1\xdb\x1d\x9d\xf8\xc6z\xf3&c\x14\x1cl\xcbx\xe2\xc7@>\xc41L\x80C\x8d\xea#$\xf8rC\xac\xbd\xc3,\xd3\x8a\xd28\xc2\x1a<\x9f\x84I\x90\x81.L\x90\x05\xba^\\Q\xb0\xf1:tX=\x86\xa3\xb9\xe5XU\x0b\xb5\x1bvQZ\xa8}\xe9p\x81n\xd6\x06J@#\xacI\xe7\x85mL\x03t\xef\xe0x\xbb\xdaW]\xf9f3P\x18\'|.\x7f\x13t\xd6-\xe7{\xc3=\x17O\xc1\xdc\xd9\xde<\xcf\x04B*}o>\xa6\x0e\xa7\\\xe6\xb2l\xa9\xb2\xa0\xe2#\xe1\x87v$\xf3C\x9b\x92\xf3\x87\xd9\xc3r\x81\xa1\xe5\x81\xb3\x92X\x9d\xcf\xc7>%3\xd1\xf1\x9e\xe4\xc3&\x8a\x86\xf7\x10\xc3\xbf\xb8~w\rg\x86\xbfN5\xff\xdd\xbcb\x0bF\x0c"n\x92\x05F\xda`\x9c\xf6\xea\x8c\n\xee#\xcb\x1b\xc6\xe3\x7f\xa1\xe8\x84\x9a9\xc3\xd2\x1e~\xf5\xa3\x9c9\xa8*}\xfa\xda\xf0\xfc\xf7:\xf6\x8ag+\x10\xee)\x17\xa7U\xbc\xcfpv\xedW\xbd\x08&\xeb\x91\x19\xaa\x81p\xad`a\x16\xf3\xd0\xd3\x9b\xe6ZS<\x89#WR\x9b\xed\xf5\x99\xdc\xaaaJlKaW\x0e\xb1\xd2\x02\xbc\x8d,\x92\xce\x98,\xa2n\x87\x87\xa4M8\x83\x86\x9cn\xe6\x91\x98\xbc\xa9\xe4\x80\x13\x03\x9b\x994B\x9a\x17\x1a\xe4\xb7\t\x13G\x9f\xb1\xb4F\r\x0e\xde\xc73b\xc7\xabT\xb7,\xa9\xef\xed8T`0jRDyq\xbe{dls\xf6\xc3C\x0ea\xc7K\x9c\xd1\xca\xa8p\xbd\x87D\xeb\x82S\x92\xff\x81\x11\xb7[:@\x9eJ\xd7\xf2\x1b\x1eYH\x16D\x9d\xfc\xf0M\xa1B,\x82\x89$a\xa1h\x846\xba\x86-\xb0VB\xad\xc2?z\xca6\xf6\x1f8Q\xb6\x07\x06/\x88\xe4\x1a\x83o\xfe7\xb9d\xc2X\xc1\x9b\x9cp\xccyv\xe6\x8a\xebl=~\xd0h\xa8S0ej;\x08\x15\xdb\x98\xd6nU\x18\xf7\xd3\xb5U\xce\x8c\xf7\xe6e\x05\x97\x16UI:\x9d\xebk!\xb2m\xc6\xa5\xf9\x0bH0<\x96\xe7\x13Z\xf0t\x9f\x1aK&4Xv\xc9\x8d\xeb\x13y\xa0\xdd\xc3L\xb6\x11\xf8\xe8m\x89\x9b\x93\xbeG\xdb\xa6^{fU\xd0B\x82\\\x99_\xcc\xea\xb9w\xea\x14wart\t\xe4\xcd.\xa5\xb5\xaf\x13_\xac\x12h>\xf6\xeb\x03\x03\x8d\x1d\x87TB\xc3\x89\x8c\xd4U\\\xa5\xd5\xe6W\x00\x9d\x06+P\x90\xff\xb7w!\xef0\xd1\xfa\xacy\xb5\xcf\xf8\xf4\xb0j\xb13\x17\x84~\xfa\xc8\x08_\xfc\x0bw\xd2\x90?\xbd\xee&I\xdd;\xd6\xf6\x80;\xc1\x913\x84\x08_>\x12\x90\xb7>*\x03\xed\xe2J!\x19\x9c^p\xcb^ei\xd9V\x10\xb2b\xb3f]a\xbe\x81$6\xd5u/\xee\x05?\x8eC\x98V\x04\xa3\xc1\xbdz\xb9\x80\x12\xde\xbd\xcf\x154\xfc\\\xf5:k"U\x0b\xd6\x86\xf2\xd6\x94dV\x10;\xee(M\xb7\x15w)_\xd8k\x82\'\x7f\xabK\x88\x91\xf0\x19%,B\x12H\x16,"@\x8d\x7f\xc0\x02\x00E\x9e@\xde\xb7.#\xb3\xaa\x8c\xe2b\xf9m\x0f\x07\xd8\x19\x12X\x82\xb8\xbbe%\x1a{\x19\xca\x82\xc4\xaa\x05>]\xeb\x16H\x01\x1b\x10\x953\x1d\x95i\x1d\xc6\x9a8\xbbZ\xcc\xea\xd5\xf2\x1dR>\x0c\xe2g4\xe4\x8bb\x88\x91h\xb5\x0e\xd8W\xe9\xc8\x83#\xf4\x12\xbc\x8d\xa2\r\xb0\x82\xa7\x0fyN\x1f\x0f\x99\x14\x1d1\xdfM{\xab\xe5G\xb5,;\x7fy\xa2\xf6l\xee*i\x08\xe7\x8b\xca\x9b\x1a0{\xcf\x7f=\x87\xeb\x08?<o\xcc\x8a\t\xc8\x17\x8a=$:\xb6\xf8K\xd4\xc0\x9a\x15\x11g\x18\xea\xdb\xad\x12\x0b\xed\\\x1d\xc8;\xb3z:x\x9d\xf3_We\xdc\x92\xde\xce\x9a+ \x7fI\xc8_\x04a\xd6\xdaN9\x06n:{U\xd2\xad\x04\xbb\xd8\xa82\x7f\xf6\x8e\x84\xa0\xba\xe6\xcb-"\xb7\x10\xbf\xd4\x8e\xb3/\x82&\xfb\xed\xb7\xa7\x02\xcbQO\xe0\x89|\x89\xaf\x80\xb4O\x99\x8c\x1eX\x90)\x86\xd59\xa00\x89\xdf\xf6r\xfd\x06{<\xc1\x17\xe12\x98\'\'5\xee\xae\xc3\x9d\xa0Q\xef/\xb7\xcf\x92\x06\x0e\x8b\xe9\xd3\x89\xc3p\x16\t^\xc1\'/\xf9\x1a{]N\'J\x8c\x13\x98\xa8~\xb4\xfbJ\xe8\x00\xfc\x15\x0b\xd6\x91\xed\x08\xebh\x83\xbd\xac\x87\xd6\xb4\x0b6\xf4\xf7\xba\xf6\xc9\x82g\xc8b.\xeb\x92\xfb\xa4\x93j\xb6\xef\x87\xf4\xa86\xb1\xd1\xf441IFY\x8c5\xbd\x00\ti9\xa9\xe2d\xc6\x9a\xaca\x83\x11\xfaL\r\x9c\xc0g\xb8\xd5\xf1v&\x98\xc3#Fhk\x11AUH\xdf\xb2\xd4\xe7sku\x1d^\x0e\x8cF%z\x00\xe6\xc7\x0bK\xb2<Cy\x90\xf5\\\x0eFAr\xd0*$,\xe3\x8dI\x87R\x02C\xa3\xf5\xbbKV\xd4\x9e\xdc\xbbc\x16%\xfdY\x0b\x04\xee\xb6\x95\x855\xffV7h\x9fw\x98\x89\x11\x8fk,\x07g\x86\xbbY\xc6Iw\x1f\xebU\xf5\x9b\xe7\xf3iP\xd7\xaalX\x05\x93(\xd2\x1c\xf9N\xf9\xf6\x98-\xed\xc7\x07\x82\x96X\xb5\x1b.w\xbbT\x10\xfd\x93Ix\x86)FOk/\x1c\xf1\xcc!\x94\x99j\xdf\xde\xf8N\xe6\x1e\x89(\x1f\xec\x132\xccDx\xc3\xecM\xa9\x1d\xc6-\xce\xd7A\xaa\x1d\xe6\xd5\x06\xc3[\x10n\xd6\xb1\x01C\xbe\xeaL=\xb9\x00I7\xcc\xef\xb5,\xf1\x10=\xe7\xb05"\xae\x96\x14\x8a\xa6-\x8a\xfai\xf6{\xb6\xb4\x7f\tDE\x9f=\x0bX\xcf{\x04,\xa0K\xb9\'\xe4,Q"\x80H\xd3\x9c\x90\xdf\x05\xa8\xe1[\xdfK\x15\x94\xdeV\xf9\xe6\xbc\x07\xea\x8a?\xe1\xc3\xe5\x9c\xb7\r\xff\x01\xb2\xaat\xd8\xd5\x18\xd1\x15\xe0\xb6.\xc7YU\xc3\x98v+\x85\x95\xc3\x0fg\xa3\xb7(\xc4\x0e\xf4\xf7\xb4#Z\x8b\xb9\x84\xd6\xc9i\xdb\x92\x17\x82\xb8\xfa\x9f-\ri8\xbc\x10\\@\x1cp]\x98/\xc3\xbd\xeap\x86%\xe2B.\x84\xd9\xa3A9\x13\x05\x1aQ\x04\xf2\xb2\x80\x91\x04jWdJ\x8e\xbc\xb7OH\xbd}\xcb\x07y\xb8\xe6\x0f\xe6\xb2W\xb0L\x8f\xc2z\x06\xcec\x02\xc5^\x8d&\xd0l\x88\x974Nb\x96\x9a\xeao\xd4\xce\xc7\xb3\xf2j\x83\x0erMJ\xab\x90x\xc9\xdc\x18\xa4\x1b\x92\x99\xb3Y\xe2P\x96f\x9a\x96\xca\x19k\xd7\x87<\x12\x11\xb2\xc5V\xbcK\x00\xfa\xed\x15|\xe6\x80}\x0bE,\xd6\xa0\x07\x89\x96F\xcfd>LS\x8cjd\x96\xb2q\x87}\x9dv\x86\xb9\xbd1\xc0\x90>B E\'\xa0\xaf\xa6_\xc1\x8c9\xba\xa9r\xce^\x80\x05D\xf44\xf7Y\xe7\x98\xb8\x0c\x06\x13EF\xc8.\x9b\x10\xeeC\x01)L\xae)\xfc\x9e&s\xa5\x1e\xfc\xf63\x98\xd5t$\xd7\x9bG\x06+|QC\xe2\x8d\xe0\x14\nq\x17\x96\xc3\xbc\xc0\x9c\xc1\xe9\x02O\xd2j\xcb\x81\xc6R\xads\xb1}\x14\xde\x81\xaeA\xb8\xf8\xad\xe6\xf2\xa4_\xcb\xa4\xa0;y\xf2\xf6X\xf9S\xf4J\xd6\xe0\n\xa3\xa9\xf8Qs\xb4\xa7\xf1\x87\x98\xbe\xfb\xb7\x94\x11\xeeth\x81\xb94\xf1\xa8@\x1f\xd8F\xd0\xa7\x7f\x9fs7\xe4\xd8d\xc2\x84 \x1a:_\xecn\x9e\xf3\xf8\x91E\xfeR\x8b\x928.\xbd\xd8\x83\x12\xfd\xf8\x05\xb9\x16J\xa5\xd2\xf4aA}R\xa6-\xde\xe7\x07\x1a\x19\x93\x87\xacMQ\xc8\x94\xf87@\x1d\xf2_\xe6\x9c:\xbc\xe3\x98]\x1f\x83pF&d\x06\xd1\xdb\xd3%\xb6\xab\xe4\x80h\xbf\xd0\x9c\x10\xf8K\x1d\xe8SY\x17b\xfe\xd06\xa2\xc58\x95\xa4\xea\xa7\xc6X\n\x1fF0\xa5\x8d\xe1\x04\xe5\xa3\xbd\xed\xb2\xed\xb0,\xed\xb6\r\x8c\x1f\x05\xda?\x86\x98\x83\x7f\xbd@\xca\xdf\xbc\x08M\xcc#\x1e\xf5)\xe1K^\xa51\xcf;/\xb2\x14\x8e\x15\xc081>\xa4A\xae\xdfH\x88R\x9b\x9e\xfd\xf8R6\xad\xc4\x08\xdc\x15\xea\x8bv)Vj\x95s\xa0\x01\xbaQ\xc1\xfe\xd8\xe8S\xccn!\xce\xc0\xc9rX\xeb\xb8\x84p\xd5p\xc6\x82\xe0\x83\xcbl\xad!@$\xfaC+\xe92\xe7{[\xda\x83B\xba\xf6l4\x97\t\xf17f\xda\x8b\xed\x8d\xba\xe6w}(\xb4|Q^\xba*=X\xd7$\x06\xd3\x88q\x84MM\x91\x12\x83\xa9\x08\xcf\x9d\xbc#\xe0XYY\x00\xb1\'\xc8&q\xbf]'
p14
tp15
bI482
I0
F0.0
tp16
.