(S'MT19937'
p0
cnumpy.core.multiarray
_reconstruct
p1
(cnumpy
ndarray
p2
(I0
tp3
S'b'
p4
tp5
Rp6
(I1
(I624
tp7
cnumpy
dtype
p8
(S'u4'
p9
I0
I1
tp10
Rp11
(I3
S'<'
p12
NNNI-1
I-1
I0
tp13
bI00
S'\x8d\xcbN\x98\x8fM\xa4\xb64\x99\xdd\xe8\x03\x8b\xf6F[\xd4\xf5\'\xc9}\xe4q\x0c\x9d\x1c\x10\xbb\xbf\x80\xdf\x9af\x9a\xce\xd6 \xd6|\nT\xe6\x05K\xdc`[)ce\x15\x00)"\xf2\xc2\x83\xbbX3\x99\xebR\xb8 9K5L\xa8mg\xba\x07\x81\x83\x19\xaai\xc9\x92\xde\xe1*\x1e\x9b\x82\xa7\xe7?7q\xc9\x8f\x198\xfeG\xa1i\xe2\x9acv\xec\xc2|\xcb/\x1c\x95F+yp\xe3\xa3\xcc\x08Nol\x84\xb3z\xc4\x97\t\xbe\x85\xa6\xced\xb5+\xf3\xb3C\xd6\xe3\t\x87\tg\x88\xd8\xc5\x8d\\#\xacJ\x7f\x03[T\xf1\x08\xdf\x90)\xc6\xa5I\xb1\xeb\xb0\x14\x08\xcf\x03\x12^L\x9caJs}\x1f\xacVQF0\x91\xc9\x06\x94\x10\xfb\xe9kD2\xccO\xd7\xe2\xd8B\xc6)\xb0\x11T%b0\xe1\xa9Ju\x94\xb4\xd2\x04\xd6P\x93)\x07t;HXc\x89p\x94\x8c\xac\xfe)\x03\xb1\xf8E%\xc8\xfc\x17\xdd\x18SP\xa7\xd2\x16\x17\xfb\xe2\xa1F\xb9d\x1a\x10\xef,rr\xb2Z\xbf\x95W\xb0h\xb4\xbf\x07\xda\xfao\x08/UpN\xb0\xe7[aI\xa8\x95e\xce\n\x10g\x01\xba\x18\xc4\xc2\xda\xa4\xe5\xfd\xfd\x92\x95\x11\x185\xea.H\xb5\xa3\x1anq\xe4\x85\xd2\x90[y\xe6`}\xe8\\\x9f\x03\x06\x0f\xe9I\x17?x8\t\xa6~\xe27\xa3\xaf\xde \xa2Z\x18/\xf6\xfez\x91C \x18t$\x9e;)l@Ed\x9b\x85\xae|\x8b\xce\xd8&|5Vt\x85\xda\x99#i$25\xf5~)$\xc7\x81\t\xc0\xafy\x94\x91\x9c\x15\x12\x99E\xb3V\x8c\xa5\\l\\\x1a;}\x9eO\xfe\xd6\x9eZ|\xff/\x9cs\x93s\xe6\x11\xea\x13\x13\x96\xd7\x96\x13\xe6\x80\xf0\x88\r\xe9A\x8b\xbe\x9b\x9a\x808\xac\xe5\xef0\x1c\xa4\xfdl\x0b\xea\x12\x0b\x12pW#\xfa\x17\\\xa3\x8c\xf1W\xb5\x0f\xc5\xfa\xbd\xdfkr\x98vY\xb8\x87\x98\xa2\x0cCc\xb3|H*\x83\\\x88\x8a\xe4\t`\xd7\x07\x1c\x7f\x89@\x17x\x07\xe6\xfd\xf6\xb6\xddN\xd3\xe3\xf3\xd8l\xa1\xb7Vn\xa1\x8c\xf20\'\xac\x88[Z,L\xd1W\xdc\x97\xc2\xd3\x98\xa0y\xa5\xd1a)\x05K\xb3p\x87Nv\xaa\xde\xa0\xe7\xc8\x0e\xbe\xe3\xb9"\xb2\xbf\x15\xd2D\xd4\xc7\x94\xe4\xc7\xcdA\xa8\x07\xa7)\xfe\xaa\xff\xba\x83\xc5\xeb\x85:\x17\x19\x9e6\xa4?\x08\xa9;\xc26H\xb5\x02Nxs(\xe3\xbc]\x0f\t\x99\'\x8b\x19>G\xe6\x90O\xe1\x9e\xdcy\xfeG\x11c\xa5&}v\xcc\xe5\xe9\xee^4\xc2\x15\x87\xc9\x06w\x19\xd6?\x16;S[n\xdf\xb7\x8a\xa5,\xb4\x07\xf0\x97\xa1\xd5m\x07\x16\x99\x055q@\xfav\xb3\xc5\xad\xf4j\xc6\xd0\xac\x95\xe3/5\x98Q]L^_\xa2\xf6v]\r\xd4\xf8  o\xdc\xec\xc9\xad\xb9\xa9&q\xdf\xff\x14\xad1\xa5\xe4\x975\xee\xed\x97\x05\xbc^\x9dLF\xf7\xfe\x1c\xe9)[\x8e\xcc\x10\x0e%0\xe45\xee|\xf8\x8b\x89i\x8b\x8b2J\xb2\xf7hJ`jL\x88\xd0 \x95p\xe4ZA!9\xc8\t\xed-\x0e\xa9y\xaaV\x16\xbd\x02\xb4\xd7\xfeA\xe2o\x10\x99\xdb\x98\x04\x90L\xe9\xcfAg\x08\xfa\x1fn\x8f\x15\xf5\xb7\xa6\x01\xa4\x0c\xe4&\nn\xa4O^a\xe5I\x18\xc8\xad7 \xf5u\xa5*q\xd7\xcca\x94\xba\\\x89o\x1f\xc5\xaas\x06u\xafH\xa2\xc4\x0e\xe1\xaa\xbe\xd3\xfbT\xa5a\x9e\x8b~\xbd\xea\x8a\x10\xea\xee7\xfdo{\xec\xf5\x95\xdaW\x13\xd9\'=0\xd8\xa3\xcb\r\xc5\x84Mi\xd4\xbf\xa3X\x1ca\x95I\xa0\xce*\xb5\xa0\x8dl/\xed\x8d\xdc\xdb\xf6\xedu\x93\xf7@\t\xc22s\xf0"R\xf92\x83\xf8\xa2\xbc\x8f\xbd\x98\xa0\xaf\r\xe8L\xbda\xc5_\x12\xfc\x07%0\n2\x1f\xdf\xb5^\xd5e\xff\x12\xd3\xd6j\x84\x9eZ\xd2\x06\xaf\xda\xe8\xd0\xdb\xdf.\xf5d\x97\xb9\x98Q\x87\xba\x97\x1ad \xa5\xff 8\x88e\r&\xe7.9\xb2\xcaN$3\xb3E\xc480\x9b\x15\x08\xd17#\xb4\x14 \x10$E\xb2W\x1f\x17\xe8\x92A\xffz\xecc2nUR\x14\x10Kx8\x01\x8f\xcf\xae\xb6\x9d\xe7\x9b\xbft\x8f8\xf8\x8e-F\xce\x1c\x04\xa9\xf9Yv\xe5\xae\xed1?\x9b\xaa\x18\x12\xcb\xde\xb0|\xb3/[n\xc9\xde\xf7@n\xb8alI\x87\x91$\xb1$\xff\xf2\x8e\xa4\rK>\xb3e04@\xe3s\xff\x97\xc2\xcf\xde\x00\x8e1\x06f\x8fP\xc2\xf4"/\xcbB1"9\xacc\x07t\x1a\xb3\xe0u\x91\xe6Li~\xddr\xc5y\x0e;++\xc3\xcfJ\xe4\x7f\xb7\xedz\x06\xe4\xc1\xdf\xb0\xdd\x1e-\xfca\xd7\xfe\x02b\x92\x84M\xfc\xd2\x16-\xaf\x86\x8c\x01\xfb\xeb\x03aC\xda\xfd\xba\xc5F\xe6\xa1A){*\xd1o\xd1W\x145]q\x88\xa9\xe1c\xd7c\xacH\xf1\xc5Z\x8c\xb6\xd3U\x9bx/\xd2\x82%1\x02$\x15_/\x0c\'\x04\xf2\xd2w\xff\xa1\x0eBz\xd2\xfa=\xe7\x9f\x93\x07\xc8*\x96\x006\xed7\x94\xf5+\xbc\x03Pz\xa9,\x81\xb3\xe0g\xd1\x19\xce\xd8KF\xae\t\x90s\x9b\xf41\xc0k\xe1\xd7in<\xa6\xaf^\xb4xLI\x9e\x8a\xc2?U\x01\x17imk1\x82+!\xea$\xdd\x04\x94x4\x99\xb5\xe8\xeah\x9d\x06O\xeb\x9d`\x8fI\xfd\xe5\xfa\xdf\xd3y\xfe\xcc`~\x15n\x99\xc0\x849\xf7\x85\x99P\xff\x16a\xc3Knv\xf5o@2K\xd2\x1c\xdaG8\xf2\x96\xe4A\xf6\x93_:\xf7$\x08\xc6Z\xfb\xde\xad\x13\x16\x14\x1e\x8e\xf5\xb8\x1c\xb2}\xf3\x1e\xb8\xdd\xfa\xbc\x8e\x8c\xb9\x1f\x94\xaf\xdcm\xc9x\x8fD(\xdc\x98\xe4\x1f\xefX\x0b.f\xe2I\xb5\xfd/\x93\xe9\x1e\xfb\x81\xfeA=\xfeV\xe4\xd3\xd0\xe5\xdbN\xb3\xc9\xb1L\x98\xf1\xd3\xac\xbe\xb2\xb4!\xf3\xd9\xc4\x8dX`P|\xda\xd6g\x93\xf0\x95\xa1\x96h\xcesl\x92\x84y\x9e\xe1\\\xc6\xee\xd5\x12U6\x89M\xa1\x1b\xc1\x11\x07\xf1\x99\xbb\xe8\xcb\xd4\x85\x16\xcf>R\xd3\xfa\xc2\t?\xb4\xf97\xf1\x95\xca1\xa9Nc\xaeh\xcf@O\xe8\xcd\x96\x01=\xa3\xdd\xa4\x80E\x89V\xd0\xa6\xc08\x08\x90\x80"\xf4R\xdd\xe9\x98i\x8e\xe1\n\x80\xacL\xa9\xef\xc9h\xcb\x04\xed\'N\xe9\x96=\xc2r\xf0\x1eR3M\xfb/\xaa\x19\xcb\xc362\xc9\xd0\xd2\xe8\xeb\x7f;\x08\xf5O\xc8v\x15\xd9\x9a9\xa3\x19\xf8$\xafS\x02\xee\xa5p\x15w\x05\xbd`6)\xe2\xed\x13\xdc\x85\xacR\xe9?\xc6NB\x8d\x92M\x8dk\xcc\xe8\xff\x93\xd6&H\xfc\xcaKn\xa4\x1e;$\x19\x8eQ\x98O\x91y\xad\xf0\xe6\xf6\xb9(\x163\x9b\x8a\x15g\x92\xa8\x97\x06\n\xc0&EpG,8\xfb\xc2\xa7\xb8sJ\xf9\'\x10\xa7\xe0z\xe2\xa1\xe9\xd7!\x90\xf9\xff\xd7(~\xba\xc8\x16\x89fK\xed\xcbiZ\x84\xa1\xd4$\x9f\x9c\xf5\x1074\xb6\xa04\xe9\x1e\xc3O\xb1\xff`\x0e]\x12CC\xd5B\x1b\xe8\xb7\xac*\x9d\x9c\xd4y\xd7}\xdd\xa4\xf3\xafw\xe7\xecOj\xdbD\x100\xb5\x04n\xb6\xf5\xc96\xdc\xc1B\xfe\x9c\xab\xfb\xa1\xf9\xa1\x03\x1c\x98\x9c\xcfo\xe2"\xc6<t\x08\x11\xd5\xbb\x90\xb8\xa7q\xfd\x96\xdd?\x1a\x93x>\x1f\x9e\x1d\xdf\x1e\xda\x8e\xfb\xd7,\xb6\xb1\xafm\xf5\xf1\xce\x92U$\xe7\n@\xc0"\xcf\xb8U\x1c\xdf$\x0b\xad4~;W\xbc\x19\x18\xcf\x02\t,\xbe\x02\x92.\x07#I\x15\xf0h\x81\xa3XI\xd7>g\x90\xc4\x83\xd3\xdd\x97\xb2\x15\x1c\x8b5\xb1f\x13\xd7k\x90\x83N\xed\xab\x17y\x05\x1a)"J\x06z\xc2\x87Q\xb9\x16\xfc\xee\x9aO\xf2\x8e\x19\xf4\xb0s\xed\x02\x1c\xdb~\x92\x179\x05\xea\xa7\xf8T\x15\x9a^t!QK\x01\x12\x87\xf9\x87E\xd0\xa2\xa8k<\xa7\x871\x14\xd5\xfe\xc8\xed~?\xffD\xc3\x88\x8aFT\x95\xa2%It.\xf2\x97\xa6\xb0\xe2\x9e\x009\x95\x9dK"\x84\xecC\xb2\x02\xa0>\x19\xd1\x0flvD\xa6\x81\x97\xe9\xe0\xf9\x16\x9e\x1f\x06\x8a\xc1$]f\x839\xf4~\x1f\xde\xf2R\xad\r\xfcjC\xfb\x1c\xc4\xd1\xf68sz\xdc\x9f\xd9\xf7\x8am\xd0\xdf\xb4\xb6\x90\x8b\xbf\xf89C\xfd\x9dz\x15)C\xfe\x99\x83d\xd5\x88\x8fs63\x9c\x12c\x1df\x89 T\xc5M\xd4\xfc\xc9#\xc4*^\xe2\x88\x99ab\x857E;\xda~\x186\x19yW\x8e(:"\xb2A\x18\xf4V\x88\x8f8\xa2\xa3m\xd04\xcb6 ~\xf2\x7f\x8d\xdc\xf1gR\xcfjt\x03\xfe\x98S\xd4a1Ht\xb7\xf3\x8af\x8aF\xb2\x9c\xfb\x029\x92\xf6\x9d\xa2\x83\xa1\x08\x90\xd7:\xd1\x89\xeb\x8f\x82\xd8\xb4A\x83\x98\xdd\x19@o\xfe\xef\xfb\xd9\\\xf9\x1cH+\xcdQ\x0e\x13$\xbd\xaa+\xfavF\xbc<"\xfa\x14`S\xff\xcap\xc3\x06\xf4\xb7*\x96\xb6dj\xb4P\xd72E\xd0\x1a}\xb5\x83;\\\xd9\xfc\xcd\xd0\xe5!f\x02\xe4\xdc\x18\x15K*\\z\x14\xfd\xcd.\xc2\xdd^\x063B\n\t\x15\xed\x90\xa2\xe4q=6f\xf9p\xb8Zg\xb3Q\xac\x81\xc1\x99\xad\xfa\xa1G\xee\xd3\x1b\xb1\xd9\x82\x8eBr\xb6I\x1c&\xc7zq$\rED\x82\x85\x91MkZfq\x17\xd4w\x10\xb1\xc95\xe4[\xaf_\xa9p\xc5.q%"\xab\x84\xf5"\xf9\xe5\xcb5\x9cfL\x05&D\xf1\x9c\x04|\xd6t\xceJ\x1f\x02\xaa\x04\xcb\xd2\xa1W\xf2\x8ef\x0c\xbd<:\xff,\x07\xa4\xebij\xae\xdd\x0f\x9aLy\x94\xd9\x02d$\x91\xd8\xb5V\xba>\xc2\xaa\x0f\r\xe2h\xbcI\xe9\xcbz\xda\xb0\x85C\x85 \x82\x0e\x9a\xb3\xd9\x12\xe1C\x9d\xd5\xb7\xd2=+\xd74\xb0]\xdcc\x85@-m\x18\xab\xcc\xffB\xde\xdfo\x8e\n\xc7\xf3*\x98s\x8f\xbddN\xd4\xbdjI\xd1m:|\x11\x90\xe0\xc5\x1c\xdf\xb9\x05V\x9dZ|y$\x82\x96k\x86\xa8\xd7\xcc\x06\xae\xf9\x0c\x16\x9e\xab\x98\x84\x99\x86\xe4\xda\x1a<"Z\xeck\xda\x1ar\xd0\x86\x0fl\x1b\xf1>P\xee'
p14
tp15
bI510
I0
F0.0
tp16
.