2020-04-11 11:55:17,074 INFO:Using CosmoHammer 0.6.1
2020-04-11 11:55:17,075 INFO:Using emcee 2.2.1
2020-04-11 11:55:17,076 INFO:Sampler: <class 'cosmoHammer.MpiCosmoHammerSampler.MpiCosmoHammerSampler'>
configuration: 
  Params: [250.  65. 750.]
  Burnin iterations: 250
  Samples iterations: 700
  Walkers ratio: 10
  Reusing burn in: False
  init pos generator: SampleBallPositionGenerator
  stop criteria: IterationStopCriteriaStrategy
  storage util: SampleFileUtil
likelihoodComputationChain: 
Core Modules: 
  Bkcore
Likelihood Modules: 
  BklikeModule

2020-04-11 11:55:17,076 INFO:start burn in
2020-04-11 11:55:17,078 INFO:MPI Process rank 0 starts sampling
2020-04-11 11:55:20,984 INFO:Iteration finished:10
2020-04-11 11:55:24,375 INFO:Iteration finished:20
2020-04-11 11:55:26,643 INFO:Iteration finished:30
2020-04-11 11:55:29,232 INFO:Iteration finished:40
2020-04-11 11:55:31,442 INFO:Iteration finished:50
2020-04-11 11:55:33,512 INFO:Iteration finished:60
2020-04-11 11:55:35,731 INFO:Iteration finished:70
2020-04-11 11:55:37,918 INFO:Iteration finished:80
2020-04-11 11:55:40,237 INFO:Iteration finished:90
2020-04-11 11:55:42,573 INFO:Iteration finished:100
2020-04-11 11:55:44,917 INFO:Iteration finished:110
2020-04-11 11:55:47,215 INFO:Iteration finished:120
2020-04-11 11:55:49,436 INFO:Iteration finished:130
2020-04-11 11:55:51,895 INFO:Iteration finished:140
2020-04-11 11:55:54,336 INFO:Iteration finished:150
2020-04-11 11:55:56,803 INFO:Iteration finished:160
2020-04-11 11:55:59,235 INFO:Iteration finished:170
2020-04-11 11:56:01,630 INFO:Iteration finished:180
2020-04-11 11:56:04,014 INFO:Iteration finished:190
2020-04-11 11:56:06,396 INFO:Iteration finished:200
2020-04-11 11:56:08,814 INFO:Iteration finished:210
2020-04-11 11:56:11,163 INFO:Iteration finished:220
2020-04-11 11:56:13,528 INFO:Iteration finished:230
2020-04-11 11:56:16,042 INFO:Iteration finished:240
2020-04-11 11:56:18,496 INFO:Iteration finished:250
2020-04-11 11:56:18,496 INFO:storing random state
2020-04-11 11:56:18,498 INFO:burn in sampling done! Took: 61.4215s
2020-04-11 11:56:18,498 INFO:Mean acceptance fraction for burn in:0.2683
2020-04-11 11:56:18,498 INFO:Reseting emcee sampler
2020-04-11 11:56:18,500 INFO:start sampling after burn in
2020-04-11 11:56:18,501 INFO:MPI Process rank 0 starts sampling
2020-04-11 11:56:21,002 INFO:Iteration finished:10
2020-04-11 11:56:23,455 INFO:Iteration finished:20
2020-04-11 11:56:25,970 INFO:Iteration finished:30
2020-04-11 11:56:28,327 INFO:Iteration finished:40
2020-04-11 11:56:30,763 INFO:Iteration finished:50
2020-04-11 11:56:33,179 INFO:Iteration finished:60
2020-04-11 11:56:35,563 INFO:Iteration finished:70
2020-04-11 11:56:37,981 INFO:Iteration finished:80
2020-04-11 11:56:40,622 INFO:Iteration finished:90
2020-04-11 11:56:43,177 INFO:Iteration finished:100
2020-04-11 11:56:45,632 INFO:Iteration finished:110
2020-04-11 11:56:48,056 INFO:Iteration finished:120
2020-04-11 11:56:50,520 INFO:Iteration finished:130
2020-04-11 11:56:52,960 INFO:Iteration finished:140
2020-04-11 11:56:55,381 INFO:Iteration finished:150
2020-04-11 11:56:57,826 INFO:Iteration finished:160
2020-04-11 11:57:00,332 INFO:Iteration finished:170
2020-04-11 11:57:02,788 INFO:Iteration finished:180
2020-04-11 11:57:05,215 INFO:Iteration finished:190
2020-04-11 11:57:07,595 INFO:Iteration finished:200
2020-04-11 11:57:09,981 INFO:Iteration finished:210
2020-04-11 11:57:12,375 INFO:Iteration finished:220
2020-04-11 11:57:14,774 INFO:Iteration finished:230
2020-04-11 11:57:17,207 INFO:Iteration finished:240
2020-04-11 11:57:19,755 INFO:Iteration finished:250
2020-04-11 11:57:22,145 INFO:Iteration finished:260
2020-04-11 11:57:24,578 INFO:Iteration finished:270
2020-04-11 11:57:27,030 INFO:Iteration finished:280
2020-04-11 11:57:29,475 INFO:Iteration finished:290
2020-04-11 11:57:31,918 INFO:Iteration finished:300
2020-04-11 11:57:34,350 INFO:Iteration finished:310
2020-04-11 11:57:36,824 INFO:Iteration finished:320
2020-04-11 11:57:39,231 INFO:Iteration finished:330
2020-04-11 11:57:41,660 INFO:Iteration finished:340
2020-04-11 11:57:44,133 INFO:Iteration finished:350
2020-04-11 11:57:46,594 INFO:Iteration finished:360
2020-04-11 11:57:48,989 INFO:Iteration finished:370
2020-04-11 11:57:51,443 INFO:Iteration finished:380
2020-04-11 11:57:53,882 INFO:Iteration finished:390
2020-04-11 11:57:56,310 INFO:Iteration finished:400
2020-04-11 11:57:58,711 INFO:Iteration finished:410
2020-04-11 11:58:01,130 INFO:Iteration finished:420
2020-04-11 11:58:03,447 INFO:Iteration finished:430
2020-04-11 11:58:05,841 INFO:Iteration finished:440
2020-04-11 11:58:08,235 INFO:Iteration finished:450
2020-04-11 11:58:10,677 INFO:Iteration finished:460
2020-04-11 11:58:13,052 INFO:Iteration finished:470
2020-04-11 11:58:15,504 INFO:Iteration finished:480
2020-04-11 11:58:17,890 INFO:Iteration finished:490
2020-04-11 11:58:20,300 INFO:Iteration finished:500
2020-04-11 11:58:24,988 INFO:Iteration finished:510
2020-04-11 11:58:27,425 INFO:Iteration finished:520
2020-04-11 11:58:29,839 INFO:Iteration finished:530
2020-04-11 11:58:32,225 INFO:Iteration finished:540
2020-04-11 11:58:34,729 INFO:Iteration finished:550
2020-04-11 11:58:37,202 INFO:Iteration finished:560
2020-04-11 11:58:39,628 INFO:Iteration finished:570
2020-04-11 11:58:42,036 INFO:Iteration finished:580
2020-04-11 11:58:44,493 INFO:Iteration finished:590
2020-04-11 11:58:46,994 INFO:Iteration finished:600
2020-04-11 11:58:49,501 INFO:Iteration finished:610
2020-04-11 11:58:51,921 INFO:Iteration finished:620
2020-04-11 11:58:54,332 INFO:Iteration finished:630
2020-04-11 11:58:56,773 INFO:Iteration finished:640
2020-04-11 11:58:59,265 INFO:Iteration finished:650
2020-04-11 11:59:01,675 INFO:Iteration finished:660
2020-04-11 11:59:04,045 INFO:Iteration finished:670
2020-04-11 11:59:06,420 INFO:Iteration finished:680
2020-04-11 11:59:08,842 INFO:Iteration finished:690
2020-04-11 11:59:11,267 INFO:Iteration finished:700
2020-04-11 11:59:11,267 INFO:sampling done! Took: 172.7665s
2020-04-11 11:59:11,268 INFO:Mean acceptance fraction:0.0335
