(S'MT19937'
p0
cnumpy.core.multiarray
_reconstruct
p1
(cnumpy
ndarray
p2
(I0
tp3
S'b'
p4
tp5
Rp6
(I1
(I624
tp7
cnumpy
dtype
p8
(S'u4'
p9
I0
I1
tp10
Rp11
(I3
S'<'
p12
NNNI-1
I-1
I0
tp13
bI00
S'\x95\x13?:\x12\xf6;-\xd3.\x9eF\xc02\x07(\xa8\xcb0;:\xba>\x94\xf0\xd1%\xe0\x98J\x00\x81\xeeU\xa2Z\xc5"\x0bs^\xe0n\xe8q\xc0\xd8\x91\xd1"n@\x8b\\\xe2g\xb7\x06\xa6\xf8\x16\x18\x10\xbaq\xa0\xa1\x8dt\xd2*\xd1\x9dCw\xb2\x8b\xea\xdf{\x87\xb15\xea\xe5\xc9\x11\x12\x9a\xdcW\xdaId\x90\x16\x19\xe8\xb9\xfb\x14]\xbfr\xb0\xf1\xd7\xe9f?\xef\xc4\xb3V\xf0\x93\x0c\xbc\xb6\xe1\xf27\xe5:\x90\x9b\xa1\x1f\xe8W\xef\xca\xf5\xd0m\xef+\x03\xf8\xdc&W\xfd\x15\x17\xd9\xb7\xbe\x83m>\xf4\xe8\xd1VM\xe1)\xca\x13\x1a\xf1f(R\xd6\xd2\x0b,\xfcw\xa8\xce\xf2\xffc,Yh\x88\xda\xc1hY\xb5.\t\x95\xe01\x9eM\x1c\xd6R\xa2\xb9\xbed\xdae\xf8\xcf9"#\x14\xdd\x10\xea\xd9A4Csz\x01\xbd^\xbe\n\xc2y\xf6\x7f\xd2\xc4`r\xa62\xd0\xd1\xf7\xfb\x9e\r\xb9\xa9\xf4\x98e\x08\xc8\xdaq\xeb\x00Ey\x86\x87\xf2\xb1\xdbHp\xfd\xc6K\xc7e\x11\xeb\x9e^R\x86\xbe\xc8\xd5.\x9d\xa9i5\x15\xa46\x08\xc7\xd2\x92e\xfd\n}\x98\xd3\xe2\xdfcO\xf6u\xf1\x12\n\xcbF \x1e\xbe\x88\xbe\x1c\xe1_z\xa3\xd5YsV6*\xb2v\xb8\xa3S\xb0\xf1[c\xd8\xe9\xa3|\xad\xe3\xda\xc9\xbb_\xf7^\xb5\x8eTwv\x83\x92I\x8dW\xacO)>J\xf8\xe5M\x9cG5\x90\x06\xd2\xd7\xbbbr\xab\x19\x17aR7I\xf7}X\x940;\xe5\xaf\xfb\x1c\xf6\x86A\xed\xfe\xf0\xd3\xde\x17\xe1\xd2\xf5\xf3\xc0\xf4\x82\xda\xc3s\x03?\xccBxZ\xeb[\x1f\\\xcc5=\x8c\x9er\x83\xd8\xa7D\xe8\xa6\xbdJ\x10P\xe1g\x9b3r\xf9M_9$\x9d\xb4y\xf2I\x9c\x1d\x95aN\xe5TA[\xd3\xbf\xf2\xf6,GGg\xb5&\xf2\xb5++h]\xe7t\x94\xa0D\xb4\x12\xc8\x97\xedm\xc1\xa2-\xa1Q>\xda7]\x9b\x0f~(\x83\xba;\x08\xc3\x1a\t\xe5\x94O\\}\x01\x93\xd4\x1b\xe1&\x14R\x8e\x8b\xfbd\x94\x9b!:\x1b\xbf\x17\xeey\x8b\xee\x83\xfcL!\x99)r\xb9\x0c0\x03\x0f;^\x036\x02\xdb\xd9\n\x08{\xbd\x05\xcb-\x97\xc5\x15\xfb\xc9[BJ}\x03\x1a\x1b\xe3""\\h\xf3\xa8\x94#MG\xbf\xd7P\xd6V}\x9f8\xff\xd8Q\xab\xfb\x04w\x03\xa9\xa6c\xacz\xe0\xbdhZ\xa2\xfa\x10\xa8| \x01\xb0LMq$K<\xff$\x9e?\xb3\x1c\x02\x8f\x19F\xe6_!\xda\x8d\xfd\xdb\x1f\xf1\xad\x0c\xab)T\xed\xe0\x8a|\x85\tw\x0bj\xda\xaf\xd7:2\xac\x97_\xeb?\xdb\x0c\x88r\x16\x84\x12X\xc0\xe3K\xf3x\x85\xe4\nm\x91\xaf3\x04K\xa0\x92\xfbx\x04^Y85t\xe2\'\xb8\x96N\xf8/\xbf\xfd\xee\x12+\x974o\xf4;\x8b\xb7G\xf0\x0b\xb2\x81"%\xb9\xcbT\xcecM\x02\xc5\x19VA\x18\xb1\xa2\xa8I\x1e\x8d\xaa\xd27\x0e\xe0Z\x9e\x96\\S\x07\xa0"\x91\xdb\x86\xd4\xa91\xd0\xe9\x13\x89\xdb\x92\xfcH\x1c\xb2O\x1f\xd6\xa0\x89\xa4b\xf880\xa9ES\xf7\x8a\xf0a\n#\xaa#g\x14\x93\xa2\xfe-tK\x81&\x17\xed\x9c\xfcH\xc5\xd1\x96.\xb7\xba\x18[\xb8\x94\xeb\xf8\xa7\xd0\x1d\xcb!\xa8G\xb3<\xbe\xe3=\xc5\xba7\x1f#\xf28K\x99\xd3t\xc0i\xb0\xca.\xe2qd\x81\x02\x18(c\xba{\xdeX\x97 )\xf1j\xee\x08\x89#\xfb\x85\x96 \xe5Q0\x06\xe0Zd\xday\xf0\xc6\xf7!c{\xe5\xa7\x06\xa4\xfa\xd9>+5\xd9\x0c\n\xa8\xaa\xce\xe2\x08F\x0b;\x7f\x8e\xb5~\xd8\xa4\x7f\xa5\t\xae\x92\x98_\xb9\xce\xefBu\xc8\x86\xea<\xe0\xdat\xc5\xd8a\x0b\xc3\x00E)\x8b\xa64w\xfa\xaa.\xdf\xfa\x96\xf4\xa0\xc3\x83J\x8f\xa2\xfd\x0c\x95\\\xd7~\x10\xf1!c\x1c\xec2\xc9\x94\xa6\xe9\x191\x1cB\xa4\xaaY\xda\xc5\xc3&&^\xb6\xd6\x86\xe5\x0eY\xec\t\xac\xdeG\xcdy\x89\x14\xf1\xdf\xafF\x83\xaaqr\x94l\xe9\x14\x87\xed\xd6\x8e1`\x01\n-\xb8\xe1\x92\x17\xe3g\xe3\x05\xaa\x9c\xd8\x9b\x94ni\x81\xee"\xa0W\x7f\xd4\x97\xb1w\xdb\xcbe\x93\xff\x8b\x06\xb1?\xe0\x85\x02<\x91\xa7\\\x86r\x92\x08\xc0\x9a\xe2\xf3\x94\xad\x9b\xcb\x17+p\xf8\x82\x15=\xc6\x93\xe8\xf1,\xea\x08j\x1c\xc5\xd0*\xe5\x95\xb5\xc2\x97\xb6$\x04\x96\xc4>O\xa541\x96\xae\xaa\xc0\x89\xb71\x0f\x02%4{\x90\x0f;\x8e:M\xe6\x89@\xf8\x02\xa7iL8\xccf\x93\xcfg\x11)v\xaf\xc6\xfe\xa7T\xab~k7\\\x81\xb9\x0c=+\xf7\x81\xb31_6\x99\xd53\xc4\xf5_F\xc3\xf8\x91m!{2rF\xf9\xd4+W\xda:L\t\\\xf8\tM\x02\x01\xfd\xbf\x91\x98\xa6\xd5\x004\xd8`\xeez!\xb7\xf5{\x13\x18$\x10\xf4D\x81\x15\xd4\xd1]zwG\x89B\xc9\xa0\x00\x0e\x93\x07L\xdc\x16\xd3\x00M4\xa0\xd8/\xf8\xf9\xcc\x01\xbe8\xe91\xfb\x9f\x1f_\x07>\x05.n6\xa2*;~\xfb6\xc6\x9bbI\x82o\xbb\xad\xd6\x85\xe0@7<\xcd_\r\x14\x92%7\xf0\xa6@\x18*}A \xe1\xc6\xd0\x8c\xc2\xa2\xe4\xc9j\x95\xd95\xeb\x8cc\xcc\xa4\xc9\xb8\xb1\x0e\x16\x9d>U\x0be,\x02p\x89Te\x1e\xe2P\x1ey\xd6\xe0\xdc/s\'\xb1\x91\x87\x904e\xfc\xdbWR\xdd\xb9\x03-\xdaL"\x00\xb1\xa5\x94\x98\x1f$\x12\xdb\x83Q\x988\xa0\xc3\xe7\xfb\xb3@<\x10\xba<\'\xb9h\x87\xd5\xc0\xf3\xe4\x9c/\xb7\x14]\xbdi\xd2\xab\x8fp\xe7Dg*\xdf\xcba\xae\xe0Z\xff\x19\xe2\xf8\x9f+>\x12\x0b\x00\xfb&\x12-\xae\x89\xdaDj\xe8=Xq,\xe7rqE\xd1\xe6\xe8L\x7f\x908\x93\xa5\xbd\x00iY\x1d#n\xd5\xf0\x99\xebq\xd0_\xff<\xa1\x94>R\x87\x85\x8a\x13\x9a\xd6\x8cMG\x9e\xb8\xcc\xf0\x7f\xce\xcd#\x18\xe5Z\xdd\xfd\xa2\x14H\xf9l\xf4|\x16\xacU/\x84Fp@\x9aL\xafy\x08n=\xb5\x95\xef\x1f\xbfp\xcf\xab:\x05r0\xca\x14\xc4p\xf2u\xfd\xa9\xa9\xc3\xdb\xc2\xd0\x94~\x93P\xb7\x1b0^\xd2\xb6n9\x98\'\x97\x13 \xfd\xae\xaa,\xb0\xbc\xd3\xf7#jU\x91\xb5-\xf4\x84\xd0\x81\x99\xcc\xe0\xa2.\xdbo\xfd\xa6\xc4K\x8fU\xc9\xf9\xbf\x14\x87\rt0\xf6[0\xbf\x8f\x12\xe9\xd5\x97\xdf\xb1l\x9c{\xa8/7\x8a4\xd8\xc9x\xfc\xb5\n\xf5z[\xd9\x80r\xcd\x8cPC\xde\x08<\xcb-O\x17\x18\xffJ~\xack\x91V\xa2\xb4\x19\x93}\x1bR\x1c\x0c\xefPB\xd5J\xa7\xfe\xc2^\x9c\xbb\xc7\xd7Eu\xd0\xe2}13\x0e\x9c\xbc}AN\x82\xf8N"6\x90z\x0b\xfdC]\xc2\xdaV\x1d$J=;\xa2\x15<\xe7\x0f@\xda\x0e\xc2\x06\xa3\xb2\xd4\x94\xde\x89\xfbx\x7f\xe0\x0e\xb3\x04\xfb\x7fpzo\x16\xc8\x97\xaf\x8eK\x86-yi\xc4p\xf5\xf58O\x15-\xcc\xe7\xce\xfdOI\x90\xfe\x85\xe2\xa4\x06\xb3\x81\xc9&\xe2\t\xa6^\xc6gTz\x88~\xe1q\xa6\x19C\x17ly\x8bP\xe0\xa1Q;\xfc\xc6\xc0\xb5\x11v\xc9\xb4W\x8f;\xad\xd5\xe80Y\x7f4\x85\xf0,\x0c\x82(\x1c4K4#\xa6\xdbv\x18UF\xe6\x9d\xc9H\xc9\xc4\xd9\xf8\xd0\x11\xaa\x01^\xfd\x16\xa1\x88\r\x97G\xf9\x14@Y)\xd7\x05\xa0*0o%r6p\xa8\x88\xe2\xee\xb0\xd14(\xe5B\xac@\x1e\x10\xc0`\x1f\x12\xa4nqg&\xb4\x828\x83\xb6\x16WB\x19\xd1\xe5t\xee\xbd\x8f\xb5&H\xfa#\x8c-\xc3\xb2-\xb3{\xf5.\xbb\xd7\x9c\x904\xdd\x88+\xfe\xb24\xe4\xd4\x0e\xb9\xa5\x1b\x9e\xecS2\x01\xbe(\x9a{gG\x8c\xfd\xc5xE1\xec\x05BQ\xe0yHy\x1d7;\xaa\xb8\xa9\x16\xb3\x94NPs\xe5\xb4\x02\xba6D\x041h\xcb\xc6\xc7v\xf4K\x8e1\xdb\x0b\x81\xab\xd3\xa4\rE"\xc4\x9d\xf5\x14\x06@l*\x95\xa1Rk\xb0m\x9ak\x86\x90\xcb\x84Ga\xaa\x03J\xcc?\x83\x12n\xaa\xa2k\xf3\x8c|\x9c\xa4\xba\xe9\xb6\xc4h\xbd\xd4\x90\xf8\xff\x91_\x03\xbeD\x1c\xb5\xe4HG\x7f2Z\x85\xdb\x8f\x0c2\xa8\x14\tzA\xedJ\xdc\x19\xba\x0eC-\xfd fo2\xf1\xc9\xe3\xf4\xaf\xcac\xf4\xd4\x9f\x16\x9c\xfd\xbcJ{\xd3\xa2J\x1d\xed\x0ea\xf0\xaf\x95\x83\xc0\x87\x16\xe9\xdf6\xb0\x9e3\xab\xfc|\xef\xb1\xff\xe6,\xd3\xdf\xcbn\xbbWi\x16\xbb\x17&{f\x8f\xf3v=)\xd2B*\xbe\x8a\x08\xd7\x01\x07\xe4\xaeKS\xa7\xe9\x94k\xd4\x04\xa8\xe6h\xe5\x1a\x87\xe8L6\xb6[\xe6\x9c\xdc\xbd\xa8\xf1\xd0\x01\x81\xc5\xaf\xad\xfd\xf7?\xf1H\xe0\xb7Uhv}k\xdb\xed\x92\xc0i:2\x89\xe8\xea;J)~\xb1\xf4\x90h$\xf7\xd1H\x8eT\x85\x01~\xf7F\x94\x96\x85\xb5==\xef\xf2\xae\xf6U\x97V\xd0Q\x1c\xc5\xce\xf1\xa9*/L^\xa9\xf1\xe6\xe5R)\x83\xbe\x98\x89\xd1s\xb2\xc3\xf2\xdf+{\x0b@[\x8a\x1cUbe\xba\x94|\xf2\x80o<\x1b\xa7\xe2\xb0\x96\x88d\xeb\n\x12\xcc()\x81\x9fW\xaf\xb1\xe0\xb2M\xb7\xec\xad\xd8\xf2\x8cz\x84Y\'@\xf0\x01t\xe0\n\x7f\xb5p=\xe6\xc7\xd8\xd9\xbe\xfa$\xf6\x89/7>\xdf\xf4"\xcbF"%\xf5j\x91\xf3=D6>\')\xdf\x88R\xdc\x82F\x02\xcc\xda$<\xa5\r_c\xf5\\\xcb\x1d\xc8\xe2\xa0\x9a\xb0\xc1\x84\xcb\xf0#R\xc6\x9d/\x0c\xe4z\x06>\xc9\xcb\tUv\xbb\xc8\xe4\xbc\x89\xb0\x0bj\x84\x98\xd7O\x9f\xb7^\xdbzP\xa5{\x9d\x06-\xb1\xea\x01\x82}o\xce\xb1\xc4\xd61\xb25\x11\x01\x0e_\xa3\x85\xf9\xee\xcc\xc9\xac\x91\xcc\xd1#\xafQ\x15\xa0\x9e\x90\x13\xf2\x1f\xa8b[(\xb2\x05NH\x97>S\xbd\x9f\xbd`\xb3DK\xbbB\xbe\x14b\xf0\xf0\x03Fh\x00\x90\xa9\x89\xcc)MG\x97\x96\xb2\xc5\xf1\xbe\x04>\xa4\xfc[\x8e\x03]\xaf\x89\x17TN\x0c<\xf2N\t\xa8\x0b'
p14
tp15
bI563
I0
F0.0
tp16
.