2020-04-12 18:41:39,887 INFO:Using CosmoHammer 0.6.1
2020-04-12 18:41:39,887 INFO:Using emcee 2.2.1
2020-04-12 18:41:39,888 INFO:Sampler: <class 'cosmoHammer.MpiCosmoHammerSampler.MpiCosmoHammerSampler'>
configuration: 
  Params: [  10    5 1509]
  Burnin iterations: 250
  Samples iterations: 500
  Walkers ratio: 20
  Reusing burn in: False
  init pos generator: SampleBallPositionGenerator
  stop criteria: IterationStopCriteriaStrategy
  storage util: SampleFileUtil
likelihoodComputationChain: 
Core Modules: 
  Bkcore
Likelihood Modules: 
  BklikeModule

2020-04-12 18:41:39,888 INFO:start burn in
2020-04-12 18:41:39,890 INFO:MPI Process rank 0 starts sampling
2020-04-12 18:41:40,442 INFO:Iteration finished:10
2020-04-12 18:41:41,003 INFO:Iteration finished:20
2020-04-12 18:41:41,887 INFO:Iteration finished:30
2020-04-12 18:41:43,228 INFO:Iteration finished:40
2020-04-12 18:41:44,369 INFO:Iteration finished:50
2020-04-12 18:41:45,053 INFO:Iteration finished:60
2020-04-12 18:41:45,626 INFO:Iteration finished:70
2020-04-12 18:41:46,150 INFO:Iteration finished:80
2020-04-12 18:41:46,757 INFO:Iteration finished:90
2020-04-12 18:41:47,995 INFO:Iteration finished:100
2020-04-12 18:41:49,375 INFO:Iteration finished:110
2020-04-12 18:41:50,457 INFO:Iteration finished:120
2020-04-12 18:41:50,979 INFO:Iteration finished:130
2020-04-12 18:41:51,546 INFO:Iteration finished:140
2020-04-12 18:41:52,096 INFO:Iteration finished:150
2020-04-12 18:41:52,726 INFO:Iteration finished:160
2020-04-12 18:41:53,892 INFO:Iteration finished:170
2020-04-12 18:41:54,963 INFO:Iteration finished:180
2020-04-12 18:41:56,002 INFO:Iteration finished:190
2020-04-12 18:41:56,592 INFO:Iteration finished:200
2020-04-12 18:41:57,111 INFO:Iteration finished:210
2020-04-12 18:41:57,689 INFO:Iteration finished:220
2020-04-12 18:41:58,316 INFO:Iteration finished:230
2020-04-12 18:41:59,450 INFO:Iteration finished:240
2020-04-12 18:42:00,590 INFO:Iteration finished:250
2020-04-12 18:42:00,590 INFO:storing random state
2020-04-12 18:42:00,592 INFO:burn in sampling done! Took: 20.7033s
2020-04-12 18:42:00,592 INFO:Mean acceptance fraction for burn in:0.0387
2020-04-12 18:42:00,592 INFO:Reseting emcee sampler
2020-04-12 18:42:00,593 INFO:start sampling after burn in
2020-04-12 18:42:00,594 INFO:MPI Process rank 0 starts sampling
2020-04-12 18:42:01,693 INFO:Iteration finished:10
2020-04-12 18:42:02,209 INFO:Iteration finished:20
2020-04-12 18:42:02,722 INFO:Iteration finished:30
2020-04-12 18:42:03,301 INFO:Iteration finished:40
2020-04-12 18:42:03,769 INFO:Iteration finished:50
2020-04-12 18:42:04,712 INFO:Iteration finished:60
2020-04-12 18:42:05,705 INFO:Iteration finished:70
2020-04-12 18:42:06,844 INFO:Iteration finished:80
2020-04-12 18:42:07,571 INFO:Iteration finished:90
2020-04-12 18:42:08,066 INFO:Iteration finished:100
2020-04-12 18:42:08,589 INFO:Iteration finished:110
2020-04-12 18:42:09,150 INFO:Iteration finished:120
2020-04-12 18:42:09,816 INFO:Iteration finished:130
2020-04-12 18:42:10,892 INFO:Iteration finished:140
2020-04-12 18:42:12,005 INFO:Iteration finished:150
2020-04-12 18:42:13,018 INFO:Iteration finished:160
2020-04-12 18:42:13,598 INFO:Iteration finished:170
2020-04-12 18:42:14,149 INFO:Iteration finished:180
2020-04-12 18:42:15,205 INFO:Iteration finished:190
2020-04-12 18:42:16,218 INFO:Iteration finished:200
2020-04-12 18:42:17,420 INFO:Iteration finished:210
2020-04-12 18:42:17,948 INFO:Iteration finished:220
2020-04-12 18:42:18,462 INFO:Iteration finished:230
2020-04-12 18:42:18,972 INFO:Iteration finished:240
2020-04-12 18:42:19,451 INFO:Iteration finished:250
2020-04-12 18:42:20,031 INFO:Iteration finished:260
2020-04-12 18:42:21,099 INFO:Iteration finished:270
2020-04-12 18:42:22,120 INFO:Iteration finished:280
2020-04-12 18:42:23,144 INFO:Iteration finished:290
2020-04-12 18:42:23,713 INFO:Iteration finished:300
2020-04-12 18:42:24,170 INFO:Iteration finished:310
2020-04-12 18:42:24,973 INFO:Iteration finished:320
2020-04-12 18:42:26,003 INFO:Iteration finished:330
2020-04-12 18:42:27,053 INFO:Iteration finished:340
2020-04-12 18:42:27,934 INFO:Iteration finished:350
2020-04-12 18:42:28,435 INFO:Iteration finished:360
2020-04-12 18:42:28,962 INFO:Iteration finished:370
2020-04-12 18:42:30,032 INFO:Iteration finished:380
2020-04-12 18:42:31,035 INFO:Iteration finished:390
2020-04-12 18:42:32,053 INFO:Iteration finished:400
2020-04-12 18:42:32,678 INFO:Iteration finished:410
2020-04-12 18:42:33,181 INFO:Iteration finished:420
2020-04-12 18:42:33,863 INFO:Iteration finished:430
2020-04-12 18:42:34,994 INFO:Iteration finished:440
2020-04-12 18:42:36,063 INFO:Iteration finished:450
2020-04-12 18:42:36,983 INFO:Iteration finished:460
2020-04-12 18:42:37,503 INFO:Iteration finished:470
2020-04-12 18:42:37,990 INFO:Iteration finished:480
2020-04-12 18:42:39,001 INFO:Iteration finished:490
2020-04-12 18:42:40,058 INFO:Iteration finished:500
2020-04-12 18:42:40,059 INFO:sampling done! Took: 39.4651s
2020-04-12 18:42:40,059 INFO:Mean acceptance fraction:0.0262
