(S'MT19937'
p0
cnumpy.core.multiarray
_reconstruct
p1
(cnumpy
ndarray
p2
(I0
tp3
S'b'
p4
tp5
Rp6
(I1
(I624
tp7
cnumpy
dtype
p8
(S'u4'
p9
I0
I1
tp10
Rp11
(I3
S'<'
p12
NNNI-1
I-1
I0
tp13
bI00
S'\x0e\xba\x8b\x80Y\xd6\xe5^\xd8\xef\x9f\t-\x035{3\xbe\x89\xacm\xe2`lp\xd6\xf8fpGiL\xac~\xd6"\x81A\xf4B\xe0\xbd\x86\xb3\x01\x0ey\x066\x93\xccu\xe1m\x8a\xe4N\x8f_\xd76\x98\x1b\xb3\x01\x0bk\xb5\xbbv\xeaD\xb3\xbc\x89x!\x0cD\xcft8T\x13\xcaE\x97\x8e\xd0\xb7\x97a\xfa`x\xdc\x97\x7f]\xcb\xc04\xda\xc1\xd4\xc9f\x0bS\x11\xa0B\xff\x05$\x9e\x97\xba\xf5\xf7\xc4UP\x8b\xbc\xe7\xe2\xc5\xcaZL\xf0l\xea\xa6\x08\xfb\xafe\x1f\x0c\x1c\xce\x96\xa8\xe6\xd4\xf5.%\x84\x07\xf5O\xc5aE\xc7=&J\x81K\xa2LY\x91\xd5\x88!R\xc0J\xa0@d6\xc2i\xa7\x1cP\xb4\xbf\xb7S\xb83(\x8c M9\xe0\xf3\x0b[\x07\x04BwF!\x03\xa0B\xd4E\xe7\x1a\xea\xa6\xca~\x84\xd5\xe7<\x03\x8dj`\xad\xf1\x02\x80\xe2\x94\x83O\xba\xe2\xe6\xb1\x01\x12HCx\x08Z\xb09\xfc\xf7\xbf\xa9\xc8\xd1/T@\xd7\xf0\x14\xb4\x93\xe3\xb2,my\xcc\xc5P;1\xd3\x9c\x07\xad\xb81\x8d*4\x02\xd2\x00\xbd\x88\xb3\xbb\x16j\x1e\x88\xd7\x9cp\x1c\x84\xe9\xe7\xbc\x08\x87x_\xe4Oy\x91P`\xbf\xdb\x92\xeb\x8ar\x04\x95)?\x8a\xa8el\x8db\n\xb6\xa5\x17\x1c\x8d$\xfd\x85LVp6\x90\xe3\x00\xe7\xbc\x16/\xa8\x1f\x92b\x9eh\x1a\xf2|F\x9f\xd9\xe7h\xb7\x0e\xe8\x14nd\xa9+\xa5,\xa4y\xfaB;\xefK\xdd(s\x8b&\xdc\xbd\x7f\xe9%\xbe\x97r\xc1G\x01\xe4\x983I[1\xea)Vt\xbc&\xc2\xe2k!\x91;|\x93\xc8+B\xc5v\xf7t\x06nq\xcf\x0b\xca\xdet>(B\x9e\xe1*\xed\n\x8e\x01\xdc!\x9d\x12D\x83o\xa0u\xa2\x83{\xc1\xce\xc2\x17]\x8d\xdf<\x07\xeb-\xb1\xc9\x1b\xd2B:%\xef\x9f\xaeR\xbbX\x99\xa6/\xc6\xcb\x89\x02\xc1p\x0f\xc5\xa5a\xbe\xfdY\xd0\xe8\xb7{\xf3\x13Il\xd8\xad\xc9-\xf08\x03H\xe3\x94\xf9`\xdf\xb4\xeco\xa0\x0c\x11\xc1\xa3B\x83\xa2J\xcc_0\xeb\x9f\xefN\x13\xd7\xeef\x04l?H=;(\xd2\xdc\x8f\x11\xaf\xaf\x1e\xd3\xaa3\xd2iK\xb2\xba\x0c\xa1\x8b\xb3\xe4\xb0\x1c\x89\x02ZN\x96\x82\xb3\'\xe6W\x98\xe6t\xd9 \x07o@\xda\x90\x03v\xe1\x9bw\x0fKEV\xaf\xc0L\xb8\xd1\x86\xdb#\xd2\x9d\xb7\x19\xe6\xb6\xee\xd1u\x1a\x97$^\xc4\x8bw\xbd\x1e\xbb\xf1\x9b6\x1e\x9b\xc9\x9f\x01\x14C,\x00\xa2\xa9r1/d\x9a\x1b\x03_<\xdduk\xc0XT\x94\x95OI\x97\x9a)\xbc/\x17\xe7\x84\xaa)k\xe1\x87 g\xc1\x17\x1bgQ\xb2\x1d\xf9\x14\xf7\xe3a\xb3T&\xe8\x01\x80QFY4j\xf1N\xedR\xdeg\x84\x81\x02[(\x8b\xa0\xf3W\xcb\x0c\xc0\xd5\xc3)Nv\xc35\x7fM\xac\x95\xb9$n\x99\x90\x9d-\xd9\x92\xc7DX\xe4\xa3\x15\xf8.L\xa9\xc3\x8d\x10\xc8\x1a\x1f\xecu\x97\x0c\x04/\x99Z_)ed-8x\xbc\xe5\x92\xcf(\xbf\x80\xb8[\x96\x9c\xa7\xa9#\xea\x8d%\x9d\x9bJ\x92!\x82\xd2a\xd8\xc0\xac\x99:vo\x11\xbe\xc3\xe9`V>\xba_\x00\x87\xfa\xefW\xd6C\x83\x9c\x9d\x8aj\x07\xc4^\x15g\x15\x1c\xa2\x9e\x9b\x0c1V\x04\x96\xd2c\x9bqd`\xae\x10\xd2\xb5\xc27T\xa4\xea\x7f\xa6\x83\xfa=\xd7g\x9c_\xddw\x01z}!\xfa\x87F\xc4{\x0e\x1a\x02\x9ce#\xb5\x11j\xc0\x0fq\x18-\xab\x02\xe2\x9d\xc5\xf1mO\x90\xe7\x99\xa4\xd8\xf4\xff\xa3L\xe5(\xfeXW\x00+\x8c8\xba\x13\xec\x0f\xa6G\x96 \x93\xdby\xb7@+\x8b\xeef\xea2}\xad\xc1\xa1\xd0\x1a\x81\xd3\x87\xdb\xea\x06\xca\xadP\xd6r\xf0{\xba\x85z\x14R\xb8\xb0N\xbf\x08\x97\x90\x8a\x1c\xb0\x95\x99\x8f\x8b\xde\x1d\x97\xc8\xe2ao\x8c\xd0\t\x85u\xcfx\xe250SA\xed\xd6\xc2\xd5\xe6\x18\xce\x06S:,\xdcpJH\x9a\x0c\xb0\x87\x1dQ\xac\x07H\x13\xbb\xb1\x8c=5\xce\x0bT\x8d\nB\xe4\x99\xe1\xf3=H\x15\xba\xf7\x11"\xa5\x7f\x8e:\xa5H\xb7&\x11\xd7\xc7\xca\xc1\xd4v\xb6b\x84:\xd5\r\x98+\x00\xd9\xdac\xf8\x87\xad\x86\xa6\x8809\xd2pR,\x103\xab$\xfd\x89\x9c?\xde\x123\xeaD\xea\x99w\xd7\xae\x10ze\xab\x05\x02\x9d4!\x8b\x9b \xa5\x997\xc6i\xad\x89Ku\xa8d\xa0\x15\xb6.\x91\xeby\x1f\x019\xcb\xe6\xa6\x02\xc2\xd9x8\x86\x89\x9f\xa9\'\x17\x1a\x06f\x80\xe8\xeaF@\x01\xfd\xfb\xa1\x97\xca\x85\xdbWr\x98\x9bk_A\xc2Gc\xee`?\x8f\xb2x\xb9M<&\x9a\x17\x8f%\xcaL\xbf\x08\xa9\x80Z/u\x15q\x88\xbd\x17q\xcb\xc4\xeb\x92\xb6w\xd2\xb3\xa4\xf8o\x1c\x15+\x193\x01\x86U@Y\'R7sH{\x1f\xc1;\x8d\x15\xd5\xb4\x95x\x81\xb1\x82\xac\x88\xd0\xbc5\x14\x8d9WfElUnCl\x1e\xc4\xff$\x01\xc4\xf5\x9e\xff\xa1\xa1\x00{\xfb\x1d\x12\x0eL\xb4L\x1d\x15\x82I?\xb6gF[\x86oY\xd5!\xc5\x97e\xa1\x03\xb0\xef<\x85\xcc\x89\xfd\xb4\xee\xe4u\xcab1\xf6\x90\xfb\x15\xa8\x04\xde\x83!\xb2U\x1bI\xdf\x9a\xd7\x8f\xd4uU`\xfeT\xacNQ\x9e6N\xdf\x16\xeb\x929\xcbP\x8b\xb1&\xff\x8fM\x7f\xdb\xc9k#s\x0e\xb5N\xad?\x8d\xaf\x1d\xa3L\n\x8a\xd5\xbc\x81\xc9\x02\x83<&G\x87c\x97\xc5W\x82^\x1f\x88\xe9\x12\xb86\x0c\xdf\x80\xaf\xf2`\x13\xb6T\xd2\xbd\xed\x0f\x99\xfa\xa6\x98\xcc\xbe\x08\xdfw|r\x82]"\x86\x12\xcb\x90\x12q`V\x10o\x03<\xc5\x0f\x0c:\xba\xa7\xa2\x19\x89U\x8d\xf00A\x04\x7f\xcb]\nB!V3Jp\xd1\x91$Z\xc6\xc3\xa2\xd1\xeeOT"{\x1e\xc1:\xfae\xf0\xea\xcb>\xbf\xa1\x1c\xb7\x07g\xa1,\xa7E\xe3\xc5e\xdf;\xe0\xcf\xe2\x93\xaa\xd6O\xfa\xfdH\xd9\x89*\xda\xfb\xfd-6\x1dWK\xf1\xead\xdf\xfd\xea2Cv\x1b\xdd\x8cj\xb4\xbc\x99\xe9%\xdcC\x86\xbb>yc\xdc5M\x14\xf0\xc3\xa0|\x9d_\x982Df\xe0\x03\xebO\xc4\n"}\xf3\xf6(\xdbR\'%\xf2\xdd+\xaf\x85\xe3x !\x92\x96\xdb\xb4.\xc22o\x8bE3\nno\xa3\xc0\x18q2\x11\xa5&?\xc8h\xe4\xec\x81\xbe\xb9\xe7*;.+ "\x0e\x00\xe5vJ\x83\x8d1>\xb1\xf32\xe4\x0f\xc3\xe5W\x98\x16\xcd\x95\xf6\xdf\x03\x0304\\\xc8\xa6\x9c\x87\xe3\xbe\xf8\xca\x80\x06\x84\x1c\xed\x90\x92\x0c\x8c<\xade\xa2Lm\xee\x142k\x9f\xb8*\x05c&\x16\xd9\xa9\n\xedQ\x00a\x00\xf0\xe2Ym-i\x93:$\x9at\xc0\xe0\xf5\xdd=\xdfCzL\xa1\x9eI\xd5\xde\xe6\x90\xca\xdbLUN:\x9c\xb9UGd\xbe\xbb{\xdc\xa2\r\x88\xa6\x16Rk\x07oU\x99\x00{\x0e\x827cNK\xdc\x06DQ>\x8c\xfbTd\xec\xd6\xf2\xe8_\xca\xc2\xe5\x8c>\x033\xfe\x01\xfd\x1a\x8ef\'\x8f\x88f\x07\x1fu\x83Cys\x81\x84\xfc\xe5\xb8\x17\xf9B\x92W\xf7\xcf\xd6\x89\xfbT\xd1\x08\xdd4o\xf2\xcd\xa8\x0e\x9e\x97\xdb\xfa\xe6\r$\xc4x\x1b\xbc\x1e\x03\xcba@ \xb7\xbf?\x8c\x02\xa29\x08\xd2\xc4VX+d\x8f\xd3Dz\x9d\x1c\x13\x84+\xba\xefI\x8a\x80\x03x\x16R\xcb\xb2\xd6\xd9\x15\xf0:\xbaE*\x901\\\x9d\xe3!kx)#\xb7\xc4\x1c\xe5\xcc\xe8$\xe6\x1e\xd2q\xf9  <q\xd2\xa2 iD\xb3\x1b\x16u9\x88\xca\x1bL\x84O9\n|\x89\xf2\xe0\x89\xcd\xfc\xc0,\xe6\xe7\xec\x9b\xe4\xfa\xa4\x9e\xc9\xf0\x1d\x94-?\x8er\xbf\xef\x01\xe4_\xc1h}Ys]\x86\x1e\xa0\x9a|\x1d$\x8c8~l\x87\xe0\xbfEF\xa1\xc8Hf\xc0\xc0\xaf\x18\xa4z\xe2\x91\x9dz\x1fO]|f\x85v|\xee\xab\x9ca;\xa6\x88\xf7\xe2\xf7\x06\xdb\x7f\xd9\xd7j\xe3\xb3k\xb6\xa6{\xc2\xe3\x97\xa9\xac\xa3\x9a8^\xe4\xf8\x8a\xa6\xc8K=6\xdd\t\xe3\x13\x02Y\xec\xabf\xd7(\xd3`\x17\xc5Q\x03\xde\x88\x0fr&c\x1c\xcd\x903\xbc1\xe3EVEr,\xdcD\xe2]a\x03\xc3\x9dQ\xd3\xb01O\xdd\x1c\\pd\xb1\xedV\xc1\xd8a\xef\x8e\xe7\xd2\xa8\x8d\xeeY\xc63\xb2\x93\x14\xee\xaa.\xd6\xa0\xbdL\x0e\xf5\x15]\x8d9\xfa\x80\x82T\xeb\x08\xe0\xc2B:\x8c\x8f\x8al\xbe\xfa\n\xb2\x02\xccz\xc7h\xe9j\xb7\x9b-T:\xea\xa1\xf4}n9v\x7f\t\xe6\x16\xb6\x94.Q\x10\xc2\xfdlcd\xb1\xb1/Sw\t\x15t\x19\xd5\xc1\xa0\x8f\'\xe07\xa7\xc2G\x98\xff\x19\x82G]E\xf7LA\x00{\xbd\xb4\xa2/\xb3\xf6\xe7\xfc\r\x052\xb76\xf9aPk<\xe5\xc0\x05\xa51\x03\x9bx\xda\xba\xba\xc7x+c\x06\xe6\xec!\xd2\x04I\xd2\xd8q@\xc2e\x93gZ\xe9\xd4\xf2\xdbK\xf8\xe8\x93\xe8\xbe\xf8qqu{\x82w\nY\xde\xa8\xec>^\x06\xbc\xc9\xc0\xe49!\xd1\xb4\xacf\xcd\xd5{\x0b\x9e\x1d\xa9\xe4&\xc4\xd0\x0cTJ\xde\xa2A\xbf8"n\xe6\xa6\x16\xd3*\xfe\x90orR\xb7\xa81s\x02\xda\x14\xb8\xe0{\x94\xc1\xd0\xffa\x1b\xd6>\x94\x08x2\xb6O\x19\xc1\xf7\xf1A\xa5\x1b\x8a\xdd\\\xad\xebN\xdc2\xd9Lr&\xd3I\xb2\\\x19\xf6\x8e\x025\xc5o}\xad\xe9\xacJ\xf0:J\xb1rK9\xc9\xc9\x0c\xa7W\x98\xe0\xd1\xd3D#\x08\xf6\xaf\xe3%\xbfb\x7f.\x00\x9dP\x80\xdc\xfc\xe2\xac1\xdeYl%\x1c\xdb\xdb\x8e\xd5\xee\x9b@\xa4\xb6\xb7Gz\xbb\xea=n\xd6$\x88~\xb1\xfe\xd0\xfeh\x84\xaf!r+\x91A\xe8j\xe52|\xd6\xb1\xc6l\xbc\xf7\x06\xdc \xa1I\xd5\xd1\xfd\xfd\xe90\xd5\x03\x08\x98<\xcf\x84\xa7B\x17vZu\xa8\x80\xf9\xbd\xabY[\xfb\xa7\xd1\x05\xe0\xd2\xca\x04\x8a\x1e\x12\x05O\rY\x8bp\xb5\xaa\x03Q-u-\xdb\xf5|\x88\xf68\xf7\xdb\xfcG\xc5\xe0\xf7~n'
p14
tp15
bI439
I0
F0.0
tp16
.