2020-04-12 21:23:09,534 INFO:Using CosmoHammer 0.6.1
2020-04-12 21:23:09,534 INFO:Using emcee 2.2.1
2020-04-12 21:23:09,537 INFO:Sampler: <class 'cosmoHammer.MpiCosmoHammerSampler.MpiCosmoHammerSampler'>
configuration: 
  Params: [166  65 808]
  Burnin iterations: 250
  Samples iterations: 500
  Walkers ratio: 20
  Reusing burn in: False
  init pos generator: SampleBallPositionGenerator
  stop criteria: IterationStopCriteriaStrategy
  storage util: SampleFileUtil
likelihoodComputationChain: 
Core Modules: 
  Bkcore
Likelihood Modules: 
  BklikeModule

2020-04-12 21:23:09,538 INFO:start burn in
2020-04-12 21:23:09,542 INFO:MPI Process rank 0 starts sampling
2020-04-12 21:23:15,440 INFO:Iteration finished:10
2020-04-12 21:23:20,363 INFO:Iteration finished:20
2020-04-12 21:23:25,177 INFO:Iteration finished:30
2020-04-12 21:23:30,042 INFO:Iteration finished:40
2020-04-12 21:23:34,463 INFO:Iteration finished:50
2020-04-12 21:23:39,228 INFO:Iteration finished:60
2020-04-12 21:23:44,070 INFO:Iteration finished:70
2020-04-12 21:23:48,741 INFO:Iteration finished:80
2020-04-12 21:23:53,214 INFO:Iteration finished:90
2020-04-12 21:23:58,509 INFO:Iteration finished:100
2020-04-12 21:24:03,332 INFO:Iteration finished:110
2020-04-12 21:24:08,804 INFO:Iteration finished:120
2020-04-12 21:24:13,609 INFO:Iteration finished:130
2020-04-12 21:24:19,114 INFO:Iteration finished:140
2020-04-12 21:24:23,641 INFO:Iteration finished:150
2020-04-12 21:24:28,114 INFO:Iteration finished:160
2020-04-12 21:24:33,089 INFO:Iteration finished:170
2020-04-12 21:24:38,546 INFO:Iteration finished:180
2020-04-12 21:24:43,622 INFO:Iteration finished:190
2020-04-12 21:24:49,465 INFO:Iteration finished:200
2020-04-12 21:24:54,352 INFO:Iteration finished:210
2020-04-12 21:24:59,456 INFO:Iteration finished:220
2020-04-12 21:25:04,401 INFO:Iteration finished:230
2020-04-12 21:25:09,633 INFO:Iteration finished:240
2020-04-12 21:25:15,176 INFO:Iteration finished:250
2020-04-12 21:25:15,176 INFO:storing random state
2020-04-12 21:25:15,178 INFO:burn in sampling done! Took: 125.6404s
2020-04-12 21:25:15,179 INFO:Mean acceptance fraction for burn in:0.6161
2020-04-12 21:25:15,179 INFO:Reseting emcee sampler
2020-04-12 21:25:15,186 INFO:start sampling after burn in
2020-04-12 21:25:15,187 INFO:MPI Process rank 0 starts sampling
2020-04-12 21:25:20,356 INFO:Iteration finished:10
2020-04-12 21:25:25,280 INFO:Iteration finished:20
2020-04-12 21:25:31,023 INFO:Iteration finished:30
2020-04-12 21:25:36,744 INFO:Iteration finished:40
2020-04-12 21:25:41,998 INFO:Iteration finished:50
2020-04-12 21:25:47,305 INFO:Iteration finished:60
2020-04-12 21:25:52,337 INFO:Iteration finished:70
2020-04-12 21:25:57,252 INFO:Iteration finished:80
2020-04-12 21:26:02,040 INFO:Iteration finished:90
2020-04-12 21:26:07,020 INFO:Iteration finished:100
2020-04-12 21:26:12,573 INFO:Iteration finished:110
2020-04-12 21:26:18,565 INFO:Iteration finished:120
2020-04-12 21:26:24,513 INFO:Iteration finished:130
2020-04-12 21:26:30,633 INFO:Iteration finished:140
2020-04-12 21:26:36,205 INFO:Iteration finished:150
2020-04-12 21:26:41,200 INFO:Iteration finished:160
2020-04-12 21:26:46,352 INFO:Iteration finished:170
2020-04-12 21:26:50,999 INFO:Iteration finished:180
2020-04-12 21:26:56,187 INFO:Iteration finished:190
2020-04-12 21:27:01,166 INFO:Iteration finished:200
2020-04-12 21:27:05,452 INFO:Iteration finished:210
2020-04-12 21:27:09,767 INFO:Iteration finished:220
2020-04-12 21:27:14,151 INFO:Iteration finished:230
2020-04-12 21:27:18,468 INFO:Iteration finished:240
2020-04-12 21:27:22,640 INFO:Iteration finished:250
2020-04-12 21:27:26,937 INFO:Iteration finished:260
2020-04-12 21:27:31,109 INFO:Iteration finished:270
2020-04-12 21:27:35,301 INFO:Iteration finished:280
2020-04-12 21:27:39,538 INFO:Iteration finished:290
2020-04-12 21:27:43,810 INFO:Iteration finished:300
2020-04-12 21:27:48,187 INFO:Iteration finished:310
2020-04-12 21:27:52,444 INFO:Iteration finished:320
2020-04-12 21:27:56,774 INFO:Iteration finished:330
2020-04-12 21:28:00,991 INFO:Iteration finished:340
2020-04-12 21:28:05,128 INFO:Iteration finished:350
2020-04-12 21:28:09,489 INFO:Iteration finished:360
2020-04-12 21:28:14,935 INFO:Iteration finished:370
2020-04-12 21:28:20,486 INFO:Iteration finished:380
2020-04-12 21:28:26,282 INFO:Iteration finished:390
2020-04-12 21:28:30,756 INFO:Iteration finished:400
2020-04-12 21:28:35,719 INFO:Iteration finished:410
2020-04-12 21:28:40,159 INFO:Iteration finished:420
2020-04-12 21:28:45,424 INFO:Iteration finished:430
2020-04-12 21:28:50,628 INFO:Iteration finished:440
2020-04-12 21:28:55,329 INFO:Iteration finished:450
2020-04-12 21:29:00,123 INFO:Iteration finished:460
2020-04-12 21:29:04,616 INFO:Iteration finished:470
2020-04-12 21:29:08,900 INFO:Iteration finished:480
2020-04-12 21:29:12,968 INFO:Iteration finished:490
2020-04-12 21:29:17,111 INFO:Iteration finished:500
2020-04-12 21:29:17,111 INFO:sampling done! Took: 241.9244s
2020-04-12 21:29:17,112 INFO:Mean acceptance fraction:0.5967
