(S'MT19937'
p0
cnumpy.core.multiarray
_reconstruct
p1
(cnumpy
ndarray
p2
(I0
tp3
S'b'
p4
tp5
Rp6
(I1
(I624
tp7
cnumpy
dtype
p8
(S'u4'
p9
I0
I1
tp10
Rp11
(I3
S'<'
p12
NNNI-1
I-1
I0
tp13
bI00
S'\xa7H\xd3\xe6*}v\xfe\x8d \xf4\x03\x1c\xc0=,\xe1b\xb5\xbc\xca\x16?\xe9\x84\xc2\x9a\x886\'\x9dy\xec\xaa\x84\\BM\x916i\xb1\xc4FVka\xa1\xfc\xb6[\xc8H\xa7\x18g\xd3d\xca\xf7\x9eC4,\x8a,m\xafr>k3\x89\xdb\xba\x8ax\x11\xd2\x06Eo}\x8cKF\xf4\xc8\xab\x83\t\x94\x19S2"%\x95y\xf8tH.\xc9\xb3\xb4o%x\x9e\x85\xa1\xbc\x9b\x9ekF\'\xeezN.RP\x10\x7f\tL#}\x7fr\x8cI\x00\xc1\x0ep1\xd2&j\x86+U#l\xd1"\x9cr\x0b\xadEy0\xcfqfQ\xd5\x1a\xa5\x15\xf0\x16\x91\x94\x9cX\xe4\x0e$N\xed\xf8\x82\xbd\x08\x92\x80f\xd90\x90\x05\xb6\x8e@A\xc5`\te\x93\xac\xafr\xa1\xe7\x80\xc3\x99\xcd$\xfe\xf45\x8b\xe6\x8d\x06c\xd7\xffB\xbb;\x11\xa5\xfe\x1d\x0c|IC\x1c\x81\xd3\xc1Ky\xdb\xd1\x1b\xe2"\xe2\xe6Q\x9b\xce8:\x96\xac\xd5\xe4\xa8\xcd\x91\xb9I\x02\xae\x16\xb8\xd5\xab\xc4\xc3\xd9\'\x16\xaa\xf9\x19\x98\x8d\xdf\xabf\xf7"\xaeez\xb4\xeb\xa0n\xfbO\x04\x11\x95\x8d\xb0\x88\xdd%|v\x01FT\xc6\x00\x0e\xce\xf4^?\xb9\x07<pef\x9c\xeb\x07I\x96\xd4\x8b\xe1\xd1mo\x19\xfdj\x86\xc1\xf5\x8f\x8c\xa8\xe0Pw\xbcU\x18\xd5\xeeK\x9b\xe9\x01{|\xde\xbb\x19\xb6\xcd\xe2gp\x8dj7\xa8\xf0b?<\x84\xeb5\x16\x86V\xa5\x9b\x0c\xf8\t\xc7\x93`P\x98\xd7\x9cl)\xe8L\x1e\x1bO{f\x032~\xa1\xda\xf0\xb4\xd4G\xfc\xada\x87\x0e,\xa3\x1a\xc0\x9b8}(\xbd\xfa&\xc9n&C\t\x8d\xd5H\xd9+v\xf0\xbfjJ\x11\rb@pj\xe3\x02\x82\x9c\x10\x1c\x167\xf48\x89pm\x957~u\x1a\x94;\xfe\xe5\x191\xa0\x05d\xcc6\xd9i$v\xd0}\xf9\xbc\xb4\xc9\xf1\x03I\xc6\x1c\xde\xd5\xff\x90\x93\xd5\x81\xb7p\x8eRKY\x84\x99a\xfe\x08\xf0\x91\xdb\x8c\x15\xc9\xcd1\xeb\xbd\xcc\xc2\xb1\xb0\xe6\xa9M\x19N\x19\x9d\xe8Rq\xf6EM\x96,d\xbf\x84(\x86\xc4\xaf?<\x82\xa1\x9f\nA\xc1im\xe6\xea\x8a\xfa\xa6\xbb\xa3\x1c\xa4\x0evJ>\xe1\xb4\\6D\xfa5\xee@\xe6\x82S\x03\xc7\x1f,M\x1e[\xef\x8a2\x14 \x99t&\x85\xed\xcd\xfa\xc3q2\x92\xa2\x8b\xcd\xb6\xd44\x17\x02\x86\x9a\x98Xbr\xc0\x801\xf1\xfa\x04\x9ed\xfc\x00\xf4\x07\x81\xb8W\x05\xd63\xdcm\x0fB\xa6N\xb9M\xb8*#\xe3\x05\xbe\xcd!\xad&H?B\xff\xfc\xa1\x1a\xdbO\x1c\x08y\xc5\xfe\xf8\xa09\xc3\xf59"e\xbd\x84L\x81\xc3\\\xb2\x83\xaa\x9e\x8c\xc7M\xb6o\xddH\x1d\xe1\x84Z\xa3\xf6\xbb\x9f\x89\x8f_\x86\x06\xf3#\xf5\xd3V!\xe0\x1f\xd0\x07\xbf8\xb5\xe7\x1e\xa2\x04p\x0cQ\x08\xd3\xd5\xa7\\\xe9Q?\x1f1\xf5\x8a\xee\xa8\x86\xc7\x066\x86\x05\xb1\x88\xd1 t\xd8\xf9\xa0\x17\tk\xfa5\x85\xf7\x82]\xf1t0k\xa6\xd1\\\x15\x12P\xf5\xa4\x14O\x0c\x8c\x996\xe8=,\xb8K\xb8\x8eC\x0e\xd3\xa3\x96x#\x0f\x1f\xa7Q\xb4\t\xdf\xae\xdd\xcbv\xe40\xf8\x93*\x9eJ\xb4I\x17I\xdd|\xca\x93\rx\x15\t\xa2\xae)\x9aCu\x9c\x9fdQ\xd9A@\xce\xb1\xd2\xd5\xad{\xa9\xac.\xbeI3\xdc#[\x9e\x0c\x15\x93\xbf\xe5\xe6Y\xa2\x86\xe5*\xf5a\x91\x02\x8fB\x19\xa2?\x98\xaf\xe9L\xeb^\xce\x8dF\xd7\xad\xe1\xa0\xa3\xd7\xca\x1d\xe6l\xc2\xd2\xd4\x9b8\x81G\x84\xd7>\xef*\xb6E\x10{\x87\x10\xe5\xd6Op8*\xdf\x08e,\x8d\xe1\xc1\x85Q\x94\x8b\xfdqEJ\xd1\x97/\xfb\x14To;S\x1f\xf8\xa6\xa1\xd4Ah\xf0*}\xe8qHOC\xf5DfDL\xd5\x17<)\x12E\xdc\x9f\xff\x1d\xc0\x84\xdf\xc0\xc2N#x\xdc\xd0+\x18\x91\x86\x8f\xbb\x91L\xc0\xf3\xe1\xfe\xeb\x0e\xec]\x9f\xb3\xfc\xe5\xb94\xe5\xb2\x1cZ\xac\x00\xe9T\xfc\xf4@R\xba\x17\xd0d\x89c\xbd\x19\xde7\xe1\xcas\xc9\x9a\xf0\xff\xc0\xaff\x8a\xa6\x03\xef\xb2\n\x1bxY\xb8\xce\xbf\xaa\x82\xb6\x80\x80\x9cL\x8e\xbcGPW\xcfph\xd0\x16\xcb,fdvK\xd5\xa7\x9cl\x8f(\xcdX~\xc4\x0c\xc5\xfb(\x06\xc2\xaf\xb9\xfc\x17\xc5\xb3z\'cj\xe0Q\xf5@.\xe0 \x8d\xa4\xc5\x819b\xaf<\x03\x85\xdbO\xd0p\xddG\xfcL\xadT\x96\x19\r\x9fQ\x00e\x81\xef\x91;D\x176\xea)]\xf3\xf2\xad\rG\xea\xf9\xab\xf8\x02y\xa2\x10b\xb6l>\xf9}o\x0f\x82M\x98\xd7p0\xea\xbf\x8b\xd5pgP7\xfco\xe1\xbdk]\x86\x9c\x86+\x85\x91M\r]\xa4\xc0\xe68\t\x13\x16p\xba\xbe[\xb8\xa6\x91\x8cJ\x1b\x80\xb6\x8b\x13\xb7\xf7\x95\xe8#TA\xe6T\r|\xb5\x89\xd58\xe7}\xa1\xa5\xea\n\x89\x1awxm\x97\xc8\xb8\x89E6!\x99\x1c\x97\xb1R\xfdX\x9a\x13\xf5\xe9\x971\x18\x0c%\xcfO\xb6\xe0,\r\xd02\xdd+\x0f\x0e\xbcLu\x93P\x85;\xc2\x03\xe2@\xd3\n\xfd\xd7p\xd9\x86\x11J\xc0A\x81\xcf;\xd71\xea\xdf_\xe6;E\x80k\xa1w\xfc\xd5>0\x84\x08\xead\xfe\x14\x01\xa2\xdeO\xd1a\xabq\xdc[\xb7#&@A\xd3q\x99sw~\xb4\xcb\x94\xe7\xa1\xb1,\x8d\xa7%\xa4\x1esR\x9a\xb0pM]\xf0\xf2\xa7]\xe2\x95a\x9e\x01\x95P\xb8\x04\xda\x8eNgH\xe8*=\xc1\xde\xf8^\xff#w%\x90s\xf0\x0f\xc0w\xb5\xb4\x8f\xd2*\x8dq8&\x812\xf2\xea-\x19\x91{r\x9f\r*>\xd7~s\xb3Wl\x9b^"1\xb0mz\xd6\x9c\xbd\xeb\xcc\xb79\x90|-\xf4\x8b\x14\x8f\x7f\xfd\xf8;R\xb5\x01;\x8cjq]\x19N\xa5\x13\x1e\x97\xeb\xcc7\x96\xd6C\xa1h\xe9\x1e\xd6\xf9\xfa\x82\xab\xd2\xe6?\x99\x00\x10l5\xee\x19\x08\x86P\x987$\xcd\x08\xfcl?]\x1a\xf6\xb6\x83\x91cx\x1fhK\x0bNH\xf7\xe8\xb5/\x98+.\x1do\xfc\xa1W\x0b\xcd\xe3\xaf\\*\xda\xb8\xba\xf4bR\x04S#\x9b3\xf5\xb2\xbb\xab\x07\xa7\x11\x815Sl\xd8l\x92X[Q\x8b\xf1\xb4\xf6\x1c\x9a\xc2\x1b\xe5\xf2x\xd1\x8d\xead6\x98\x81o\x91E\xb9\x03\xadvZst\\\x0f\xe5\x02\x855\x91\xbc\x90B1\xeeU\xb5\x00\x87\x1d\x7f?$\xecl,\xe2I>l\xff`4\xe7$S\x18\xb0\x07\x94\x99f\xf1\xe8:\x089\x02;/\x0br\xc8p\x9b\x83 \x7fop1\xed\xd4\xe0R\xc4V\xaf6\x11\xfe\x01\xaep\xe3l\x9c\x9b\xd8a\xbd\xcf\xd1\x0e"q\xbaFp\xb7=\x97J\xe6N\xf1\x10F\xd2\xa0\x0b\x8fD\x89]\xfe\xc7i\xba\xb4\xbdI\xed_\xe1\x86\xa7J\xd5\xe03J\xcc\xb0\xbc\x97\xfe\xe1,O\x00\xc4JuY\xa6\xe5\xff\'\xa49w\xb5\xff|T\x91\xf0\xa3\xd6\xcb\xfe\xdc\xe6q\x8bdYV\x00\x14my\x82\x8bD\\\x1eP\xa0<,\x99^\xefD\xc0\x0c\xae\xa5Q\x8e\xa7\xaa-A\x1e{\xa0\xea{\xee2\x12\xb6\xbf\xf6\xcc\x97Q\x10y\x95\x9b*\xb3\x87}\xcc\xe3\xe8\xb2d\xa2\xe8\xa5\x00\x10y\xad\xa4\x8c\xbeq\x86\xc6jo\xfaQ_;\xf2\x16\'\xdc\xc8\xe5\xe5\x0eD\xd6Y\x91u\x8b\xed3\x89V\xda\xf3\xf4\xa7\xd7\xffi\xc1\xcd\xcc\x0f,?a\xe8\x9a\xc12R\xe3\x10\xb2P[rY1mr\xd3\xc6>\xb1DQz\xae\x05\xf8`M\xb9R\xaaw\x0c\xca\xef\xf6D\xc6,\x0c\xf2\x03\xb8*z\xd7\xd0\xe1\xe7\xf6\xf7\x9e\xf3\xd7\x92\xa0\xdf\x8fs\xb7\xd4\xbd\xc6.\x95\xa1D\x8bG\x15\x1f\xfft\xd0y-\xbd\xc5L\xacL\xdcg\x15G\xaf\xb9"\xebg\x04<$\x90\xa5\xac\xeaM\x1b\xc5\x8b\xcf\xa8\x8e \x1d\xa9eS4\x02s\xc1~V\xda\xaed\xe3\xef\x884\xa0H\x93\xf0\xf9\x9a\xcb\xfbT\x92\x80a\xf5\xaf\xefz\x9d.\x12\x12\xe8V0\xfcPK\x15<\xac\xa9A\xa1\xc1BkI<C\x06\x07\xc8z\xafh\xb2C\xee\x81\x0fN\xe0\x9bw\xd5\rku\xbe\x89l\x0c[\xa1\xcc\xbb\xbd\xc3\xf1\xb1Q\x9f\xa2\xab\x11a\xe4\x03<q\x9a\xf0\xf5\rf\xaa\x8eY7y\xb8c\xe8\xe3\x04\x07\x08\xc3W\xdd\x90PS\xc3\xec\x0c\xe2Fm\xcb\xdb\xea\xd8\x9ci\x0b\xda\xb4\xeb\x08\xb5\x8e\xa8V\xfd\xdd:\xa1.\x85\xeb1\x12M\x05o\xc1=6\xc0:\xaer\x19S\xc1\xdb3~\x13\xd3\x1a6y\x13\x98\x91@\x94\x06\xbb\x8fLv\x8c\xe7T\x1e\xf0\x8f`\xe7\x96R\x12\xc0\x89\xb1\xae\x07\xd1\xcd\x95\x80S\x9fI\xfe\x7f\x88gpu\x0cLawAP\xbf\x18\x1a\x89\x17\xacyh\xf7r\xb2\x94:\xe2\xd0\xb7\xaaQ\xf6\xfc{\xe6\n\xee\x98\xe9\x1c.\xf6\x14lK\xb9\x85}\x08\x00I\xee&^\xc0\x01\x91\x07\x99\x93nZ\xbd@\xc9j\x8c\xc4r<h\x01R\x81\x16f\xfa\x04\xff\xaf\xc5\xc1\xf8X_\xd2\xc5Q@\xff/\xbf^\xa7y\x90It\x1e\xd0=x\xa5\xb2F=7\xae\x0el\x82\xb6\x89\xaf\x7f\x1c}\xc2\xd8\x174J\xa0.h\xc7\x96(\x18;I;\x8b\xa2`\xdd\xbe\xc5T\x81\x9b\xa6>\xad\xd7vS\x93\xb9\x95\xd2\xc9\'0;\xdd\x80\xdb\x8e\x14\x8c\n\x16\xf5\t\x91\x1dz\x9f\x928\xbdE\xa8\xf3\xfc\x92\xe3\x1bl\xdej$\x8b\xba\x8f\xfe\xc4\xedg6\xcalx\xe6\x98\xa2]\x90\xf0J\xfbA\x7f\x965\xce\xeaE\x8d\n/\x9b\\\x0f\x8a/w\\rx)\x85\xb6\x1d\xf9\xfbK\xc0\xae\x8be\xff=(\xee\xe0\x1e\xb1\x08\xde\xf6_\xecD\xd3\xcc\x8a\xf7\x86x\x8be\x8eD\x91"T=\x01\x11\xf5\x19\x17\xe9\xa4\x01t\xae\x11\xf0\x01\xf2\xe5!\xa6Q\xb6\x08X\x9b\x08}\x02\x14&\x1f\x0c\x9d\xe4\xaf\xa2 e\xe3:\x7f\xd0\x80af[\xa1\xc4\r\xe2G\xd6t\x8c."+\xdc\xa9\x0e\x17}\x8bY\x9f\xb6\x88/N\x16\x1b\x82\xc9\xe8*\x0e\xda\xdd\xe9(\x1a\xf4\x94\x97W\t\xb4B\xa91]:\x00J{\xf0\xf5\xad\xbdx\x0b\t\x1e\xd5'
p14
tp15
bI486
I0
F0.0
tp16
.