(S'MT19937'
p0
cnumpy.core.multiarray
_reconstruct
p1
(cnumpy
ndarray
p2
(I0
tp3
S'b'
p4
tp5
Rp6
(I1
(I624
tp7
cnumpy
dtype
p8
(S'u4'
p9
I0
I1
tp10
Rp11
(I3
S'<'
p12
NNNI-1
I-1
I0
tp13
bI00
S'HX\x9d\xc4\xa3\x07\x1a\x8f7ts B\xe4\x99B\xf12o\xc4\xb8\xa9S\xd8P\xaa\xce\xb3\x0c\x03\x14\xba3\xca\xf0P\xc5\xafuN\xd1\x86\xbamt\x92\xe2\xf8\xcew\xeb"}\xa2g2\xe7\xd1WB[\xfam\xdb\x11\xfak\xe2\xcd\xa8\x1a\xc1@O\xf9\xf6.\x13O\nt?\xf3&V;\xf2Yh\x94\xfa\xa1\xb5\xb4O\xafM\x05R\xdb\xde\xa5\xc6\xc8\'\x0f\x8f\xf2\xb5/\x1dIN\x9e\xaf\x15\xd2w\xf6\xb5\xa5\xb0*G\xf3\xedQ\x0e\xac\xd6\xdfl\x1f\xc5h\x08\x9c\xd0\xd1\x0c\xc4\xacIx\xfd\x83:\xe8\xffd_\x8d0@<\x03#V\xac\xc5h\x02\xd8{=[\x00\xdb\x80\xd2&\x06\x9bXS\x98\x7f\x04\x0f1jE\xa9p\xa68B\x94\x08\x01nk\xe5\xa8rLhJt\xb3\xd2\x93&\x00\x8cJ\x18\x18\x12I\x08`\x9cx!\x0c\xa3,;LK.\xe9&D\xcamg\xc1^j\xb8\xaa\x0b?\x94\xdblv\xb4\x02\x1bd\xcf~S>\xab\xfcF\xd3<1\xf9\xc9\xdd\xca\x17\xc9\xac\x1e\x98\xdc\xbb\x9a\xc6\x90Q\xbf\x99X\xa0\x0f\xb9>\xa0\xb7\xa4\xc5\xdfx\x85\x0c\xb8\xdbH&\x16\xf4~\x98\x8a\x90\x0e\xd3/|\x9f\x7f\xa2\x1831>\x9f;\xfc|-\xdc\xd4\xbcm\xa3\x87\x04\xf4\x0c\xd7\x90f9\\\xf2\x0f\x96j\xa8\xcb75s\xab\xa8@\xe8\xf5\xd0\x05\xf92t;2O\x9b \x05\xa0\xc3\x8c\xa9@\x8fs*h\x9d.~RH\xadF\xda\x05\xa0\xbdQ\x89_\x06<\xb4\xab\xa6,\xf7J\xc56.\x99\r\x82\x1f\xc7\xa5\xbe(\x05\xe0\xb0\xe0\xb6\x9a\xba\x996C\x10\xd8\xdd\xcb\xba[K\x97\x9e\xb2\xf9\xcfN\xab.\x1b\t\x8a \tt\x8e2\xad\xff\xdb\xf8\x96\x15*\xad`\xca3\x97\x98S\x16=\xbd\x13s\xe4\xdd\xe1*\xebu\x81\xc2\x96\xac\x8aQ\xea\x82j?\x12&\xcb\xab\xfb\x98qv\x10\xb6\xd2~%\xc4||\xbc\x9e\xcd\xa7\x8f\x8bf\xe2G\x8f`\xaa\xfam\xa6v\xae\x9c\xe8M\xf4;\x07\xb5*\xcf\x18\x91j\xc2T#\xbc-|\xb7S6\x01U\xb6z_\xd6\xd6\xa2\x0e\xca%\x990\xb1NE\xc1H\x10W\xd4\xfc\xd4A,n\x1c\xd3?s\xdc\x13\xe8\xec\xd8\x9a>\xf5d\xf4>]pxL-q\x8ccE\xb2R.\x00\xf1\x9d\x97\x89pJh*\xc1\\i\x17\xc3)\xc05(\x84|\xc2\xc9J\xfaDb\x01\xc8\x8f\xa5r\x8d\r9V\x0f\x1b\x86\xe8\xcdGZ\xf7\x940\x7f\x8d\x0b672z\x0c\xad\xd2\xab\x85\x1a\x85P\x00\xc9\xc0t\xca\xcdn[BQ\x06\x123x\xed4S\xaf{\xe5\x86b\xa3\xd3\xcd\xf7\x12\xd5\'\xa1:\xd7k\xac\xc4Ud\xbb\x189\xb4(P\xe1\xebg\xc2\xbf\x97\'Pe;\x1f\xf4\x08\xa1\x8d\xec\xfbT-)\x97\x07t^\xc4\x97$\xe4\xcd\xf0sg(`\nh5V\xfd\xc0\x11r\x83\x7f^\x91\xd3N\xb7\x10\xc9X\xe5\x00\x80F\x01\xb2\x0fA\xdc\xbb\xefd\xb0\\<\xc0Cp\xdf\x06y\x16\xce\x1c}\xc4kS\x8f\xddm\xdc$\xff\xe6;\x03\xcbxO\xd0\xad\xc2\xee4\x19\xb6U\xbb9B\xe4\x9e~j\x05\xc7\x01\x87a\xe43\xa1\x85\xe0I\xc9\x0b\xe6\x91\xa0\x83\xf28\x1d\xf4\xd4\xf0$,\x06C\nQ\x8e\x96^T\x84TZ\xfa\xb7_\xfff\xe9\xf0\x10\x035a\xe6\xca\x87\xdd0J\xfe\xea\x0f\x82,x\x01g\xfb\xc3\x8fJ\np\x98\x94b\xda\xc5*_8\xcb\xad\x89\xb5\xb3\xfc\t\x02\xd8\xb7\xf0%\n\xe1\xb0~+\x83 D\x04\x80\xfb\xea\x12j,\x19/\xa4\xe0\xed\x8e\xfa\x98\xa4\xbb\xef"\xa7vx\xe94\xc2R\x9e\x93\x14q\xbd\x88\x0f\xbb\x18\xf5)\xfc\xae\x8e\xc4Q*\xb5X\x8e\x1d\x8b\x96\x8f\xb4j\x8d&\x81\xab)\n\xf36B\xcb\xec2K\x97\xec\xf13\xf0\xb3\xff>\xb0.\x1d\xc4\xfc\xb9\x9cY&O-\x90S\x8f\x15\xc2t\xc2\xb4\xdb\xa0\xec\xcd\x81)\xd2\x84\xe8\xf6\x0e\xba\xf1\xb6\xc3\xb7m\xb5+\xca\xddP\x8f\xc0u:9X\xc4,C\xda\xf3\xa3f}\xee\xd0\x87\xf4\xaf\xea\xf6\x11\xbdgE6\x12\x80\x95u@\xf12-\x97n"q0L5Wj-\xe1\xa2\xb5_\x07M\xaa\x80\xc6\xa5\x9f\x17\x00>=\xece\x97\xc4G\xb8\xf3\xa6N\xf8\x94I#v\xb4b\x02\xaaM\xd7\xae\xac\xcb\x1b\x15\x99m+r\x05\x7f\xc9\x16\xdd\xc6\x0bN\xc7\xb9n\x8cy\xa6\xd6\x0f:\xe5\xe2\x00\xb1\x7f[6\x1e0\xdes\xe2\x87\x85U\xebu\x13zG\xa9\x1b#\xca\x84\xbe\xd5\xdag\xc2\x9bn\'^q\xa9\xd7!\xa2\x13\x8e\xc7\x1d>L7Yo\x04\x1d\x9f\xc0\xb8\xb0\xd8\x92\x98U\x0e\x92&\x1c\xe9\xc3\xb6Q\x92\xda\xc8[\xb9\xde\xe16\x1c\x84\xe4t\xc2\xa2\x82B\xac\x99\xe58\xf0\x06c:K\x961\xdb\xbf\x8d%X\xd6;\xa7$\x96\xad[\xd4\xec\xfcQ\xd0.\xaf,`\xaaV\x15H\x1b\xc6\x7f\xb3\x0c\x80\xa5\x02\x9cjSg\t\xad\x8a-\x99R\xea\x8c\xd6\xda\xfb\x94\x8d\xef\x12=\x08\xdd\x97P\x02\xb7\x01Bv\xf7n\xed\x9e\x92\x9f`\x89[J\xaa\xdc=R\xd0\xe7\xeb\xca\xce\x8c\xa1\x8a^\x1d\xa4\xd0\xf19)\xb9jz\t\xec*j\x91\x84~\xb6\xffy\xce\x8c(\x7f\xe2a\x97\x92\xf4\xf6Q\xbb\x0b\x1ed\xa6.Q\xe1\x9c\xbbqy\xad\xab(v\r\xe8k\xe8\x80\x0e\xefqF\xf1\xe4\xa7\x80x\xc1\xd0\xd6\xe1\xc0>]\xc5\x02\x86\x06lEK\xfd>\xfa%\xda\x99\xf9\xa7\x1d\xfc\x02Z\xd93]\x0c\xcd\xc1\xb5\xb1\x96Jt\x8e\xe1\xec@\xf8"7\xc1>e+\xa6O\xac6H}N>5\x0f\xa4rE\x83\x89>9|\x82f\xcd\xd4\x86\x86\xf6o\x91a\x13\xd2\xb5\x05|4\xc4\xf8\xa9\xe1\xc5\xc9\x84i\x17\x1eE\xa83\xb1\xf6X\x15I\x8d \x0c\xf0\xdb\x88@\x9c?\x84\xc3\xfdh\x0f\x1d\xfa7\x88%\xc1j\xe7^\xb0\xeb\xe3\xb7^\x9f\x12\xf44i\xd4\x18\xc9\x80\x96\x8cU\x87\xee\xd3\x95m\nI\xdc\xb6\xb44\xae\xfe\xa3\x11\xa4\xd6JB\xa8\xf7q\x82\x16\rN\x01,$\x16D\xec\xaaH`\x08\x1e/\x8d\r\x11&\x9bAY2\xc4\xa4\x85\x88\x8c\xdc\xd2\xbe\x86\xda\xdfo=\xa0\xc2f\xb3;\xf5\xbbJ\xde\xaa\x17\xc2,\xc8\xbd\x7f1\xb7\xf3\n\r\x1cy9\xad\x84\xc7\xc5\x86h\x11l\x12\x05i\x0fTb|\xb6RK\xaf\x0c\x8c]t-*}\x8f\xf4\xc1\x90\xd0\xd7\xbb\xf1[\xdf\x17\xbc\x0b\xec25\x95\xb0\x87{\xb5\x04E2\x8a\xffY\x1eFW;D\xbc"\xd6\x85pw\xde\x9d\xc0u\xd7\x1dL\xa7v\x16\xe0\x91\x1d\xc2$!\xdd\x8d\x988Q\xd4\xf2( {{\x9e\xac\xa9\xd6\xf2\xbeQ\xb7r*\xa0 Q\x9f\xa1\xf3\xfd\xc5\xb40\x9f\x9a\xa3\x90\xbc\x1a\xb7\xddo\xded\x1fs\x07D\x90\x94\x15\xcd\xcb\xeb_\xc8\xdd\xcd\x98\xfd\x0f\x93\x85\x0cs\xa1\x9bmr.FN&l\xdf0pT_\x8d\x1f\xb2\xc2y\xec\x90\xdb\x13\x1d\xc6\xf9\xd6\xfbL\xe9B\xb9\xd5\x15\xaa\xb3\xa5;\xa3\xf0\xab\xf9\x91\t\x02\x90\xdb\xd9=\x98\xdb\xc6Z\x9e\x1e\xaa\xdb\xcf\x89\xb0"\xc3\xb6\x03\xff\x94\xe3\x81/\xedi\xfd\xe0W4\xdf\x89k\xfa\xa1\xed\xdc\x96\xb3\x8a\x8e\xaf\xd5\xa1\xad?\xddT>\xb5\xf1U\xba\xca\xd5E\xa8\xbfk\x01\xe6\x08\x07\\\xae\x80]\xe1+\x14\xdb\x81\x08\x9d\x13\x8cCTY89K\x14\x12(\xd9\xb2f\x9b\x13\xaa?&\xc8\xa6\xfb\x8dRUB\xfb~\x1d}\x9fH\xf3\xdf\x90z\xdc\xf4\xb9\xd5\x85\xcd\xc3K\xd1\xc9ry\xber\xc6Tl\x9bYL\x81u\xc9\xb7\xb3\x8c\xae2ez\\\x8dJ\x0c`\x1f\xc3\x8fx\x01\x9b\xdci,\xc7W\x94\xc6\xeftR\xf0\xd0\xc0\'\x8e\xe3\x01\xf8\x013\x1f~\xcc\xb2\xa8Li\x8a\xc9\xbe~\xa8j\xf8\xe4\x0c\xd1q\xa6Kl+"g\'\xd3%G\xddp\'\x9b\xee\xd0\xaf\x06\x86\xa5\x9ag\xdc\x86)F\x93\xd9+#0\x9a\xa3\xe3\x8d\xb9\xba\xeds\x0f\x88\xbf7_{\x96\xe2.|?\xf68)[d\xf3R\x90\x87K\xb1\x0e\xd7;\x8ay\x92mb\rf\xf5\x9f^%\x1a\x19\x9bR\xbfK"\x017\xd3\x06\x9a~/r$\xdc\xb5\xf3\xd7\xc9\x99B\\n\x88\x03XF\x1e\xa4\x11\x83T\xd2\xc6\xf8\x9d\x80.\x05\x14\x00\x00\xbf\x0cZ)\x84\x17\xa4?\x02\x95\xd8\x8f\xae\x8f\x88\xe8P0\xac\x1c\xe9\xad\xa2TC_\x16\xae\xf2\xccj\xb2\xe8\xe5\xd9w\xb5\xa8\x0c9\x96o\xefKK`M\xf0\xb7\x876\x0eX`\xd1w(\xcf\xd7)"\xf7t\x1cZ_\xdep\xdf\x05V\xa5lb\xe5R\xcb\xcd\xd4\x16u\x0f\xc6\\\xf6KA$77q;I+\xc4FMIL\x18]\xeb\x01{I\xca\xcd\x08\xbdJ\x87\xbb\t\xaa\xd7\x16]k\x1d\xe3~\'H\xd4\x87\x975\xc2^BM\xde\x0b7d\xfb\xaf\xbe\x0e\xb1\xf8L\x05\r\x15.;\xe0\x95\x12\x1c@\x98\x17\xe5X\xecD\xbe\xb3\xae\xb2\x98\xea\xc7r\x81a\xb5\x0eu~\x06\xa8\\\x1b\xd5N\x17\xc70\x1e\x0f\x1d\x82e\x18\x03\\_-\xfd\x0f\x82\xa5\x87\x17\xe5\t\xd6s\xa7\r\xe1\x1di\xae\xa6\x14\x84\xf1\xf4\xcb\xfc%G\xecW08)/[\xca*\x9a\xf9\xaf\xe3\n\xcb\xc2\x7f\x86NN/KA\x04\x13\x8f\x04\xebz\x91\xd361\xfc<U\xb0\x0b\x1f\\\x8d\xadx\xac\xe4h\xa4}\x1f\xbe\x19\x1f\x81}\xef\xf1.\xd1\xd9\x83\x90\x10\xe5\xc3\xac\xdf\xe5\xb1\xac\x02\xa6\xf2\x16\xc6=\xd0>y(\x98\xfa\xe20\xf5\xb4=\x80\xc7qN\x08\xa2\x9a\xc7s]\x001\x1cyR\xf6=\xb32Gm\x10\xd3j\x05\xb0\xa0\x88R\xf5H,"Dg}\xe6\nn\xdf\xa5\x85I\xf2.\xd26)\x01_\xf5Za\x00\x1an\xe4\x85\xa0K[\'\xa4\x19\xa8\x84\x9fF\x1d\xb2!c\xc8\xea\xbf\xf7}e!\xaa6\xb9m~=\xa7\xa3\x1f[\x04\x06b\xc0\xf0\xcd\x00Jcq;\x84\xc0\x05\xc5c\x1f.G\xc1)\xd7\n,\xdf\n\xe9\xeb\xd4\xddv\x98NT\xe6\x1f\xda\xd4\xdd<\xd9QY\xd3-I$U}\xf3\xca\xbbJ\x9eU\x7fsY\x9e'
p14
tp15
bI491
I0
F0.0
tp16
.