2020-04-10 15:51:11,342 INFO:Using CosmoHammer 0.6.1
2020-04-10 15:51:11,342 INFO:Using emcee 2.2.1
2020-04-10 15:51:11,343 INFO:Sampler: <class 'cosmoHammer.MpiCosmoHammerSampler.MpiCosmoHammerSampler'>
configuration: 
  Params: [250.  65. 750.]
  Burnin iterations: 250
  Samples iterations: 500
  Walkers ratio: 20
  Reusing burn in: False
  init pos generator: SampleBallPositionGenerator
  stop criteria: IterationStopCriteriaStrategy
  storage util: SampleFileUtil
likelihoodComputationChain: 
Core Modules: 
  PScore
Likelihood Modules: 
  PSlikeModule

2020-04-10 15:51:11,343 INFO:start burn in
2020-04-10 15:51:11,345 INFO:MPI Process rank 0 starts sampling
2020-04-10 15:51:13,629 INFO:Iteration finished:10
2020-04-10 15:51:15,602 INFO:Iteration finished:20
2020-04-10 15:51:17,461 INFO:Iteration finished:30
2020-04-10 15:51:19,220 INFO:Iteration finished:40
2020-04-10 15:51:21,027 INFO:Iteration finished:50
2020-04-10 15:51:22,832 INFO:Iteration finished:60
2020-04-10 15:51:24,681 INFO:Iteration finished:70
2020-04-10 15:51:26,456 INFO:Iteration finished:80
2020-04-10 15:51:28,189 INFO:Iteration finished:90
2020-04-10 15:51:29,832 INFO:Iteration finished:100
2020-04-10 15:51:31,488 INFO:Iteration finished:110
2020-04-10 15:51:33,176 INFO:Iteration finished:120
2020-04-10 15:51:34,855 INFO:Iteration finished:130
2020-04-10 15:51:36,469 INFO:Iteration finished:140
2020-04-10 15:51:38,205 INFO:Iteration finished:150
2020-04-10 15:51:39,927 INFO:Iteration finished:160
2020-04-10 15:51:41,573 INFO:Iteration finished:170
2020-04-10 15:51:43,238 INFO:Iteration finished:180
2020-04-10 15:51:44,979 INFO:Iteration finished:190
2020-04-10 15:51:46,645 INFO:Iteration finished:200
2020-04-10 15:51:48,358 INFO:Iteration finished:210
2020-04-10 15:51:50,095 INFO:Iteration finished:220
2020-04-10 15:51:51,705 INFO:Iteration finished:230
2020-04-10 15:51:53,344 INFO:Iteration finished:240
2020-04-10 15:51:55,025 INFO:Iteration finished:250
2020-04-10 15:51:55,025 INFO:storing random state
2020-04-10 15:51:55,026 INFO:burn in sampling done! Took: 43.6827s
2020-04-10 15:51:55,026 INFO:Mean acceptance fraction for burn in:0.5768
2020-04-10 15:51:55,026 INFO:Reseting emcee sampler
2020-04-10 15:51:55,028 INFO:start sampling after burn in
2020-04-10 15:51:55,029 INFO:MPI Process rank 0 starts sampling
2020-04-10 15:51:56,680 INFO:Iteration finished:10
2020-04-10 15:51:58,360 INFO:Iteration finished:20
2020-04-10 15:52:00,044 INFO:Iteration finished:30
2020-04-10 15:52:01,715 INFO:Iteration finished:40
2020-04-10 15:52:03,415 INFO:Iteration finished:50
2020-04-10 15:52:05,135 INFO:Iteration finished:60
2020-04-10 15:52:06,830 INFO:Iteration finished:70
2020-04-10 15:52:08,518 INFO:Iteration finished:80
2020-04-10 15:52:10,184 INFO:Iteration finished:90
2020-04-10 15:52:11,869 INFO:Iteration finished:100
2020-04-10 15:52:13,568 INFO:Iteration finished:110
2020-04-10 15:52:15,307 INFO:Iteration finished:120
2020-04-10 15:52:17,049 INFO:Iteration finished:130
2020-04-10 15:52:18,758 INFO:Iteration finished:140
2020-04-10 15:52:20,409 INFO:Iteration finished:150
2020-04-10 15:52:22,092 INFO:Iteration finished:160
2020-04-10 15:52:23,744 INFO:Iteration finished:170
2020-04-10 15:52:25,402 INFO:Iteration finished:180
2020-04-10 15:52:27,145 INFO:Iteration finished:190
2020-04-10 15:52:28,977 INFO:Iteration finished:200
2020-04-10 15:52:30,661 INFO:Iteration finished:210
2020-04-10 15:52:32,327 INFO:Iteration finished:220
2020-04-10 15:52:34,035 INFO:Iteration finished:230
2020-04-10 15:52:35,801 INFO:Iteration finished:240
2020-04-10 15:52:37,528 INFO:Iteration finished:250
2020-04-10 15:52:39,274 INFO:Iteration finished:260
2020-04-10 15:52:40,970 INFO:Iteration finished:270
2020-04-10 15:52:42,662 INFO:Iteration finished:280
2020-04-10 15:52:44,344 INFO:Iteration finished:290
2020-04-10 15:52:46,001 INFO:Iteration finished:300
2020-04-10 15:52:47,655 INFO:Iteration finished:310
2020-04-10 15:52:49,316 INFO:Iteration finished:320
2020-04-10 15:52:50,983 INFO:Iteration finished:330
2020-04-10 15:52:52,691 INFO:Iteration finished:340
2020-04-10 15:52:54,380 INFO:Iteration finished:350
2020-04-10 15:52:56,038 INFO:Iteration finished:360
2020-04-10 15:52:57,733 INFO:Iteration finished:370
2020-04-10 15:52:59,333 INFO:Iteration finished:380
2020-04-10 15:53:00,986 INFO:Iteration finished:390
2020-04-10 15:53:02,640 INFO:Iteration finished:400
2020-04-10 15:53:04,349 INFO:Iteration finished:410
2020-04-10 15:53:06,043 INFO:Iteration finished:420
2020-04-10 15:53:07,682 INFO:Iteration finished:430
2020-04-10 15:53:09,367 INFO:Iteration finished:440
2020-04-10 15:53:11,067 INFO:Iteration finished:450
2020-04-10 15:53:12,792 INFO:Iteration finished:460
2020-04-10 15:53:14,559 INFO:Iteration finished:470
2020-04-10 15:53:16,261 INFO:Iteration finished:480
2020-04-10 15:53:18,002 INFO:Iteration finished:490
2020-04-10 15:53:19,681 INFO:Iteration finished:500
2020-04-10 15:53:19,681 INFO:sampling done! Took: 84.6529s
2020-04-10 15:53:19,681 INFO:Mean acceptance fraction:0.5962
2020-04-10 15:53:19,682 INFO:Sampler: <class 'cosmoHammer.MpiCosmoHammerSampler.MpiCosmoHammerSampler'>
configuration: 
  Params: [250.  65. 750.]
  Burnin iterations: 250
  Samples iterations: 500
  Walkers ratio: 20
  Reusing burn in: False
  init pos generator: SampleBallPositionGenerator
  stop criteria: IterationStopCriteriaStrategy
  storage util: SampleFileUtil
likelihoodComputationChain: 
Core Modules: 
  PScore
Likelihood Modules: 
  PSlikeModule

2020-04-10 15:53:19,682 INFO:start burn in
2020-04-10 15:53:19,684 INFO:MPI Process rank 0 starts sampling
