(S'MT19937'
p0
cnumpy.core.multiarray
_reconstruct
p1
(cnumpy
ndarray
p2
(I0
tp3
S'b'
p4
tp5
Rp6
(I1
(I624
tp7
cnumpy
dtype
p8
(S'u4'
p9
I0
I1
tp10
Rp11
(I3
S'<'
p12
NNNI-1
I-1
I0
tp13
bI00
S'k\xa9\x02\x8e\xa4\'\xcf}Zu\x0f\xf2\xff\r\xd0j\x04\x03l\xe9B\x14Y1\xfc`\xbb\\\x01\xda\xc4\xf4_\x85\x82A\x12x\xa8\x00I\x91S\xc75\x114\x866\xe9\xb9\xa7C\rmEh\x10\xce|\xda\xfa\t2\'o\\\x8f<\xbeao\x8b\x85$\xff|V\xca(\x85b\x01F\xdbBPq\x9f\x84\xae\x86\xa7\xc2V\x0b\xbc\x9c8\x1e\x06\xf61C\xd6\xc4\x1c\x96\xe0)\x0cDW\xf6\xb0\xd7[,\xbb\x8d\x1c+E\xed:\nVi<\xf8\xed\xbc\x93w\x0f{\xa5C\x92\x90\xd5\x8d\tf20\xe5&\xeb\x8f\xe0Aq\xf4R\xfa\xd1\xfax\xa6\x18al,\xf3\x93\x8f\xd8(\xe4\x93\x04 $\xca\x08~\xe6[\xb06\xc7xl\xaa\'M\xe7\x8c\x84}pp:H\xa2n3\x15Q4\x7f\xac\xcc\xd3:\x8f@J\xb1\xc6\x1cCQ7MM\xef\xdfc\x8bL\xd4G\xde\x12\ryw\xe6\xfa9\xcb\xb4\xd9\xc0\xe7\x10\xe0#,k\xa3u\x8ac\x8f\ry\xa7\xf5LHh\x8c\xcd\x98`\x0b+\x96\xb6\x8a{Q\x91W\x14<\x0cO\xa7\xc7<\xc7>8n\xa5\xc4\xdd\xab\x8c\xf1L<n`\x0f;\x9c\xd1\xa68R%LkCK*Q\x98\x06j\xee#br\xb2\xbe\xd3\xb7\xa8\xaf\x0e\xb3\x0fz\x8c,{K\xbc\x10\xe6\x8fX:\x1fi\x06z]X\xc7\xea\xeb%\xff3\x873\xea)*/\x9dHU\x11\xaf\xd2\x99\xe3\x9d#\x03\xa2\xdd\xe05**\x84r\xa4I"{\xb2!\xd0\x86\x84C\x02o`9Md\x11\xc8#|-R\x89\xb7\xb4\x86\xf5\xa2\xed\xa8\x80A>R\xb2\xc1c\xb9\xfa6I`c\xf1|\xb1bx"#\xe8Q\x8c\x1d\xb7\xd2\xddg\x9e\xf6\x14\xb5\xe3\xf4\xb8\x1eu\x0f}h\xa4k\x01\x15`S\xba\x1b\xe052\x0c\x9e\x8eq\x1c\xea\xb7_\x06\t\x8c\x9a\xbe\xa6O@"\xdcJ\xe5\xdf\x97\xac\xbc\xfd\xd0\xaf<r\xf6l%\x02q\xe1\x8c\x1f\x08\x9c\xfd\xbf\x19\x87]\x81\x97\xda\\\xee\xb4\x9e\xdftFv\xcd`\x13\x05\xd9\xfa\xa0\x8a\xfe\x08\x85\xe1\x98\x9dP`6\x9b\x07\xa4>%e\x00Um\xa9\xd6\x12[3S\x16\xa1\x91\xae\x0e\x1f\x97\x9e<\x15\xfc\xb7\xc4\x16\xbaPDh=p\x97\xf2\x9d47\xbb\xf3\xe0gZBc\xfe\x0f\xd2O\xfa=\xd9\xfe\xa4N\x06\xc1\xd3\xc2%\xffyA4\xbffg\x13\x0b\xf2\x82T\xfb\x98\xffgd0\xcf\xd0x\x0c{\x92r\x07\x1b\xd4\xd3"\xf0\x9b\xa4\xd6\xa7H\x8b\xb2\x97\xf7\xde%;n\xcbD\x81tL_\x94z?+n\xffQ\xeb\x9f*\x12@\xe5\xf1\xfc\xa3\x0b\xbfbS\x8e:\xb0\xf2)\xd61\xa9\xfa\x03\x11IF\xa0b\xa3:-,\xb6\xa4\x85\x04\x88\x8eC\xd0=\x08\n\xec\xb2n\xee\xb9\x11\xc2\xe8\n\xa7p\xaf\xb4]\xfc^P\xba\'q\xd7\xd0\x92p\xd4\xe9\xb3P\xc6\xb9kQd\\\xaeQ&\x91\x13\xd5N\xa5\xa5#\xda\xb6\x9f{\n\x90\xc7\x878\x93\xdc\xd0Q\xc0\xc7\xdd\x03\x8f\x0cn0\x1a\xa2s\xa3\xd7\xec6\xd8r\x94\xbfF\xa4\x05\x06\x0eC3m\xad\x87\xca\xbd\xaa!OQn\x00\xf2\'9\xc95|jA\xed\xe9n\xe3\xc8U\x1f\x1c\xf8\xac\xb9\xffBL)kP.\xd94\xe55\xe9\xd4\x84\x9f\xe1\xdf\xad\xf6\\\xcd!\x8eT*\x17\xd19NhF\xef\xc0\x0c\x07\xc1\x18WN\x8aE\xa2\xa4xB\xac\xb8)\xcd0-\t7\xa4\tU\xe4\x0en\xcd\xb9\x04\xceQ\xcb\x04\x12u\xc2!mC\x8a\xb3\xdb\xebFa&Q\xdf:\xe2w\xe7ke\xb87\xcd\xbd\xd8\xca\x96\xca\x17\x07z\xfb\x05\xe0\x1e\xb6N\xf3\xb2\xf21\xb5VA\x97qn\xb2\x04x \xb3\x96\x805\x1d"2\xff\xa9\xa5\x13\x08\x9c\xae\xfe\xc8\x9fRe:{\xe8U\x80\xfb\xf1!\x98nZ\xdbxb\xc8Hi\xc2\x8b\x1f\xc9\xda\xb2)\x90\x9e\xfd\xb7.G!O)X\x8ck7`;}\x84 E^\xf5R>~1\x04\xd99\x16\xaf^\x92\xae\x1as\x81u3\xbd\xe3p\xbd\xe8\x9e\x81\xeb\x83x\xff?\xaa"\xc8_V\x1d>\x046\xc50]\xfa\x86\x916h\x92-&\xcd\xfd9\xcay\xc8\x01o\x1e\xc4A*u\xd1:\x0e7S\xa8\xad\x88>\xd3^o\x91\xc9\x04\x1d\x12*%\xfc\x12A\xa5n\xc4\xcf&\xb6\x93B>w\xaa:\x86%\xfc0\x92\xfe\xc5\x83K\x86\x01\xa5A\x8a\xactx\xe4\xa3V\xc8O\xad\xef\xf3\x8c\xf3\x0c\x89H9\xd0\xb8,\xb37eB_B\n\xed)\xac\xcc\xbd\x8f\x1a\xf3e8\x87<e\x9c\x87;\xb4\xa1T\xefo\xed+\xeb\x19~J\x8b\x17\xe9\x1dX\xfa\xfaI.\xe0K3P\xd3\x7f=K\x02\xa2M\xfd=z\xe5-h\xa128D\xc8\x00\xb7\xc9\xf7\x9aN\xdcgF\x99h7fN9\xa3P;D\xcc\xdeHP\x91,:\x90t\xabE\xbd\xcb\xfd\xd2\xfa_XRK\x0c\xad\xa2n\xdfF\x0ce3\xa6\x82\xd6\xc0\x1c+\x8c]\xbcQ6\x86\x15Q\x10\xef;\xa4L\xe4\xee\xbe\xcbu\xff\xcf\xcb\'\xf8\xb6\xa4\xa9\xf8\xf6\x82\x12\xe1R\xb7\xc4\x13\xf5\x88\x92\xa5\xa7\xb8\x80\x90\x03 <\xff\x06g-\xa7\x88g6&\t\xde+e\x83\xa9\xac\x08\x1e\xcf9\xa3\xfb2\x02\xa4\x02\x8fl\n?>a\x00\x92\x19\xd9\xa00k\x19\xbd\xbc\xd2\xd8\x83\xbe\xe8N:+\x01D<>\xad\x95F]r(\x01J\xa8\xf8\xf3\x95\nq\xf8\x19\xbe\xcb_L\xe8\xe5_\xe0K\xdf\x1d\xb84}\xc0\x13\xac\xa6\xb9\xca\x8a\xa7\xf5U\xa6\xaa\xcd\x00S\xdd\xc2\x8d\xcdh\xbd\xda\x98\xa1b\xe5\x04\xa1.z$\x97\x86\xf2\xe7\x80\x00\x8f\x92\x08\x87p-\x11\x9d#\x97\x06\xe1\xb7Q\xf5\xb9#\x89\xac\x90\x8b\xf1\xe1\x18\t\x83\xcaX\xe1\x962\x17\xc0\xe0\xa3z\x86dK\xb8\x90_P\xc2gz\x94\xafcza\xae7\xbb\xfe\xa6\x0e;Ar/\t\x85w\xea\x88\xae\x07Gz\xfb\xb0\xeb\xc8@\xb9\xe7\x14u\xee\xe6\xee\x91\x01M:\xfa\x97~kw]\x86\xab\xf8`c\xbd\'\xf9\xcc\xfd\x97H\x1ex*\xa7\x00\x1aX\x82\x96h\x00\x80\xfd\x1c\x90\xc9\x99\xfe7\xa2\x9d\x02\x0b\x91\xf6\xea\x7f\xa1\x9a\xab.\xdd\x9bN\x97\xd6\xc7Q\x13\xe3\x89\x18\x98 ?\xca\x91\xa3\x8c\x81YN\xe0z\xc1\xdaCc\xa0\xeb&\xa7}\xf9\xb8\xa7P\xcb&>\x9c\xb8\x81\xb7\x18\x8a\xf4\xd2\xa5\xfc\xac\xa1\xf17\xc2\xb6w\xbf\x8e\x1b;\xdb5F8\t\xe8\x01Q\xe8\xca\xd6S\x98V\xf3\xd1\x08\xa7\x84\x1bA\xfc\xc6y\xba\x06\xfd\xc7@\xb6\xb38\x80\x92\xce\xa4\xf7\xe4\xd1g\xb6\xfd\t\x99\x8b]\x07\xcc\xf4\x80\xda\xea+\x80\xba\xa3H\xe8\xd6\xdfh\xc2\x03\x15\x17\n\x08\x14Mb\xa9\x90\xac\x82\xde\xeb\xea\xfb1\x9e\x82\xc8\xb3\x9f\xee\xaf\x15\x1d\x18ueob\x91\xf6\x1f\xdf=\x03\xf88\x85\x03\x08\xb8\xa3(\xb4>)/\xb9k\x0eW\x19\x9c\xd4\x01\x8d\xbbg\xbb\x10\xb2\xd8U>L\xa1\x05\xd1\xde\x9d)\x11\x94,\x88\n\xbf\x98\xf7(\x06\xdeF]\x81\xbeb\xda\xd2G\xe9F\x90x\xa7\xa9\x1cOHeP\xe0\xe2\xb1\xb5*\xa8\xf96\xe4)\x08\xc1\xb8J\xa9i^\xd2\x91\x1f4\n\x1d\xac5\x94-Oc38Z\xcfm0\x8d\xcf\x06\x9eY\xeda$\xf0ba\xf2j\x8fH[F\xd5"\xb9A\xc9?y\xd2Wzr\x04\xd5K0F3\xb6\x061\xb8\x87\xe6\x19@\xa9/\xf6h\xd3\x03\r\xbf7U\xa6\xe9#L\xcaWG!\xb35\'b\x0b\xb1\xaelB2\xc5\xe0\xa1\x03\xd4\xef0p\xcd\x12k\x1b\x9e4\xe6\x0b\xb8\xeaf\x88\x8c\x86\xa8\xfd(H\x18\x12M\xb4i\xa2CXp\x91X\xcb\x9b\xf6\x9c\x86\xa1q\xf14\xedI\xe4\x01\xd4\xd3!|7\x92\xa8\x00t1M\x0e\xe65\x05#\'\xe0\x9e\xd3\xb5T\x8e~\x99\xf8\t=\xeeh\x02\x93\xf7\xdb;\xd2\x93\xf7\x11\xa5\xc8\xa6O+fw\xb4\xb7\x8e\x1b\xdc|B\xf0\x7f\xaf\x01\x86\x80y\x95_\xae\r1\xa0\x99Wi\x15\n\xcd\xc02\x99\xb9\xe3\xc6\xe8D\xae]UF\xb5\x86\x93y\x84\xac\xa6\x97L\x88\xd5\xf0\x82\xee\xe4\xe1>1;\x9f\x88\x8c\xedR\x97U\xe2\xb07\xa0lR!X\xac^s\xe5 \x1d\x00\x95\x9dj\xdc\x16\xfe\x06l\x83)\x8d\x9b\xc0C\x05\xfe\x96\xc0\x7f\x82\x02\xfe\xfbZ\x8e\xd0\x984\xef%\x98\x95\xa6\xce\xb9\xef$\xfdb\xadsG\x8a\x02\xddk\x8f\xd2+T\xb6\xd9\xc2/Z=\x95\xd8S^7\xc1G\xd0\xbe\xf0\xd3\x17b!-\x16\x01\x8a\xcd\xfc\x89\xe0\x07\x9cV\xad\x15\x0bsj\x1cI\xd1\xf9\xd1/6\x91\xc1bK2\x16J\xe3\xa0r\xf5eq\x9e\xab\xc0|\x8a;`b\xfa\x19\xc1\xf8,s\xf3\xa8\xe5\x0b\x16\x92+\xc0\xae\xce\xe0jq\xaa\xef\xee\x03\x1a\x9f\xd7\x13I\xef\xc7;\x0f\xb2v\x8c\x17\xb6o}\x08"k\xb3\xfaYn}ON\x13\x12\r\x1fQTh\x9e\xae\xads\x1bb\x16\'\x17j\xc1\xd4\xe6\x9a2F\xe5I\xeb\x9f4az\xb9\r\xa9XE}\xf6b=\x8d\x91\xcb\x7f]\xe7\xdfT+\x00\x12w+Bq\x16\x06"\xdd\x92(\x91\x02\x10\x0cs`\x07\x84X2\xa4>\xb3\xf7\x17<f\x87\xcd\xfa\x8cS\xc9\xf1l&\xd9\xc2\xac\xce\xbd\x13\x1cd\xfc\tV\x1d\xbb\xe7@\xe3\xbar\xf6\t\x0e\xb1\xb9\xe3*i8l\x04"_Y\xa5\xcd\x8ad\xb1\xa8\x10\xad6\xa5\xa2=r\x07A\xbb\xaf\x87\xc8r\xec^\xd9\x8c07(C\x1c\x19\x93<\x90\xb0>y\x19\xd5\xa1\xa8\x90\xc4\xc0\xfe=T\xa6S\x8b\xcb8\xf9\xa1\xc8%so\xae\xe8T\x0f\xe8\xa8\xf87\x1a5\x9c%\xbf\xb56(\xeb\xfe\xddJ\xd4\x1c\xdbvL\x8b{\x9a\x15\x86\xcd\xefg\xa7"\xdfp\xbe\x9d\xd7\xdb\x14S\xf2NC\x99\x8a\x9b\xf7s\xc3\x94\xb2n\xbb\x93\x9d\x13\x91[\xe3\x88\xf6\xda\x16\x03i\x8d\xbe\xba{\rj%\xe1]\x96\xbc\xde\xfc[\xbf\x97/d\xcac2\x85\xb6.\xb2\xf4{\x88\x16\x8f\xbb\xaf\xee\xf0J#\x9a\x01uH\xa0\x84A,\xc2k\xae\xf9V\xc2\x99#a~\xe4\xff2\x05'
p14
tp15
bI594
I0
F0.0
tp16
.