2020-04-10 14:25:32,524 INFO:Using CosmoHammer 0.6.1
2020-04-10 14:25:32,524 INFO:Using emcee 2.2.1
2020-04-10 14:25:32,525 INFO:Sampler: <class 'cosmoHammer.MpiCosmoHammerSampler.MpiCosmoHammerSampler'>
configuration: 
  Params: [250.  65. 750.]
  Burnin iterations: 250
  Samples iterations: 500
  Walkers ratio: 20
  Reusing burn in: False
  init pos generator: SampleBallPositionGenerator
  stop criteria: IterationStopCriteriaStrategy
  storage util: SampleFileUtil
likelihoodComputationChain: 
Core Modules: 
  PScore
Likelihood Modules: 
  PSlikeModule

2020-04-10 14:25:32,525 INFO:start burn in
2020-04-10 14:25:32,526 INFO:MPI Process rank 0 starts sampling
2020-04-10 14:25:34,369 INFO:Iteration finished:10
2020-04-10 14:25:36,385 INFO:Iteration finished:20
2020-04-10 14:25:37,262 INFO:Iteration finished:30
2020-04-10 14:25:38,119 INFO:Iteration finished:40
2020-04-10 14:25:39,271 INFO:Iteration finished:50
2020-04-10 14:25:41,079 INFO:Iteration finished:60
2020-04-10 14:25:42,525 INFO:Iteration finished:70
2020-04-10 14:25:43,453 INFO:Iteration finished:80
2020-04-10 14:25:44,367 INFO:Iteration finished:90
2020-04-10 14:25:46,160 INFO:Iteration finished:100
2020-04-10 14:25:47,974 INFO:Iteration finished:110
2020-04-10 14:25:48,867 INFO:Iteration finished:120
2020-04-10 14:25:49,806 INFO:Iteration finished:130
2020-04-10 14:25:51,317 INFO:Iteration finished:140
2020-04-10 14:25:53,226 INFO:Iteration finished:150
2020-04-10 14:25:55,047 INFO:Iteration finished:160
2020-04-10 14:25:55,961 INFO:Iteration finished:170
2020-04-10 14:25:56,871 INFO:Iteration finished:180
2020-04-10 14:25:58,712 INFO:Iteration finished:190
2020-04-10 14:26:00,593 INFO:Iteration finished:200
2020-04-10 14:26:01,512 INFO:Iteration finished:210
2020-04-10 14:26:02,392 INFO:Iteration finished:220
2020-04-10 14:26:03,904 INFO:Iteration finished:230
2020-04-10 14:26:05,770 INFO:Iteration finished:240
2020-04-10 14:26:06,911 INFO:Iteration finished:250
2020-04-10 14:26:06,911 INFO:storing random state
2020-04-10 14:26:06,911 INFO:burn in sampling done! Took: 34.3863s
2020-04-10 14:26:06,911 INFO:Mean acceptance fraction for burn in:0.497
2020-04-10 14:26:06,912 INFO:Reseting emcee sampler
2020-04-10 14:26:06,912 INFO:start sampling after burn in
2020-04-10 14:26:06,913 INFO:MPI Process rank 0 starts sampling
2020-04-10 14:26:07,891 INFO:Iteration finished:10
2020-04-10 14:26:09,109 INFO:Iteration finished:20
2020-04-10 14:26:11,050 INFO:Iteration finished:30
2020-04-10 14:26:12,485 INFO:Iteration finished:40
2020-04-10 14:26:13,373 INFO:Iteration finished:50
2020-04-10 14:26:14,345 INFO:Iteration finished:60
2020-04-10 14:26:16,329 INFO:Iteration finished:70
2020-04-10 14:26:17,952 INFO:Iteration finished:80
2020-04-10 14:26:18,846 INFO:Iteration finished:90
2020-04-10 14:26:19,822 INFO:Iteration finished:100
2020-04-10 14:26:21,640 INFO:Iteration finished:110
2020-04-10 14:26:23,562 INFO:Iteration finished:120
2020-04-10 14:26:24,513 INFO:Iteration finished:130
2020-04-10 14:26:25,443 INFO:Iteration finished:140
2020-04-10 14:26:27,048 INFO:Iteration finished:150
2020-04-10 14:26:29,077 INFO:Iteration finished:160
2020-04-10 14:26:30,050 INFO:Iteration finished:170
2020-04-10 14:26:30,979 INFO:Iteration finished:180
2020-04-10 14:26:32,346 INFO:Iteration finished:190
2020-04-10 14:26:34,272 INFO:Iteration finished:200
2020-04-10 14:26:35,486 INFO:Iteration finished:210
2020-04-10 14:26:36,374 INFO:Iteration finished:220
2020-04-10 14:26:37,257 INFO:Iteration finished:230
2020-04-10 14:26:39,145 INFO:Iteration finished:240
2020-04-10 14:26:41,058 INFO:Iteration finished:250
2020-04-10 14:26:42,424 INFO:Iteration finished:260
2020-04-10 14:26:43,455 INFO:Iteration finished:270
2020-04-10 14:26:44,618 INFO:Iteration finished:280
2020-04-10 14:26:46,624 INFO:Iteration finished:290
2020-04-10 14:26:48,594 INFO:Iteration finished:300
2020-04-10 14:26:50,230 INFO:Iteration finished:310
2020-04-10 14:26:51,158 INFO:Iteration finished:320
2020-04-10 14:26:52,024 INFO:Iteration finished:330
2020-04-10 14:26:53,764 INFO:Iteration finished:340
2020-04-10 14:26:55,681 INFO:Iteration finished:350
2020-04-10 14:26:56,580 INFO:Iteration finished:360
2020-04-10 14:26:57,463 INFO:Iteration finished:370
2020-04-10 14:26:58,878 INFO:Iteration finished:380
2020-04-10 14:27:00,936 INFO:Iteration finished:390
2020-04-10 14:27:02,128 INFO:Iteration finished:400
2020-04-10 14:27:03,069 INFO:Iteration finished:410
2020-04-10 14:27:04,328 INFO:Iteration finished:420
2020-04-10 14:27:06,498 INFO:Iteration finished:430
2020-04-10 14:27:08,625 INFO:Iteration finished:440
2020-04-10 14:27:10,713 INFO:Iteration finished:450
2020-04-10 14:27:12,951 INFO:Iteration finished:460
2020-04-10 14:27:15,079 INFO:Iteration finished:470
2020-04-10 14:27:16,294 INFO:Iteration finished:480
2020-04-10 14:27:17,997 INFO:Iteration finished:490
2020-04-10 14:27:20,198 INFO:Iteration finished:500
2020-04-10 14:27:20,198 INFO:sampling done! Took: 73.2859s
2020-04-10 14:27:20,199 INFO:Mean acceptance fraction:0.5878
2020-04-10 14:27:20,199 INFO:Sampler: <class 'cosmoHammer.MpiCosmoHammerSampler.MpiCosmoHammerSampler'>
configuration: 
  Params: [250.  65. 750.]
  Burnin iterations: 250
  Samples iterations: 500
  Walkers ratio: 20
  Reusing burn in: False
  init pos generator: SampleBallPositionGenerator
  stop criteria: IterationStopCriteriaStrategy
  storage util: SampleFileUtil
likelihoodComputationChain: 
Core Modules: 
  PScore
Likelihood Modules: 
  PSlikeModule

2020-04-10 14:27:20,199 INFO:start burn in
2020-04-10 14:27:20,201 INFO:MPI Process rank 0 starts sampling
