(S'MT19937'
p0
cnumpy.core.multiarray
_reconstruct
p1
(cnumpy
ndarray
p2
(I0
tp3
S'b'
p4
tp5
Rp6
(I1
(I624
tp7
cnumpy
dtype
p8
(S'u4'
p9
I0
I1
tp10
Rp11
(I3
S'<'
p12
NNNI-1
I-1
I0
tp13
bI00
S'\x1c\x8aJ\xc0\xdb\xa7?lO\x028>R+\x05\xf6\xa0\xfe\xdd\xe7u7\xdcw7Jc\x0e\x06\x0e\x1cT"i6W\xecI\xa7<1\xe8j\x8a\xfa\xeb\xd9\x80\x0c\xd6T\x97\xe3\x18\xb7\xcds\xc33\xf2\xfd\xa5x=\x0b\xa3\x8c:U(\xfd\x9a\xe1%p\x8a\xc6\x18\x05\xea\x08\x85\x8d\x0c\xbf\x9b{\xdd=\x14H\xb7\\gB#\xc7\xd4\xe5\xe6\xe5\x9dO\xe0tt\x1e3$\xaf\x8a\xe7\\(\xe7\xe3\xbb\xa1\xe4Q1\x1b\xa1\xc4%\xaf .\xed\xc3=\xba\xb7\n\xe3\x19\x0cDM z\x8f\x0ei\xc7\xba&\x0b\xa5\xc3a\xd3\xf8\xd6&\xab\xa0V\xd9\x02\xe9\xb3\xa4\xad\xae0A?Q\xc1\x18\xf74n\x7f[P\xb6U\xf9\xf5g\xa1\xc2\x12\x80u5F\x0c2\x9a\x11\x91\xcc\x16\x0b\x94)#\xdf\xf18\xfe>K#\xc7\x8e\xfdi\xf1\xe2\xb5\xec9k\xba/5Xk\xd6I\xec\xc1qWv\xd1\x0ce7\xdb\xeb\xda\xf3\x8c\xe8q*\xd1\xfdv\x8c \x88\x15\xb7\xd7\xa25\xd8e5>\xc0OT\xfa\xfd\x04\x99\xc4yV\xc1\xd5A\xb0\xc2\xe6\x02\x7frW\xcc_\\\x93C\x02\'y\xe3\x84\xc1B\xc1\xc5\xd4_\xca\xfc\xa1\xda\xa6\nLo\xb4\x891\x98\xefB\xf0i\xe8\x9d\x06\xb21"0(lB\x8a\xba\xbe\x91WU(\xaf\xe3\x83%.\xe1X,\xb8\xa2\xd4\x86`\x04\xf6\xf5\x9b\xa1\x95xl3U\x15\xef\\\x95\xe0\x03q\xb3\xcb\xe4\x80a\x17\x80\xf1g\xdc]X\xee\xbfG\xa2"\xf8+\x9f[\xd5\xc7\x12\xd6\xd4\xb2\xea\xc1\x85\x10\\\x9b\x93\xe7B\xc8\x89]\x9c\x12|\x1cF\xa4\xac\xcf\xdb\xb68!p\xc9P\x9a`l\xf1\xcf\x92\xddWX\x19\xa2[\xcfl\xcdNN\xb4\xad\xfd\x94[.\xfd\xa50\xe4Y\x8bdZ\x0c\x8f\xe3\x02\x96/`\xe4\xb3\xb4\r\xf1\xc14\xefrm8OE\xb8\xf4\xa4\xfaw\xe5\x94\xa3\xd6\x9d\x85@\xf3\xc0\x9a\x83:I\xe8.\xafeQ\x93\'\xbb\xb3 \xdd\xe4\x9f\x1fhH\xf7\x11\xc3\xf4\xac\xd2\'VZa;I{-\xa2=\xe5\x038\xbem\xe1\x8d%;\x8a\xfe\xf9\xbaM/vZ\xcf\xa7\xfb9\xc6\x00\xbbN\xffe,\x12\x001\x84s\x83\'\x15\xae\x87\x18\x82\xd3X\xd28\xb1\'\xe6C\xd3\xa7\x81\xa4JH\xb8\xd4\xd671U\xb6\xd6\xf5\xcb\x06\x0c`\x7f\xa4a\xf10\\\xe9\xa6\xd8\x80Da\x1b\xd2ne\xc9\xdd\xa9\xa4O\xe5b\x80Q\x8ad\xa6,\xdb\x11\xc5;\xe5\xea\xfck\xe6\xecV\x8f\xa8\xd4\x9b;t\x19\x9d\xd09&\x1f1\xde{\xf7T\xdaO3y1\x18\x95Bs\xed\x80\xbe\x9b\xd9,\xad/\x8b\xc3\xf96\xd80\x82\x14Q\x12z]j\x04\x1f\xafU\xb1\xef\xeap\t\xd0!\x1c\xfa%\x95hp\\\x1ed\x92\xd8\xef\x8f\xbd\x04\x825n\xd2v\x1f\xca{\xb2~M\x00M\xa1p\x19\xbf\xbc\xdf\xd3K\xba\xbfO6:5M\xc4y;P\xc1\xe0R\xdb\xa2\x12\x16 _\xe1\x1d::"M\x99B\xef\xb9\x9d_\xca\xb6\xe82\xd3\x00\r\x98\x03LV\xab\xa5Rb\xc3\xe5\xa6\xe1\xdcyIi\xff\x88W\xbcQ\xc9Y\x8c\x83/\x19\x14\xd9\x7fY\xad\xc9\xb7\xa2\xd2\x1e\xd4\x03j\x111"7\x02;O\xbe\x98`\x9f\x84\'\x82\n&\xdfhH\x96$\x15\x9d\xb6gE_\xaa\xf7\x95\x9d$0q\x03S\xd6r \x13\xe6\xce\x02MY\xe9\x95\xea\xb0hS\xd9/\x1bN\xd9\xde\x84\xf0\xb0\xef\xb6\xf8G\xe87@\xd1x\x0f\x00o?\x7f\xe7M\xeb6*\xdc\xc0\xbf\xd4\xaa[4\x9f\x076Q\xbf\xb5,4\x0c\xca\xf7\xfa\x8a\x16]\x01\xa1\x9d)\x94h/\xd7\x82\x1f\xeaf:w\x1e\xe4M(L?\xaa$\x9d\xe3j-\x85\x86\x04G\x7f\x7fxd\x8c\xc4T\xd3P\xc3\xf9\xc0:\xe7\x13\xa5\x1a\n\xff\xae4~\xd4e\x9e\xeaV\x03\x0c,\xedWV\xbc0\x9c\x7fj\xc3\x88L;\xab36\x8d\xb6\xe6\xfbf>\xc4e\x9c\x8c\xe5;\xa7D\x9c\xe9;\xd7`\xd3cb\xcb=\x1f\xe9\xec\xae\x9b8\x83\xafZ\x83\x1f\x87"\xf6]\x8bb\xbd\xbf\xd6\xd0\xa9\x16\xbc"\xf7\x16\x92t\xb8^\x08&>\x94\x1f;\x97\xd1\xed\xf1\xd2\x91\xb0\xa9\xc4@kiA92\xeb[\x04t2\x89\n\xedp\xc5\xb5^B\x84\xb0\xee\xff\x83\x1c\xa30\xdb\x08\x86\xc0\x1bF\x10\xd5\x1a\xca1p\x91>\'\xfc\xde3\xc9\xbc\xe8\x07\x19\xfeQ\x84\\P\xfa\x88#\x1f0\xd9\x0eB\xb0\xe0a\xff\xff\x9b|\x10\xf2\xfc\xbc\xac\tL\xc5`sq\x87\xbcF\xa6\xd0\x96\xbb\xa0\xb6\xe5jg\xb6\xd0~x4"w\xa2>\xae\xab)~v\x99^&\xe6Lkt\xee\xban\xde\x15\x1f67\xab\xcfz\xf3\xf72\xaf\x87b\xe2?Z\x89r\xbc-\xe9\x871\xb73\xe9l\xa4(A\xfc\xd7]=\xe04?\xf29\xd81\xa3\xa6j\x04(\n\xb7\x15h\x89\xfc\x82\xef\xf4l\xbd\x0fZ#\xf8rI\xf9\xf2\xde;\xf1\xa3\xfb*\xfd}Rs\xf0\x95\x1d\xad\xccNP\x9f\n\xeb\x9a=9\xac\n\x13\x17?\xbd\x93d\xcf\'\xd8X\x9c\xdf\x08\xbb1>RV\r\x9b\xf1\x0e\x1bI\xa6Jp\x91\x99jwdCI\x82\x81\xd1)\xfc\xb0)iC{i\xaf\xcc;\xa7\x88n\x1d6\x15\x15\x12\x1d\xfabz\xf2\\2\x9e\x9c\x8b\x00@\x80N\xa4\xb0\x18\xb7\xeb/8\x15\xf53\x97\x84^4\x1eAN\xa3\xbe\x00]M\xe4i\xc3\xe2\xa5\x187\x8b9l \xe1\x1b\xfa\xd2\xdd\xadg\xdd_i>\x0e\x08\x87rG2\xff\x1bv\xbe{\xee\x10\xa0\xec\xde\xe7=\r\xb6\xd3\x8f\xaf\xbd\x9b!T6M\xe7\x10\x99\x07\xadj\xd3\x13,C\xbf\xdd\xf8\xda\xde\x13\xc9T;\x92\xdf\xca\xca\xdd\x88\xb4)\xbbrc\x81p\x9e\xe5\xc5S\xb2\x05"\xe5$\x8a\x9bBw\xd5u\nj=\xb0\xf2\x06\xf0 \xb5}\xd4\xf4~\x11\xd0+\xae\x9dn\xde\xdaK\x9b\x87x\x16l\xa9\xf1\x8e\x0f\xf6#\xc19\x98!\x9as\x89\x94\xd3\n\x82i\x11(z<\xbd\xdeX\x11\x888\xbc\x1a\x1d\x89\x95}\xf4\x82\x0f\x19\t^U(\xd7\x9cz.\xb6\xe7\xc6\x1b\xce\x0ees\xb4\x0f\xed\x11\xc2\x05\x06C\xea\x87\xd8%\x19\xcc\xae\xd9,\x98a\x1d\xd9T|1\xfd\xb0\xcbcfn=+{\x10\xc0D\x14\xe3<\xb5\xa5\xc7\xd0\xa6\x8b\xfdW\xda)\xeb\xdd\xe6\xb6\xb6a\x04\xd1\xf7(iK\x9d\x1c\x07\x8b\x14s\xff_\x95h8U\xa8\x14\xf1\x95\x82\xae\xfe\xf1j.L4\xb8dX\xf4\xaf\x8b\xa64\x89\xa7~*\x87X\x1c-\xd4\x06m\x9ex\xad\x12\'\xecu\xc9\x894\xac\x89\xb8\'Isc\xc0\xa0\xf6\xa5AI\xa2\xddB\xcf\xc2\xf9}\xc8~\x80\x86\xe7\xc9\x1d#\x08\xb7\xd0\x07,\xfakT\xba\xd3\x97\'\x9ac\x92\xed\x04\xaaJ;\x92x\xc9\xaa\xd7\xba\xcdV|\xd6\xc5\xc8\x9e\x03\x13G1\x1a\x86\x95\xed\xcce\xf9\x0cf\xf1\t\xd8\xa2\xd9\xeb\xc4o^\x8a\x19\xbd\xfcy5:\xd2\xe7\xd2S\xf4}l\xbdv\x1f\x94d\xc5\x12{\x87\x05\xb1\xe1\x8b\xf8\xdb\xeeA\xf2d\x13\xafOw\xd5\x84\xfe\x1e~\x06\x9f\xbe}n\x87wW\xbf\xc0\xdc\xa6\x8b\xeb?\x0e\xa9\xdd\x99\xc4\xf0f\xb3\xfb\x82\x7f\xd1\xa77\x11I\x9be~\x00g:j\x98Xg]\xb4i\xb8T9\xd0\x18\x1f\x1b\xd5\x14|C\x16\xc9\x05L\x00"Y\x88\x8d\xd7\xadu\xec\xd1]\xf7\x1f\x860T\x9b\x81\x98\xaf\x16\x9e\x8cJy 8\xcfu\xbc{\xf0\xf9l\xa7+\xf2z\x1a\x17\xc5V\xcb\xbf\xee\xe7w\x064g%\xea\xf2\x82T\x8dY\xda\x9bO\x0f\x92<\xdd\x0b\xc4\x8d\xe2\xd8|\xd5F\xcb\xa9F\x04\xa6\xba\x8e\xef\xe5B\xd7{\x84\xda00\xaf\xbb\x86\xf8~\xd3y:a\x8e\xf2\x94\xe9A\xfe]+\xfaRV\xa7\xcaA\x0f+\x0b\x90\\\x1b\x91\x97\x9a}\x84=\x99\xaes\xf5\xa5\xbe\x02\xbf\xf0\xb7\xbb\xb31\x80\xc1\xe0\x1b\xa6\\\x9dg\x84\x9d\x96J\xe5\x8b\xcc\xcf:vv\x14\x9e\x02\x1d\xd1ZT\x05\x9a\t\xe0CBT\xa2\xbb}\x88\xa1,T\x02U\xc5\x1ap\xe2\x7fC\xec\x15j\x8c}\xaal/<~\x8b\xa3\xf5\x9d\x1fwp\xa7)\x1e!s\xa5\x08NU)\xceo\xb527@\xf1\xcb\x92\xc7\x9e\'\xb9\x93\x89XD\xc8l\xf9hV\xba\x806\xb7\x03\xfa;\xcb\x06\xb8\x1b$\x9e\x9a\xa5\xbf\xd4\x93\xcdr\x16YA\xf5\x1dg\x1fk\xfd~V\xaa\xeb2\xe4\xea]gM\x8c\x8fe^\x8e\xf2[\xcd\x06a\xec\x0c4\x84v\xb3\xfdmSG>[\x7f\xc7\x81\xf44i\xf6v\x0f5-\xdc\xef\xceW\xea\x99\xd4\x18\xf7\x8blF\xb9}$\x0cn\x85\x9b\x02\x82\xbe\x9e\xea\xc3\xef\x83\xeb\x01\x99\x15\x0c\x1c\xc7\xa6U\x05\xfa\xda\xc5\xe6\x86v\xda/\x8e\x84&\x10\xbf\xa5\xe9(LO\xf1\\\x88U\xf9\xe0\x92\xd1g\xb4X\x1c\xc0\x00V]\x1b\x85\xf7$N\xe5\x84q\x15\x1a\xb8~G\xfb\xc5^t\xe8V\xeeq\x81z}n\x1b\xfd\xcf\xad\x1dQ^\x96>\xde\x83\x16\xd3\'\x97mkU\xd3\xd7\xddb\xef\x02\xb1\x8a_N\xad\xe4\xab\xa3c@JD\xa3#\xfa\x81\xf5\x02\x0f\x01S\x8d\xe1\xbah\x1bw"\xf5\xcb\x83I\xf1\xb6Y\xfaH+f\x9a\x8f*\xe2\xa3\x8b\x9dm\x1a\xd4\xa6/\x1d\x85u\xc3\xf3<L\xb9v\xca\xbb\xe1sZ\xfd+j\xc1\xe4\x8e\xb4w\x80\x070\xe6)\x00V\xe5vh/8\x84\xa8\xbfD\xde\x1bKM\x90M3\x80M\xf4\xba\xa8\x86\xdc\x99\x8a9k\x7fs1\x0e\x17o2C\xd1\xb0\xfa\x12\xde@\x14\xdc\xce\xe9\xe3\xd1\xc6G\xa5\xa6=\x18\x0bl\xc4U\xcdR[#@6\xc5\x17Ay\xb7g\xe8Q\xa3-\xb5H?QX\xd9T\xf7W\xd2\x8c\xfeGNG$\x879h)\xb6\xe9\x13\xfd\xcftBc\xda\x8eD\xe0\xac \x7f\x8d\\\x04\xad\xa1\xbb[\x01\xc0x\r\xa2\xe8\x13\x16\xd0{\xbe4\xffXx%\xae\x0f&\x15n\xf8\xf5\xfe\x16\x81\x8d\xff,Ize*\x877E\xff*L\x08\xbf9\x01,\xca\xb3\xbccg\x89C\r\xc3*q\xb5g\x17\xb6\x9b-\x1d5'
p14
tp15
bI500
I0
F0.0
tp16
.