2020-04-10 15:05:52,434 INFO:Using CosmoHammer 0.6.1
2020-04-10 15:05:52,434 INFO:Using emcee 2.2.1
2020-04-10 15:05:52,435 INFO:Sampler: <class 'cosmoHammer.MpiCosmoHammerSampler.MpiCosmoHammerSampler'>
configuration: 
  Params: [250.  65. 750.]
  Burnin iterations: 250
  Samples iterations: 500
  Walkers ratio: 20
  Reusing burn in: False
  init pos generator: SampleBallPositionGenerator
  stop criteria: IterationStopCriteriaStrategy
  storage util: SampleFileUtil
likelihoodComputationChain: 
Core Modules: 
  PScore
Likelihood Modules: 
  PSlikeModule

2020-04-10 15:05:52,435 INFO:start burn in
2020-04-10 15:05:52,436 INFO:MPI Process rank 0 starts sampling
2020-04-10 15:05:53,526 INFO:Iteration finished:10
2020-04-10 15:05:55,190 INFO:Iteration finished:20
2020-04-10 15:05:56,999 INFO:Iteration finished:30
2020-04-10 15:05:57,960 INFO:Iteration finished:40
2020-04-10 15:05:58,830 INFO:Iteration finished:50
2020-04-10 15:05:59,972 INFO:Iteration finished:60
2020-04-10 15:06:01,874 INFO:Iteration finished:70
2020-04-10 15:06:03,272 INFO:Iteration finished:80
2020-04-10 15:06:04,183 INFO:Iteration finished:90
2020-04-10 15:06:05,113 INFO:Iteration finished:100
2020-04-10 15:06:06,987 INFO:Iteration finished:110
2020-04-10 15:06:08,708 INFO:Iteration finished:120
2020-04-10 15:06:09,585 INFO:Iteration finished:130
2020-04-10 15:06:10,445 INFO:Iteration finished:140
2020-04-10 15:06:11,764 INFO:Iteration finished:150
2020-04-10 15:06:13,604 INFO:Iteration finished:160
2020-04-10 15:06:14,788 INFO:Iteration finished:170
2020-04-10 15:06:15,640 INFO:Iteration finished:180
2020-04-10 15:06:16,476 INFO:Iteration finished:190
2020-04-10 15:06:18,242 INFO:Iteration finished:200
2020-04-10 15:06:19,975 INFO:Iteration finished:210
2020-04-10 15:06:20,832 INFO:Iteration finished:220
2020-04-10 15:06:21,727 INFO:Iteration finished:230
2020-04-10 15:06:23,078 INFO:Iteration finished:240
2020-04-10 15:06:24,844 INFO:Iteration finished:250
2020-04-10 15:06:24,845 INFO:storing random state
2020-04-10 15:06:24,845 INFO:burn in sampling done! Took: 32.4104s
2020-04-10 15:06:24,846 INFO:Mean acceptance fraction for burn in:0.5219
2020-04-10 15:06:24,846 INFO:Reseting emcee sampler
2020-04-10 15:06:24,847 INFO:start sampling after burn in
2020-04-10 15:06:24,848 INFO:MPI Process rank 0 starts sampling
2020-04-10 15:06:26,072 INFO:Iteration finished:10
2020-04-10 15:06:26,927 INFO:Iteration finished:20
2020-04-10 15:06:27,779 INFO:Iteration finished:30
2020-04-10 15:06:29,431 INFO:Iteration finished:40
2020-04-10 15:06:31,161 INFO:Iteration finished:50
2020-04-10 15:06:32,089 INFO:Iteration finished:60
2020-04-10 15:06:32,967 INFO:Iteration finished:70
2020-04-10 15:06:34,119 INFO:Iteration finished:80
2020-04-10 15:06:35,892 INFO:Iteration finished:90
2020-04-10 15:06:37,315 INFO:Iteration finished:100
2020-04-10 15:06:38,181 INFO:Iteration finished:110
2020-04-10 15:06:39,079 INFO:Iteration finished:120
2020-04-10 15:06:40,713 INFO:Iteration finished:130
2020-04-10 15:06:42,510 INFO:Iteration finished:140
2020-04-10 15:06:43,426 INFO:Iteration finished:150
2020-04-10 15:06:44,255 INFO:Iteration finished:160
2020-04-10 15:06:45,262 INFO:Iteration finished:170
2020-04-10 15:06:47,040 INFO:Iteration finished:180
2020-04-10 15:06:48,560 INFO:Iteration finished:190
2020-04-10 15:06:49,406 INFO:Iteration finished:200
2020-04-10 15:06:50,249 INFO:Iteration finished:210
2020-04-10 15:06:51,606 INFO:Iteration finished:220
2020-04-10 15:06:53,353 INFO:Iteration finished:230
2020-04-10 15:06:54,560 INFO:Iteration finished:240
2020-04-10 15:06:55,397 INFO:Iteration finished:250
2020-04-10 15:06:56,228 INFO:Iteration finished:260
2020-04-10 15:06:57,946 INFO:Iteration finished:270
2020-04-10 15:06:59,727 INFO:Iteration finished:280
2020-04-10 15:07:00,593 INFO:Iteration finished:290
2020-04-10 15:07:01,421 INFO:Iteration finished:300
2020-04-10 15:07:02,576 INFO:Iteration finished:310
2020-04-10 15:07:04,384 INFO:Iteration finished:320
2020-04-10 15:07:05,756 INFO:Iteration finished:330
2020-04-10 15:07:06,595 INFO:Iteration finished:340
2020-04-10 15:07:07,448 INFO:Iteration finished:350
2020-04-10 15:07:08,994 INFO:Iteration finished:360
2020-04-10 15:07:10,739 INFO:Iteration finished:370
2020-04-10 15:07:11,725 INFO:Iteration finished:380
2020-04-10 15:07:12,601 INFO:Iteration finished:390
2020-04-10 15:07:13,557 INFO:Iteration finished:400
2020-04-10 15:07:15,333 INFO:Iteration finished:410
2020-04-10 15:07:16,911 INFO:Iteration finished:420
2020-04-10 15:07:17,735 INFO:Iteration finished:430
2020-04-10 15:07:18,555 INFO:Iteration finished:440
2020-04-10 15:07:19,776 INFO:Iteration finished:450
2020-04-10 15:07:21,559 INFO:Iteration finished:460
2020-04-10 15:07:22,863 INFO:Iteration finished:470
2020-04-10 15:07:23,719 INFO:Iteration finished:480
2020-04-10 15:07:24,556 INFO:Iteration finished:490
2020-04-10 15:07:25,400 INFO:Iteration finished:500
2020-04-10 15:07:25,400 INFO:sampling done! Took: 60.5526s
2020-04-10 15:07:25,400 INFO:Mean acceptance fraction:0.576
2020-04-10 15:07:25,400 INFO:Sampler: <class 'cosmoHammer.MpiCosmoHammerSampler.MpiCosmoHammerSampler'>
configuration: 
  Params: [250.  65. 750.]
  Burnin iterations: 250
  Samples iterations: 500
  Walkers ratio: 20
  Reusing burn in: False
  init pos generator: SampleBallPositionGenerator
  stop criteria: IterationStopCriteriaStrategy
  storage util: SampleFileUtil
likelihoodComputationChain: 
Core Modules: 
  PScore
Likelihood Modules: 
  PSlikeModule

2020-04-10 15:07:25,400 INFO:start burn in
2020-04-10 15:07:25,401 INFO:MPI Process rank 0 starts sampling
