(S'MT19937'
p0
cnumpy.core.multiarray
_reconstruct
p1
(cnumpy
ndarray
p2
(I0
tp3
S'b'
p4
tp5
Rp6
(I1
(I624
tp7
cnumpy
dtype
p8
(S'u4'
p9
I0
I1
tp10
Rp11
(I3
S'<'
p12
NNNI-1
I-1
I0
tp13
bI00
S'\x1c\xc7R\xe7,\x8b&Y\x0bA\xa4\xd2<|\x08\xc8\x1b\x16\x08Q\xe28\xf5h/\x1e\xee\x82y\xc1\xfe\xe4\x13^[\x1aP\xb6\xe2\x08\xc1K\xa8\xb7IeJ"1\x89N\xfcL\xee\x8d\xef\x85\xae\xb6\xa5p\x05;q\x81\x16\x81F\x1c.\x16\x0c\x83\xc8op\xeb\x94\x91\xc8w\x08\xcd\x00\xee\xe9wg\x96\xb2W\\4/Q\xb2J\x80A\xb6\xf0\x16\xfc\xc0\xcadW\x0b]\x9dA\xc7u`\x8e\x90\x90E\x0c\xa1\xc8TF\xbf!<6\x90\x87!X\xf8\xde\x8b{\xf6\xe7\xebM\x98\xe4\xdai\x0b\xcb\xd1O\x0e\x9a\x83\xd8/\xed\x03\xa7\xc3\x19\xa7\xb8r\x05\xf9\xb5BDUwx\x9cIC\x1fW\xd3f\xf7\x959\xe0\x94\xbdqK\x05X\xc1\x84\xd2\xc3M\xa80U\xe5y\x04\xdf)\xfa\n?\xfe\xda4Gl\xd5[1\xca\x16R\xc5v\xa6\x13\xbaK\'\xbd\x9d\x14\xcd\x10\xa7\xd6\xe9\xb7s\xa4\x1f\xe9~\xf0\xc8\xa2\x02\xeeP\xd5\x7fp\xc4\xa9\n\nA\r\xd0\xcezb\xf9\x1b\x16\n\xd5C0\x9f\x96\x03\xb5\x89I\xd5hJ>\x0e\x02\x03WDu\xa2\xf7\x1e\x18Y\x8a\x18\xc2\xcb\xae\x1cX\xa5\xe8\x95j(G\\\x03\xf8\x11-\xe9f\xe2In\xb8E\xfd \xf2\x17@\x92\x7fH\xbc\xf4\xaa\xd4\xd1\xd6\xff\x1f(!\xf9\xc5L\x8f\xa9`\xdd\xedNo\x9f\x87\x00\xb2\xb3\xb6B\x91\xd5\xc6\xeaz\x03?\t\xf3e\xc2\x1e69\xa7\xe5\xb3\xa4@\xf8\xb2\x14\x84\xb7\xb7fcuz\x8e\xea\x7f\xa1\xe7\x86G\xf4\x19\xf0\xd1\xf5\x00\xf1%?AH\x82\xa8\x9c\xac\xb3\xf3\xa5\xd4\x03\xa2\xc1\x0b \xf6\xca\xdb[GT2\xd7\xa9\xa9\x0fz\xc7:\x9dsiJ\xdbv\xee)\x9f\xb8\xcc\x103\xe0<6\xbc\xfe\xb5{\xfc\xea\xbcW\x013\xde_\xce8\xde\xad\x1b\x7fk\xe6\xb0\x00\xb3q\x01\x1c\x07z"A\xf3c\x9a\xf6\x01*\x102\x10z\xcc3A/\x0f\xbbz\xb6\x05\x11Y%%*\x16(\x10\xa3v\rl\x1d\x03\xd5 63\x9a6P\xe1\x19x\xf30f\xc2\xae\xb6\x18\x1am4\xef$\xba\xde\xa4\xd4\xa5\x93\x17}Q=\xfb\xdcq\x8b\x16Mm\xd0\'\x1b\x86\xbfx!N\xd8r\x9fI\xbd\xbd\\\xc8!\xb0\xbd\xae\xb4\x85\x9c\xfez\xb8r\x88\xbc\x10\x88P\x02T\xae\xaf\x88\x86\xaeDO\xcd\x07\x86d4y\x15t\xdd\xb7!\x8f\xe2&%9\x96\x0e\x84f\xc2d\x93\xd1:HC\xf2\x83\x92\x92Jk\xc6"\xed\xde\x13W\xfc\xd3\xcd\xbe\x98\xa7\x8d\x04\xfa\t\xdf\x83l\xda\xc9\x84\x02\xb1.\x13@\x87\x92\xe8\x90\x05\xef\x08\xfc0\xce$n\xcd\xe9\xcb\xb5:\x05\xb37\xb3x\x7f=nI\xff{\x9c_Z\x14Ii\x96$t5\xfcW\x11\xea\xe8@O\x8fi\x17G/\xfd\xdd\xd9t\xc4\x9c\xc3Q\x14D9\x0e\x07+m\x1cd\xce\x1b\xae\x1dP\xdf\x94\xc6E\xa7\xdeu\xed\xa6B\xf3\xe7\x7f\x9b@\xcec]>\x9b\x8cH6s\xc0\xff\x8a\xaa\xed|\xcd\xd6)?\x13\xadb|w\r\x19\x85\xdd\xeab\xf7#_\xc3\x96L\xf4\xf1,\x88\xe8\xa8\x11\x96\x0b\x84m\xc7\x94\x12\xfa\x837.T\x0fa\xd1\xca\xc1n?^?\x992iMn\xda\xfe*\x05?\xe6\x8d\xf2\x82\x1e\xb2\xbf\x02\xa3vY\x9e+\xb9\xd9\x05\xed8\x9d\x07\xffM-+**y\x1f\x98[Q\xa3\xeah\xaej_\x1c\x80\xc4.\xbb]Go\x15\x1e.\xddT\xf1\x15\x0b_\xd2+X5\x95\x99\x8c\xa9\x9d\xf9\xb6u\xbc\xd3_6\xdd\xc7\xf3\x86B+\x88"*\xbf\xa9\xd3wp\x85i\xb1Y\xb3\xba\x88\t\x81&\x07\x8d\xaaI\xf0t\xdd\x11G\x8e|\xf5\xad\xed\x18\xb4F\xce\xeb\x9b\xf8V\x15\xe9}"*\xc29\xe6\xfct[\xdc\x9fv\x05\'P%\xa7lZ\x1e\xbb]B\x95\xbb\x80a\xc4\x1fO\x8c\xf6\xcbj\x14)2\xa1\xd2g\x98J\x019\xf05\xb8\x05\xe2\xf7/-RD68_:\x96Y\\\xfa\x8e\x0f\xe2\x17\xd3\xb9\xe2\xb7\x16|\n\x89)+\xa1\xeb\xf5U\xaf_\xbd\xc4\x88\xb4\x8d\x8dD\\\xe4\xa1\xe3\x9cb(\xb3\x9f{ Ct\xfc\xefK\x9eX\xe9\xbd&\xa8Y\xa0RzX\x14\xaf@84\xbe\xe7\xae\xee\xfa\xcf\x9ek\x8c\x9c\xc6\xd0\xe1U\xba\xf5@\x9c\xf0O`\x97&\x85\x1c\xb3\xdc\xcbQ\xe2\xca\x19\x06i\xc1\x8c\xc3\r\xedy\xaf\xc0I3\x1a\x8c\xf8h\t\xf7E\x9ee8\x16\xdfl\x81\xe7@>\xed\x99\xec\xf7\xbd\xd4H\xafp\x88!\r\x02F$\xd2\x0c\xe0l\xab\xeb\xf7\xca\x1d\xe9\xe9\xf8]T7e\x85\x9f\xedn\xd15$\x1b\xc8[\xda\x1c\x90$.\xfa\xdf\x8cl\x8c\xb6\xc3\xb2\xa1\x96\x9cGJ\xbd\x0bN\xef\x85\x05\xa1\x9er\xc2,\x87\x1eOU\xac\x9a\xa8\x12u_m\x1b\x1c\xf7\x88C;Q\xc8z4.\xcce4\xb8\xb1*\xb0\xbe\xbeZ\x88\xf2\xf9\xb6\'25\x1b:\x18\xad\x1a\x17(\xac\xe6\xa9 \xfa\x99\xc2\r"\x0b\x98\xe2\xaf\xf52\xda"E]%\x87\xce8r\xee9\xd5\xef]vN;\xcf\xca0\x01\x16\x9b\xf1(_\x97\x9a\xa6\x9ce\xeb"\xd1C\xff\xbf\xfd\xf7+\x83\x03\xf3\xc7\xfb\xa2\x16\xe2\xaab\xf2\xa7\xffVw;\xf6i+@\xfe\x1b$e\x8a\r\xc8~\xb7\x1d\xc4\xde\x97\xa3\x1f\xb4j\xa2\xc7v\xb7#\x08<\xf8\x0bg\x8a\xc7pWLKi\xa0\xc83\xc9\x92\xcf.\x88J\xfe\x9f\xba)\xab\ti\xc0\r+\xfc:y\xd6\x9a\x95\xb4\x1b\x0f\xd7\xc0\x0fi\xb18\x18\xfa\xe7\xe4=\x00\x14\x17`\xfd\xaf\xa7\xae\x07\x87\xe5\x8bQ}F\xe4\x01)\xd2\x0bY\xb8\x89y0S\x86|\xbf\xa7l\xfc@\xc2\xe3~uF\xbc\xf9|\x96\x85\x1d\xf7\xcf\xf5\xbe\x0b\xb464\x86\xa8\xf1SC)\xea\xc3\xfe19 \x7f\x14\xf0\xff\xbe8l88\x15^\xe35=u\xc8\xdf\xb5zu\x18\xcc\xc3f\x1d\x0e?2\xe3%\xab\xf0\xe2\x834\xc3\xac\xf8Ny|6\x08\x8cbG\x16)\x8a\x92G`\x1e\xf4\xd2\xb7\xfc\x10\x00\xe0x\xae\xc8\xa9$tb\xda0\xbcU\x1c\x9ap|\x90\xdf\'\xd2\xa0X\xc0>\x94"\x07\xf7\xd1R\x01\x03\xe7\x0e\xbf\x139\xa8\xba^\xb1>>c#\x90\x87\x17\xc1\xd6\xd2\x9b\xbd\xd2\xd0\xfb\\]\xd2\t\xd1M:,\xd5\xa0W\x17\xa2\xc2\x83\x057\x89\xbd\xc9\xbb\n\x10\xd5\x8d\x83\xd2\xd6\xbd|K\xb1\xf7\x91\x811}\x80\xc2\x8a\xd3\xe3G\xcd_\xb9\x1c\xb4M\xaaREc\xca\xd9T\x82;5\x0e:\xf0v?\xaf\xf4\xbdB&Mc\xa03\xf1\x94\xd1(\xca\x02F)"\xb2\xd8\xfd\\\xde\x11\xe0\x1aLF4\xb3\xda\xde$r\x12\xfac\x03\x1f@8\xc9\xb3\x99%\x1a\xbc\x0e\xd0\x06f\n\xb3k\x08\x853]\xb6\xb8r@\x12.\xaa\x86\x96\x08\xe0\xc1$Y\xd4\xb2m\x04b\x05\x86\xea\xb3\xaf\xff[\x14\x0e\xa9\xb1\x88\xe19\xc4\x95D\xc1i\xc8\x809-\xf4\x9f%\xefWj\xa8\xe7\xd5\x17\xcb\xa2\xa9\x90\x03\xaf\xd05\x8a\x0em\xd6R\x9d\x9f\xb9Z\xbf\xf1\x1b\xd2\x90\xb1\x16S\xda\xb5\xa8\xa8\xb8\x83\xac\xffC\xfbd\xc95\x0b\r\xe4\xado\xec\x0e@\xed\xfb\x81\'E\x1a\xab\xf7\xbb/qn\x13)j\xd2\x18\xd2\xa6\x86h\xd3:d\xf8\xb9a_\x8f\xe9\x90%\xb0\xbbE\x08\x92Iw\x14\xa4\xa5U\xd8\xee\xc8c\x18\x99\xe6IxG\xb0\x08\xbb\xae\\\x83E\xe9\xa33\xf7\xa0.T\x06\x80\x86\xab\xc2^\xf0Jg\xc5M\xc8\xb8\x99:aK\xf3Lg\xf3-l\xceL@\x98\xba\x1c"\x94\xa1sy\xfet\xb2\'\xd0\xf6\xe74\x95\x9c\xa3E\xce\xe7\xa3\x1f\xe1\xc5>\xdd\xa9\xd0\x90\xf1\xa8\xdd3I\x0c\xb7\xa4\x1d7\xd7\xa1jR\xe1\xaf\xb7\xd3\xe6\x07\x1a\x16\xcaZ/\x13\xef\xff\xc5[\xa9\xads\xf4\xe8sP\x97\x08\xfb\xdah\xff\xcf\xbb\xc3\x1f\xc1he\x060E\x8c\xf0\xb8"\xbf3akuT> nhW\xc4\xce\xf9\xf7:GG96=\x83\xeb\x19f\xb6\xca<=\xfb\x1f\r2n".#@c\xb5\\\xdf1\xf3E\xdf\xe4\x98\xfb\xe1\xa4=\xc7e\xf7\x93\xbd\'5\xd1R\xd5\xb3\xef\xeeF\x9b\xf9~o\xdcm\xbf\x8a\x82\x01\x97\xe6\x86\x04\xbe\xbew\x01\\\xa5\xd5\xe2`\x18n=\x97Gb\xb8\x82\xb2\xca\xf6\xa5\x81#@\n\xc8\xb0\x9b\xc9\xa8yaT\xc8\xe59\xbdTJ\xc7D\xc0M\xd5*a3\xc3\r\x18\x85\x8c2iu[\x9b.\\\xf0\xed\xf1\xecR\x9d\xeb\xd5\xf8\x15\x0b\x9c\x8f\xffm\xb8\xac\x15\x08\xf3\xe3Y\xd9;\x9a^\x03C\x99q|\xeb\xc8\xefz\xf3\xd2>X)\xe4\x13\xdeh\x0e\xff\xf9\xabFbx}\xf8[\tq\xf1\x96A!\x018\xe5R\xc7\xe7\xee\x10j\xb8@p8\x94\x14\x0c\x04\x92\x87[\x88\x99\xa6\x17\xe1@d\xde\x1b\xfd\xac\xa4\x8b\xab\xad\xc0H\x8f\xd5^\xa7\xc8\xec\x1bJ\x04wl\x87\xc4\xff\xcc\xaf~(LP2xBQ&\xa7\x94\xd7\xe0Y@\xee?\x8cu\xee\x93\x11\x0b\x9a{\xbc\x06\xb0\x93\xeb\x83;3[[\xdc\xf7:\xad\xa8\xe2\x12\xacC\xfa\x97\x91 F\xb7\x03\xe7*v-\xe7\xf7\xcb\x80\xc6\x03tf\xa3\x0f\xeb\xc1 \xb9\xa5l\xd3 \xe3o\xc1R\x1f\x02\x8a\xf1\x02\xac\xf2\xe6G\x18+\x0e]\xeb\x1b\xf7$\x1a\x1b\x8f\x94h\xc6\x89ER\x8a\xd0\xc7\xc9Lf\xa80\x92T\xcf\x0f\xeb\xe7\x12*3\xc9\x83\xc86\x1c\xcdx\xac\x92\xae\xda\xd01hK6]?\xca\xd3\x05A\x01\xca^\xcd\xf9c\xe6\xb7 \xad\xc0\\\xd6\xc7\x0eD\xcfr\xd0VH\x9e\x82ugo\x96\xe3\x9c\x9c{G\x97\xf2\x0bI\x1c\xc0\xe8\x84\xfag`1\xa7\x1b\xb3\xd4@\xab:\x91\x06\x9dt\x92!9\xa3V\xbf\xd4C}\x06tY\xd4x\xfd\xb1\xfby\xd1\x88S\xb75)\xbb\x9c3Ah/b\x13\x92\xbeR\xc1\x00\x98\x99o?\xb5~\x9e\xad\xdb\x80r\xa4\xe4\x98\xe0\xbb\xc4\x03\x1c\xce\xd6\x004\x8c\xae\xd0J\xb6\xd8\xee\xac2\xc8|\xf5\xd6%\xf0\xb8\x15\xec"\xa2h\xdaO\xc9\xde\x1c\xb8!\x9e\x87t\x12d\x96eVo/\xeaj\x90\xb9V\xfc1:.\x03a'
p14
tp15
bI494
I0
F0.0
tp16
.