2020-04-10 21:57:09,862 INFO:Using CosmoHammer 0.6.1
2020-04-10 21:57:09,862 INFO:Using emcee 2.2.1
2020-04-10 21:57:09,864 INFO:Sampler: <class 'cosmoHammer.MpiCosmoHammerSampler.MpiCosmoHammerSampler'>
configuration: 
  Params: [110.  65. 750.]
  Burnin iterations: 500
  Samples iterations: 2000
  Walkers ratio: 10
  Reusing burn in: False
  init pos generator: SampleBallPositionGenerator
  stop criteria: IterationStopCriteriaStrategy
  storage util: SampleFileUtil
likelihoodComputationChain: 
Core Modules: 
  Bkcore
Likelihood Modules: 
  BklikeModule

2020-04-10 21:57:09,864 INFO:start burn in
2020-04-10 21:57:09,866 INFO:MPI Process rank 0 starts sampling
2020-04-10 21:57:12,756 INFO:Iteration finished:10
2020-04-10 21:57:14,144 INFO:Iteration finished:20
2020-04-10 21:57:15,357 INFO:Iteration finished:30
2020-04-10 21:57:17,640 INFO:Iteration finished:40
2020-04-10 21:57:19,496 INFO:Iteration finished:50
2020-04-10 21:57:21,315 INFO:Iteration finished:60
2020-04-10 21:57:23,553 INFO:Iteration finished:70
2020-04-10 21:57:24,785 INFO:Iteration finished:80
2020-04-10 21:57:27,133 INFO:Iteration finished:90
2020-04-10 21:57:29,486 INFO:Iteration finished:100
2020-04-10 21:57:31,849 INFO:Iteration finished:110
2020-04-10 21:57:34,023 INFO:Iteration finished:120
2020-04-10 21:57:35,935 INFO:Iteration finished:130
2020-04-10 21:57:38,389 INFO:Iteration finished:140
2020-04-10 21:57:40,002 INFO:Iteration finished:150
2020-04-10 21:57:42,690 INFO:Iteration finished:160
2020-04-10 21:57:44,020 INFO:Iteration finished:170
2020-04-10 21:57:46,628 INFO:Iteration finished:180
2020-04-10 21:57:48,868 INFO:Iteration finished:190
2020-04-10 21:57:50,409 INFO:Iteration finished:200
2020-04-10 21:57:52,933 INFO:Iteration finished:210
2020-04-10 21:57:54,360 INFO:Iteration finished:220
2020-04-10 21:57:57,001 INFO:Iteration finished:230
2020-04-10 21:57:58,596 INFO:Iteration finished:240
2020-04-10 21:58:00,761 INFO:Iteration finished:250
2020-04-10 21:58:02,830 INFO:Iteration finished:260
2020-04-10 21:58:04,634 INFO:Iteration finished:270
2020-04-10 21:58:07,067 INFO:Iteration finished:280
2020-04-10 21:58:08,454 INFO:Iteration finished:290
2020-04-10 21:58:11,032 INFO:Iteration finished:300
2020-04-10 21:58:12,578 INFO:Iteration finished:310
2020-04-10 21:58:15,010 INFO:Iteration finished:320
2020-04-10 21:58:16,804 INFO:Iteration finished:330
2020-04-10 21:58:18,802 INFO:Iteration finished:340
2020-04-10 21:58:21,403 INFO:Iteration finished:350
2020-04-10 21:58:22,881 INFO:Iteration finished:360
2020-04-10 21:58:25,295 INFO:Iteration finished:370
2020-04-10 21:58:27,090 INFO:Iteration finished:380
2020-04-10 21:58:29,200 INFO:Iteration finished:390
2020-04-10 21:58:31,417 INFO:Iteration finished:400
2020-04-10 21:58:33,246 INFO:Iteration finished:410
2020-04-10 21:58:35,714 INFO:Iteration finished:420
2020-04-10 21:58:37,199 INFO:Iteration finished:430
2020-04-10 21:58:39,768 INFO:Iteration finished:440
2020-04-10 21:58:41,197 INFO:Iteration finished:450
2020-04-10 21:58:43,612 INFO:Iteration finished:460
2020-04-10 21:58:45,518 INFO:Iteration finished:470
2020-04-10 21:58:47,790 INFO:Iteration finished:480
2020-04-10 21:58:50,413 INFO:Iteration finished:490
2020-04-10 21:58:51,704 INFO:Iteration finished:500
2020-04-10 21:58:51,704 INFO:storing random state
2020-04-10 21:58:51,706 INFO:burn in sampling done! Took: 101.8414s
2020-04-10 21:58:51,706 INFO:Mean acceptance fraction for burn in:0.1159
2020-04-10 21:58:51,706 INFO:Reseting emcee sampler
2020-04-10 21:58:51,708 INFO:start sampling after burn in
2020-04-10 21:58:51,709 INFO:MPI Process rank 0 starts sampling
2020-04-10 21:58:54,293 INFO:Iteration finished:10
2020-04-10 21:58:55,937 INFO:Iteration finished:20
2020-04-10 21:58:58,126 INFO:Iteration finished:30
2020-04-10 21:59:00,194 INFO:Iteration finished:40
2020-04-10 21:59:02,121 INFO:Iteration finished:50
2020-04-10 21:59:04,518 INFO:Iteration finished:60
2020-04-10 21:59:06,116 INFO:Iteration finished:70
2020-04-10 21:59:08,581 INFO:Iteration finished:80
2020-04-10 21:59:09,933 INFO:Iteration finished:90
2020-04-10 21:59:12,480 INFO:Iteration finished:100
2020-04-10 21:59:14,766 INFO:Iteration finished:110
2020-04-10 21:59:16,400 INFO:Iteration finished:120
2020-04-10 21:59:18,972 INFO:Iteration finished:130
2020-04-10 21:59:20,330 INFO:Iteration finished:140
2020-04-10 21:59:22,734 INFO:Iteration finished:150
2020-04-10 21:59:24,462 INFO:Iteration finished:160
2020-04-10 21:59:26,651 INFO:Iteration finished:170
2020-04-10 21:59:28,768 INFO:Iteration finished:180
2020-04-10 21:59:30,596 INFO:Iteration finished:190
2020-04-10 21:59:32,990 INFO:Iteration finished:200
2020-04-10 21:59:34,464 INFO:Iteration finished:210
2020-04-10 21:59:37,099 INFO:Iteration finished:220
2020-04-10 21:59:38,560 INFO:Iteration finished:230
2020-04-10 21:59:41,017 INFO:Iteration finished:240
2020-04-10 21:59:42,791 INFO:Iteration finished:250
2020-04-10 21:59:44,895 INFO:Iteration finished:260
2020-04-10 21:59:47,086 INFO:Iteration finished:270
2020-04-10 21:59:48,920 INFO:Iteration finished:280
2020-04-10 21:59:51,343 INFO:Iteration finished:290
2020-04-10 21:59:53,103 INFO:Iteration finished:300
2020-04-10 21:59:55,188 INFO:Iteration finished:310
2020-04-10 21:59:57,691 INFO:Iteration finished:320
2020-04-10 21:59:59,226 INFO:Iteration finished:330
2020-04-10 22:00:01,729 INFO:Iteration finished:340
2020-04-10 22:00:04,067 INFO:Iteration finished:350
2020-04-10 22:00:05,613 INFO:Iteration finished:360
2020-04-10 22:00:08,192 INFO:Iteration finished:370
2020-04-10 22:00:09,588 INFO:Iteration finished:380
2020-04-10 22:00:12,171 INFO:Iteration finished:390
2020-04-10 22:00:13,911 INFO:Iteration finished:400
2020-04-10 22:00:16,310 INFO:Iteration finished:410
2020-04-10 22:00:18,264 INFO:Iteration finished:420
2020-04-10 22:00:20,292 INFO:Iteration finished:430
2020-04-10 22:00:22,478 INFO:Iteration finished:440
2020-04-10 22:00:24,018 INFO:Iteration finished:450
2020-04-10 22:00:26,630 INFO:Iteration finished:460
2020-04-10 22:00:28,002 INFO:Iteration finished:470
2020-04-10 22:00:30,519 INFO:Iteration finished:480
2020-04-10 22:00:32,172 INFO:Iteration finished:490
2020-04-10 22:00:34,137 INFO:Iteration finished:500
2020-04-10 22:00:36,694 INFO:Iteration finished:510
2020-04-10 22:00:38,731 INFO:Iteration finished:520
2020-04-10 22:00:40,585 INFO:Iteration finished:530
2020-04-10 22:00:43,013 INFO:Iteration finished:540
2020-04-10 22:00:44,611 INFO:Iteration finished:550
2020-04-10 22:00:47,219 INFO:Iteration finished:560
2020-04-10 22:00:49,177 INFO:Iteration finished:570
2020-04-10 22:00:51,212 INFO:Iteration finished:580
2020-04-10 22:00:53,456 INFO:Iteration finished:590
2020-04-10 22:00:55,109 INFO:Iteration finished:600
2020-04-10 22:00:57,736 INFO:Iteration finished:610
2020-04-10 22:00:59,183 INFO:Iteration finished:620
2020-04-10 22:01:01,699 INFO:Iteration finished:630
2020-04-10 22:01:03,343 INFO:Iteration finished:640
2020-04-10 22:01:05,851 INFO:Iteration finished:650
2020-04-10 22:01:08,375 INFO:Iteration finished:660
2020-04-10 22:01:10,623 INFO:Iteration finished:670
2020-04-10 22:01:12,199 INFO:Iteration finished:680
2020-04-10 22:01:14,716 INFO:Iteration finished:690
2020-04-10 22:01:16,142 INFO:Iteration finished:700
2020-04-10 22:01:18,674 INFO:Iteration finished:710
2020-04-10 22:01:20,402 INFO:Iteration finished:720
2020-04-10 22:01:22,661 INFO:Iteration finished:730
2020-04-10 22:01:24,687 INFO:Iteration finished:740
2020-04-10 22:01:26,571 INFO:Iteration finished:750
2020-04-10 22:01:28,932 INFO:Iteration finished:760
2020-04-10 22:01:30,360 INFO:Iteration finished:770
2020-04-10 22:01:32,871 INFO:Iteration finished:780
2020-04-10 22:01:35,345 INFO:Iteration finished:790
2020-04-10 22:01:36,702 INFO:Iteration finished:800
2020-04-10 22:01:39,403 INFO:Iteration finished:810
2020-04-10 22:01:41,076 INFO:Iteration finished:820
2020-04-10 22:01:43,515 INFO:Iteration finished:830
2020-04-10 22:01:45,438 INFO:Iteration finished:840
2020-04-10 22:01:47,618 INFO:Iteration finished:850
2020-04-10 22:01:50,336 INFO:Iteration finished:860
2020-04-10 22:01:51,766 INFO:Iteration finished:870
2020-04-10 22:01:54,330 INFO:Iteration finished:880
2020-04-10 22:01:55,960 INFO:Iteration finished:890
2020-04-10 22:01:58,195 INFO:Iteration finished:900
2020-04-10 22:02:00,186 INFO:Iteration finished:910
2020-04-10 22:02:01,954 INFO:Iteration finished:920
2020-04-10 22:02:04,341 INFO:Iteration finished:930
2020-04-10 22:02:05,803 INFO:Iteration finished:940
2020-04-10 22:02:08,357 INFO:Iteration finished:950
2020-04-10 22:02:09,883 INFO:Iteration finished:960
2020-04-10 22:02:12,338 INFO:Iteration finished:970
2020-04-10 22:02:14,106 INFO:Iteration finished:980
2020-04-10 22:02:16,185 INFO:Iteration finished:990
2020-04-10 22:02:18,378 INFO:Iteration finished:1000
2020-04-10 22:02:19,646 INFO:Iteration finished:1010
2020-04-10 22:02:21,680 INFO:Iteration finished:1020
2020-04-10 22:02:23,986 INFO:Iteration finished:1030
2020-04-10 22:02:25,549 INFO:Iteration finished:1040
2020-04-10 22:02:28,098 INFO:Iteration finished:1050
2020-04-10 22:02:29,419 INFO:Iteration finished:1060
2020-04-10 22:02:31,909 INFO:Iteration finished:1070
2020-04-10 22:02:33,617 INFO:Iteration finished:1080
2020-04-10 22:02:34,850 INFO:Iteration finished:1090
2020-04-10 22:02:37,153 INFO:Iteration finished:1100
2020-04-10 22:02:39,169 INFO:Iteration finished:1110
2020-04-10 22:02:41,002 INFO:Iteration finished:1120
2020-04-10 22:02:43,429 INFO:Iteration finished:1130
2020-04-10 22:02:44,666 INFO:Iteration finished:1140
2020-04-10 22:02:47,471 INFO:Iteration finished:1150
2020-04-10 22:02:50,526 INFO:Iteration finished:1160
2020-04-10 22:02:53,040 INFO:Iteration finished:1170
2020-04-10 22:02:55,683 INFO:Iteration finished:1180
2020-04-10 22:02:58,326 INFO:Iteration finished:1190
2020-04-10 22:03:00,894 INFO:Iteration finished:1200
2020-04-10 22:03:03,486 INFO:Iteration finished:1210
2020-04-10 22:03:06,062 INFO:Iteration finished:1220
2020-04-10 22:03:07,513 INFO:Iteration finished:1230
2020-04-10 22:03:08,730 INFO:Iteration finished:1240
2020-04-10 22:03:11,263 INFO:Iteration finished:1250
2020-04-10 22:03:12,989 INFO:Iteration finished:1260
2020-04-10 22:03:14,213 INFO:Iteration finished:1270
2020-04-10 22:03:16,562 INFO:Iteration finished:1280
2020-04-10 22:03:18,429 INFO:Iteration finished:1290
2020-04-10 22:03:19,635 INFO:Iteration finished:1300
2020-04-10 22:03:21,891 INFO:Iteration finished:1310
2020-04-10 22:03:23,999 INFO:Iteration finished:1320
2020-04-10 22:03:25,270 INFO:Iteration finished:1330
2020-04-10 22:03:27,419 INFO:Iteration finished:1340
2020-04-10 22:03:29,620 INFO:Iteration finished:1350
2020-04-10 22:03:30,916 INFO:Iteration finished:1360
2020-04-10 22:03:32,785 INFO:Iteration finished:1370
2020-04-10 22:03:35,134 INFO:Iteration finished:1380
2020-04-10 22:03:36,698 INFO:Iteration finished:1390
2020-04-10 22:03:39,186 INFO:Iteration finished:1400
2020-04-10 22:03:40,632 INFO:Iteration finished:1410
2020-04-10 22:03:42,052 INFO:Iteration finished:1420
2020-04-10 22:03:44,646 INFO:Iteration finished:1430
2020-04-10 22:03:46,260 INFO:Iteration finished:1440
2020-04-10 22:03:48,698 INFO:Iteration finished:1450
2020-04-10 22:03:50,543 INFO:Iteration finished:1460
2020-04-10 22:03:51,826 INFO:Iteration finished:1470
2020-04-10 22:03:54,090 INFO:Iteration finished:1480
2020-04-10 22:03:56,092 INFO:Iteration finished:1490
2020-04-10 22:03:57,969 INFO:Iteration finished:1500
2020-04-10 22:04:00,317 INFO:Iteration finished:1510
2020-04-10 22:04:01,882 INFO:Iteration finished:1520
2020-04-10 22:04:04,437 INFO:Iteration finished:1530
2020-04-10 22:04:05,854 INFO:Iteration finished:1540
2020-04-10 22:04:07,367 INFO:Iteration finished:1550
2020-04-10 22:04:09,739 INFO:Iteration finished:1560
2020-04-10 22:04:11,248 INFO:Iteration finished:1570
2020-04-10 22:04:12,423 INFO:Iteration finished:1580
2020-04-10 22:04:14,662 INFO:Iteration finished:1590
2020-04-10 22:04:16,663 INFO:Iteration finished:1600
2020-04-10 22:04:17,827 INFO:Iteration finished:1610
2020-04-10 22:04:19,858 INFO:Iteration finished:1620
2020-04-10 22:04:22,137 INFO:Iteration finished:1630
2020-04-10 22:04:23,384 INFO:Iteration finished:1640
2020-04-10 22:04:25,459 INFO:Iteration finished:1650
2020-04-10 22:04:27,763 INFO:Iteration finished:1660
2020-04-10 22:04:29,126 INFO:Iteration finished:1670
2020-04-10 22:04:31,640 INFO:Iteration finished:1680
2020-04-10 22:04:33,134 INFO:Iteration finished:1690
2020-04-10 22:04:34,406 INFO:Iteration finished:1700
2020-04-10 22:04:36,870 INFO:Iteration finished:1710
2020-04-10 22:04:38,676 INFO:Iteration finished:1720
2020-04-10 22:04:40,880 INFO:Iteration finished:1730
2020-04-10 22:04:42,990 INFO:Iteration finished:1740
2020-04-10 22:04:44,210 INFO:Iteration finished:1750
2020-04-10 22:04:46,154 INFO:Iteration finished:1760
2020-04-10 22:04:48,454 INFO:Iteration finished:1770
2020-04-10 22:04:50,079 INFO:Iteration finished:1780
2020-04-10 22:04:52,611 INFO:Iteration finished:1790
2020-04-10 22:04:54,030 INFO:Iteration finished:1800
2020-04-10 22:04:56,620 INFO:Iteration finished:1810
2020-04-10 22:04:58,251 INFO:Iteration finished:1820
2020-04-10 22:04:59,557 INFO:Iteration finished:1830
2020-04-10 22:05:01,994 INFO:Iteration finished:1840
2020-04-10 22:05:03,755 INFO:Iteration finished:1850
2020-04-10 22:05:05,862 INFO:Iteration finished:1860
2020-04-10 22:05:08,005 INFO:Iteration finished:1870
2020-04-10 22:05:09,212 INFO:Iteration finished:1880
2020-04-10 22:05:11,118 INFO:Iteration finished:1890
2020-04-10 22:05:13,535 INFO:Iteration finished:1900
2020-04-10 22:05:15,140 INFO:Iteration finished:1910
2020-04-10 22:05:17,707 INFO:Iteration finished:1920
2020-04-10 22:05:19,152 INFO:Iteration finished:1930
2020-04-10 22:05:20,475 INFO:Iteration finished:1940
2020-04-10 22:05:22,966 INFO:Iteration finished:1950
2020-04-10 22:05:24,557 INFO:Iteration finished:1960
2020-04-10 22:05:26,843 INFO:Iteration finished:1970
2020-04-10 22:05:28,883 INFO:Iteration finished:1980
2020-04-10 22:05:30,217 INFO:Iteration finished:1990
2020-04-10 22:05:32,484 INFO:Iteration finished:2000
2020-04-10 22:05:32,485 INFO:sampling done! Took: 400.7759s
2020-04-10 22:05:32,485 INFO:Mean acceptance fraction:0.0061
