(S'MT19937'
p0
cnumpy.core.multiarray
_reconstruct
p1
(cnumpy
ndarray
p2
(I0
tp3
S'b'
p4
tp5
Rp6
(I1
(I624
tp7
cnumpy
dtype
p8
(S'u4'
p9
I0
I1
tp10
Rp11
(I3
S'<'
p12
NNNI-1
I-1
I0
tp13
bI00
S'Z\x8f\x08\xce\x97zj\x063\xf1\xae;%]\xb9F!\xe9\xcbuO\xfd.\xb5\xe4`%\xd30![G\xb9\x90^x\x9e-<\x8f\x12\xb9\xa6\xdcp\x89\x9e\xd0r\x91\x01\xb1\xe1\x03i\xa0\xea\x98;\x04\xe1\xa6\x95+\xf3\xaa \xe8\xc8\x1d$9\xe3\xeeK\xc6\xae!\x9e\xaf\x99\x00\xd2@\xf4\x18X\x8c\xfe;*\xd8\xa3XK\xd4\xd3\x9d\xce:#\x86(=\x98\x19\xa7\x88@)\xa2\xc1\xdbZ\x95\tE|r\xbaC{\xa8OZ\xcfY\xaf\xca\x02\xe69b_\xe7H2\xaa\xca\xa4\xd1(\x95\x0c\xa6\xfcb\x99o2\x8bG\x12\xee2sr\x04 ~\x184\xd3]o\x83\x8d\x9aX\xcd\xee\x08u\xb7\xc8\x04\xef\x01\xea\xb7\x7f4\x05\xde\x13\x1b\x0ez\xdb\xcf\x8c\xf1\x0c\x91\xe4c\xe8\\\xcd\x07j\xd1uX(O\xfa3\xda\xdb\xb2Ko\xfa]#*\xae\xf5\xc3\xcc=\xb0\xd06\xe9w\xbb\x0c\xf4\x16\xcb\xeby\xc2r\xe3\xc0\xfe\x9f\xda\xeb\xc9t\xbf\x8f\x9f\x03\xb5k\xe2\x1el\xf4}\xb2+\xc7\xd9\x08\xc84\xa6\xf8 \x93\x08\xc9\xa3\x808B\xdb9\x11y\x1a\x90\x8d\x9fFu\x7f\x82\x07SK\xd2;\xdc\xcaDp4h\x9e~\x80\xa4\xdcA\xa1Q\xe7\x7f\x01\t\xb5\xf9\x0c\xcc_\x92\x1ep\xf4,\xd0\xbf\x12\xcc\x10\x13*\xda\xc5\x1c\t\xc2e\'\x97%\xefF$\x1eP\x1d\x81z\xc6\xc3!T\x94\xf7\xfa\x00\t\xce<\xc8\xba\xf1v\x06c\x12%(%g;\xfe\x06\x1f@Z\r$\xdaAw \x9d\x91\xd6VT\x96\xba\x9b\x14\xbd\'\xc7\x99\xcd\tLa\x96\xbf\xa5\xdd\x81\x11\x98\xbfg\x0f\xec\xec\t\xc7\x8dQ\x07\x91(T\x8e\xa2\x89*\x0f\x9b\x7f\xfc\xad\x88\xbc\x08]\xb1\xe4\xf8\x82\x17=j\x0b.^-\x83\xa3DK\xd0\xddX\xbe\xd0\x0b\xecC\xea*t\x06\xa7\x9aiw"{ \xe0aY\xb7\xf8k\xa4\xdfA_\x8ev*\\K\xdf\xc2<\xfd\x9eW\xa4\xd0\x9bb\xd9Q\xc0\x99/\xdd\xa07\x82\xc8\xdbm\xec\xa7\x14\x9b\xe8\xf3\xdfoK\xf3<\x8fD\xae\x8d\x06h\x84\xcb\x06\x83\xc3.\xccN\xd415\xe2\x98\xd5\xfd*~\\{\x9aF\xe2o\xf3\xea\x9e\x13\xac:\x90\xc3I\x80B\xe1w[\x80\xd49\x0fW\x16\xb4L\xd4(}\x13\x0f/\xd3E\xb4\xe6Ss#r-\x8b\x03\xf7\x8be\x98\xf9\xe1`\x85\x18\xdc%\xe6\xe7\xe73\x1a\xfe\x86\x82W\xcb!\x00G\x88\x91a\x11Z\xa0\x8d~\xc3\xadiP\xb4\x10-*\x9dx\xdbA\x1e\xe68\x07\xdb=}j\xd5\x164\xce&\xec\x83m\x13\t{\x7f\x83Wj\xd0\xad\x08\xa4\xc9\x07\x08b+\x82\xded}\xf5\x00\xb82Pc\x19M\x0f\x94\x97\xb5z\xe7:\xe1RW\xfbZ\xfe\xab\x8c_\x15\xed{oc\xd5\xc1V\x8b\xdd\xa3\x82^s\x8b\x97b0\xf1G\xe3\xcb\xe7\xd5\xdc\x9c\xe6\xbeaI\xcf\x1c\xaa\xe8\xeb;\x15c/\xed\xfer\x93\x95D6\xe1A\xee\x82!\x17\xf5\xeb\x8cT\x15\x9b\x82\xddb9S\xc7SB>\x90\xa1\xb7\x87\xb7\xcc6K#\xf2\xad\x94\xec?\x11\xd1T\xdb\x1cB\x0ee\xa7\xb3\x88\xbe\xfb\x93\x0eUq\x93|xv\xae^\xb8"\xc26\x04*d\xcd\x9e\x14\x16}t\xa8\x03\x7f\r\x9f\xa6\xc9\r\xac\xdb\xa8\nS\xe2\x18\x9a2\xea\xfc\x8f3Z\xf8\xf1=w\x01\'\x80}\x84s\x8c\x9dR\xc5,N\x86\xa9\xc30\xc7\xbb\xa2u\t\x9c\xf3\xb4G\xd6\xa1\xe8;Ru\xb1\x05\xf8\xf1\xf2\x0cW\xd6\x98:\x0b\x0c\x88\xaa\xe7\x96\xad.4\x033\x0c]\xa0\xdd\xb7/@2\xf6\xfcb\xc6\xf9\xccs\xffG\xcd\xa0\x14\x1a(\xbc\xf0H\x19\x1c\x84\xbd\xc6eE\xcdNN\xea\t\xe7+\x0f6\xfc\xc7\xd0\xac\xda\xdd:\'\xc0\xea\xfdq\x83\x0c\xba\xf2\xcb?\x1c\xd0\x92\x80^\txL\xdb\xa4\xff1N\xc9kp?\xa6Ac\x04T\xc8\x8b\xa3\x12\xfe\x8dr\xfc\xb5*\x06uKp\x9b?\xc1L\xf5\x05qI\x1a\x82\xd1\xb5K\xa9\xf6\xaf\xdc\x13GI\x87T\x06/\x89\xf8P\xb3q\x99\'\xa2\xb0kz\xa8\xd9\x10:ZvW\x17\x17\x88\xf4\\\x19\xa0F\x86`\xfbU\x93f \x86\x05:\x95J\x80\xd1c\x94\n\xc9\x84\xe6b\xc6PU\x0f\xd6\xed\x9e\xafE&w\x9bM%\x9aI\x19\x07\xc7\xdd@\xa1p\xda\xf0#\xc2\xe9\x15\x13\xa4\xe0\xecx\xa5o<&w?m\xeaZ\xaf\x02!E\xfc\x9d\xb3\x00\xfe6\x8c\x9fJ%\x84\x80\xc7\x91\xa1u.?\xe9\x06\xd3b\xa1\xbe\xdf-e\xfe\xb0\xf8\xbd\xdd\xb6E[r\xc1\x12=\xa8\x96\xbc\xadwb\t\xf4\xb9\x0f\xa3\xf6\x9d\x1bs\xa2\x97-\x1a\x1b\xd1\xbaa\x173\xa7y\r\x01\xc1E\xd1\xda\xc4\xa1\xb8\x96\xfe\xfb\xe1B5$@_rT+!\xe2\xf1\x1e\x04\xb6\x0cH\xben\xf9cf\xfe\x07\x0e\x86\xab\xeb\x94Q\xa2A\xd0\x1c\xd7\xa01:\xe4\xe6U\x99\x0b\x08\xeasI\x1b\x05\xa7\x047\xa5P\xba\xae;\x14r\xac\xd4\xd0\xf0\xd8\xf0\xb5i\xfa6\xea`,K6\xf3\xa9\xb8J\x97\x07@D\x87tc\xa8q\xda\x04c\xd1T\xaa\xb7{!\xb2\xff\xe0h\xbd\xc6\xe0,^\x8d\x14<\x93\x1e\xf3\xe1\x08\xbe\x00\xc9\xbd\x8e\xde\xb2\xf6\'\xe2\xe8:\xa6f\xe5GZ\xceq\x90B\xd3JS\xd3\xb8\xd3N\xa3\x9d\x8b?*\xc5X\xb7\x1b\xaeA\x0fb,}\x83\xbc:Y6~\x12\x04C\xf8\xb0\x91\xf4\xd62\xcbIz\xc9M\xbe\xc8\x7f\xe5I=\x93$\x8d\x185\xce\xa35\xbfb\x85*]\xb0\x07\xf5\xa4\x9b\x08\xa6S\xfd\x96\xc3pBPL\xeb\xda\r\xac>\xa7\xfb\x12\xc3\xd5\xa7\x07\x1d\xa4&\xd6\x16\xcd\xcb\xd5:\x84\x8c\x85R\xd1\xb3\x04\xa1\'\xc17\xa8\xd1\xd1\xf5\xcd\xf9N\xdf\xedn(\x7fp\xedO8\x16\x19h0\xb8\xb5g\x06\x14\r\xa4dd\xb7\xf6\x19d\n\'\xd7\xafHZ\x90\x8b\x95\x1f*\xa9\xf7\xe6\xe8\x9eD=\x00\t\x02\xd4\xd5~zH\x95O\xe5\xf8+*q\xe7\xd1\xb08\xfcm]\xae\x07\xbf\x07\xd2\x9cE\x82>\n\xfb\x88#`\x86\xd4\xc0\xa3\x18\xba\x85\x81\xc7\xad\x0f!\x87y\x1e\xc8\x1ac\x99\xe2]\x9e\xae\x94\xc3\x17\xd0i\xdb\xa9\x00\xabD\x1e\'\xfdM;Y\x1d\x9blASRk\xca\x99V3O\xc8P\n\xf5u\x01a\xff\xfe\xbeX\xb8\xce\xfc\x82\x14q\xd5\xcc\xa3\x9c\xac\xba\x9bCk6\xeb\xcc\x02c\xce~:u\x81^\x1d|\xbf0\x0eL\xb2L\xb7\xa8\xe8c@1\x99\x1f\x1aX\x1e\xea\x1e{7X\xfed\xeb/\xbc\xd7\x12 \x95A\xdb\xc3\xf4\xf5\xcf=\x9c\xed<@\xc3E\x94b\x01-\xa0R\x89[\x88\xe5\x7f\x86r\\\xe7UL\xa2\xf2b\xf4\xe9\x86\xbf\x97\xe7\x0c\x12\xa6\xc9\xf8\x9d\xd4\xa2\xe7=\xfdr\xfc\xdb\x8d\x17\xe2!\xf7gN\xd1\xc6\xb7\x1e{\xc0{\x9b\xc3\xb6<v\xc1\xe2V%z\r\x8f>N\r\x12a<\xe6]\xce\xc5\x8a\xae\xa9$\xdd~\x93u&v p\x9a\xb2\x033\xbd\xd7m*ZC\xb0\xfc\x13H\xefk\xd4\xb9\xbe\x9c\x83.YC,\xe2\xde\t@\xed\xea\x90\xfbr\xaa\xcc\x91;MS\x05\xbaL\xba\x01>\xd8\x9bB\xa0\x0bl\xb8\xd1\xb9\x1b\xff$\x96\x96\xac\x98A-1\xb2\x06O\x95\'\xd7\x06\xa5\x93\'_\x14M\xfdkqr\xa7,\x1b\xd8\x8b\xb3q{\rE\xbd\xbf\xc7\x91\xd3/\x95\x04\x9d\xfa\xf8e\xe3_\xf2\xd1(=\xc9F\xfe\xa8\xdcs\r\x0f\x9b\xa3d~\xa0\xab\xa0\xcb\x10tJW\x19=\x06VT~*8\xd0\x8b\x06\x9dT\xe8\xe3\x13N\x0f\xbfF\xde\xb6\x8dP:\xf3\xa2q{\xca\xc8"\xfd\xae\xfa\xce\xf9\xcc~\r\xb2\x14\x98\xfbQ#2\xf5L\xc8\x92(\x1e\x95\x02\x1b\x1aM\x0f\xfdhER\x89\x8c\x89\xd3o\xa8|\xe7\x1d\xfd\x0b\xa1\xda\xe8\xd4w\xcc+\x8e\x95xWP\xf5Ej7\x8f\xcb\x0c*\xa4\x1e\xf2\xb4=\xe1\x81\xdft\x17\xa0\xd75\x99\xbc>\x8am\xc3\xbe\x97\x90\x89/\xc8e\xd85\x91\xa5m\x8d\x9a\xfa3\x13\x1b\xd0\xcbe\x01\xc3\xac}\xcd\xf6\xe5\x9b\x86^\x9e{\xb7]M\xd5H\x04Y=\xb6\x95[4\x02\xff\xb9\xfc\x82\xac\xcd{\x85?\xc5\x91\x116U8kQ$B\x9dS\\\x93\xa76\xc5!\xa9\\\x884\xf3\xf8\x86\x12--\\\xdcu%\x18\xbb \xe5\xb9F\x0b\x1f\xc0\x0c\x8b\xa7\xf8\xda\xac\x0f\x0f\xcb\x1e\xac\x86\xea\xdd\xcf\xdf\xd6\x176\xe6\xec-C\x9a\x98P\x14\xb8\xd6\xa4\x9e\xe7\x0eL\xb1?{\r\xf8\xb0\xde\xe9}sb\x9dH+e\xb9\xb9\xdf\xb0\xf6a\x9c\x08quqt*\xacS\x86J\x15\x96p6\x19\x7f\xd7\x85\xabf\xfd\xdb\x9d\x15\xb5\xf7\n\xa1\xf5\x0f\x8d_\tGct\x9c\x0e\xd6S/(\xd3Y\xfeM\xcau\xdd\xa1\nn\xf0\xb51\xfb\xdc\x13M\xb6\x112\xf7\xab\x8d\xad\x82\x86\xf8\xd0\x93R\x03\xa3\xb5{UJA|\xf1\xfe\xac\xb9\xf7\xb9z6\xa4i\xde\x17\xb7\x12\x80\xa9\x03\x8b\xa1WTf\xf5Bw\xf3(\xb2m\x93_\xa7P`\xc0\xfe)\x94\x9a\x95\xf4WH`zS\xaa\xc2\xe0\xa0\xeb\x8c\xb2h\xd8\xac\x0f\x12(\xf7\x94h\x824O\x88\x12\x1c.q\xfc\x803*\xb01\x1aj\xcf\x82\xe6\\\xb0\x19*\x84\x19\xbf\xe4\x00\xad>7\xd2\xc7\x9b&0\xc1i\xee\xbc\xc3\xb2\x83\xcb$\x95D\x191\x04\x8bv/y\xf4\x9ec\xc9\xe0\xf5\xa5\xfdM\xe6da\xfcY\xc8C\xd6\xfc<\x7f\n\xc0Q\xfe\x87\xad%\xa4\xcf\x03b\xb9|X\xc6\xd1\x920\xa7\x81\x1b|}9\xe3w\x91\xadv\x88\xe0\xb3\xcc\x8d2\xfc\x1a@M\xd1\xc0\xac\xf1\r|\xd2\xb5/\xb2\xf9\xffUr\xb5d\xa9\xe1\xe7\xb8m\x80Ff\xe3)\xc0\xd1&0#\xb14\xee3U\xf0\xbat\xe2\xdc\xab\xb6\xd5\x80\x8b\x15\xf1\x07\xe7T\xf7\xee\xfb\xeb\x06\x90wh\\\x19\x9c\xb3\x0cQ\xbd_\xa2\'k\xf2G\xc7C\x005\xe0\x98$*\x07\xcc\xfd\xd6\x18-\xe0M`W\xb8\xd3i\xb9>N\x8f_\x0bJ\xf7\x7f\xb7DQ\x90Q\xbe\x05\xc3\x19N\rI\xab"\x0b\xcaH\x1f\xa5\x01\xd8\xb0P\x01\x12w\nk'
p14
tp15
bI491
I0
F0.0
tp16
.