(S'MT19937'
p0
cnumpy.core.multiarray
_reconstruct
p1
(cnumpy
ndarray
p2
(I0
tp3
S'b'
p4
tp5
Rp6
(I1
(I624
tp7
cnumpy
dtype
p8
(S'u4'
p9
I0
I1
tp10
Rp11
(I3
S'<'
p12
NNNI-1
I-1
I0
tp13
bI00
S'\x13\xf6L\x8cP\xa8\xef_\xc3O\xd1\x92\xd6\x00\x1d?\xf7\xce\xea\x80\xb5\xa9\x9aV&\xe4M\xa6\xc8W\x00\xf9\x1aik\xa4\xf6\xdc\x91\xbb\xcf\xf4)a\xd4\x15\x03\xbe\x18\xfe4W\x8d\xeb\x0b\xfa\xde\xf0\xac-\x92k\xc3\x9dd\xcf\x9d\x7f\xb1\x98/\x0bA\x07\xbf\xfe\xf5|\x80\x92\x02$\x88\xc2\xefG,\x85\\\xd2\x83\xd4\x90\x9a\xb6\x0c\x98j\xf8%\xb9\x13/Q\xdf\xe4B>?JV\xdd\xb9\xd9\xc7\x84\x80u!\xcc\xf0Z\x13sNA>\xbb\\"\xacAp\xe8\xb3\x90\x19Q\xf9;*f\xd8\xba\xc1\x91n#{\xc3\xdef\x8dC\x85\xfa\xf4{Z@\xa9\x0fE\x06b|\x1du\xa0\xd7\x13\xea\xaf\xdaB\xc8"\x95{\xf3d7\xdf[\xbd\xea=c\xbah:K\xe2\xfe\xeb\x8eox6\xdaf\x16\x00q\x17,q\xf0\xd3\x1fl\x8b\x88\xa4\xcc\xbb\xb0\xdf\xf9\x13\xbdA\xfe\x0c\xf3\xac8#u:c\xf46D9\xef\xd4\x82\xe4/\xe2\x97\x1a-\xceS\xe1-|,^\xac?\xfe\x1d\x87!\x11\xe1\x84;\xe4\x9a9\x07G:\xf5KW\xf0\xc2E\x1eXi\x88b4\x8b \'\xd7)\xac\xdff\x0e\xca`\xdd\xbe,4\x9f\x98;\x0bk\xf1\x82I:\xf6\xe3W\xa605X\xe8\xb56\x04\xe8[Z&\x81>\xfb\xd0\x96\x18!0|\x8f<D\x0f \x88\x9f\xe4\xdfCT\xfdiq\\\xe4\xea\x95a\xc6\xa8\xdf\xd2\xca\xe5\xfa\x92\xb3@aki|\x94\x98\xa4\xb1+\x12&\x1c\x1f\xb1I\x83\x14\x127\xa90Q\xb5,\x99\x97vO\r\xeb\x8a\xa5\x1cG\xed\xa31\xdaF\xb1~b\xdd`\xdc\x8a@P\xd2M\x1feym\x87\xf9}\xe0}\x99\xfe\xe3U\xf3\x9f\xe9\x10yWS\xa2j~};+I_\x19\xa4\xb9\xfc\xcc\x18\xb6\x08@\xd4\x1a\x0e\x97\x0c\x86{}*\x04\x1d\x8c\x88\xb8\xb6\xefI|U\xf8;\xd3\x999\xea\xbf\x0bb[c\xfa\xc8\x92\x9c@\x96TU\x8a\xba\x87NM\x1c\x9aO\xfb\xb1\x92\x1e\x01^\xacG\xb3\xde6\xe6U\xcb5v\xdae\xc5\x02\xae\t\xd61\xdfP\xa9\xe1\x1b5?\xec\x0f\x0f\x19\'s\x00&\xe1\xbc%sx\xb8\x08\xe5\xfc,\xc7\x03\x81\xc1\xe1\x86\xb5Z*\xc7\x81P\xa4R\xc0\xdf\xd9\xb8\xb5@q\xc1\xdc\xf5Q\xa5d\x17K/\xe2\xd9\xcf\xfd\x87\x17\xd1\x88\xc7\xf6\x91&\xc4\xaa\xf4\xf9\xd3\xb5\x0b\xe5Q\x8d\x1c9\xbb\xac:\xb5\xb7\xc3\xc7\xac\x9e\x13c\xb2\xe0\xd2\xd8M~|\xcc\xd2}s\xd1\xdb\xa4$!,\x98\xaf\xf2\x852\xa1\xdfid\xbc\xf6z\x9e\x08#\x07q\x8d\xdb\x8a\x02\xd9}9\xd4un\xb9\xfa\x06~>wu\x84\n> .\xc8\x06\x93 F;\xa3\x10\x0e\xd1\xd8\xda\x1dP\x0b\xb6\xb8n\xb8\x90\x88\x85)\xcd\x9a\x16\x02%\xbf\xc2\x0b\x1f$La/\rv\xd2\xf1\xce]p\x1c\x86\xc9\xf3\xe0A\xffP\xc7O\xfe\x97{\xc25\xb2\r:\x8d7*\xfd\xdd\x0b\xb1\xd3~\xd2U"\xa1\xda\x05\xfeYW\x16\xdcf\x13\x93\xacc\xb2r\x9c\x1dW7K\xf3\x82\x8e\xb6\xab\x1c\xe0\x9a\x0f\xf6\x06\xacp7By$\x11C\x12\x0f\x1em\xf1\xff\xdf\xe5m\xa3%\x9e\x91 0q{\x18\xcf\x07\xa7h\xff\xae\x051\xbe\xe1&)\xf7\x14c\x96\x95\xb9@OI;!\xc9\xa0@\xf0\xe2l\x92\xad\x01>\xfc\xe8U\x0c\x1fUvG\x8b\xcc\xb8\xe9\xe6\xc5[\xeb\xaa>\xdba;G\xf2?KT\xfao{5"\xc1\xf1\xd3\xba@\x11\x07&4\xac\x9cS\xa15e\xdf\'\xbf\xe7\x90(\x9f\xfdWH/\x83\xd2\xa8:39\xf8R,+\xceH\xb7\xa9\xd8\x10?\xa8\xea\n\xe4\xc6\xdf\x06)\xdd)\xed\x15/\xb7\xc9\xedw\x8bZ\xa5\xf3\xc0&\xf3u\x9b\x92,\xb4\xe7\xf5\xf4t\x90\xf5%`\x81^\x0e5\x8dd(\x80;\xbeC\x83$\xa3\xdb\x82h\xb6\\\xb3H|_\xad\x0e\xc9Gb\xad\xd2\xdf\x06\xf0\x1e\x1d\x01\xe0 \xd1I\xfd\xafu\x13f\x91\xc1\x7f\xda\xf4H]yE\xa7\xcd\xce\xc7\xbc\xe4\xb6\x9a\xaa\xd7N\xd3E\xb1\xea\xdf\x90C\xf0w\x11\xef[\x12E`4BST\xfe\xbf\xa7\xcc\xf8\x02\x03\x9a\xb3\x04x\xe7\x9fN\x89\xb2\xff\xcd\x07\x173\xa3\xbc\xf4m\xa0\x14\xff1\x0cm4\xf9M`\tw\xc4y/1N\x1a\x86\x82\x19\xad\x1c\xb2\xe5?\xb1e\xb4\xe3El\xf6 ~\xe2\xd99Ct\xf5s\x02\xc7\xdd\xeb\xf9G\xb9p\xc1\xb8\xd6\xed-\x9f\x9a\xf0\x12\xb6\xab\x8b\x8a\x84\x98\x87\x80n\xbd>\'m\x0f\xd8\x96g,\x0f{\xdf5Z\x8e\x96\xdf\x0c\x84hP\xf8\xd4\xa0\x1aR\xce[O{r\x99\xa8\xef \xf2}\x9a)\x84"\x98\xe5\xe0\xd1\xbe\n\x89\xbe\xafw\xf0\xe8\xeaU\xf9\xffn\xcc\x89n\xdeJ"2\x15\xb7\xfa}d\xc3\xa6\x02N\x81y\\\xd2\xeb\xd3\x01r\x0c\xd4\x12;\x11\x15X\x96\xaf\xa7\xfdD\\L\xa1q\x19RmW&\x16\x96i\n~`\xf0$f@?B$Qr\x04\xf7\xd8\xd6\xeeFSw\xde\r\x04\xc2\x84\x92\x91\x02\x1c|M-\xa2\x7fx\xe5\xbeZ\x16\xe5\xbdVQ1v\x9e\xb8\xcak\xfb\x9d\xdc\xfaq\x14@\xa8\x9aU\xe1\xb6\\e\x9dW\xda\x03\x8f\xf5\x81s\xfa_\xf8\x07}\x07A\t!\r\xd8~\xa0<\xc9\x0e\x069\xfa\x7f\xe9\xb6\xee\x05\x9aa2p\xb6$,\x17\xd7\xaa\x9925\x9a\x13\xa7)?)\xd4\x14\xf6&\x81{\xc9\xf6kC\x0f\x92\xf2\xf0P\xd4}:Z\xc4\xd7a\xe4\n\x90\xc8\xdav\xf8gZ\x84\x8c\xf1Wz\xc41\n\x86\xd6ED\x13\xf7\xf07\xdb\x948*\xcb2{\xe8u\x8d\xef\x1dv\x98\xcd\xd7\xc6\xbb\xf9Uk\x17\x8e\xcf\xac_\xb4\x96Mn\xda\xa1\xf5\x1e\xe8\x1d\xc0\xcb\xd8\xa4\x98\xad$cb\x8c\xf4>\xee_b,`\xe8\xaa\xf4V\xa9\x89\xdb\xe0\xd4\x9cy\xe7S\x00M\xf3\xeb6\x05/\x82\xe5O\xc9\xb5~\xdb\x9a\xe0s+\xe1\x89\x9a\xf7\xef\x17\xb4i\xdaK%\r("\\\xd5\xb6\x99\x85(p\x91v\x1d]\xf7\x88`\xd6\x88rl\xf7\r\xe3\x9fK\xd4\xf6?\xe2\x06\xb9\xa02\x81\x0f*bS\x9a.\xa5\xfcW\x1f\xe4V\xdd\xbbT\xd4 \x90\x9a\xa3P\xdb\xe0\x10\xba;@E*\x7fa\\_\xe4do\xc3"mh3\xdf\xcdd:m\x14\x06\x18-&G\x8a\xd6\x0f\x19\xdb\x15\xe3\xf0\x8f\xef\x15AF\x8f\x1c\xc6!IV\xeb\x9bf\xddB\x01e!U\x8c\xc8`\x99\x17:\x8d\xc9\x00\xf5\x08r\xf66\x0e\x08C\xb4+\x05A\xdbh\xdf\x94nq?\x1c\x91E\x0b\x87\xdaR\xed\xae\xbd\xce7Nc\xee\x1a\xeetj\x0b\x1e\xd4l\xf0\xed\xcc\xbb=\x00n\x90s\xee\x92N\xdcv\\\xf9\x12\x98\xe4N\xf7F>B\xa0\x03#\xe7A\x92\xda0\xfb\xa5\xb2;\x15\x8b\x96_|\x9f\xe9\x8a\x0f\xe4L\x1e\x02}\x88\xe3\xae\xc4a\xbe\x01\xfe\xda*{\xc8\x1e\x03\x0e\xe7\xa1.\x9b\x0b\xd9\x8aVPx]?(\xd8\x00\xfd\xa8m\xfc\xbf\xa8\x13\xca[!\xa9\xec\x807\xf9O\xb8\xba\xf5pI\xd7\xac01$\x89\xde\xdeD\x12\xe3|6\xf0\xa44#\xb0t{}@\xa7h\x18c4)\xe6\xe7x\xf4\x93\xa0 \xb5\xc9@\xad\x94\x90\x8f\xf6\x13\x11|\xa1E\x1d6\xfd\xd5\xc5\x03ph\x0e\x00\x1ci1\x93Sk\xbf\x11\xaao\x86.Y\xbf\xc4\x9bB\x1e\x0c\x03\x00\xae\x1c\xdb(\x8b\x9c%\x12\xd4\x10\xd8O"=\xf3\x80j\\\x8f^\xf1\xa7\xd6e%gO\x9e\xa6\xeea\x03\x02-\xackJ\x12y\tz\xb9\xfc\xbd/r\x0bJ\xe06|\x86>\xc6\x18&Y\xe3\x13\x82#_\xab\x17w\xe6x\x11\x88\x8c\xcdX:\xb0\xaf\x06\x1e\'\xa8\xa1gpx\x1b\x85\xbc\x14\x02\x1e$9\x10\x02\xee?\xcc\x7f\xd2\xab\xfb<c,\xda:\xd8\xae\n\x0ct\x17\xf4\xc7o\xf3\xce\x80\xf2\xff\xb8-\xeeB-\xe3\x84\x11\x1dQ\x07\x96d\n\xaf%\x05n\xa8\xa0\x82\xe4\xd0S\xbc\xdfF\xd1\xd8q\n\xd99\xa9\x04r.E\xb8\xeb\xfd\x0b/\x19\x93{\xdd0i\xbaU\x91V;\x1f\xdc\x14rNR\x07P;+A\x870\xd1\x84\xe7\xeff3\x80\xc1\x99\x00\x9b4\xb9>4yH\xb1wK\x1a-\xae\xb5\xbaM\x08/\xbfh\x97j\xa3\xda`=\tA\xd1Q7\xd0\x8c\x83\x82\xab\xffm\xd3\x1cl\xd7"\xa7*4G\x0c\xf0(\x06\x82\x9bO\xa1\x19Q\x08\xc7s\xd6#c\xd4D\xb0\x10\xc8\xe3t_\xb2\x98\xdd\x84:\xc3\xa7\r\x99\x96R 3C\x85\x8b\x93\xf0\xe8R\xf5\xae,@j"\xad8\xa3\x05\x9b\xe9M\xb1\x0e;\'9\x95\xfaC\xa5\xc3\x97+\x17V\xe5b\xa9\t\x87\xdb\xc0T\x81\xc7\xd5\xc8\xa4.P\x1c\xc3\xc7T\x11\x11\xe9\xfb\xd3;f\xb2&}Z\xbb\xe2\xe8\xa7\xe9\xb6\xd9#\x9d\xbd\xe7\xdf\x1f\xb5\x18\xb8\x85<\x16\x19z}\xfa\x8a\x96\x13&\xc19O7\x1aJ\x90\xb0\x13\xadZ\xd92\xa2MY\x16M\xcd8+\x90\x08\xfb\xeb\x81u\x1bb\r7\x9b2\xae\xc5n\x8br\xf5\xe7\xa4\x18=\xc8\xc8\x9fP\xc6b1\xf9C7~%\xfa\xc8\x1cZ#\x85\xab(\xda\'\xd6\x95\x0b|\x8a\xd5\xb6F\x86-5\x88\xe4\xff\xe4ko\xacL\x06\xbdj\xc6w\x93N\x02\xceG\xed|J\xc9g\xfa\x02\x00\xdd\xc9\x06\xcbL\x12\x03\xe6\xeb^\xfc\x95K\xfb\x8f\xa6\x18\xd2O\xafR\x8c\x1cQM\x9c\r\x99\xa0\x8a\x9cK\xcb>\x9b\xd9{ \xee\x11\xca\x1b\xdaA\x00\x84:\xe7Z\x8b\xbc}&\xe9\xa6\xa8\x868\xda4l\x10]u\x0f\xc7e@\xe3\x8a\xcf\xfc\xf1@\x16A\xf50:\xb21C(\x97\xbbU74\x84\xfaF\xdf\xc2+\xd06\x00\xce\xdf\xd5]vk\xe9^kd\x8ap\xe0\xac\xd2B2C\x00\xdd/"\x8b\xa9\xecz\xc0\xed\x9e\xdahg\xfb]\x87\x13\xf5G\xfdc\xfc\xd7X\xc1\xc4\xcc\xfe\x94\xf9+G\x1f_\xadh\x01J\xbb\xb7k\x04\xfe\x04\xa3\x13\xf0>\xbb$\xefx#[\xbd\x84\x92m\x11\x92O\xb6\xa3\x907\xc4\xdb\xac\xed\xa8n\xcc\xc0\x06\x8fTa\xc3\x97\x1d\xec\x8bL/F\xb3\xea{\x13'
p14
tp15
bI480
I0
F0.0
tp16
.