2020-04-10 21:48:05,181 INFO:Using CosmoHammer 0.6.1
2020-04-10 21:48:05,181 INFO:Using emcee 2.2.1
2020-04-10 21:48:05,182 INFO:Sampler: <class 'cosmoHammer.MpiCosmoHammerSampler.MpiCosmoHammerSampler'>
configuration: 
  Params: [110.  65. 750.]
  Burnin iterations: 500
  Samples iterations: 2000
  Walkers ratio: 10
  Reusing burn in: False
  init pos generator: SampleBallPositionGenerator
  stop criteria: IterationStopCriteriaStrategy
  storage util: SampleFileUtil
likelihoodComputationChain: 
Core Modules: 
  Bkcore
Likelihood Modules: 
  BklikeModule

2020-04-10 21:48:05,183 INFO:start burn in
2020-04-10 21:48:05,184 INFO:MPI Process rank 0 starts sampling
2020-04-10 21:48:08,205 INFO:Iteration finished:10
2020-04-10 21:48:09,501 INFO:Iteration finished:20
2020-04-10 21:48:11,122 INFO:Iteration finished:30
2020-04-10 21:48:13,503 INFO:Iteration finished:40
2020-04-10 21:48:14,764 INFO:Iteration finished:50
2020-04-10 21:48:16,786 INFO:Iteration finished:60
2020-04-10 21:48:19,162 INFO:Iteration finished:70
2020-04-10 21:48:21,117 INFO:Iteration finished:80
2020-04-10 21:48:22,573 INFO:Iteration finished:90
2020-04-10 21:48:24,862 INFO:Iteration finished:100
2020-04-10 21:48:27,142 INFO:Iteration finished:110
2020-04-10 21:48:29,477 INFO:Iteration finished:120
2020-04-10 21:48:31,480 INFO:Iteration finished:130
2020-04-10 21:48:33,067 INFO:Iteration finished:140
2020-04-10 21:48:35,280 INFO:Iteration finished:150
2020-04-10 21:48:37,176 INFO:Iteration finished:160
2020-04-10 21:48:38,774 INFO:Iteration finished:170
2020-04-10 21:48:41,212 INFO:Iteration finished:180
2020-04-10 21:48:42,377 INFO:Iteration finished:190
2020-04-10 21:48:44,556 INFO:Iteration finished:200
2020-04-10 21:48:46,401 INFO:Iteration finished:210
2020-04-10 21:48:47,990 INFO:Iteration finished:220
2020-04-10 21:48:50,367 INFO:Iteration finished:230
2020-04-10 21:48:51,550 INFO:Iteration finished:240
2020-04-10 21:48:53,644 INFO:Iteration finished:250
2020-04-10 21:48:55,535 INFO:Iteration finished:260
2020-04-10 21:48:57,159 INFO:Iteration finished:270
2020-04-10 21:48:59,553 INFO:Iteration finished:280
2020-04-10 21:49:00,738 INFO:Iteration finished:290
2020-04-10 21:49:02,880 INFO:Iteration finished:300
2020-04-10 21:49:04,719 INFO:Iteration finished:310
2020-04-10 21:49:06,118 INFO:Iteration finished:320
2020-04-10 21:49:08,453 INFO:Iteration finished:330
2020-04-10 21:49:09,819 INFO:Iteration finished:340
2020-04-10 21:49:11,952 INFO:Iteration finished:350
2020-04-10 21:49:13,968 INFO:Iteration finished:360
2020-04-10 21:49:15,670 INFO:Iteration finished:370
2020-04-10 21:49:17,987 INFO:Iteration finished:380
2020-04-10 21:49:19,173 INFO:Iteration finished:390
2020-04-10 21:49:21,452 INFO:Iteration finished:400
2020-04-10 21:49:23,139 INFO:Iteration finished:410
2020-04-10 21:49:24,780 INFO:Iteration finished:420
2020-04-10 21:49:27,151 INFO:Iteration finished:430
2020-04-10 21:49:28,292 INFO:Iteration finished:440
2020-04-10 21:49:30,659 INFO:Iteration finished:450
2020-04-10 21:49:32,324 INFO:Iteration finished:460
2020-04-10 21:49:33,939 INFO:Iteration finished:470
2020-04-10 21:49:36,272 INFO:Iteration finished:480
2020-04-10 21:49:37,453 INFO:Iteration finished:490
2020-04-10 21:49:39,585 INFO:Iteration finished:500
2020-04-10 21:49:39,586 INFO:storing random state
2020-04-10 21:49:39,587 INFO:burn in sampling done! Took: 94.4044s
2020-04-10 21:49:39,588 INFO:Mean acceptance fraction for burn in:0.1019
2020-04-10 21:49:39,588 INFO:Reseting emcee sampler
2020-04-10 21:49:39,590 INFO:start sampling after burn in
2020-04-10 21:49:39,591 INFO:MPI Process rank 0 starts sampling
2020-04-10 21:49:41,365 INFO:Iteration finished:10
2020-04-10 21:49:42,861 INFO:Iteration finished:20
2020-04-10 21:49:45,195 INFO:Iteration finished:30
2020-04-10 21:49:46,528 INFO:Iteration finished:40
2020-04-10 21:49:48,610 INFO:Iteration finished:50
2020-04-10 21:49:50,508 INFO:Iteration finished:60
2020-04-10 21:49:51,867 INFO:Iteration finished:70
2020-04-10 21:49:54,133 INFO:Iteration finished:80
2020-04-10 21:49:55,599 INFO:Iteration finished:90
2020-04-10 21:49:57,594 INFO:Iteration finished:100
2020-04-10 21:49:59,567 INFO:Iteration finished:110
2020-04-10 21:50:00,865 INFO:Iteration finished:120
2020-04-10 21:50:03,227 INFO:Iteration finished:130
2020-04-10 21:50:04,689 INFO:Iteration finished:140
2020-04-10 21:50:06,552 INFO:Iteration finished:150
2020-04-10 21:50:08,647 INFO:Iteration finished:160
2020-04-10 21:50:09,847 INFO:Iteration finished:170
2020-04-10 21:50:12,175 INFO:Iteration finished:180
2020-04-10 21:50:13,688 INFO:Iteration finished:190
2020-04-10 21:50:15,382 INFO:Iteration finished:200
2020-04-10 21:50:17,651 INFO:Iteration finished:210
2020-04-10 21:50:18,895 INFO:Iteration finished:220
2020-04-10 21:50:21,298 INFO:Iteration finished:230
2020-04-10 21:50:22,915 INFO:Iteration finished:240
2020-04-10 21:50:24,734 INFO:Iteration finished:250
2020-04-10 21:50:26,913 INFO:Iteration finished:260
2020-04-10 21:50:28,249 INFO:Iteration finished:270
2020-04-10 21:50:30,549 INFO:Iteration finished:280
2020-04-10 21:50:32,081 INFO:Iteration finished:290
2020-04-10 21:50:34,058 INFO:Iteration finished:300
2020-04-10 21:50:36,140 INFO:Iteration finished:310
2020-04-10 21:50:37,543 INFO:Iteration finished:320
2020-04-10 21:50:39,794 INFO:Iteration finished:330
2020-04-10 21:50:41,301 INFO:Iteration finished:340
2020-04-10 21:50:43,236 INFO:Iteration finished:350
2020-04-10 21:50:45,303 INFO:Iteration finished:360
2020-04-10 21:50:46,657 INFO:Iteration finished:370
2020-04-10 21:50:48,953 INFO:Iteration finished:380
2020-04-10 21:50:50,370 INFO:Iteration finished:390
2020-04-10 21:50:52,209 INFO:Iteration finished:400
2020-04-10 21:50:54,364 INFO:Iteration finished:410
2020-04-10 21:50:55,728 INFO:Iteration finished:420
2020-04-10 21:50:58,142 INFO:Iteration finished:430
2020-04-10 21:50:59,618 INFO:Iteration finished:440
2020-04-10 21:51:01,573 INFO:Iteration finished:450
2020-04-10 21:51:03,624 INFO:Iteration finished:460
2020-04-10 21:51:04,946 INFO:Iteration finished:470
2020-04-10 21:51:07,174 INFO:Iteration finished:480
2020-04-10 21:51:08,739 INFO:Iteration finished:490
2020-04-10 21:51:10,625 INFO:Iteration finished:500
2020-04-10 21:51:12,700 INFO:Iteration finished:510
2020-04-10 21:51:13,834 INFO:Iteration finished:520
2020-04-10 21:51:16,073 INFO:Iteration finished:530
2020-04-10 21:51:17,770 INFO:Iteration finished:540
2020-04-10 21:51:19,445 INFO:Iteration finished:550
2020-04-10 21:51:21,732 INFO:Iteration finished:560
2020-04-10 21:51:22,837 INFO:Iteration finished:570
2020-04-10 21:51:25,026 INFO:Iteration finished:580
2020-04-10 21:51:26,805 INFO:Iteration finished:590
2020-04-10 21:51:28,389 INFO:Iteration finished:600
2020-04-10 21:51:30,562 INFO:Iteration finished:610
2020-04-10 21:51:31,823 INFO:Iteration finished:620
2020-04-10 21:51:33,737 INFO:Iteration finished:630
2020-04-10 21:51:35,788 INFO:Iteration finished:640
2020-04-10 21:51:37,169 INFO:Iteration finished:650
2020-04-10 21:51:39,553 INFO:Iteration finished:660
2020-04-10 21:51:40,988 INFO:Iteration finished:670
2020-04-10 21:51:43,026 INFO:Iteration finished:680
2020-04-10 21:51:44,980 INFO:Iteration finished:690
2020-04-10 21:51:46,328 INFO:Iteration finished:700
2020-04-10 21:51:48,567 INFO:Iteration finished:710
2020-04-10 21:51:50,069 INFO:Iteration finished:720
2020-04-10 21:51:51,896 INFO:Iteration finished:730
2020-04-10 21:51:54,007 INFO:Iteration finished:740
2020-04-10 21:51:55,260 INFO:Iteration finished:750
2020-04-10 21:51:57,466 INFO:Iteration finished:760
2020-04-10 21:51:59,079 INFO:Iteration finished:770
2020-04-10 21:52:00,812 INFO:Iteration finished:780
2020-04-10 21:52:03,100 INFO:Iteration finished:790
2020-04-10 21:52:04,435 INFO:Iteration finished:800
2020-04-10 21:52:06,744 INFO:Iteration finished:810
2020-04-10 21:52:08,299 INFO:Iteration finished:820
2020-04-10 21:52:10,009 INFO:Iteration finished:830
2020-04-10 21:52:12,297 INFO:Iteration finished:840
2020-04-10 21:52:13,433 INFO:Iteration finished:850
2020-04-10 21:52:15,772 INFO:Iteration finished:860
2020-04-10 21:52:17,395 INFO:Iteration finished:870
2020-04-10 21:52:19,182 INFO:Iteration finished:880
2020-04-10 21:52:21,409 INFO:Iteration finished:890
2020-04-10 21:52:22,484 INFO:Iteration finished:900
2020-04-10 21:52:24,867 INFO:Iteration finished:910
2020-04-10 21:52:26,518 INFO:Iteration finished:920
2020-04-10 21:52:28,258 INFO:Iteration finished:930
2020-04-10 21:52:30,564 INFO:Iteration finished:940
2020-04-10 21:52:31,708 INFO:Iteration finished:950
2020-04-10 21:52:33,996 INFO:Iteration finished:960
2020-04-10 21:52:35,710 INFO:Iteration finished:970
2020-04-10 21:52:37,564 INFO:Iteration finished:980
2020-04-10 21:52:39,793 INFO:Iteration finished:990
2020-04-10 21:52:41,034 INFO:Iteration finished:1000
2020-04-10 21:52:43,391 INFO:Iteration finished:1010
2020-04-10 21:52:44,969 INFO:Iteration finished:1020
2020-04-10 21:52:46,667 INFO:Iteration finished:1030
2020-04-10 21:52:48,963 INFO:Iteration finished:1040
2020-04-10 21:52:50,211 INFO:Iteration finished:1050
2020-04-10 21:52:52,451 INFO:Iteration finished:1060
2020-04-10 21:52:54,106 INFO:Iteration finished:1070
2020-04-10 21:52:55,917 INFO:Iteration finished:1080
2020-04-10 21:52:58,121 INFO:Iteration finished:1090
2020-04-10 21:52:59,311 INFO:Iteration finished:1100
2020-04-10 21:53:01,566 INFO:Iteration finished:1110
2020-04-10 21:53:03,242 INFO:Iteration finished:1120
2020-04-10 21:53:05,025 INFO:Iteration finished:1130
2020-04-10 21:53:07,225 INFO:Iteration finished:1140
2020-04-10 21:53:08,316 INFO:Iteration finished:1150
2020-04-10 21:53:10,531 INFO:Iteration finished:1160
2020-04-10 21:53:12,289 INFO:Iteration finished:1170
2020-04-10 21:53:13,995 INFO:Iteration finished:1180
2020-04-10 21:53:16,312 INFO:Iteration finished:1190
2020-04-10 21:53:17,457 INFO:Iteration finished:1200
2020-04-10 21:53:19,734 INFO:Iteration finished:1210
2020-04-10 21:53:21,523 INFO:Iteration finished:1220
2020-04-10 21:53:23,211 INFO:Iteration finished:1230
2020-04-10 21:53:25,441 INFO:Iteration finished:1240
2020-04-10 21:53:26,564 INFO:Iteration finished:1250
2020-04-10 21:53:28,651 INFO:Iteration finished:1260
2020-04-10 21:53:30,500 INFO:Iteration finished:1270
2020-04-10 21:53:31,934 INFO:Iteration finished:1280
2020-04-10 21:53:34,252 INFO:Iteration finished:1290
2020-04-10 21:53:35,594 INFO:Iteration finished:1300
2020-04-10 21:53:37,614 INFO:Iteration finished:1310
2020-04-10 21:53:39,665 INFO:Iteration finished:1320
2020-04-10 21:53:41,049 INFO:Iteration finished:1330
2020-04-10 21:53:43,370 INFO:Iteration finished:1340
2020-04-10 21:53:44,719 INFO:Iteration finished:1350
2020-04-10 21:53:46,781 INFO:Iteration finished:1360
2020-04-10 21:53:48,761 INFO:Iteration finished:1370
2020-04-10 21:53:50,206 INFO:Iteration finished:1380
2020-04-10 21:53:52,471 INFO:Iteration finished:1390
2020-04-10 21:53:53,932 INFO:Iteration finished:1400
2020-04-10 21:53:55,992 INFO:Iteration finished:1410
2020-04-10 21:53:57,949 INFO:Iteration finished:1420
2020-04-10 21:53:59,391 INFO:Iteration finished:1430
2020-04-10 21:54:01,652 INFO:Iteration finished:1440
2020-04-10 21:54:03,079 INFO:Iteration finished:1450
2020-04-10 21:54:05,096 INFO:Iteration finished:1460
2020-04-10 21:54:07,135 INFO:Iteration finished:1470
2020-04-10 21:54:08,423 INFO:Iteration finished:1480
2020-04-10 21:54:10,716 INFO:Iteration finished:1490
2020-04-10 21:54:12,120 INFO:Iteration finished:1500
2020-04-10 21:54:14,006 INFO:Iteration finished:1510
2020-04-10 21:54:16,181 INFO:Iteration finished:1520
2020-04-10 21:54:17,377 INFO:Iteration finished:1530
2020-04-10 21:54:19,639 INFO:Iteration finished:1540
2020-04-10 21:54:21,884 INFO:Iteration finished:1550
2020-04-10 21:54:23,128 INFO:Iteration finished:1560
2020-04-10 21:54:25,353 INFO:Iteration finished:1570
2020-04-10 21:54:26,962 INFO:Iteration finished:1580
2020-04-10 21:54:28,645 INFO:Iteration finished:1590
2020-04-10 21:54:30,912 INFO:Iteration finished:1600
2020-04-10 21:54:32,062 INFO:Iteration finished:1610
2020-04-10 21:54:34,254 INFO:Iteration finished:1620
2020-04-10 21:54:36,005 INFO:Iteration finished:1630
2020-04-10 21:54:37,596 INFO:Iteration finished:1640
2020-04-10 21:54:39,989 INFO:Iteration finished:1650
2020-04-10 21:54:41,231 INFO:Iteration finished:1660
2020-04-10 21:54:43,520 INFO:Iteration finished:1670
2020-04-10 21:54:45,226 INFO:Iteration finished:1680
2020-04-10 21:54:46,820 INFO:Iteration finished:1690
2020-04-10 21:54:49,203 INFO:Iteration finished:1700
2020-04-10 21:54:50,487 INFO:Iteration finished:1710
2020-04-10 21:54:52,843 INFO:Iteration finished:1720
2020-04-10 21:54:54,514 INFO:Iteration finished:1730
2020-04-10 21:54:56,366 INFO:Iteration finished:1740
2020-04-10 21:54:58,503 INFO:Iteration finished:1750
2020-04-10 21:54:59,760 INFO:Iteration finished:1760
2020-04-10 21:55:02,139 INFO:Iteration finished:1770
2020-04-10 21:55:03,762 INFO:Iteration finished:1780
2020-04-10 21:55:05,672 INFO:Iteration finished:1790
2020-04-10 21:55:07,733 INFO:Iteration finished:1800
2020-04-10 21:55:08,864 INFO:Iteration finished:1810
2020-04-10 21:55:11,235 INFO:Iteration finished:1820
2020-04-10 21:55:12,839 INFO:Iteration finished:1830
2020-04-10 21:55:14,585 INFO:Iteration finished:1840
2020-04-10 21:55:16,824 INFO:Iteration finished:1850
2020-04-10 21:55:18,026 INFO:Iteration finished:1860
2020-04-10 21:55:20,327 INFO:Iteration finished:1870
2020-04-10 21:55:22,575 INFO:Iteration finished:1880
2020-04-10 21:55:23,647 INFO:Iteration finished:1890
2020-04-10 21:55:25,986 INFO:Iteration finished:1900
2020-04-10 21:55:27,711 INFO:Iteration finished:1910
2020-04-10 21:55:29,508 INFO:Iteration finished:1920
2020-04-10 21:55:31,787 INFO:Iteration finished:1930
2020-04-10 21:55:32,918 INFO:Iteration finished:1940
2020-04-10 21:55:35,258 INFO:Iteration finished:1950
2020-04-10 21:55:36,872 INFO:Iteration finished:1960
2020-04-10 21:55:38,616 INFO:Iteration finished:1970
2020-04-10 21:55:40,872 INFO:Iteration finished:1980
2020-04-10 21:55:42,054 INFO:Iteration finished:1990
2020-04-10 21:55:44,396 INFO:Iteration finished:2000
2020-04-10 21:55:44,397 INFO:sampling done! Took: 364.8065s
2020-04-10 21:55:44,397 INFO:Mean acceptance fraction:0.0038
