(S'MT19937'
p0
cnumpy.core.multiarray
_reconstruct
p1
(cnumpy
ndarray
p2
(I0
tp3
S'b'
p4
tp5
Rp6
(I1
(I624
tp7
cnumpy
dtype
p8
(S'u4'
p9
I0
I1
tp10
Rp11
(I3
S'<'
p12
NNNI-1
I-1
I0
tp13
bI00
S'\x80\x10\xfcP\xce\xfbx\x83*\xaa[\x9b\x03H\xf3\x14\x9e\xa5\x85\xdc\x11f\xaa9\x88\x93\x041\xea\xc5\xac\xc9f\xff\xc8\xa4\xf2\xdf%7\x9bY\x92\xd4\x94\xf1$\xfd\xad\')\xeb\xa8\x1d\xcc\xaa\x83\xfa\xb3s\xf9\xd0\xeaD\xda\xecR\xa2px\xfbP!2\x1dF}4\x19\xef#X\x98\x98\xbf\x92\xed\x80V\xfb\xec\x96\xf3\xd0_\x1c\xb7\xbb\x89\x06\xe4 :x\x18\xc5\x07\x86\n\x13+\xc4#\x12=C\xe7\x86\xea0\xa9\x96\x17\xe0\x8a|\xa2\xe5\xff4\xb3b\xc6\xe9Al8\xed\x19\x9e\xc3\xa9\x00\xa1\xd1F\x024!53\x9e4\x12\xb1\xe7W\t\x8a\x93[\xb4\xc5+0\xe4\x18\xea\x83\x00\x0b]Ot\xb9\xd9\xc4i\x0e\x9a\x03\xfb\xa7gJ+tPy\x0ej\xabi\xa52\x02\xb9\xef\x1f\xc9C]\xba\xa9\xbf\n\xaf\x01\xcd \x86\xb6#+\xcc\xdd\x18=6\xe3u\xd8\xd3&\x93S\xc8\x9e\x1d\xea\x88Bv\n)\xec \x95\xcc\xdd\xe8U\xd9+q$\xe4\x91\\\x13c\xa3\xdc\'\x85 \xfd\xa0\x18\xd4\xc5V\xa0\xa9\xe4\xc3\xae\x9e\x03l\t\x1a\xa3\x87\x1bZz\xc2\x1d\xb6l\xd9E\xe8\xc67\xf6x:\xd4\xfdh%fFs\xa2\x9d\xaf\xd5\t\xb1u\x96\xaa\x07\xc2\x86%\x12\x9bH"\xd0\x950\x9e\x1e\xdb\x0bR$_\xd6\xde\xcb\xd2\xe9$l\xe8\xd4t\xf4/\xd4\xee\xc6*\xe5"\xefF\xae`h\x1c\x8f\xc6g\xfd\xa3/\x00mT\\\xbc\xe3\xbf\x1d\x94fy\xd3\xa6\x85\xc4\x86\xc1\x84\xcb\xd5\xdb"\xdf\xbc\x08YE\xbe\xbc\xda\x95S&\x8e\x1a\x13\x95\xf6-/\xa1\xd3\x11\xcd,9\x9a\xf5b@)\xb5*\x11a\xe4\xb6\x17\xde\xbc\xda\xa3\xf8\xda\x811\xeas\x07\xee|T\xce\xe1\x9f@\xa7\x97\xaa:\x81\x96\xdc\xa8\x9f\xc4u\x9bT\xf7\x95\x1f7V\x18\xb1\x9a\x91\xae\x12\xea\xc5\xab\xb9U\x1cIg\xb7\x1e\x04\x87\x151\xd14\xe8hE2\x12\xe1A\n\xbc\xc1\x94<]\xc6\xc3\xee\xd5.\xbf\x0e\xabP\xe1SEJ\xb2\xa9\xf0\x1c\x02U\xc6\xad2\x8d>\x8b\xc5L\xca\xcf\tI\xddc\xc9t\x99OI=\xaeN\xb7M\xd1Z0\x0b!u\xf9\x18\xe4e*\xf6\xe2\x99a\xef\xc1\x7f\xa7\xc8X\x0f\xc5\xa1\xfd>\xd8\xda\xcd\xb2\x8d\x86U \xe0c\x81\xf9\xe1z\x93\x0c\xf9\xb4\xab\xba\x8a*s\xb7(\x08\x8b\x80I\x15\x88fs\xfd\x90\xbb\xcd,j\xaf\xbd^\x92\xc9f\xe4J\x0eN\xb5\x0f\xe9Gt\xfa\xd5\xb5e \x06n}\xebLe\x85\xf1?\x1c\xad\xa2H;\x0f\xab\x9e-\xe5#W\xc7\xd83*\x9c"\xc1\x85$\xd5\xb9~G\xba\x83\xdf\x86v\xed\x1bUP\xef\x11^\xbd\xef\xd0\xd0k\x89\x94\xc4N\x03\xd7\xff\xc7\xf9<4\xe5)\xec\x1d\xe7\xc7\r\xd8\x14}\xd39\xefg\xbae\xe7\xa2\xad\xdd\x83\x9fL\x80\x00\xd0\xd7o\x02\xeb\\\x90%^Z\xf4\xcd \x8dz\xf1\xb4Iv\xe0\nk\xf7\xb5\xbd|\x85\xe6/\xa0\x180\xc8A\x01R\x9c\x069\xf7\x88\xa3\x81DzX\xc6\x1f\xa7\xa5\xe2\xfd\x1c\xad\xde3;F\x9c*\xca\xfb\xce\xa5\xf94M\xae\x1b\x07\xd7\xa26+k\x1b\xb9\xc7\xcb]\xae\x87\x08\x1c@\xa7\x034\xce\x9f\t@ \xff\xe0\xa9 \x9e\x15\xc7F\xbf\xed\xf3\xfa\x8c\x07\xa0fr\xa1+\xc9_\xe6\x1d\r\xda\x0e\xf6\xa5u\x17&AY4\xcb\x8aw\xe38V\xf4\xb1\r\xd6\x06\xe3\xae\xae\xe9\x85\xa7\xd0\xa9\xae\xad\xca|9O\x91\x07}\xc5\x0cg\xe7\x0f\xa7\xf0\xe9Y\xfa \xc83\x9dTH\xc9`\xb4\x12\xab*\xa5o\xe6(LgZ\xd0\xa3\x9e8\xb2\x04b\xde\xcc\xa0\xae\x8e\xa8v\x98\\IQ\x7f\xa2\xc4P\x98g-\x01\x1f\xbb\xb9\xb6\xb9\x8d\r\xb9D\xc8Z{jd2SB\xd7T\xa2Y\xc9\x02\xfdLs\x96F\x16\xc9\xc9`\xd24\xd9\xf9\xb8\xe2\x8c\xe3\x88\xb3\x87\x04r\xc3\xa2\xf4\x1f:D\n\x91\xde\x8a\xc0M\x1a\xdc\x94\x8c"\xab\x89\xd2"\x82g\xc9\x01\x04\x1e\x1b\x96`;\x0f9\x0f\x03\xfa\xe3\x15t\xb9\xbd\xf3\xf9\x8b\xcd\x9dt4\x9am"\x81`\x9d\xc3=\xd3\x85\xe2\xcc\xc2\xf8\xdc\xffG\x80\xf2\xac!\xd9`\x9e@\x1a#VeZd\xf4\x97\x1b]8\x87(\xbcr\x85\xcbX C\xa9\x0f\tJ\x042+l:\x8a\x94\xc4HH\x1e4\xd1u\x9b\xcb1[\xc2\x06\x96r\x97\xa4\x1b\x92\xfa\xed\x1d#C\xa3\xb1\x98\xf79\xbd\x0c\xe4^\xbb\xce\xce\xa6\xb3C`\x00$\xb4vj\xcc\xbaQ\xef8\xa0\xdc\xf5\x16#\x96\xe2\xc1G\xb2\xf5P\xd3W4\xd3\xba\xc2\x952h\xca\xa7\x0c\x1a\x19\x9e\x07\xc7\xd7\xd7\xbf\xf6s\x14\xc0\xaf\xc3j\x1c\xe1\xc9\xc6\xb2\x13\xe0\x1e\x17\xb7QW\xcf\x0b\x0b\x1e\xa2|qf\x11\x98\x10&\xe9cj\xc7J\n\xf5!d&\xd8p\x80\x0el\xff\x13\x13|\x11\xcb\xa7\xd1i\xf1\x1b$+U\xe1\xd6\xb8\n.S\x93\xf9cO\xdfA\xd9s\xaf&|Uu\xb9\xa7\xca(\xc5\xea\xdbR\x95\xbbH\x0f}\xf2C%\r\x83\x00@_/\xb2p\x1c\xaf\x9f\t\x8c\xc9\xdf/P\xcb\x80a`.\xb43\x13\x0e\xf4\xaa\xed F\x83uu7\xe1F\x009g(\xc8\x87\x1f\xed[\x05\x8b\x1d\xee\xfbo2\x0b\xeab6\x00Is\xc4\xdc;p\xab\xedx\x86w\xd6\x95\xe3?\x8a\xba\xcf\x18P\xf7\xa1\xe4\xd8>\xb8RK\xea\xce\x8e\xe0L{\xdc0\x8e\xc2\xf2\x1fz\xe4&\x89F\x8drP\xad\x9f\xa9\xf8r\x04\xc9\\S\x11\xf0\xedi=|_\xa7\xad\x97\xe7^\xcb\xec\xd7\xectXX\xc9\xfb;\xa2\xa4\xfe\xa9\x03\xcf\x01\xb7c\xbd\xad?8\xb1\xfe\x8e\x9b+\xf5\xc2.:\xf1LW\xf1\x9d0\xe3\xa4\xf6*7\x877\x04\xbdY\x97\xf8\xb0\x9fV[;H\xdc)zE`bp\xa9\x91\x0f\xd4\x8a\x8c_\x0e\xb7\tz\x03\tga\x03\x02\xe1!e\x0c<o\x08\'\xd6H\xf9SN\xd4\x81\x9fX@\xe1sL\xd4Y/I\xd7\x07\xfa\xa7\x93\xbc\xe6&,m\xad`\x9dXH\xf9\xcd\xa9\x01\xea\x0e\xe9\x00\xc1\x16\xc8\xfa\xb6t\xa5\xdb\xe8\xac\x14\x08\xe8\x8ctR\xae\xd7\xb4skzD9\xf2\xdb\xdfA\xd5\xf8+Se\x08z\xcb\xbd\xbe\x80%jr\xe5(\xe8\xe4\x89\x009\xd5\x85by\xe6,0\xc0N!+A\xa2e\x1d\x14+\x01\xce3ZN\xad\xb6\xe6%\xdb[\xcf\x93@\x1a\xe7\xb7\x9f\xc82[\x1f\x98\xfc\xbf\xbao\xe1{\xd6K{_\xa7e\xb3\x04\xca}i2z\xd2\xb4\xf3\x93\xed]\x04\xd1\xf4J\xbe\xe6\t|^\xd3F\x0f\x0bY\xe13\x9bu\xdd\x8e\xb1KMfgo\xa3N\xaf\xa7&\x85\n\xb3\xd4\xed\xa8M%Bw\xe05\xa0\xac\x1f90\xbc\xbc\x88@\x02\xf9F\x002_\xf9\xcfL\xe9\x9a`\x05\xacw\xa8\xe0\xc3\xdf\x004\xbe\xf1\x81\x8c\xc6\xbd2}\x99%O\'\xce\xf4\'\x96\xc1\xa3<\xb5:\xcd3b\xd1\xe2~S?\xc8c\x80\xa0\x87\xf6y\xf5\xac~\xab\x13\xad\xc0\xc0R\xa0\x15-\xeeIU\x06S\xbaZ\x1a\xec\x93;\x02\xd0\xcal\x1fQd\x97\x07\rW^\xc3\x99\x18\xf2\xe5\xae\'\xdb<\xf9\xe3{\xa0\xb7\xe4\x8e\xa1\r\x95\xfa\xab\x17\\d&\xbe\xe9Z5K\xe7\x91Z\xbf=o1o\x83\xc5:\xf3g\xf2\x93\xb3\xa3\xad%Tw<\x96\xf9\xeb&\xff\x7f\x80\xe5\xa54\x06\xcaW~\x7f\xb9^\x04\xe3\x03\xd6S\xf7\xf0\xb2\xa8K\'\xe0Uaf>\x0c\xac\x1a!\xa7\xd2\xe3\xecY\xbc*\xcd\x16\\\xe6k\x87\xdbT\x1cZ\xaf\xd5[\xdb\x12\xc0E\x13V>Kl\x8d3V"\xbe\xc4\xbc\x13\x8a\xdft\xbar\x944\x9f\x9e\xe1\x134(\x11\x1cO&\xa0\x97\xf1l\x94\xe5\x0eyaM\x81T\x94\x8aG\xb3\xf4\xebuz&\xc3\xfa\xa1uCF;\xd2y\xea\xb9\xa0\x08\xe2\x93\xca\xa2\xf1\x0c\xa7;\x0b5\xca\'\x0f"2\xe7\xc4\x84%\x88\xcb\x04R\x96\xe3Nr\xe8h\xd5\x7f0\x0c\xba\xb3\xed2\x10\x89Wt@\xfd\xbc\xfdI\xd2q]T\x1a\x03}\x11\xb9)\t\xc4\xaf\xf6\xc7\xf7\x9c"\xd3{u\x05\xf0c\xba\x0f\xb2\xb8\xebzVJ\xab\xbb\xf1\xf5\x8d\xe1C\x81%\x07\xce\xe6 uU\x1d\xeb\x05\xd855\xa2\x1b\xa2>ZgK\xc0\xb6\xbaG\xf2m\xe2\r\xd1\'\x98"\xdf\x83W/\nS\xd30p\x03G\xb9\xa2.\xf3\xfe\xe7\x1a\xd8{\x99+o\x90<\xbb\xec\x193h\xdeJ\tFo|Z\xfc\x8drt\x0eA\xac\x82\xf6\xaaw\xdd\xc0\x7f\x1f\xda\xe11""\xcd\r\x84=r\xd6\x9a%\xd3\x0b\x7f\xf2x\x8d\x1fYM\xf7\xc8H\xbc\xf7\xa24\x96\xa3\xc2ec\xaa\xbe\xabT\x15"{\xc4\xba\x18L8\xbcx\xe0\xc4\x7f\xf9zK\xa9\xb2\xb8\xbf\x99\xf4\x0f\x8cT\x08\x0e\x82I\xf0?\x949\xd9\xda\x1c\xe1\x18E\xa5\x05O\x82K<!|\xfap4\xd3"P\xee\x19M?M\xa0:~\x03!0\xb0No\xc5\xcf\xe2\xc4\xfc+t\xa4GG}\xd1\x94\xd7\xe1\xa1&\x03\xabV\x0f\xd7\x9e\x04\xef\xa3\x9e\xc5q\xff7z\xcf\xc1\xb9\xdcH\x96i\x85R >+qO\xce\xff\xfa\x8dd\xb0&\xe8m5\xa0\xd4\xb6\xa3\xf1\xfb\xcf\xd3: \xd8T\xf4#0\xe4\x82\x8e\xda(\xc4\xa5\xb8\xee\xc6=\x05\x84\xee\x06\x80!1\x8b\xc6\xc8\xfbp\x05\xf1\xf83W\x84\xc2\x90U2\xca\xcb(\x8c1I\xd3\x91\x0c\x86\xcb[<\x8e,\xeb\x9e\x92G\xf8\xd9<\x9b\xf8\x93NiO4\xbf\x9d[\x87\xbc\x9b<\x8e\x04\x11\xa3Hf\xd2W\x93(\xeb\xd7;\r\x9ae[y#\xf7w2\x8c{\xe1\x1d1Uy\x15=ba\xb4\x8b\xefP\x98\x86\x8a(33\xe2\xd3-LP\xf8\xc6\x0c\xc5\xb27\xe1y\t\xd6c\x1bukj\x93R\x83\x1cB\xe0\xea\x7f\x0c\x94=\xb7\xb3\x97\xa8\xa2\x9a\xdekz\x13\xe9\xd0\xe8\xb0\xf1\xd3\xe8\xa8~"n\xb5\x86\xcb\xf3\xc4\xef\x9bE\xbc\xaa \xa5%\x00\xce\x1c\xc2\xe8@`\x90\xb2\x84\xa5\x06w\x16\'w\xf6!N\xd5^Z*\xb3\xf1\xf2\xd6\x8d\xd6G_\xd0\x83\xe8F\x93F^\x91\xbe\x0cM\xf0Xc\x11\x0bs!\xcf'
p14
tp15
bI466
I0
F0.0
tp16
.