2020-04-12 17:59:07,352 INFO:Using CosmoHammer 0.6.1
2020-04-12 17:59:07,352 INFO:Using emcee 2.2.1
2020-04-12 17:59:07,354 INFO:Sampler: <class 'cosmoHammer.MpiCosmoHammerSampler.MpiCosmoHammerSampler'>
configuration: 
  Params: [229.2494679   69.91281004 914.22488121]
  Burnin iterations: 250
  Samples iterations: 500
  Walkers ratio: 20
  Reusing burn in: False
  init pos generator: SampleBallPositionGenerator
  stop criteria: IterationStopCriteriaStrategy
  storage util: SampleFileUtil
likelihoodComputationChain: 
Core Modules: 
  Bkcore
Likelihood Modules: 
  BklikeModule

2020-04-12 17:59:07,354 INFO:start burn in
2020-04-12 17:59:07,358 INFO:MPI Process rank 0 starts sampling
2020-04-12 17:59:12,804 INFO:Iteration finished:10
2020-04-12 17:59:17,366 INFO:Iteration finished:20
2020-04-12 17:59:21,624 INFO:Iteration finished:30
2020-04-12 17:59:25,700 INFO:Iteration finished:40
2020-04-12 17:59:29,541 INFO:Iteration finished:50
2020-04-12 17:59:33,439 INFO:Iteration finished:60
2020-04-12 17:59:37,380 INFO:Iteration finished:70
2020-04-12 17:59:41,277 INFO:Iteration finished:80
2020-04-12 17:59:45,166 INFO:Iteration finished:90
2020-04-12 17:59:49,001 INFO:Iteration finished:100
2020-04-12 17:59:52,986 INFO:Iteration finished:110
2020-04-12 17:59:56,963 INFO:Iteration finished:120
2020-04-12 18:00:01,026 INFO:Iteration finished:130
2020-04-12 18:00:04,970 INFO:Iteration finished:140
2020-04-12 18:00:09,012 INFO:Iteration finished:150
2020-04-12 18:00:13,156 INFO:Iteration finished:160
2020-04-12 18:00:17,236 INFO:Iteration finished:170
2020-04-12 18:00:21,142 INFO:Iteration finished:180
2020-04-12 18:00:25,267 INFO:Iteration finished:190
2020-04-12 18:00:29,386 INFO:Iteration finished:200
2020-04-12 18:00:33,252 INFO:Iteration finished:210
2020-04-12 18:00:37,174 INFO:Iteration finished:220
2020-04-12 18:00:41,180 INFO:Iteration finished:230
2020-04-12 18:00:45,341 INFO:Iteration finished:240
2020-04-12 18:00:49,208 INFO:Iteration finished:250
2020-04-12 18:00:49,208 INFO:storing random state
2020-04-12 18:00:49,210 INFO:burn in sampling done! Took: 101.8558s
2020-04-12 18:00:49,213 INFO:Mean acceptance fraction for burn in:0.5716
2020-04-12 18:00:49,213 INFO:Reseting emcee sampler
2020-04-12 18:00:49,221 INFO:start sampling after burn in
2020-04-12 18:00:49,222 INFO:MPI Process rank 0 starts sampling
2020-04-12 18:00:53,271 INFO:Iteration finished:10
2020-04-12 18:00:57,294 INFO:Iteration finished:20
2020-04-12 18:01:01,183 INFO:Iteration finished:30
2020-04-12 18:01:05,275 INFO:Iteration finished:40
2020-04-12 18:01:09,215 INFO:Iteration finished:50
2020-04-12 18:01:13,249 INFO:Iteration finished:60
2020-04-12 18:01:17,199 INFO:Iteration finished:70
2020-04-12 18:01:21,088 INFO:Iteration finished:80
2020-04-12 18:01:25,206 INFO:Iteration finished:90
2020-04-12 18:01:29,232 INFO:Iteration finished:100
2020-04-12 18:01:33,190 INFO:Iteration finished:110
2020-04-12 18:01:37,196 INFO:Iteration finished:120
2020-04-12 18:01:41,323 INFO:Iteration finished:130
2020-04-12 18:01:45,377 INFO:Iteration finished:140
2020-04-12 18:01:49,589 INFO:Iteration finished:150
2020-04-12 18:01:53,787 INFO:Iteration finished:160
2020-04-12 18:01:57,971 INFO:Iteration finished:170
2020-04-12 18:02:01,917 INFO:Iteration finished:180
2020-04-12 18:02:05,905 INFO:Iteration finished:190
2020-04-12 18:02:09,850 INFO:Iteration finished:200
2020-04-12 18:02:13,762 INFO:Iteration finished:210
2020-04-12 18:02:17,956 INFO:Iteration finished:220
2020-04-12 18:02:21,798 INFO:Iteration finished:230
2020-04-12 18:02:25,824 INFO:Iteration finished:240
2020-04-12 18:02:29,590 INFO:Iteration finished:250
2020-04-12 18:02:33,547 INFO:Iteration finished:260
2020-04-12 18:02:37,727 INFO:Iteration finished:270
2020-04-12 18:02:42,647 INFO:Iteration finished:280
2020-04-12 18:02:44,639 INFO:Iteration finished:290
2020-04-12 18:02:47,672 INFO:Iteration finished:300
2020-04-12 18:02:49,735 INFO:Iteration finished:310
2020-04-12 18:02:52,143 INFO:Iteration finished:320
2020-04-12 18:02:55,443 INFO:Iteration finished:330
2020-04-12 18:02:58,103 INFO:Iteration finished:340
2020-04-12 18:03:01,148 INFO:Iteration finished:350
2020-04-12 18:03:03,515 INFO:Iteration finished:360
2020-04-12 18:03:06,764 INFO:Iteration finished:370
2020-04-12 18:03:09,063 INFO:Iteration finished:380
2020-04-12 18:03:12,402 INFO:Iteration finished:390
2020-04-12 18:03:14,692 INFO:Iteration finished:400
2020-04-12 18:03:18,082 INFO:Iteration finished:410
2020-04-12 18:03:20,502 INFO:Iteration finished:420
2020-04-12 18:03:23,825 INFO:Iteration finished:430
2020-04-12 18:03:26,293 INFO:Iteration finished:440
2020-04-12 18:03:29,562 INFO:Iteration finished:450
2020-04-12 18:03:31,941 INFO:Iteration finished:460
2020-04-12 18:03:35,117 INFO:Iteration finished:470
2020-04-12 18:03:37,706 INFO:Iteration finished:480
2020-04-12 18:03:40,373 INFO:Iteration finished:490
2020-04-12 18:03:42,957 INFO:Iteration finished:500
2020-04-12 18:03:42,957 INFO:sampling done! Took: 173.7362s
2020-04-12 18:03:42,958 INFO:Mean acceptance fraction:0.5647
