(S'MT19937'
p0
cnumpy.core.multiarray
_reconstruct
p1
(cnumpy
ndarray
p2
(I0
tp3
S'b'
p4
tp5
Rp6
(I1
(I624
tp7
cnumpy
dtype
p8
(S'u4'
p9
I0
I1
tp10
Rp11
(I3
S'<'
p12
NNNI-1
I-1
I0
tp13
bI00
S'\x99\xb6\xcd\xda\x94dA\xfb{1?n#]L\\\xfe\x9d9\xa0\xbd_\xe4\xbf\xa2\x9em\xcd\xda\xa2\r\xba\xa4\xb9\x9d\x19\xb68\xe6\xd5\xbc\xf9\x08\xb6\x95a\xbc~u\xf2\xee_\x88GZ\x14:uA\x1e\x9c$\x87\x13\x91:\xb0\xcd\xd6\x90E_\x84xc2{Z\x8f\xa6\xac\x9c\x88E\xeb\xd4\t\xc7\xdaS\xfa\xbd\x05o\x98K\x9d\xc3\xe0A\x01NQ\xe8\xbay\x8bz@\x89E\xcc\x05Y\xf3-\x10y\xa6a\x1b\xb3p\xbd\x1a-\xe1\xeemf\xfe\xafT\xbc\x13\xdec\x10\x83\xc5\xe0C\xa7\x1f+\xe7\xf5T\xbdT\x19\x8f\x7f\xcbH\xe2\xfb]k~\n\xd2\x9bB\x8ef\x8d\x81y\xa3\x9a\xb1\xc9\x97\xce\x93\xb1_I\x1a\x05\x10LH}\xccA\xfb\\\xf7\x92\xdb\x06%\xb5\xfe|E2*\xd9$LL\x96\xf7\x06j\\\x05\x9c~\x99\xe46}\x84Pm\x19\xf7\xcd\x12.\x16j\xfa\x1f,` \xa7\x08i|\x93`\xbd\x933%\xf8$SL!S\xb0C\xa1\x1a\xaf\x97\xe6+\xec\x9c\x9e\xc4\x9a\x00\xa5bU\x96\x9b!\x1f`\x80q>y\xea\xaf\xdc\xdb\xbbV(*\xfb\x04\xce6\xba\xb7"\x98\xb1&\x82\x16Z\xb5\xcc\xb0\xb1G\xff\xf3\x7f\xe1c\x86\x9d\x86>\nU\xd4\xe5 m\x02\xba\x90\xce\xc2\xbd\x9c\x15\xe2.\x19\x03\x8d \xa2j\xcd\xeb\xc9&Qh\xfa\xa5\xcc\xed\xee\xe6\xc9,\xfd\xf5H\x85\xe8\xca\xa3\xf5\x19\xf6\xab=Yh\xc9\x15\x86\t\xfcV>dQq\xfa=\xc0W\x81\xbfR\xb4\xe7+\xe7;2A\x1b\xdfV#\x90+\x95\xa1$\x9b\x15\x84,`\x82\xfe\xc1\xe6s\xd8iH8\xc4A\xda\xd1D\xbe\xc8J]<v\x12\x1cl\x16%\xc8\xae8\xd8\xc4W\x81a\x8c\xd3\\\xdd\x89c=i\x87\xf6\xe8.X\x1d\xe2\x19\x98\x0e\\\xd2\xc1x\xa7\xc0H\xebw\xbcV\xe8\xae\xea@\x15\xe9\x7f\xda\xd5\xa1\xd9JD\xd4[\xe8OA\\\xac\x8c\xc3\x84\xd2\xcaB\xa9\xfeGV\xfeS\xd9\xec\xac\xde\x05\xf2C\x0cG\xa9\xd7\xe7\xf9&zZ\xd5\xbe\xfc7\xb1Y8\xc1\xaf\\\x11C\xd6\x8b\xc5A\x93\xd5/\x0c2\xca+!\x07\xbd\x98\x1b\x81\x0f\x82\xb9\xb8\xbdvjX\xb6\xaa\xef\xbbe\x94\x0cX\xc2\xa4\x87G\x9eR\xab\x03$\xb3\xc6*\xd5\xc20\xd0\xb9_\xcd\x94C\x1b\x9b\\\xd6P\x91=\x0b*\x90\xf3\x9cR\xa9h\xdb\xa9J\x03u\xef\x1c5\xfe)\xfb\x0f\xd27.\xe2\xa7\xcdS%K\x86\x8f\xa2WK\xa4Q\xf6\xbe\xbc\xdfM\x8e/\x18\xcahb\x07~\xe2\x8e\xaf&"\xb9"m\xd0\xd0\x10\xfa\xde\x03\xc6pp7\x0fF\xb0\xff\\/>Lr%P\x9eM,/\x1d\x84*C\x9e\xe0Z\xbbZgz}\nD\x0e\xf8\xd3\xf9\x13\xb1\x0b\xec\xddh!\x82\xa8G\xb0\xfe`]a\x04\xb1<}W\x00\xc67?\x90Fu\x01\xfc\xb2g\x81\xd4\xc9\xbbf\x15]\x8ar\xca\xaa\xd3\x8e\xf4\xfd\x87d\x03\x08\xf2~\xee\xaaL\x96\xb7i\xfc?\xea\xb7\xc3\xbb\x99\xb1\x0c\xc0\xd3\x03\xcb6\xf28i\x97jYvo\x8aq\x01\xc9<\xb1\'{\x82\x0eTC$\xd2R\xe5\xac\x8e\x17\x07\xebT\x99\xa7\xb3\xd6T\xc8r\xe2\x93KX%\x81P\xec\x10A\x9a\x80>*\xf7\xba\xbb\xa5\xf4\x7f\xef\xb4\xd8\xb1\xc3g\x0f?\'\xd8\xc2\x19\xcd\x15F\xac/lL\x8e\xa1\xf1A>\xbf\xc2BI\xf3\x99$\xde\x1b\xf6q\xce\xd5h\xdbL\xd1\xfe\xa84\x1b\xa0Kh\xe4x\x8d@&\xeb\xeb=-\xcd/\xc79W\x87\x85\x9fr\x94\xd6\xf9\x937\xf0\xee\x07B\x87\xbba\xc4&\xb5f9\xe12\xbb\x18N\x9d\xa3O\xbdG)\xe5\x01u\\~\x8b\x8fJK.\xc8\xc7n\x1b\xc3\x02T\xbd@K\xc7\xee\xe6\xc8\x11\xb2\xa6\x9b\xa2I6\xe7]\x04Rg\xdc\xff\xcc\xe1R[9\x95?\xcb\xdc\x1f$Z.\xd9\x98\xba\x00C\xed\x04\x08\x82\xe0\xda\x92\x04n\xb7\x87\xad\x8e\xbc\xf9V\xac,\xe3\x88\x89v:\xcfF\x036}\xb9\xfd\xbd\xfdL|n\x87\xa9\x90\xd3r\xff\x06\xb0\x01.\xdf\x18\xa1h\xb8\xeb\x93\xf7W2\xd7p)\xc9\xff\x12\xa7f\xeaF\xe4\xd3\xf4\x9b\x18\xde\xf4\x88\\\x8d\xad7cX\xb9Uq}\x83\xf1G\x13\x8e\x99\x06\xe8{\xd3\xcc\x9a\x89+\x89\xe4\x80\x03\x8e\x9bL\x97}\xed\xf1(\x95\xe7\xf7\x82\xdb\x16\x14[\xb4\xd8\x0ekg\xbe\xd7\xa2\xdfmH\xb4\x96}\xfd\xb8\x84\xb3\xd7D\xd5\x0f%\x91r\xfb\xce3>\xbc\xe7\x03q\x81\xa4\xd0\x8c8]\x86P\xeb\xad\xc3\x87\xe2\xfcWO\x12\xc4\xfd.\x17\x86U\x04\xf2_?\xb8\xc0\xb5\xfc\xbb\xc2\x9f,[\x85\xa7\xe1\xd7\x1bl\xbc\x80\xa6\xeeYn\xc5\xac\xf0\x97\xcb\xb6\xca\xd5\x0f\xe5\x97C@;\x85\xfa\xf4!\xff\xc2r\xadB\x19a\xfd\xab\xcf\xdf\x97\xdf\\\xbe\xaav9A|\xb0g\xdf\x9d\xe0\xb8\xed\xf4\x91\xd4aJ\xc7\xe9\x1a\xcas\xec\x99\x9d\xb3^\xbe{\xe5\xc9\xe2X\x1c\xbbg\xdbk\x99\xf2\xa8\xbc\xb6\x7f\x9f\n\x9a\xa3\xd4S\xee\x8a\x99-\xdb\x9c\x06\xfcz\x01\xbcj\xbe\x19\xbep\xa9]:\x80 j\x16gL\xa6\xa9\xe7\xd6\xa69\xc2L\x94f\xe0\xe3\x1b\xd3H\x16{k0\xb3C;\x1e\xee\x97\x16 `X\x8c<\x97z\x84\\\xaa\xad\x11#U\xfad\x1d\x85\xd3\x92\x8e\xfb\xda\x7fy<\xfc\xcf\xe6\x8064>\xae_\xfb\xb8\x02\xe4\xfa\x9e6\x80\x03\xc1i\xa6\x9f\xfe\xff\r\x10,\xf7\xdb%{\rW\x94"\x06\x8a\xb3\xa1>@\xd3\x9b\x01\x1f\xc27"|\x0ep\xccQ\xbd{\xcbor\xdcP\r\x98\x85\xc1\xe6\xb3\xb9U\xc4\xfbr\x04\xb0\x87\xe1\x7f\x88\x06\xcenz}\x9c\xfdf\xd9\xad\x11\xd7\x96rl\xd50\xe9\xac>\xa96\x06#\xd3`\x02\\?\x00\x10\xf2\xfdm\xfa\x99\xc5\xf7\x03\xaaT\xba\x000\xb2\xba\xa7\x15\xdbg\xde83\xae\x98\xba\xfb\xf3\xc1\xec&\xdf\x8b\x0bp\\\xaf\xe1~\x90=\xa9\xed\xd8\xef8\xd7\xc4\xa6\xcb\x84s\x9e\xd0W\xf3a\xa0I\xa41t\xb7\xf9\xb8\xbd9\xaa\x064bp9\xe5\xe2\xd5c\rM\xe3\xf3\x19\xdd\xd4\x8f\x1c\xa7\xcdM.,\x83\x1d\xfd\xab\xcd\xecX\xd2\xfe\xf2\x8e\x18\xe7B\x0b\x9aKs\'\xefM\xea\x10\xb5\x85F\xa6;V^V,\x93K\xbd\x91\x11\r\x91|\xe4\xfd\xcb$\x87k\x87%^\xa27bl\xb6P\x02\x88~\xc2\x16\xd6\x96S5\xec\x96\xecS\xa7\x81\xab\xcf-F\x0c\xb1\xd6l\xa3iI\x97\xec/\x9fu!\xff\x8d\xbe/\xb8\x14\x92O\x96\xbe\xb2\x99\x02\x9f\tu\x9f\xe7vMB\x07\x17\xae\xa7\xa3\xbe1%\x1a|\xef\xcd\xb9`\xcb.\xb8\xabE\xd8Y<\xa1r\xf1\xd1\x16\x90j\xd33\xc6D\xe7\x13\x97\xf8\xc0v\xef\xc3\xf3\xbf\xf5\xc9\x1bot\xf9\x8e\xfd\x11\x1e[J\xb5\xbc\xa2W\x89\x8a)\xd2G\xdct\x12\xc8G\x12\xc1\xac*k\r\xd3\x17\x86\xd6\xcdG\xd6^\xabzjP\xd2\n\x82a\xf3\xdb\xf4\xe1[1r\xb9\xae\x16\xed\x15\xcd\x17\xcc\xa2\xcc\xf7\xf9/a\x83:\xa1}j\xd7\xb9>D\xf2$\xb5\x8b)\x96\xff\x80\x1aC\xf8^\xf2\xe7\xb5\x86\x1f6\xdcd\x10\xb8":(Z\xfc\xfe\x9c\xc0Y3\x98\x06N:\xd0\xee\x1e\x8a\x8f\x97\xee\xe8\xfcN\x87\x0e\x9e\xf8\x81\xaeu\xf0G;\x89Y:\x13\xf2w=\xcdw\xf6\xb2\x9f\xaaSF\xf5iG6\x07\xbdiy\xb2\xe8\xef\x96M\xbe\xea\x99\xab\xdd\xc6&\x19\x87K\xabsl\xa6c\xc1\x07\xf3\xe4m\xb5\x0e\xeb0*yu\xdf\xee\xccj*\xbd\xba</\xec\xb8\x19\xda\xf0Q\xe0\x14R\x87Q\xb7h\x0fG\x01H=I\xbd\xc9\xde{Vw\xa5D\x81Oi\xa8\xba\xb91\xbc\xbeC3\x87,\x00B,\xe9\r\x05II\xd0\xce\xe1\xb4\xdc*\xbbX\x92\xd0kVV\x1e\xc0$A\x8b\xc6y\x1ct\xb8\xda\xbc\xd0Y\x16\xb5\x8e\xb2q\xc5~\xca\xeagk\xfd\x89\xfa\xc7\xf8\x9b\x12\xd8OGU\x8a\xc5\xfc\x10b\xbe\xd8\xfaK\xa3\xed\xa3\x1d\xa0\xa3\xb8\x91\xf91S\xd1\x94\xc5n\xa6\x818<\xf8\x8a\xaa$\xd5\r\xfd\x93ie\x8e\xa8C\xd7\x0e\x10N*<\xc3\xfa\xc3\x13\xc1q]\xfcB2\'\xc42\xc6\xde\xce\xdb\xf6\nsU\xbd\xe42\xa6\x8c\xe4K\xeb\x7fB\xbc}\xb27\x0c\x9c^\xc1\x9f,\xfa\xc1\xb2\xe3U\xf5{\xa2\xffQ\x1c\xf0YOR\x0ct\xe9\x83\xe5\xcc\xbdi\x92\xcf\x02\x81}\xddB\xf70\xc2\xd7\xf5\x82q]\xcev\xe2B?9#\x13r(\xa1\x14\xcaW\xc7\x83A\xa2\xf0\xd7\xb0fZ\x076\x92\x8b@\x13\xdf\x86\xa1\xce\xcfJ\x8d\xde\xf8\xf8w\xb1\xc2\xae\x16\xf4\x08\xdf\xc6\x8c\xce\xed\xdd\x1f\x9c!|\x9d\xafeV\x0e\xad\x8d"?\x07`^U4\xc2b\x08\x8bc\xf1\x18\xba\t\xad\xf7\x18\x88\xb5\xab\x1c~\xe2w\x07x#uf\xb5L35\x87:\xa4o(E?\x8f\x18\x8f\xec\xd9TD\xdbN\x872\x0e\x1eIC8\x9c0n*\x06\x9aC\xfb\xa4c\xc6\x90\x0fs\xe7Q\xbc\xbb\xee\xc4\xa5\xf9\x0e\xaa\x190\x0bY\xe1}\\ \x02#}+\xf0h\x1b\xcbo~\xf1\xba\x85BC\x9b>\xe2|\x84\xf9q\x83\x8bJ\xe4\xeb_\xc2\xc0\x82\xcf\xd2\x9fi\xbe\xd7\x02\x01\x90\x1b\xa7\xa1g\x9fW#\xbf\x0e\x1b\x87\xa9\xc1\x16\xba\x9f\xdb\xee\xe8\xcba\xb7\xf56{\xb7\xb3[\xad\xed\xaf\xf0|\x0bC\xe9\xa7\xee\xbbx\x0e\x0c\xe4;t\x88%\\U:b\x16\xff\xa3\xc4`=r\xbdK_\xf9\xe0\x17\x04?\xd89\x9b9\x98\x17sq\xb9\x92=\x93\xb1 N\xbe\xef\x04\x19\x02\x04\x10\xc3\xa3\nSCy\xa6\xb5~G\x99\x9b\xdfDKY\xf8v\xb4\xe0\x802\x92k\n\xc7\x1c\xe4d\x89,h\x8e*Jw%\xba\xae\xbf\xc7H\x1a\x9e`\xd0.g\x9e\xb8vV\xe2\x8d^J\x1f}z\xc0\x8b\x07\xe72v\xd4\xa5\x8f\xfaS\xa3\xb6i\x8ev\xce\xe6\x9e\\\xaa\x0b\xd7j\x12\xb1\xa3/Bv\xb3\xdf-q\xb0[\xe6\xecP\t{\xe2-\x93r\xd1,,+\xf7(\xf1\xcd\xa4\xd3\x98\xb6\xc9?\x0e\xd5\xad\xc9N\xc438\xa4C\xf2'
p14
tp15
bI515
I0
F0.0
tp16
.