2020-04-09 22:02:34,140 INFO:Using CosmoHammer 0.6.1
2020-04-09 22:02:34,140 INFO:Using emcee 2.2.1
2020-04-09 22:02:34,140 INFO:Sampler: <class 'cosmoHammer.MpiCosmoHammerSampler.MpiCosmoHammerSampler'>
configuration: 
  Params: [250.  65. 750.]
  Burnin iterations: 250
  Samples iterations: 250
  Walkers ratio: 10
  Reusing burn in: False
  init pos generator: SampleBallPositionGenerator
  stop criteria: IterationStopCriteriaStrategy
  storage util: SampleFileUtil
likelihoodComputationChain: 
Core Modules: 
  PScore
Likelihood Modules: 
  PSlikeModule

2020-04-09 22:02:34,140 INFO:start burn in
2020-04-09 22:02:34,141 INFO:MPI Process rank 0 starts sampling
2020-04-09 22:02:34,720 INFO:Iteration finished:10
2020-04-09 22:02:35,203 INFO:Iteration finished:20
2020-04-09 22:02:35,656 INFO:Iteration finished:30
2020-04-09 22:02:36,107 INFO:Iteration finished:40
2020-04-09 22:02:36,526 INFO:Iteration finished:50
2020-04-09 22:02:36,965 INFO:Iteration finished:60
2020-04-09 22:02:37,391 INFO:Iteration finished:70
2020-04-09 22:02:37,833 INFO:Iteration finished:80
2020-04-09 22:02:38,277 INFO:Iteration finished:90
2020-04-09 22:02:38,728 INFO:Iteration finished:100
2020-04-09 22:02:39,171 INFO:Iteration finished:110
2020-04-09 22:02:39,616 INFO:Iteration finished:120
2020-04-09 22:02:40,073 INFO:Iteration finished:130
2020-04-09 22:02:40,531 INFO:Iteration finished:140
2020-04-09 22:02:41,028 INFO:Iteration finished:150
2020-04-09 22:02:41,468 INFO:Iteration finished:160
2020-04-09 22:02:41,900 INFO:Iteration finished:170
2020-04-09 22:02:42,320 INFO:Iteration finished:180
2020-04-09 22:02:42,764 INFO:Iteration finished:190
2020-04-09 22:02:43,205 INFO:Iteration finished:200
2020-04-09 22:02:43,657 INFO:Iteration finished:210
2020-04-09 22:02:44,094 INFO:Iteration finished:220
2020-04-09 22:02:44,531 INFO:Iteration finished:230
2020-04-09 22:02:44,975 INFO:Iteration finished:240
2020-04-09 22:02:45,425 INFO:Iteration finished:250
2020-04-09 22:02:45,426 INFO:storing random state
2020-04-09 22:02:45,427 INFO:burn in sampling done! Took: 11.2867s
2020-04-09 22:02:45,427 INFO:Mean acceptance fraction for burn in:0.5057
2020-04-09 22:02:45,427 INFO:Reseting emcee sampler
2020-04-09 22:02:45,428 INFO:start sampling after burn in
2020-04-09 22:02:45,428 INFO:MPI Process rank 0 starts sampling
2020-04-09 22:02:45,876 INFO:Iteration finished:10
2020-04-09 22:02:46,315 INFO:Iteration finished:20
2020-04-09 22:02:46,745 INFO:Iteration finished:30
2020-04-09 22:02:47,172 INFO:Iteration finished:40
2020-04-09 22:02:47,599 INFO:Iteration finished:50
2020-04-09 22:02:48,030 INFO:Iteration finished:60
2020-04-09 22:02:48,469 INFO:Iteration finished:70
2020-04-09 22:02:48,910 INFO:Iteration finished:80
2020-04-09 22:02:49,335 INFO:Iteration finished:90
2020-04-09 22:02:49,775 INFO:Iteration finished:100
2020-04-09 22:02:50,230 INFO:Iteration finished:110
2020-04-09 22:02:50,674 INFO:Iteration finished:120
2020-04-09 22:02:51,105 INFO:Iteration finished:130
2020-04-09 22:02:51,559 INFO:Iteration finished:140
2020-04-09 22:02:52,011 INFO:Iteration finished:150
2020-04-09 22:02:52,464 INFO:Iteration finished:160
2020-04-09 22:02:52,907 INFO:Iteration finished:170
2020-04-09 22:02:53,343 INFO:Iteration finished:180
2020-04-09 22:02:53,769 INFO:Iteration finished:190
2020-04-09 22:02:54,210 INFO:Iteration finished:200
2020-04-09 22:02:54,651 INFO:Iteration finished:210
2020-04-09 22:02:55,076 INFO:Iteration finished:220
2020-04-09 22:02:55,508 INFO:Iteration finished:230
2020-04-09 22:02:55,953 INFO:Iteration finished:240
2020-04-09 22:02:56,389 INFO:Iteration finished:250
2020-04-09 22:02:56,389 INFO:sampling done! Took: 10.9613s
2020-04-09 22:02:56,389 INFO:Mean acceptance fraction:0.5809
