(S'MT19937'
p0
cnumpy.core.multiarray
_reconstruct
p1
(cnumpy
ndarray
p2
(I0
tp3
S'b'
p4
tp5
Rp6
(I1
(I624
tp7
cnumpy
dtype
p8
(S'u4'
p9
I0
I1
tp10
Rp11
(I3
S'<'
p12
NNNI-1
I-1
I0
tp13
bI00
S'\xf2Wj\xf3\x15\xea#\x9c\x18)\x7f%\xd6V\x06\x86TgUs\x16N\xe1\xd1\xc8\x8f\x90M^\xf4\xa4\x92\xd3U8\xd3\xd0\x9b\x10\xd9c\x9b\xb8\xb2A"\x80\xff\x8d\xd7O\xb8\xa4\x95\xfe\x0c\x9b\xa2\n\x9e\xc2\x9b\xae\x96\xf3\x0c\x02\xef\x1b0\x10d:@@_\xfcq\xbc\t\x94\x98\xf4\xdaf\x94\xc6\x93\xc7\xb8\xb1[c\xdf#\xc1M6\x94\x0e\xcc\x06\xa2\xb2Ge\x92\xb64H\xc1@\x04\x0cH p\x15\xbc\xac\x802,S\x92\xce\x9a\xd8\x7fe{\x8c\x9eF\xc3\xb3\xb1\xee\xce\x98)\x12\xdf,\xa4\x95\x89^q4]O\xeb\xf0P/\x82\xb4\x9f\xfc9\x1b\xa0\xf0\xce\xf2K[@\xb8\x18\xb0\x9f\xda\xc8\xd7\x04\xa4A\x0b\x1c\x06\x98\xed\x94\x8f9\x90\xa5]\xfa\x8eGV\x12\x9c4\xed\x84n\xa4\xed\xa9\x13K\xefP\xeb\xc1\xa7\xf0 \xdfg\xbb\x01\xcf \n(g\xab\xd9\x83\xd5-)\xc0\x1f\x80](\xfe\x81\x16\x0ej)o\x16)$\xf9\xfa\xac\xde\xcf\x02\xfe\xfa*\xf24\rM\xe6\x92\x96\xe4A:5\x92\xbe\xee\xf2n?a=\x0fX\xe1\xf1\x82%\x9e\x08\'1\x8cs\x80\xcb<\xf2\xc7\xfeB\xa5I\xa8\xb8\x10\x03\x85h`P\x80\xd6\xa2\x8e}g\x1d\xdd\x97\xe2\xc8NSz\x86w3Z%\xf5L\'\x16\xef\x90 +_E\xf8{\xcc\xb2\xed\xea\x07\x95\xdc}V\xfcIj\xbdjw\xe8\xe4\xe28\xa6\xdf\xcc\xee_e\xed\'\x93\xa7\xd6\x97\xac\x0c\xaf\x08\xb40\xf6\xf7K\xb1\xcauP\x11\xaf\x9f\xf2T\xf4\xf2\x9b\xe0#\x9d$\xa2\xb7\xc3P\xbbx\x1d\xe7\xc1O\x1ee\xdf!~\x8b\xf1HK^\x85m\x8dj\x1e;^y\xdc\xab\x83\xcf\xdd\xf7?@\xd9G\xf6\xc0P\x8e\x04\xd7\xb0\x99=\x1f\x7f\x15\x87X%\x05\x06\xd5\xc1w\xed\xb9\x94\xfd)n\xe0\xcb\xff\t\xa99\xff\xbf\x15\x91y\xf4ouE\xff#*W\xbb\x142J\xf5\xf9\xe5!\xf91\xba\x8ch\xaa\xd8L\x99@Y]\x90\x9c\x1d\x88i\x8e\xa5O\xd6\xfe0\xcf\x97\xbe\xa2\x9c]\xe91\xffnD\x03\xc6\xd5\x0f]\xb1\'\xca\x03\x93\xdb\xe2o\xadE\xc5\x8dB\xd9\xf7\xf8\xfcC\xc1\xa6>n\x91\x93#\xf2\x82\xa1SL\xc4/%cA0w\xc9\xae\x1d\x17P\xea\xbe\xc3\xb7,S\x0b\xcb\x94\x19\x13#$\xcdw\xc3\xf2\xb5]\xfe\x1e\xe2\x8f\x11\xbcw\xad\xbbto\xab\xa4#\xa8\x17\xb7\xa9}\xff\x84\xd3"\xdd\xf1\xf7j\xc5{\xed\x12\xed\x83\xe6\x8e{3\xa5\xda\x07@\xc3\t\xdc\x1b\tNs\xbf\xe27v\xe7q\xbf\xc5?\xf8\xd4\xf1~\x1d\xb5\x7f\xf3g\x9d\x8b&R7\xa8\xb8\xed\xa0[\xa3\xbf\n\xca1c\xb3vu!|\r\xba\x96\x1bt\xa0\xe7\xc7\x07\xda}\xa3\xa3p\x7f8\xa8b\xff\xc5B"Jx.\xbc\xfc\rK[yi\xda\xf7\n\xb2,\x94"\xb1\xc0w3\x84c\xdf\xb5\x89\xf4\x8e\xba\x8b5!\xf5\x16\xed\xe6x\xfe\x8d\xd1\xca\xf2*\xcfI%\xd3x\x1f9\xf3\x14m\x08st\x98)\t\xa7\xaaU\xa9IUH\x87 z\x96\xdf\x0f\xa2zth\xc2\xab@\x9eG\x82\t\xcfV\xcfZYGF\xa3\xf0\xf9\x159\xd7;\xcc\xa9q\xef\x98\x95\x01 VW0e,`\xdb\x99\x82 N~\xd9\xbc}\x01\x13\xbdgM\xb4\x0f\xba\xae\xb3q\x19\x9b\xb07\xbb\x8a\xf7\xacv>\xfd8\xd4`h\xe7\xb9\x01~\xceg!Jnr9\xba\xde\x17L\xf67\xb0B\xec\xb9\xe6^~\xf20\xf70\xd0\xa1\x98\xd1\xa2\xb3\xc2@\xd2Z\xb5\xc3"\x80*W\x17\xfd\xaa\xca\xd4\x86\x1e\xdd\x05\x9f\xaa3\x1e:\x1c\xf6\xdf=\x9d\x96\x90\xad\xdbll\xe0\x08i\xa3\xba:X\n-tz \x1d\xd8\xaa\x0e\xceRz^\x1a\x7fo\x82\xd4\xe2P\xb1H\xa6\xfdU\xd0W\xd3\xb8O\xd7\xa7\r!M\xe5\xf2b\xf6\xfaJ\xb9\xf8Z0\x054\x17>nI\x8a\xec\xb3?\x9c\xca\xe2?\xdd]\xd1\x94m\xdeZ\xda2\x861F\x17=\xa9n\xdf\xdd\x13}\x91\xf3D\xccp\xd5\xe6\x94\xb2\xfe3\x99\xdf\xe3\xb7\xba\x7f\xd3T\x043e+.\x17\x84\xd6\xd7?\xbf\xfa\x97\xa0\r:\xc2\x97\xcc\xde\xe8\x94\xf5\xded\xdag\x98N\xa7\xf9\xed\xed,"\xf3b\x8a\xb5(\xac\x83\xdd\xdb\x166\x1ej\xa9\xcf\xfb,\xcd\xbd\xc2Z\x06\xb9\n`\xf3\x98,\n\xc4\x8c$\xac\x926|\x14\xecJ\xc8X\xa2\xfb\x93\n\'\xe2\xf3j?\x81\x9a\xa2\x02\x7f\xc0\xbc\xdb\xde\xd1\x85\xd8\x1d-Q\xe0m\xac\xd6SZ\x97+>\xc0\x982\xa2n\x812\x9e\xf2i\xfb,\xe1>\xf33\xe5_8\x1f\xc8\xde\xcd\x8d\xabZ}\x1d\xfb\x81\x8a\x81\xcc\xdc\x83\x1b5.C\xd3\xd2\x7f\x94\xa2\x04\x95\xe3\xdb\x0e\xe0z\x04\x99Zc+\xea\xb3AX\\\x9f\xd7\xd4]W\xabZ\t\xa6\xf6@N\xa1\xe7\xa8\xfe\xd8[u@h\xaf\xc7\xb7\xfeh\xdd,\x06W\xb6\x9c \xb8\xddO%n\xdb\x9e\x9f\xd0u\x9f\xff\xe5\x95\\\xdf\xf3\x98\x00\x1c\x87\xc7\xcd&\x1c&\x12\x1c\x1aX\xe5G\x1a8tML_)\xac\x1e\x18\x8b\xf3\xce\x8b\xd9}\xc9\x1d\xde\xf5\x17\xa4\xb8\x9aZ\x90\xc6\xa2m\x8e\\(\xf2N\x14\xc4\x9e\x89\x0f@B\xd0\xb0\x1c;j3g]\x88\xf9S\xcc\x99\x9c\x00\x8dXi>\xab\xc7ho\xc3@\x84\x10>\xaai\xbe6\xb9\xd3{\xea\x11\xc5\xa24\x16oBl\x86\xef}g \xee*\xd1;\xea\xf87\x951\x97\xb0\x94B\xb2\xfc\x99\x00Z\x9e\xe4rBj\xdc\xbfQ>+\x0f\xd3\'\xaa}\xf6\x1f\x00\xd5u\x13Y\xffcE\xb8\\\xa1!1\xb9\x11I\xf9\x92\xcd+\xf7!\xc5\xde\xb5\n\x82M\x9bn8p\xc3Ue\x9e\x8d \x11\'Q\x85a\xf3\xe3\xa41\xe0\xbc\x07\x03r\xab\xe5\xc0\x82\x17\x03\xcc\xcc\x96\xa5|\x12*"\x06\xb7\xc9i\x17\xf2i\xd3i\xa9\x1fb\xc4y:\x00\x08O\xea/\x89\xca\xc0c\xc0\x7f\xb9\x7foiuM\xdaXL\xf4,\xb9\xd8\xffQ#!\xd6\x0cR\xca\x1a}\xc2\x02\xd4J\x96\xcc\xe5V\xe58\x18\xc1\x19\xb70\xc5\xe8#Rl\xe6\x82B\xf4\xda\xa3("n4\xe4~PR\xc2 \xe4\xf1\x96U)\x17\xdf:\x96\xe0l\x10-}\xc1\x90}\xc3h\xda\xd0\xf8\x0bh\x98\x17\x1d\xcd\xfa\xf3\xb0\xf5\x88\xfd\xca\xc5y\x96\xe6\xf2+\x14\xa6*\xc5\x19\xff\x91\xc7\xb3\xc3\xac\xe9y>\xd2\x9b\x11\xfbpb\x8a\x17\xcd\x98\xa2\xc6\x94n\xfe\x8c\xadf\xcdVqR+}*F\x08\xe6\xabp\xde\x82\xbc\x88{\xb1\xe4\x91\xae+\x88\xab\xa8\x92\xbc\x04^3\xdd\xce[\xf1\xf0\x89\xb0\xf5\xd30B\x8d\x10\x86\xde\xc4K\xa1\xba\xeb3\xc8M\xb6\x8e\xa0_SF\xe0\xd1\x9eq\xfa\x89\x9dX\x89=T\xe1\x0f\x8f(QZ.B"D\xbb\x7f\xfe\xbe\xda\x1b\\\xc5j\xceP\xedg\xfc\x0b\xce\xd6Ko\t\xed\x05?Aj\x14\xf5$8f\xad\xda\x90:\x177\x05\xef+|\x18\x1e\x83F\x96Y\xac\xf1\x13\x9b4\xc3R\xa5\x1d9\xc1\xa1\xf1\x14\xf1\xb2\x14\xec\xab\xac\xb5J\xf2\xf8\xb2Y\xf1{HCyNI\xda"\x95x\xec5\n\xb73\xfaG\xdd,\xba\x96\xb0\x91\xa4\xfe?\x10:|6\xf8\xde\x9d\xb5\x93\xbeU\xa5\xb8\xd1\x8f\xc1h\xe6\x9c\n\xbe\x81\x82\x01G\\b\tl\xc9 \xd5\xd5:C\x0eN\xb6$\xa9R\xda\x91\x1a\x1ch\x0f\xd5$\x10A2\t\xe8\x83\xaboE`(}"CHe\x0c\xf7\'~\xd5\xc9\xc2);\r\x10\xea\xcd\x8a5\x01\xf6\xf21(\xed9\x86K\xcf\xc3\x9c\xf9IWG\xa0d\xf1\xf5\xc7\xef\xf7\xc7o\x03)_\xc9KL\xd0V<\xc1\x97\xf2\\6p\x05\r\xce\xbc\xd0\xf6\x97\\\x15\x06\xcb\x10\xaf\xf0;\xccO\t[\x14\xe7\x8e\x92\xa5\xfd\x1e3r\xa3r\x12\x19\xc5\xd3\xaa\xbe\xee\x10[\x9d\xe8\x0e\x16^\xcb\x7f\xef\xa9b^\x93\xf9\xa5z\xfeT\xf1;\x02\xc1\x15\xcd,\xa0\xed:E\x0e\x1b\n\xe9^C\xfb\x1b(\x99\x92p\xfe\x85\xd8\x14\xd7r\xe5\x8a\xb9>\x85\xbe\x8d\x89\xa2\xf0\x9f\xdf\xdb\x1e\x96\x8bV\xe3\x15\x04\xd28}\xfbY\x8d\x87\xbc\xd9\x16\x9f\xb3\x86\xa9\xaai\x88\x02\xe7|\x9a\x85\x99\xf8\x94\xf4\x88H{"@\x18\xde\xd5\xad\xba\xf9<\x14\xd0\xea\xd5\x0f\x00\xe88\x02;@U\xf2x\x8c\x10fu\xc9\x1bJD\x0b\xdd\x92\x11E\xc9\xf1\xa9p;\xe5E,\xa8\xfb`\xc7\xbe/\xde$\x87\xd4\xcfN\xbel\xdd\x88h\xed5$@\xc5,\'\x8f\x15@6\xa8\xed3\xc7r\xcfvx\xa2?\xab\x0c\x8c\xacWL\xb4\xc3\x1f\x92\xd8\xf3\x99\xef;\xd6\xfeN\xba0\x9a=\xafT\xcb\xfb \xa8r\x8e\xb2<\x94\xeb\xc7_=d\xe8\xe5\xc8\xee\x19\xb2k\xe7\xe1\x84\x02\xe4\x88/\xe8?\x00\x1e\x0f\xc6\xe3\xa5)\xb7\xcf+\xe0\x97l\x07p\x98\xd1q\x0bUx\xd2\xf9\x9f\x9a{.5\xdf%\x0c\n\xe2\xfc\x0b\xa4\x1fe\'K\xe6WY\xfeD\x96\x1d\xf2\xbc\xe12\xc9\xe6\xe6\xf9X*\tO@\x02\xc8\xa4#\x8c\xd2s}\xad\xe9\xd9\xac\xa5\xbf\xb0\xc8\x11t\x0fB0\xed\xbf\xaf\xfc9-!\xe4TH\xbd|\xd5t\xa9`\xc1%\xc3\xfc\xd9,\x98r\xb8\xe6\x9b8\x80\xb2M\xd3\xce0\xe1o\xbf\x0e\x80\xd0Uu\xcc\xee\x8c\xc2\'\xd7\xfd\xeb\xf6\xb0\xf0\xbf\xb7\x82\xfd~\xa1\xdd\x12\xc2mu-%\xca%\xfd>\xc2Jd/\xd2\xdf\xa7*\xab\xe0\xa8\x11\xa9\x05X\xa8\xd2q\xc6O\xa6\xe44[\xd1\x1e\xb9.\xb9E\x1d\x01vb\x88JB\xbes\x94\xe7\x1f\xc7\xf4rLe\x8a\x0f\xcac\x07Kx\x01\x10\xb7\xc0\xb3\x16\x9c\x13\xa8m$\x1a\x87\xd6K\x07.\xbe}\xfe\xc7\x06\x9d\xf4t=\xfd\xba\xa7\x14\x13\x0cH?Y.\xf5\xa0\xdd)W\xf2\xc4k\xc5\xcf\xff\xae\xfeD\x1b\x82\x0f\x17\xf7\x03\n6V\xaaW\xc04\x03\x08\xd3\xd5;\xb7\xc3\xe9\x19\xb042\x13\xbdU\x93&\xacX\x04sP\xdd\xe2\x05\xec\x15\x1b\xbb@\x08yWkB\xea\xfa\x94\x16\xa7qj\xcdZ\x10\xef\x14\xe8\x11\x82\xff\xec\xe0]C\xd6%c^\x06\xca\x04\x0b\xa0\xe7mEK\xb5'
p14
tp15
bI580
I0
F0.0
tp16
.