-61.456146870489434
-62.85820618302994
-60.154641178894494
-63.39842394013182
-61.99755735682541
-62.027465104896834
-62.819217035354065
-63.812142817950104
-61.37358014331346
-63.261874859863205
-61.734033736630636
-65.01145579672688
-61.09891962692589
-62.8649956586534
-60.31130877037612
-62.975445389669034
-62.11928256580332
-62.3060657188637
-62.67162899651436
-62.129085836353966
-60.79156815020604
-64.11559701815665
-61.49566374932003
-64.46345310447688
-61.09891962692589
-61.78830319133849
-59.674639670281564
-63.64409422642136
-61.27200367044569
-62.47387205352184
-62.83204616974042
-61.2966965935371
-59.76492805392712
-64.89000986993648
-61.32109072756032
-64.75442658290217
-61.09891962692589
-61.54907514272971
-59.90930540468661
-62.88749524537337
-58.76228573514385
-62.155839474253796
-62.24435158546197
-62.553460107467274
-59.76492805392712
-64.89000986993648
-61.08702480018599
-64.2673180459193
-61.674477375494654
-62.434254837763135
-57.09740019840128
-62.65249183918087
-58.76228573514385
-59.661169774251064
-61.88902815225037
-62.553460107467274
-59.76492805392712
-65.31799268086478
-61.08702480018599
-63.9683769871425
-60.81634863606985
-62.47793819698952
-58.62967759435306
-62.678495755516224
-59.61135429047322
-59.25040584588987
-60.580371621967664
-63.30015092165939
-59.75373458465794
-65.31799268086478
-61.08702480018599
-64.72935286054089
-60.81634863606985
-62.47793819698952
-58.62967759435306
-64.19253879863639
-58.263127409564966
-59.25040584588987
-59.429359340575196
-62.61803828090025
-59.409941430781174
-65.04270604317342
-60.19609985672341
-64.93090610346678
-60.81634863606985
-61.952389035132946
-57.74431750681157
-62.86719666392507
-58.263127409564966
-54.069858932623575
-59.90269960356967
-63.18845568616406
-59.409941430781174
-65.04270604317342
-60.19609985672341
-65.41834224691233
-60.516878590199056
-60.16998213372143
-57.74431750681157
-64.82894623740859
-55.27149336246232
-53.51083926814553
-59.90269960356967
-63.32505008189009
-59.78876753108391
-62.86384774604624
-58.09056138629251
-65.41834224691233
-60.61226685105764
-60.6860049844919
-57.74431750681157
-64.82894623740859
-55.48851422980718
-53.51083926814553
-60.30070086283999
-63.938643389138996
-59.75630290699888
-63.76766463849251
-56.86687221671523
-60.943484783122244
-60.61226685105764
-60.6860049844919
-52.63768156094915
-64.82894623740859
-54.792854903521
-53.51083926814553
-61.2676265581137
-63.938643389138996
-59.91063961689317
-63.76766463849251
-56.86687221671523
-60.943484783122244
-60.55743125398036
-57.324223418780015
-52.63768156094915
-64.6155133783433
-55.46635076570386
-53.51083926814553
-60.98006043017824
-63.938643389138996
-57.96489646593501
-63.83042826319561
-56.86687221671523
-60.943484783122244
-60.35887137360933
-57.43964131537521
-52.63768156094915
-64.58612171183765
-54.90689515287633
-53.19166757540648
-60.98006043017824
-63.938643389138996
-56.92498238430472
-63.36416981817249
-56.86687221671523
-60.90831011755909
-60.35887137360933
-55.767335061564026
-50.42140735895881
-64.29186721719199
-51.259740008396264
-53.19166757540648
-60.96090765453196
-64.27113333964692
-58.192889028959584
-63.36416981817249
-56.86687221671523
-60.88439945362274
-60.35887137360933
-55.767335061564026
-50.42140735895881
-63.90400425161444
-51.92272589820696
-51.79097243172464
-58.989628980557434
-63.4684039544171
-58.14838471081623
-63.36416981817249
-50.3361313332636
-59.986857945754814
