2020-04-09 21:55:37,369 INFO:Using CosmoHammer 0.6.1
2020-04-09 21:55:37,369 INFO:Using emcee 2.2.1
2020-04-09 21:55:37,371 INFO:Sampler: <class 'cosmoHammer.MpiCosmoHammerSampler.MpiCosmoHammerSampler'>
configuration: 
  Params: [250.  38. 750.]
  Burnin iterations: 250
  Samples iterations: 250
  Walkers ratio: 10
  Reusing burn in: False
  init pos generator: SampleBallPositionGenerator
  stop criteria: IterationStopCriteriaStrategy
  storage util: SampleFileUtil
likelihoodComputationChain: 
Core Modules: 
  Bkcore
Likelihood Modules: 
  BklikeModule

2020-04-09 21:55:37,371 INFO:start burn in
2020-04-09 21:55:37,372 INFO:MPI Process rank 0 starts sampling
2020-04-09 21:55:38,899 INFO:Iteration finished:10
2020-04-09 21:55:40,151 INFO:Iteration finished:20
2020-04-09 21:55:41,450 INFO:Iteration finished:30
2020-04-09 21:55:42,566 INFO:Iteration finished:40
2020-04-09 21:55:43,726 INFO:Iteration finished:50
2020-04-09 21:55:44,807 INFO:Iteration finished:60
2020-04-09 21:55:45,928 INFO:Iteration finished:70
2020-04-09 21:55:47,096 INFO:Iteration finished:80
2020-04-09 21:55:48,843 INFO:Iteration finished:90
2020-04-09 21:55:50,010 INFO:Iteration finished:100
2020-04-09 21:55:51,265 INFO:Iteration finished:110
2020-04-09 21:55:53,015 INFO:Iteration finished:120
2020-04-09 21:55:54,939 INFO:Iteration finished:130
2020-04-09 21:55:56,157 INFO:Iteration finished:140
2020-04-09 21:55:57,425 INFO:Iteration finished:150
2020-04-09 21:55:59,729 INFO:Iteration finished:160
2020-04-09 21:56:01,028 INFO:Iteration finished:170
2020-04-09 21:56:02,372 INFO:Iteration finished:180
2020-04-09 21:56:04,655 INFO:Iteration finished:190
2020-04-09 21:56:05,888 INFO:Iteration finished:200
2020-04-09 21:56:07,559 INFO:Iteration finished:210
2020-04-09 21:56:09,510 INFO:Iteration finished:220
2020-04-09 21:56:10,799 INFO:Iteration finished:230
2020-04-09 21:56:12,364 INFO:Iteration finished:240
2020-04-09 21:56:14,206 INFO:Iteration finished:250
2020-04-09 21:56:14,207 INFO:storing random state
2020-04-09 21:56:14,208 INFO:burn in sampling done! Took: 36.8368s
2020-04-09 21:56:14,208 INFO:Mean acceptance fraction for burn in:0.4519
2020-04-09 21:56:14,208 INFO:Reseting emcee sampler
2020-04-09 21:56:14,210 INFO:start sampling after burn in
2020-04-09 21:56:14,211 INFO:MPI Process rank 0 starts sampling
2020-04-09 21:56:15,800 INFO:Iteration finished:10
2020-04-09 21:56:17,384 INFO:Iteration finished:20
2020-04-09 21:56:18,965 INFO:Iteration finished:30
2020-04-09 21:56:20,516 INFO:Iteration finished:40
2020-04-09 21:56:22,087 INFO:Iteration finished:50
2020-04-09 21:56:23,678 INFO:Iteration finished:60
2020-04-09 21:56:25,262 INFO:Iteration finished:70
2020-04-09 21:56:26,808 INFO:Iteration finished:80
2020-04-09 21:56:28,405 INFO:Iteration finished:90
2020-04-09 21:56:29,957 INFO:Iteration finished:100
2020-04-09 21:56:31,577 INFO:Iteration finished:110
2020-04-09 21:56:33,397 INFO:Iteration finished:120
2020-04-09 21:56:35,177 INFO:Iteration finished:130
2020-04-09 21:56:36,759 INFO:Iteration finished:140
2020-04-09 21:56:38,411 INFO:Iteration finished:150
2020-04-09 21:56:40,483 INFO:Iteration finished:160
2020-04-09 21:56:42,123 INFO:Iteration finished:170
2020-04-09 21:56:43,746 INFO:Iteration finished:180
2020-04-09 21:56:45,379 INFO:Iteration finished:190
2020-04-09 21:56:46,979 INFO:Iteration finished:200
2020-04-09 21:56:48,573 INFO:Iteration finished:210
2020-04-09 21:56:50,122 INFO:Iteration finished:220
2020-04-09 21:56:51,637 INFO:Iteration finished:230
2020-04-09 21:56:53,190 INFO:Iteration finished:240
2020-04-09 21:56:54,737 INFO:Iteration finished:250
2020-04-09 21:56:54,737 INFO:sampling done! Took: 40.5267s
2020-04-09 21:56:54,737 INFO:Mean acceptance fraction:0.6429
