-6030398.807408914
-6031982.812101045
-6009879.577074401
-5994732.263211438
-5965329.193667923
-6010976.289772109
-6012061.802205415
-6022337.671500314
-6009879.577074401
-5988109.138718948
-5965329.193667923
-6001769.06109825
-6012061.802205415
-6022337.671500314
-6009879.577074401
-5966806.779615835
-5950888.475313448
-6001769.06109825
-6012061.802205415
-6006536.400489459
-5994760.540389392
-5933214.842746298
-5925926.612823167
-6000396.11387247
-6004676.405167669
-6006536.400489459
-5994760.540389392
-5933214.842746298
-5866052.780482635
-5997807.908496359
-6004676.405167669
-6003585.92879121
-5983525.387506279
-5907076.690831914
-5828450.053522529
-5997807.908496359
-6004676.405167669
-6003585.92879121
-5975336.877589764
-5867026.80121269
-5797696.294516882
-5997807.908496359
-5989602.254410449
-5986221.2494423315
-5968438.74285581
-5867026.80121269
-5797696.294516882
-5997807.908496359
-5989602.254410449
-5986221.2494423315
-5962738.7491301065
-5867026.80121269
-5797696.294516882
-5994497.096762073
-5955930.333560872
-5986221.2494423315
-5960112.953598625
-5867026.80121269
-5797696.294516882
-5989338.710417927
-5950562.406498055
-5986221.2494423315
-5960112.953598625
-5867026.80121269
-5779512.828755776
-5987790.8432418
-5950562.406498055
-5974696.842519773
-5959623.170968639
-5774127.141854165
-5779512.828755776
-5905982.845121521
-5950156.989432493
-5974696.842519773
-5959623.170968639
-5774127.141854165
-5652013.307369563
-5905982.845121521
-5950156.989432493
-5809741.688051877
-5959623.170968639
-5774127.141854165
-5446793.382611389
-5905982.845121521
